#
# There is insufficient memory for the Java Runtime Environment to continue.
# Native memory allocation (mmap) failed to map 559939584 bytes for G1 virtual space
# Possible reasons:
#   The system is out of physical RAM or swap space
#   The process is running with CompressedOops enabled, and the Java Heap may be blocking the growth of the native heap
# Possible solutions:
#   Reduce memory load on the system
#   Increase physical memory or swap space
#   Check if swap backing store is full
#   Decrease Java heap size (-Xmx/-Xms)
#   Decrease number of Java threads
#   Decrease Java thread stack sizes (-Xss)
#   Set larger code cache with -XX:ReservedCodeCacheSize=
#   JVM is running with Zero Based Compressed Oops mode in which the Java heap is
#     placed in the first 32GB address space. The Java Heap base address is the
#     maximum limit for the native heap growth. Please use -XX:HeapBaseMinAddress
#     to set the Java Heap base and to place the Java Heap above 32GB virtual address.
# This output file may be truncated or incomplete.
#
#  Out of Memory Error (os_windows.cpp:3541), pid=1412, tid=10704
#
# JRE version: OpenJDK Runtime Environment Temurin-17.0.4.1+1 (17.0.4.1+1) (build 17.0.4.1+1)
# Java VM: OpenJDK 64-Bit Server VM Temurin-17.0.4.1+1 (17.0.4.1+1, mixed mode, emulated-client, tiered, compressed oops, compressed class ptrs, g1 gc, windows-amd64)
# No core dump will be written. Minidumps are not enabled by default on client versions of Windows
#

---------------  S U M M A R Y ------------

Command Line: -Dsts.lsp.client=vscode -Dsts.log.file=/dev/null -XX:TieredStopAtLevel=1 -Xlog:jni+resolve=off -Dspring.config.location=file:c:\Users\hp\.vscode\extensions\pivotal.vscode-spring-boot-1.40.0\language-server\BOOT-INF\classes\application.properties org.springframework.ide.vscode.boot.app.BootLanguageServerBootApp

Host: Intel(R) Core(TM) i7-8550U CPU @ 1.80GHz, 8 cores, 15G,  Windows 11 , 64 bit Build 22000 (10.0.22000.708)
Time: Mon Nov 21 01:49:08 2022 Hora estándar oeste, Sudamérica elapsed time: 22.728822 seconds (0d 0h 0m 22s)

---------------  T H R E A D  ---------------

Current thread (0x000001f2f9412ad0):  VMThread "VM Thread" [stack: 0x000000c418300000,0x000000c418400000] [id=10704]

Stack: [0x000000c418300000,0x000000c418400000]
Native frames: (J=compiled Java code, j=interpreted, Vv=VM code, C=native code)
V  [jvm.dll+0x67731a]
V  [jvm.dll+0x832284]
V  [jvm.dll+0x833a2e]
V  [jvm.dll+0x834093]
V  [jvm.dll+0x245775]
V  [jvm.dll+0x674209]
V  [jvm.dll+0x668a92]
V  [jvm.dll+0x30471b]
V  [jvm.dll+0x30bc66]
V  [jvm.dll+0x35ba9e]
V  [jvm.dll+0x35bccf]
V  [jvm.dll+0x2db5b8]
V  [jvm.dll+0x2d986c]
V  [jvm.dll+0x2d8e3c]
V  [jvm.dll+0x31cd9b]
V  [jvm.dll+0x83853b]
V  [jvm.dll+0x839274]
V  [jvm.dll+0x83978c]
V  [jvm.dll+0x839b64]
V  [jvm.dll+0x839c30]
V  [jvm.dll+0x7e240a]
V  [jvm.dll+0x6761a5]
C  [ucrtbase.dll+0x26c0c]
C  [KERNEL32.DLL+0x154e0]
C  [ntdll.dll+0x485b]

VM_Operation (0x000000c41acfe290): G1CollectForAllocation, mode: safepoint, requested by thread 0x000001f2fb121dd0


---------------  P R O C E S S  ---------------

Threads class SMR info:
_java_thread_list=0x000001f2fd435230, length=42, elements={
0x000001f2f885e530, 0x000001f2f9438700, 0x000001f2f944d020, 0x000001f2f944d8e0,
0x000001f2f944e1a0, 0x000001f2f944ea60, 0x000001f2f946c850, 0x000001f2f946f160,
0x000001f2f96887f0, 0x000001f2f9688e70, 0x000001f2f9693130, 0x000001f2f9f39c40,
0x000001f2f9f537f0, 0x000001f2fad4c530, 0x000001f2fb04d4d0, 0x000001f2fb04e5c0,
0x000001f2e68509f0, 0x000001f2fb06ff00, 0x000001f2fb0ca770, 0x000001f2fb0df970,
0x000001f2fb120a40, 0x000001f2fb112a30, 0x000001f2fb11a4e0, 0x000001f2fb1235e0,
0x000001f2fb121430, 0x000001f2fb122c40, 0x000001f2fb121900, 0x000001f2fb122770,
0x000001f2fb123ab0, 0x000001f2fb124920, 0x000001f2fb120f60, 0x000001f2fb123f80,
0x000001f2fb121dd0, 0x000001f2fb123110, 0x000001f2fb124450, 0x000001f2fb1222a0,
0x000001f2fb355c10, 0x000001f2fb356a80, 0x000001f2fb355740, 0x000001f2fb358290,
0x000001f2fb35bc50, 0x000001f2fb356f50
}

Java Threads: ( => current thread )
  0x000001f2f885e530 JavaThread "Reference Handler" daemon [_thread_blocked, id=8968, stack(0x000000c418400000,0x000000c418500000)]
  0x000001f2f9438700 JavaThread "Finalizer" daemon [_thread_blocked, id=15852, stack(0x000000c418500000,0x000000c418600000)]
  0x000001f2f944d020 JavaThread "Signal Dispatcher" daemon [_thread_blocked, id=12268, stack(0x000000c418600000,0x000000c418700000)]
  0x000001f2f944d8e0 JavaThread "Attach Listener" daemon [_thread_blocked, id=14528, stack(0x000000c418700000,0x000000c418800000)]
  0x000001f2f944e1a0 JavaThread "Service Thread" daemon [_thread_blocked, id=21632, stack(0x000000c418800000,0x000000c418900000)]
  0x000001f2f944ea60 JavaThread "Monitor Deflation Thread" daemon [_thread_blocked, id=12940, stack(0x000000c418900000,0x000000c418a00000)]
  0x000001f2f946c850 JavaThread "C1 CompilerThread0" daemon [_thread_blocked, id=25496, stack(0x000000c418a00000,0x000000c418b00000)]
  0x000001f2f946f160 JavaThread "Sweeper thread" daemon [_thread_blocked, id=25384, stack(0x000000c418b00000,0x000000c418c00000)]
  0x000001f2f96887f0 JavaThread "Notification Thread" daemon [_thread_blocked, id=19088, stack(0x000000c418c00000,0x000000c418d00000)]
  0x000001f2f9688e70 JavaThread "Common-Cleaner" daemon [_thread_blocked, id=15488, stack(0x000000c418e00000,0x000000c418f00000)]
  0x000001f2f9693130 JavaThread "C1 CompilerThread1" daemon [_thread_blocked, id=18960, stack(0x000000c418f00000,0x000000c419000000)]
  0x000001f2f9f39c40 JavaThread "C1 CompilerThread2" daemon [_thread_blocked, id=25428, stack(0x000000c419000000,0x000000c419100000)]
  0x000001f2f9f537f0 JavaThread "C1 CompilerThread3" daemon [_thread_blocked, id=9048, stack(0x000000c419100000,0x000000c419200000)]
  0x000001f2fad4c530 JavaThread "boundedElastic-evictor-1" daemon [_thread_blocked, id=15640, stack(0x000000c419900000,0x000000c419a00000)]
  0x000001f2fb04d4d0 JavaThread "pool-9-thread-1" [_thread_blocked, id=23776, stack(0x000000c419b00000,0x000000c419c00000)]
  0x000001f2fb04e5c0 JavaThread "LanguageServerApp-lifecycle" [_thread_blocked, id=10844, stack(0x000000c419c00000,0x000000c419d00000)]
  0x000001f2e68509f0 JavaThread "DestroyJavaVM" [_thread_blocked, id=15684, stack(0x000000c417d00000,0x000000c417e00000)]
  0x000001f2fb06ff00 JavaThread "pool-10-thread-1" [_thread_in_native, id=21472, stack(0x000000c419d00000,0x000000c419e00000)]
  0x000001f2fb0ca770 JavaThread "Simple-Language-Server main thread" daemon [_thread_blocked, id=13776, stack(0x000000c419e00000,0x000000c419f00000)]
  0x000001f2fb0df970 JavaThread "ForkJoinPool.commonPool-worker-1" daemon [_thread_blocked, id=4936, stack(0x000000c419f00000,0x000000c41a000000)]
  0x000001f2fb120a40 JavaThread "pool-7-thread-1" [_thread_blocked, id=22404, stack(0x000000c41a000000,0x000000c41a100000)]
  0x000001f2fb112a30 JavaThread "parallel-1" daemon [_thread_blocked, id=1972, stack(0x000000c41a100000,0x000000c41a200000)]
  0x000001f2fb11a4e0 JavaThread "Reconciler-1" daemon [_thread_blocked, id=21188, stack(0x000000c41a200000,0x000000c41a300000)]
  0x000001f2fb1235e0 JavaThread "pool-4-thread-1" [_thread_blocked, id=6624, stack(0x000000c41a300000,0x000000c41a400000)]
  0x000001f2fb121430 JavaThread "ForkJoinPool.commonPool-worker-2" daemon [_thread_blocked, id=3924, stack(0x000000c41a400000,0x000000c41a500000)]
  0x000001f2fb122c40 JavaThread "pool-4-thread-2" [_thread_blocked, id=24256, stack(0x000000c41a500000,0x000000c41a600000)]
  0x000001f2fb121900 JavaThread "ClassGraph-worker-0" daemon [_thread_blocked, id=11620, stack(0x000000c41a600000,0x000000c41a700000)]
  0x000001f2fb122770 JavaThread "ClassGraph-worker-1" daemon [_thread_blocked, id=15152, stack(0x000000c41a700000,0x000000c41a800000)]
  0x000001f2fb123ab0 JavaThread "ClassGraph-worker-2" daemon [_thread_blocked, id=9024, stack(0x000000c41a800000,0x000000c41a900000)]
  0x000001f2fb124920 JavaThread "ClassGraph-worker-3" daemon [_thread_blocked, id=6712, stack(0x000000c41a900000,0x000000c41aa00000)]
  0x000001f2fb120f60 JavaThread "ClassGraph-worker-4" daemon [_thread_blocked, id=12264, stack(0x000000c41aa00000,0x000000c41ab00000)]
  0x000001f2fb123f80 JavaThread "ClassGraph-worker-5" daemon [_thread_blocked, id=10204, stack(0x000000c41ab00000,0x000000c41ac00000)]
  0x000001f2fb121dd0 JavaThread "ClassGraph-worker-6" daemon [_thread_blocked, id=25532, stack(0x000000c41ac00000,0x000000c41ad00000)]
  0x000001f2fb123110 JavaThread "ClassGraph-worker-7" daemon [_thread_blocked, id=25276, stack(0x000000c41ad00000,0x000000c41ae00000)]
  0x000001f2fb124450 JavaThread "ClassGraph-worker-8" daemon [_thread_blocked, id=14948, stack(0x000000c41ae00000,0x000000c41af00000)]
  0x000001f2fb1222a0 JavaThread "ClassGraph-worker-9" daemon [_thread_blocked, id=24776, stack(0x000000c41af00000,0x000000c41b000000)]
  0x000001f2fb355c10 JavaThread "ClassGraph-worker-10" daemon [_thread_blocked, id=8704, stack(0x000000c41b000000,0x000000c41b100000)]
  0x000001f2fb356a80 JavaThread "ClassGraph-worker-11" daemon [_thread_blocked, id=14056, stack(0x000000c41b100000,0x000000c41b200000)]
  0x000001f2fb355740 JavaThread "ClassGraph-worker-12" daemon [_thread_blocked, id=17684, stack(0x000000c41b200000,0x000000c41b300000)]
  0x000001f2fb358290 JavaThread "ClassGraph-worker-13" daemon [_thread_blocked, id=21168, stack(0x000000c41b300000,0x000000c41b400000)]
  0x000001f2fb35bc50 JavaThread "parallel-2" daemon [_thread_blocked, id=15164, stack(0x000000c41b400000,0x000000c41b500000)]
  0x000001f2fb356f50 JavaThread "pool-5-thread-1" [_thread_blocked, id=10520, stack(0x000000c41bb00000,0x000000c41bc00000)]

Other Threads:
=>0x000001f2f9412ad0 VMThread "VM Thread" [stack: 0x000000c418300000,0x000000c418400000] [id=10704]
  0x000001f2f881a770 WatcherThread [stack: 0x000000c418d00000,0x000000c418e00000] [id=17716]
  0x000001f2e68badb0 GCTaskThread "GC Thread#0" [stack: 0x000000c417e00000,0x000000c417f00000] [id=16140]
  0x000001f2f9fa5090 GCTaskThread "GC Thread#1" [stack: 0x000000c419200000,0x000000c419300000] [id=19748]
  0x000001f2f9fa5340 GCTaskThread "GC Thread#2" [stack: 0x000000c419300000,0x000000c419400000] [id=24912]
  0x000001f2f9fa55f0 GCTaskThread "GC Thread#3" [stack: 0x000000c419400000,0x000000c419500000] [id=22236]
  0x000001f2f9fa58a0 GCTaskThread "GC Thread#4" [stack: 0x000000c419500000,0x000000c419600000] [id=23788]
  0x000001f2f9fa5b50 GCTaskThread "GC Thread#5" [stack: 0x000000c419600000,0x000000c419700000] [id=16512]
  0x000001f2f9d340c0 GCTaskThread "GC Thread#6" [stack: 0x000000c419700000,0x000000c419800000] [id=23236]
  0x000001f2f963e8f0 GCTaskThread "GC Thread#7" [stack: 0x000000c419800000,0x000000c419900000] [id=21172]
  0x000001f2e68cbac0 ConcurrentGCThread "G1 Main Marker" [stack: 0x000000c417f00000,0x000000c418000000] [id=24844]
  0x000001f2e68cd3f0 ConcurrentGCThread "G1 Conc#0" [stack: 0x000000c418000000,0x000000c418100000] [id=9084]
  0x000001f2fab0a410 ConcurrentGCThread "G1 Conc#1" [stack: 0x000000c419a00000,0x000000c419b00000] [id=23312]
  0x000001f2e691df40 ConcurrentGCThread "G1 Refine#0" [stack: 0x000000c418100000,0x000000c418200000] [id=17440]
  0x000001f2fb48edc0 ConcurrentGCThread "G1 Refine#1" [stack: 0x000000c41b500000,0x000000c41b600000] [id=20172]
  0x000001f2f9d2b090 ConcurrentGCThread "G1 Refine#2" [stack: 0x000000c41b600000,0x000000c41b700000] [id=17120]
  0x000001f2f9d260b0 ConcurrentGCThread "G1 Refine#3" [stack: 0x000000c41b700000,0x000000c41b800000] [id=20088]
  0x000001f2fd13a2b0 ConcurrentGCThread "G1 Refine#4" [stack: 0x000000c41b800000,0x000000c41b900000] [id=18380]
  0x000001f2fb6eddb0 ConcurrentGCThread "G1 Refine#5" [stack: 0x000000c41b900000,0x000000c41ba00000] [id=18160]
  0x000001f2fb406230 ConcurrentGCThread "G1 Refine#6" [stack: 0x000000c41ba00000,0x000000c41bb00000] [id=9864]
  0x000001f2e691e870 ConcurrentGCThread "G1 Service" [stack: 0x000000c418200000,0x000000c418300000] [id=6756]

Threads with active compile tasks:

VM state: at safepoint (normal execution)

VM Mutex/Monitor currently owned by a thread:  ([mutex/lock_event])
[0x000001f2e46b0900] Threads_lock - owner thread: 0x000001f2f9412ad0
[0x000001f2e477b7e0] Heap_lock - owner thread: 0x000001f2fb121dd0

Heap address: 0x0000000701400000, size: 4076 MB, Compressed Oops mode: Zero based, Oop shift amount: 3

CDS archive(s) not mapped
Compressed class space mapped at: 0x0000000800000000-0x0000000840000000, reserved size: 1073741824
Narrow klass base: 0x0000000800000000, Narrow klass shift: 0, Narrow klass range: 0x40000000

GC Precious Log:
 CPUs: 8 total, 8 available
 Memory: 16299M
 Large Page Support: Disabled
 NUMA Support: Disabled
 Compressed Oops: Enabled (Zero based)
 Heap Region Size: 2M
 Heap Min Capacity: 8M
 Heap Initial Capacity: 256M
 Heap Max Capacity: 4076M
 Pre-touch: Disabled
 Parallel Workers: 8
 Concurrent Workers: 2
 Concurrent Refinement Workers: 8
 Periodic GC: Disabled

Heap:
 garbage-first heap   total 563200K, used 170441K [0x0000000701400000, 0x0000000800000000)
  region size 2048K, 11 young (22528K), 11 survivors (22528K)
 Metaspace       used 43559K, committed 43968K, reserved 1089536K
  class space    used 5397K, committed 5568K, reserved 1048576K

Heap Regions: E=young(eden), S=young(survivor), O=old, HS=humongous(starts), HC=humongous(continues), CS=collection set, F=free, OA=open archive, CA=closed archive, TAMS=top-at-mark-start (previous, next)
|   0|0x0000000701400000, 0x0000000701600000, 0x0000000701600000|100%| O|  |TAMS 0x0000000701600000, 0x0000000701400000| Untracked 
|   1|0x0000000701600000, 0x0000000701800000, 0x0000000701800000|100%| O|  |TAMS 0x0000000701800000, 0x0000000701600000| Untracked 
|   2|0x0000000701800000, 0x0000000701a00000, 0x0000000701a00000|100%| O|  |TAMS 0x0000000701a00000, 0x0000000701800000| Untracked 
|   3|0x0000000701a00000, 0x0000000701bdc400, 0x0000000701c00000| 93%| O|  |TAMS 0x0000000701bdc400, 0x0000000701a00000| Untracked 
|   4|0x0000000701c00000, 0x0000000701e00000, 0x0000000701e00000|100%| O|  |TAMS 0x0000000701e00000, 0x0000000701c00000| Untracked 
|   5|0x0000000701e00000, 0x0000000702000000, 0x0000000702000000|100%| O|  |TAMS 0x0000000702000000, 0x0000000701e00000| Untracked 
|   6|0x0000000702000000, 0x0000000702200000, 0x0000000702200000|100%| O|  |TAMS 0x0000000702200000, 0x0000000702000000| Untracked 
|   7|0x0000000702200000, 0x0000000702400000, 0x0000000702400000|100%| O|  |TAMS 0x0000000702400000, 0x0000000702200000| Untracked 
|   8|0x0000000702400000, 0x0000000702600000, 0x0000000702600000|100%| O|  |TAMS 0x0000000702600000, 0x0000000702400000| Untracked 
|   9|0x0000000702600000, 0x00000007027e3c00, 0x0000000702800000| 94%| O|  |TAMS 0x00000007027e3c00, 0x0000000702600000| Untracked 
|  10|0x0000000702800000, 0x0000000702a00000, 0x0000000702a00000|100%| O|  |TAMS 0x0000000702a00000, 0x0000000702800000| Untracked 
|  11|0x0000000702a00000, 0x0000000702c00000, 0x0000000702c00000|100%| O|  |TAMS 0x0000000702c00000, 0x0000000702a00000| Untracked 
|  12|0x0000000702c00000, 0x0000000702e00000, 0x0000000702e00000|100%| O|  |TAMS 0x0000000702e00000, 0x0000000702c00000| Untracked 
|  13|0x0000000702e00000, 0x0000000703000000, 0x0000000703000000|100%| O|  |TAMS 0x0000000703000000, 0x0000000702e00000| Untracked 
|  14|0x0000000703000000, 0x0000000703200000, 0x0000000703200000|100%| O|  |TAMS 0x0000000703200000, 0x0000000703000000| Untracked 
|  15|0x0000000703200000, 0x0000000703400000, 0x0000000703400000|100%| O|  |TAMS 0x0000000703400000, 0x0000000703200000| Untracked 
|  16|0x0000000703400000, 0x0000000703600000, 0x0000000703600000|100%| O|  |TAMS 0x0000000703600000, 0x0000000703400000| Untracked 
|  17|0x0000000703600000, 0x0000000703800000, 0x0000000703800000|100%| O|  |TAMS 0x0000000703800000, 0x0000000703600000| Untracked 
|  18|0x0000000703800000, 0x0000000703a00000, 0x0000000703a00000|100%| O|  |TAMS 0x0000000703a00000, 0x0000000703800000| Untracked 
|  19|0x0000000703a00000, 0x0000000703c00000, 0x0000000703c00000|100%| O|  |TAMS 0x0000000703c00000, 0x0000000703a00000| Untracked 
|  20|0x0000000703c00000, 0x0000000703e00000, 0x0000000703e00000|100%| O|  |TAMS 0x0000000703e00000, 0x0000000703c00000| Untracked 
|  21|0x0000000703e00000, 0x0000000704000000, 0x0000000704000000|100%| O|  |TAMS 0x0000000704000000, 0x0000000703e00000| Untracked 
|  22|0x0000000704000000, 0x0000000704200000, 0x0000000704200000|100%| O|  |TAMS 0x0000000704200000, 0x0000000704000000| Untracked 
|  23|0x0000000704200000, 0x0000000704400000, 0x0000000704400000|100%| O|  |TAMS 0x0000000704400000, 0x0000000704200000| Untracked 
|  24|0x0000000704400000, 0x0000000704600000, 0x0000000704600000|100%| O|  |TAMS 0x0000000704600000, 0x0000000704400000| Untracked 
|  25|0x0000000704600000, 0x0000000704800000, 0x0000000704800000|100%| O|  |TAMS 0x0000000704800000, 0x0000000704600000| Untracked 
|  26|0x0000000704800000, 0x0000000704a00000, 0x0000000704a00000|100%| O|  |TAMS 0x0000000704a00000, 0x0000000704800000| Untracked 
|  27|0x0000000704a00000, 0x0000000704c00000, 0x0000000704c00000|100%| O|  |TAMS 0x0000000704c00000, 0x0000000704a00000| Untracked 
|  28|0x0000000704c00000, 0x0000000704e00000, 0x0000000704e00000|100%| O|  |TAMS 0x0000000704e00000, 0x0000000704c00000| Untracked 
|  29|0x0000000704e00000, 0x0000000705000000, 0x0000000705000000|100%| O|  |TAMS 0x0000000704fd1c00, 0x0000000704e00000| Untracked 
|  30|0x0000000705000000, 0x0000000705200000, 0x0000000705200000|100%| O|  |TAMS 0x0000000705000000, 0x0000000705000000| Untracked 
|  31|0x0000000705200000, 0x0000000705400000, 0x0000000705400000|100%| O|  |TAMS 0x0000000705200000, 0x0000000705200000| Untracked 
|  32|0x0000000705400000, 0x0000000705600000, 0x0000000705600000|100%| O|  |TAMS 0x0000000705400000, 0x0000000705400000| Untracked 
|  33|0x0000000705600000, 0x0000000705800000, 0x0000000705800000|100%| O|  |TAMS 0x0000000705600000, 0x0000000705600000| Untracked 
|  34|0x0000000705800000, 0x0000000705a00000, 0x0000000705a00000|100%| O|  |TAMS 0x0000000705800000, 0x0000000705800000| Untracked 
|  35|0x0000000705a00000, 0x0000000705c00000, 0x0000000705c00000|100%| O|  |TAMS 0x0000000705a00000, 0x0000000705a00000| Untracked 
|  36|0x0000000705c00000, 0x0000000705e00000, 0x0000000705e00000|100%| O|  |TAMS 0x0000000705c00000, 0x0000000705c00000| Untracked 
|  37|0x0000000705e00000, 0x0000000706000000, 0x0000000706000000|100%| O|  |TAMS 0x0000000705e00000, 0x0000000705e00000| Untracked 
|  38|0x0000000706000000, 0x0000000706200000, 0x0000000706200000|100%| O|  |TAMS 0x0000000706000000, 0x0000000706000000| Untracked 
|  39|0x0000000706200000, 0x0000000706400000, 0x0000000706400000|100%| O|  |TAMS 0x0000000706200000, 0x0000000706200000| Untracked 
|  40|0x0000000706400000, 0x0000000706600000, 0x0000000706600000|100%| O|  |TAMS 0x0000000706400000, 0x0000000706400000| Untracked 
|  41|0x0000000706600000, 0x0000000706800000, 0x0000000706800000|100%| O|  |TAMS 0x0000000706600000, 0x0000000706600000| Untracked 
|  42|0x0000000706800000, 0x0000000706a00000, 0x0000000706a00000|100%|HS|  |TAMS 0x0000000706800000, 0x0000000706800000| Complete 
|  43|0x0000000706a00000, 0x0000000706c00000, 0x0000000706c00000|100%| O|  |TAMS 0x0000000706a00000, 0x0000000706a00000| Untracked 
|  44|0x0000000706c00000, 0x0000000706e00000, 0x0000000706e00000|100%| O|  |TAMS 0x0000000706c00000, 0x0000000706c00000| Untracked 
|  45|0x0000000706e00000, 0x0000000707000000, 0x0000000707000000|100%| O|  |TAMS 0x0000000706e00000, 0x0000000706e00000| Untracked 
|  46|0x0000000707000000, 0x0000000707200000, 0x0000000707200000|100%| O|  |TAMS 0x0000000707000000, 0x0000000707000000| Untracked 
|  47|0x0000000707200000, 0x0000000707400000, 0x0000000707400000|100%| O|  |TAMS 0x0000000707200000, 0x0000000707200000| Untracked 
|  48|0x0000000707400000, 0x0000000707600000, 0x0000000707600000|100%| O|  |TAMS 0x0000000707400000, 0x0000000707400000| Untracked 
|  49|0x0000000707600000, 0x0000000707800000, 0x0000000707800000|100%| O|  |TAMS 0x0000000707600000, 0x0000000707600000| Untracked 
|  50|0x0000000707800000, 0x0000000707a00000, 0x0000000707a00000|100%| O|  |TAMS 0x0000000707800000, 0x0000000707800000| Untracked 
|  51|0x0000000707a00000, 0x0000000707c00000, 0x0000000707c00000|100%| O|  |TAMS 0x0000000707a00000, 0x0000000707a00000| Untracked 
|  52|0x0000000707c00000, 0x0000000707e00000, 0x0000000707e00000|100%| O|  |TAMS 0x0000000707c00000, 0x0000000707c00000| Untracked 
|  53|0x0000000707e00000, 0x0000000708000000, 0x0000000708000000|100%| O|  |TAMS 0x0000000707e00000, 0x0000000707e00000| Untracked 
|  54|0x0000000708000000, 0x0000000708200000, 0x0000000708200000|100%| O|  |TAMS 0x0000000708000000, 0x0000000708000000| Untracked 
|  55|0x0000000708200000, 0x0000000708400000, 0x0000000708400000|100%| O|  |TAMS 0x0000000708200000, 0x0000000708200000| Untracked 
|  56|0x0000000708400000, 0x0000000708600000, 0x0000000708600000|100%| O|  |TAMS 0x0000000708400000, 0x0000000708400000| Untracked 
|  57|0x0000000708600000, 0x0000000708800000, 0x0000000708800000|100%| O|  |TAMS 0x0000000708600000, 0x0000000708600000| Untracked 
|  58|0x0000000708800000, 0x0000000708a00000, 0x0000000708a00000|100%| O|  |TAMS 0x0000000708800000, 0x0000000708800000| Untracked 
|  59|0x0000000708a00000, 0x0000000708c00000, 0x0000000708c00000|100%| O|  |TAMS 0x0000000708a00000, 0x0000000708a00000| Untracked 
|  60|0x0000000708c00000, 0x0000000708e00000, 0x0000000708e00000|100%| O|  |TAMS 0x0000000708c00000, 0x0000000708c00000| Untracked 
|  61|0x0000000708e00000, 0x0000000709000000, 0x0000000709000000|100%| O|  |TAMS 0x0000000708e00000, 0x0000000708e00000| Untracked 
|  62|0x0000000709000000, 0x0000000709200000, 0x0000000709200000|100%| O|  |TAMS 0x0000000709000000, 0x0000000709000000| Untracked 
|  63|0x0000000709200000, 0x0000000709400000, 0x0000000709400000|100%| O|  |TAMS 0x0000000709200000, 0x0000000709200000| Untracked 
|  64|0x0000000709400000, 0x0000000709600000, 0x0000000709600000|100%| O|  |TAMS 0x0000000709400000, 0x0000000709400000| Untracked 
|  65|0x0000000709600000, 0x0000000709800000, 0x0000000709800000|100%| O|  |TAMS 0x0000000709600000, 0x0000000709600000| Untracked 
|  66|0x0000000709800000, 0x0000000709a00000, 0x0000000709a00000|100%| O|  |TAMS 0x0000000709800000, 0x0000000709800000| Untracked 
|  67|0x0000000709a00000, 0x0000000709c00000, 0x0000000709c00000|100%| O|  |TAMS 0x0000000709a00000, 0x0000000709a00000| Untracked 
|  68|0x0000000709c00000, 0x0000000709e00000, 0x0000000709e00000|100%| O|  |TAMS 0x0000000709c00000, 0x0000000709c00000| Untracked 
|  69|0x0000000709e00000, 0x000000070a000000, 0x000000070a000000|100%| O|  |TAMS 0x0000000709e00000, 0x0000000709e00000| Untracked 
|  70|0x000000070a000000, 0x000000070a200000, 0x000000070a200000|100%| O|  |TAMS 0x000000070a000000, 0x000000070a000000| Untracked 
|  71|0x000000070a200000, 0x000000070a400000, 0x000000070a400000|100%| O|  |TAMS 0x000000070a200000, 0x000000070a200000| Untracked 
|  72|0x000000070a400000, 0x000000070a4b2600, 0x000000070a600000| 34%| O|  |TAMS 0x000000070a400000, 0x000000070a400000| Untracked 
|  73|0x000000070a600000, 0x000000070a600000, 0x000000070a800000|  0%| F|  |TAMS 0x000000070a600000, 0x000000070a600000| Untracked 
|  74|0x000000070a800000, 0x000000070a800000, 0x000000070aa00000|  0%| F|  |TAMS 0x000000070a800000, 0x000000070a800000| Untracked 
|  75|0x000000070aa00000, 0x000000070aa00000, 0x000000070ac00000|  0%| F|  |TAMS 0x000000070aa00000, 0x000000070aa00000| Untracked 
|  76|0x000000070ac00000, 0x000000070ac00000, 0x000000070ae00000|  0%| F|  |TAMS 0x000000070ac00000, 0x000000070ac00000| Untracked 
|  77|0x000000070ae00000, 0x000000070ae00000, 0x000000070b000000|  0%| F|  |TAMS 0x000000070ae00000, 0x000000070ae00000| Untracked 
|  78|0x000000070b000000, 0x000000070b000000, 0x000000070b200000|  0%| F|  |TAMS 0x000000070b000000, 0x000000070b000000| Untracked 
|  79|0x000000070b200000, 0x000000070b200000, 0x000000070b400000|  0%| F|  |TAMS 0x000000070b200000, 0x000000070b200000| Untracked 
|  80|0x000000070b400000, 0x000000070b400000, 0x000000070b600000|  0%| F|  |TAMS 0x000000070b400000, 0x000000070b400000| Untracked 
|  81|0x000000070b600000, 0x000000070b600000, 0x000000070b800000|  0%| F|  |TAMS 0x000000070b600000, 0x000000070b600000| Untracked 
|  82|0x000000070b800000, 0x000000070b800000, 0x000000070ba00000|  0%| F|  |TAMS 0x000000070b800000, 0x000000070b800000| Untracked 
|  83|0x000000070ba00000, 0x000000070ba00000, 0x000000070bc00000|  0%| F|  |TAMS 0x000000070ba00000, 0x000000070ba00000| Untracked 
|  84|0x000000070bc00000, 0x000000070bc00000, 0x000000070be00000|  0%| F|  |TAMS 0x000000070bc00000, 0x000000070bc00000| Untracked 
|  85|0x000000070be00000, 0x000000070be00000, 0x000000070c000000|  0%| F|  |TAMS 0x000000070be00000, 0x000000070be00000| Untracked 
|  86|0x000000070c000000, 0x000000070c000000, 0x000000070c200000|  0%| F|  |TAMS 0x000000070c000000, 0x000000070c000000| Untracked 
|  87|0x000000070c200000, 0x000000070c200000, 0x000000070c400000|  0%| F|  |TAMS 0x000000070c200000, 0x000000070c200000| Untracked 
|  88|0x000000070c400000, 0x000000070c400000, 0x000000070c600000|  0%| F|  |TAMS 0x000000070c400000, 0x000000070c400000| Untracked 
|  89|0x000000070c600000, 0x000000070c600000, 0x000000070c800000|  0%| F|  |TAMS 0x000000070c600000, 0x000000070c600000| Untracked 
|  90|0x000000070c800000, 0x000000070c800000, 0x000000070ca00000|  0%| F|  |TAMS 0x000000070c800000, 0x000000070c800000| Untracked 
|  91|0x000000070ca00000, 0x000000070ca00000, 0x000000070cc00000|  0%| F|  |TAMS 0x000000070ca00000, 0x000000070ca00000| Untracked 
|  92|0x000000070cc00000, 0x000000070cc00000, 0x000000070ce00000|  0%| F|  |TAMS 0x000000070cc00000, 0x000000070cc00000| Untracked 
|  93|0x000000070ce00000, 0x000000070ce00000, 0x000000070d000000|  0%| F|  |TAMS 0x000000070ce00000, 0x000000070ce00000| Untracked 
|  94|0x000000070d000000, 0x000000070d000000, 0x000000070d200000|  0%| F|  |TAMS 0x000000070d000000, 0x000000070d000000| Untracked 
|  95|0x000000070d200000, 0x000000070d200000, 0x000000070d400000|  0%| F|  |TAMS 0x000000070d200000, 0x000000070d200000| Untracked 
|  96|0x000000070d400000, 0x000000070d400000, 0x000000070d600000|  0%| F|  |TAMS 0x000000070d400000, 0x000000070d400000| Untracked 
|  97|0x000000070d600000, 0x000000070d600000, 0x000000070d800000|  0%| F|  |TAMS 0x000000070d600000, 0x000000070d600000| Untracked 
|  98|0x000000070d800000, 0x000000070d800000, 0x000000070da00000|  0%| F|  |TAMS 0x000000070d800000, 0x000000070d800000| Untracked 
|  99|0x000000070da00000, 0x000000070da00000, 0x000000070dc00000|  0%| F|  |TAMS 0x000000070da00000, 0x000000070da00000| Untracked 
| 100|0x000000070dc00000, 0x000000070de00000, 0x000000070de00000|100%| S|CS|TAMS 0x000000070dc00000, 0x000000070dc00000| Complete 
| 101|0x000000070de00000, 0x000000070e000000, 0x000000070e000000|100%| S|CS|TAMS 0x000000070de00000, 0x000000070de00000| Complete 
| 102|0x000000070e000000, 0x000000070e200000, 0x000000070e200000|100%| S|CS|TAMS 0x000000070e000000, 0x000000070e000000| Complete 
| 103|0x000000070e200000, 0x000000070e200000, 0x000000070e400000|  0%| F|  |TAMS 0x000000070e200000, 0x000000070e200000| Untracked 
| 104|0x000000070e400000, 0x000000070e400000, 0x000000070e600000|  0%| F|  |TAMS 0x000000070e400000, 0x000000070e400000| Untracked 
| 105|0x000000070e600000, 0x000000070e600000, 0x000000070e800000|  0%| F|  |TAMS 0x000000070e600000, 0x000000070e600000| Untracked 
| 106|0x000000070e800000, 0x000000070e800000, 0x000000070ea00000|  0%| F|  |TAMS 0x000000070e800000, 0x000000070e800000| Untracked 
| 107|0x000000070ea00000, 0x000000070ea00000, 0x000000070ec00000|  0%| F|  |TAMS 0x000000070ea00000, 0x000000070ea00000| Untracked 
| 108|0x000000070ec00000, 0x000000070ec00000, 0x000000070ee00000|  0%| F|  |TAMS 0x000000070ec00000, 0x000000070ec00000| Untracked 
| 109|0x000000070ee00000, 0x000000070ee00000, 0x000000070f000000|  0%| F|  |TAMS 0x000000070ee00000, 0x000000070ee00000| Untracked 
| 110|0x000000070f000000, 0x000000070f000000, 0x000000070f200000|  0%| F|  |TAMS 0x000000070f000000, 0x000000070f000000| Untracked 
| 111|0x000000070f200000, 0x000000070f200000, 0x000000070f400000|  0%| F|  |TAMS 0x000000070f200000, 0x000000070f200000| Untracked 
| 112|0x000000070f400000, 0x000000070f400000, 0x000000070f600000|  0%| F|  |TAMS 0x000000070f400000, 0x000000070f400000| Untracked 
| 113|0x000000070f600000, 0x000000070f600000, 0x000000070f800000|  0%| F|  |TAMS 0x000000070f600000, 0x000000070f600000| Untracked 
| 114|0x000000070f800000, 0x000000070f800000, 0x000000070fa00000|  0%| F|  |TAMS 0x000000070f800000, 0x000000070f800000| Untracked 
| 115|0x000000070fa00000, 0x000000070fa00000, 0x000000070fc00000|  0%| F|  |TAMS 0x000000070fa00000, 0x000000070fa00000| Untracked 
| 116|0x000000070fc00000, 0x000000070fe00000, 0x000000070fe00000|100%| S|CS|TAMS 0x000000070fc00000, 0x000000070fc00000| Complete 
| 117|0x000000070fe00000, 0x0000000710000000, 0x0000000710000000|100%| S|CS|TAMS 0x000000070fe00000, 0x000000070fe00000| Complete 
| 118|0x0000000710000000, 0x0000000710200000, 0x0000000710200000|100%| S|CS|TAMS 0x0000000710000000, 0x0000000710000000| Complete 
| 119|0x0000000710200000, 0x0000000710400000, 0x0000000710400000|100%| S|CS|TAMS 0x0000000710200000, 0x0000000710200000| Complete 
| 120|0x0000000710400000, 0x0000000710600000, 0x0000000710600000|100%| S|CS|TAMS 0x0000000710400000, 0x0000000710400000| Complete 
| 121|0x0000000710600000, 0x0000000710800000, 0x0000000710800000|100%| S|CS|TAMS 0x0000000710600000, 0x0000000710600000| Complete 
| 122|0x0000000710800000, 0x0000000710a00000, 0x0000000710a00000|100%| S|CS|TAMS 0x0000000710800000, 0x0000000710800000| Complete 
| 123|0x0000000710a00000, 0x0000000710a00000, 0x0000000710c00000|  0%| F|  |TAMS 0x0000000710a00000, 0x0000000710a00000| Untracked 
| 124|0x0000000710c00000, 0x0000000710c00000, 0x0000000710e00000|  0%| F|  |TAMS 0x0000000710c00000, 0x0000000710c00000| Untracked 
| 125|0x0000000710e00000, 0x0000000710e00000, 0x0000000711000000|  0%| F|  |TAMS 0x0000000710e00000, 0x0000000710e00000| Untracked 
| 126|0x0000000711000000, 0x0000000711000000, 0x0000000711200000|  0%| F|  |TAMS 0x0000000711000000, 0x0000000711000000| Untracked 
| 127|0x0000000711200000, 0x0000000711400000, 0x0000000711400000|100%| S|CS|TAMS 0x0000000711200000, 0x0000000711200000| Complete 
| 128|0x0000000711400000, 0x0000000711400000, 0x0000000711600000|  0%| F|  |TAMS 0x0000000711400000, 0x0000000711400000| Untracked 
| 129|0x0000000711600000, 0x0000000711600000, 0x0000000711800000|  0%| F|  |TAMS 0x0000000711600000, 0x0000000711600000| Untracked 
| 130|0x0000000711800000, 0x0000000711800000, 0x0000000711a00000|  0%| F|  |TAMS 0x0000000711800000, 0x0000000711800000| Untracked 
| 131|0x0000000711a00000, 0x0000000711a00000, 0x0000000711c00000|  0%| F|  |TAMS 0x0000000711a00000, 0x0000000711a00000| Untracked 
| 132|0x0000000711c00000, 0x0000000711c00000, 0x0000000711e00000|  0%| F|  |TAMS 0x0000000711c00000, 0x0000000711c00000| Untracked 
| 133|0x0000000711e00000, 0x0000000711e00000, 0x0000000712000000|  0%| F|  |TAMS 0x0000000711e00000, 0x0000000711e00000| Untracked 
| 134|0x0000000712000000, 0x0000000712000000, 0x0000000712200000|  0%| F|  |TAMS 0x0000000712000000, 0x0000000712000000| Untracked 
| 135|0x0000000712200000, 0x0000000712200000, 0x0000000712400000|  0%| F|  |TAMS 0x0000000712200000, 0x0000000712200000| Untracked 
| 136|0x0000000712400000, 0x0000000712400000, 0x0000000712600000|  0%| F|  |TAMS 0x0000000712400000, 0x0000000712400000| Untracked 
| 137|0x0000000712600000, 0x0000000712600000, 0x0000000712800000|  0%| F|  |TAMS 0x0000000712600000, 0x0000000712600000| Untracked 
| 138|0x0000000712800000, 0x0000000712800000, 0x0000000712a00000|  0%| F|  |TAMS 0x0000000712800000, 0x0000000712800000| Untracked 
| 139|0x0000000712a00000, 0x0000000712a00000, 0x0000000712c00000|  0%| F|  |TAMS 0x0000000712a00000, 0x0000000712a00000| Untracked 
| 140|0x0000000712c00000, 0x0000000712c00000, 0x0000000712e00000|  0%| F|  |TAMS 0x0000000712c00000, 0x0000000712c00000| Untracked 
| 141|0x0000000712e00000, 0x0000000712e00000, 0x0000000713000000|  0%| F|  |TAMS 0x0000000712e00000, 0x0000000712e00000| Untracked 
| 142|0x0000000713000000, 0x0000000713000000, 0x0000000713200000|  0%| F|  |TAMS 0x0000000713000000, 0x0000000713000000| Untracked 
| 143|0x0000000713200000, 0x0000000713200000, 0x0000000713400000|  0%| F|  |TAMS 0x0000000713200000, 0x0000000713200000| Untracked 
| 144|0x0000000713400000, 0x0000000713400000, 0x0000000713600000|  0%| F|  |TAMS 0x0000000713400000, 0x0000000713400000| Untracked 
| 145|0x0000000713600000, 0x0000000713600000, 0x0000000713800000|  0%| F|  |TAMS 0x0000000713600000, 0x0000000713600000| Untracked 
| 146|0x0000000713800000, 0x0000000713800000, 0x0000000713a00000|  0%| F|  |TAMS 0x0000000713800000, 0x0000000713800000| Untracked 
| 147|0x0000000713a00000, 0x0000000713a00000, 0x0000000713c00000|  0%| F|  |TAMS 0x0000000713a00000, 0x0000000713a00000| Untracked 
| 148|0x0000000713c00000, 0x0000000713c00000, 0x0000000713e00000|  0%| F|  |TAMS 0x0000000713c00000, 0x0000000713c00000| Untracked 
| 149|0x0000000713e00000, 0x0000000713e00000, 0x0000000714000000|  0%| F|  |TAMS 0x0000000713e00000, 0x0000000713e00000| Untracked 
| 150|0x0000000714000000, 0x0000000714000000, 0x0000000714200000|  0%| F|  |TAMS 0x0000000714000000, 0x0000000714000000| Untracked 
| 151|0x0000000714200000, 0x0000000714200000, 0x0000000714400000|  0%| F|  |TAMS 0x0000000714200000, 0x0000000714200000| Untracked 
| 152|0x0000000714400000, 0x0000000714400000, 0x0000000714600000|  0%| F|  |TAMS 0x0000000714400000, 0x0000000714400000| Untracked 
| 153|0x0000000714600000, 0x0000000714600000, 0x0000000714800000|  0%| F|  |TAMS 0x0000000714600000, 0x0000000714600000| Untracked 
| 154|0x0000000714800000, 0x0000000714800000, 0x0000000714a00000|  0%| F|  |TAMS 0x0000000714800000, 0x0000000714800000| Untracked 
| 155|0x0000000714a00000, 0x0000000714a00000, 0x0000000714c00000|  0%| F|  |TAMS 0x0000000714a00000, 0x0000000714a00000| Untracked 
| 156|0x0000000714c00000, 0x0000000714c00000, 0x0000000714e00000|  0%| F|  |TAMS 0x0000000714c00000, 0x0000000714c00000| Untracked 
| 157|0x0000000714e00000, 0x0000000714e00000, 0x0000000715000000|  0%| F|  |TAMS 0x0000000714e00000, 0x0000000714e00000| Untracked 
| 158|0x0000000715000000, 0x0000000715000000, 0x0000000715200000|  0%| F|  |TAMS 0x0000000715000000, 0x0000000715000000| Untracked 
| 159|0x0000000715200000, 0x0000000715200000, 0x0000000715400000|  0%| F|  |TAMS 0x0000000715200000, 0x0000000715200000| Untracked 
| 160|0x0000000715400000, 0x0000000715400000, 0x0000000715600000|  0%| F|  |TAMS 0x0000000715400000, 0x0000000715400000| Untracked 
| 161|0x0000000715600000, 0x0000000715600000, 0x0000000715800000|  0%| F|  |TAMS 0x0000000715600000, 0x0000000715600000| Untracked 
| 162|0x0000000715800000, 0x0000000715800000, 0x0000000715a00000|  0%| F|  |TAMS 0x0000000715800000, 0x0000000715800000| Untracked 
| 163|0x0000000715a00000, 0x0000000715a00000, 0x0000000715c00000|  0%| F|  |TAMS 0x0000000715a00000, 0x0000000715a00000| Untracked 
| 164|0x0000000715c00000, 0x0000000715c00000, 0x0000000715e00000|  0%| F|  |TAMS 0x0000000715c00000, 0x0000000715c00000| Untracked 
| 165|0x0000000715e00000, 0x0000000715e00000, 0x0000000716000000|  0%| F|  |TAMS 0x0000000715e00000, 0x0000000715e00000| Untracked 
| 166|0x0000000716000000, 0x0000000716000000, 0x0000000716200000|  0%| F|  |TAMS 0x0000000716000000, 0x0000000716000000| Untracked 
| 167|0x0000000716200000, 0x0000000716200000, 0x0000000716400000|  0%| F|  |TAMS 0x0000000716200000, 0x0000000716200000| Untracked 
| 168|0x0000000716400000, 0x0000000716400000, 0x0000000716600000|  0%| F|  |TAMS 0x0000000716400000, 0x0000000716400000| Untracked 
| 169|0x0000000716600000, 0x0000000716600000, 0x0000000716800000|  0%| F|  |TAMS 0x0000000716600000, 0x0000000716600000| Untracked 
| 170|0x0000000716800000, 0x0000000716800000, 0x0000000716a00000|  0%| F|  |TAMS 0x0000000716800000, 0x0000000716800000| Untracked 
| 171|0x0000000716a00000, 0x0000000716a00000, 0x0000000716c00000|  0%| F|  |TAMS 0x0000000716a00000, 0x0000000716a00000| Untracked 
| 172|0x0000000716c00000, 0x0000000716c00000, 0x0000000716e00000|  0%| F|  |TAMS 0x0000000716c00000, 0x0000000716c00000| Untracked 
| 173|0x0000000716e00000, 0x0000000716e00000, 0x0000000717000000|  0%| F|  |TAMS 0x0000000716e00000, 0x0000000716e00000| Untracked 
| 174|0x0000000717000000, 0x0000000717000000, 0x0000000717200000|  0%| F|  |TAMS 0x0000000717000000, 0x0000000717000000| Untracked 
| 175|0x0000000717200000, 0x0000000717200000, 0x0000000717400000|  0%| F|  |TAMS 0x0000000717200000, 0x0000000717200000| Untracked 
| 176|0x0000000717400000, 0x0000000717400000, 0x0000000717600000|  0%| F|  |TAMS 0x0000000717400000, 0x0000000717400000| Untracked 
| 177|0x0000000717600000, 0x0000000717600000, 0x0000000717800000|  0%| F|  |TAMS 0x0000000717600000, 0x0000000717600000| Untracked 
| 178|0x0000000717800000, 0x0000000717800000, 0x0000000717a00000|  0%| F|  |TAMS 0x0000000717800000, 0x0000000717800000| Untracked 
| 179|0x0000000717a00000, 0x0000000717a00000, 0x0000000717c00000|  0%| F|  |TAMS 0x0000000717a00000, 0x0000000717a00000| Untracked 
| 180|0x0000000717c00000, 0x0000000717c00000, 0x0000000717e00000|  0%| F|  |TAMS 0x0000000717c00000, 0x0000000717c00000| Untracked 
| 181|0x0000000717e00000, 0x0000000717e00000, 0x0000000718000000|  0%| F|  |TAMS 0x0000000717e00000, 0x0000000717e00000| Untracked 
| 182|0x0000000718000000, 0x0000000718000000, 0x0000000718200000|  0%| F|  |TAMS 0x0000000718000000, 0x0000000718000000| Untracked 
| 183|0x0000000718200000, 0x0000000718200000, 0x0000000718400000|  0%| F|  |TAMS 0x0000000718200000, 0x0000000718200000| Untracked 
| 184|0x0000000718400000, 0x0000000718400000, 0x0000000718600000|  0%| F|  |TAMS 0x0000000718400000, 0x0000000718400000| Untracked 
| 185|0x0000000718600000, 0x0000000718600000, 0x0000000718800000|  0%| F|  |TAMS 0x0000000718600000, 0x0000000718600000| Untracked 
| 186|0x0000000718800000, 0x0000000718800000, 0x0000000718a00000|  0%| F|  |TAMS 0x0000000718800000, 0x0000000718800000| Untracked 
| 187|0x0000000718a00000, 0x0000000718a00000, 0x0000000718c00000|  0%| F|  |TAMS 0x0000000718a00000, 0x0000000718a00000| Untracked 
| 188|0x0000000718c00000, 0x0000000718c00000, 0x0000000718e00000|  0%| F|  |TAMS 0x0000000718c00000, 0x0000000718c00000| Untracked 
| 189|0x0000000718e00000, 0x0000000718e00000, 0x0000000719000000|  0%| F|  |TAMS 0x0000000718e00000, 0x0000000718e00000| Untracked 
| 190|0x0000000719000000, 0x0000000719000000, 0x0000000719200000|  0%| F|  |TAMS 0x0000000719000000, 0x0000000719000000| Untracked 
| 191|0x0000000719200000, 0x0000000719200000, 0x0000000719400000|  0%| F|  |TAMS 0x0000000719200000, 0x0000000719200000| Untracked 
| 192|0x0000000719400000, 0x0000000719400000, 0x0000000719600000|  0%| F|  |TAMS 0x0000000719400000, 0x0000000719400000| Untracked 
| 193|0x0000000719600000, 0x0000000719600000, 0x0000000719800000|  0%| F|  |TAMS 0x0000000719600000, 0x0000000719600000| Untracked 
| 194|0x0000000719800000, 0x0000000719800000, 0x0000000719a00000|  0%| F|  |TAMS 0x0000000719800000, 0x0000000719800000| Untracked 
| 195|0x0000000719a00000, 0x0000000719a00000, 0x0000000719c00000|  0%| F|  |TAMS 0x0000000719a00000, 0x0000000719a00000| Untracked 
| 196|0x0000000719c00000, 0x0000000719c00000, 0x0000000719e00000|  0%| F|  |TAMS 0x0000000719c00000, 0x0000000719c00000| Untracked 
| 197|0x0000000719e00000, 0x0000000719e00000, 0x000000071a000000|  0%| F|  |TAMS 0x0000000719e00000, 0x0000000719e00000| Untracked 
| 198|0x000000071a000000, 0x000000071a000000, 0x000000071a200000|  0%| F|  |TAMS 0x000000071a000000, 0x000000071a000000| Untracked 
| 199|0x000000071a200000, 0x000000071a200000, 0x000000071a400000|  0%| F|  |TAMS 0x000000071a200000, 0x000000071a200000| Untracked 
| 200|0x000000071a400000, 0x000000071a400000, 0x000000071a600000|  0%| F|  |TAMS 0x000000071a400000, 0x000000071a400000| Untracked 
| 201|0x000000071a600000, 0x000000071a600000, 0x000000071a800000|  0%| F|  |TAMS 0x000000071a600000, 0x000000071a600000| Untracked 
| 202|0x000000071a800000, 0x000000071a800000, 0x000000071aa00000|  0%| F|  |TAMS 0x000000071a800000, 0x000000071a800000| Untracked 
| 203|0x000000071aa00000, 0x000000071aa00000, 0x000000071ac00000|  0%| F|  |TAMS 0x000000071aa00000, 0x000000071aa00000| Untracked 
| 204|0x000000071ac00000, 0x000000071ac00000, 0x000000071ae00000|  0%| F|  |TAMS 0x000000071ac00000, 0x000000071ac00000| Untracked 
| 205|0x000000071ae00000, 0x000000071ae00000, 0x000000071b000000|  0%| F|  |TAMS 0x000000071ae00000, 0x000000071ae00000| Untracked 
| 206|0x000000071b000000, 0x000000071b000000, 0x000000071b200000|  0%| F|  |TAMS 0x000000071b000000, 0x000000071b000000| Untracked 
| 207|0x000000071b200000, 0x000000071b200000, 0x000000071b400000|  0%| F|  |TAMS 0x000000071b200000, 0x000000071b200000| Untracked 
| 208|0x000000071b400000, 0x000000071b400000, 0x000000071b600000|  0%| F|  |TAMS 0x000000071b400000, 0x000000071b400000| Untracked 
| 209|0x000000071b600000, 0x000000071b600000, 0x000000071b800000|  0%| F|  |TAMS 0x000000071b600000, 0x000000071b600000| Untracked 
| 210|0x000000071b800000, 0x000000071b800000, 0x000000071ba00000|  0%| F|  |TAMS 0x000000071b800000, 0x000000071b800000| Untracked 
| 211|0x000000071ba00000, 0x000000071ba00000, 0x000000071bc00000|  0%| F|  |TAMS 0x000000071ba00000, 0x000000071ba00000| Untracked 
| 212|0x000000071bc00000, 0x000000071bc00000, 0x000000071be00000|  0%| F|  |TAMS 0x000000071bc00000, 0x000000071bc00000| Untracked 
| 213|0x000000071be00000, 0x000000071be00000, 0x000000071c000000|  0%| F|  |TAMS 0x000000071be00000, 0x000000071be00000| Untracked 
| 214|0x000000071c000000, 0x000000071c000000, 0x000000071c200000|  0%| F|  |TAMS 0x000000071c000000, 0x000000071c000000| Untracked 
| 215|0x000000071c200000, 0x000000071c200000, 0x000000071c400000|  0%| F|  |TAMS 0x000000071c200000, 0x000000071c200000| Untracked 
| 216|0x000000071c400000, 0x000000071c400000, 0x000000071c600000|  0%| F|  |TAMS 0x000000071c400000, 0x000000071c400000| Untracked 
| 217|0x000000071c600000, 0x000000071c600000, 0x000000071c800000|  0%| F|  |TAMS 0x000000071c600000, 0x000000071c600000| Untracked 
| 218|0x000000071c800000, 0x000000071c800000, 0x000000071ca00000|  0%| F|  |TAMS 0x000000071c800000, 0x000000071c800000| Untracked 
| 219|0x000000071ca00000, 0x000000071ca00000, 0x000000071cc00000|  0%| F|  |TAMS 0x000000071ca00000, 0x000000071ca00000| Untracked 
| 220|0x000000071cc00000, 0x000000071cc00000, 0x000000071ce00000|  0%| F|  |TAMS 0x000000071cc00000, 0x000000071cc00000| Untracked 
| 221|0x000000071ce00000, 0x000000071ce00000, 0x000000071d000000|  0%| F|  |TAMS 0x000000071ce00000, 0x000000071ce00000| Untracked 
| 222|0x000000071d000000, 0x000000071d000000, 0x000000071d200000|  0%| F|  |TAMS 0x000000071d000000, 0x000000071d000000| Untracked 
| 223|0x000000071d200000, 0x000000071d200000, 0x000000071d400000|  0%| F|  |TAMS 0x000000071d200000, 0x000000071d200000| Untracked 
| 224|0x000000071d400000, 0x000000071d400000, 0x000000071d600000|  0%| F|  |TAMS 0x000000071d400000, 0x000000071d400000| Untracked 
| 225|0x000000071d600000, 0x000000071d600000, 0x000000071d800000|  0%| F|  |TAMS 0x000000071d600000, 0x000000071d600000| Untracked 
| 226|0x000000071d800000, 0x000000071d800000, 0x000000071da00000|  0%| F|  |TAMS 0x000000071d800000, 0x000000071d800000| Untracked 
| 227|0x000000071da00000, 0x000000071da00000, 0x000000071dc00000|  0%| F|  |TAMS 0x000000071da00000, 0x000000071da00000| Untracked 
| 228|0x000000071dc00000, 0x000000071dc00000, 0x000000071de00000|  0%| F|  |TAMS 0x000000071dc00000, 0x000000071dc00000| Untracked 
| 229|0x000000071de00000, 0x000000071de00000, 0x000000071e000000|  0%| F|  |TAMS 0x000000071de00000, 0x000000071de00000| Untracked 
| 230|0x000000071e000000, 0x000000071e000000, 0x000000071e200000|  0%| F|  |TAMS 0x000000071e000000, 0x000000071e000000| Untracked 
| 231|0x000000071e200000, 0x000000071e200000, 0x000000071e400000|  0%| F|  |TAMS 0x000000071e200000, 0x000000071e200000| Untracked 
| 232|0x000000071e400000, 0x000000071e400000, 0x000000071e600000|  0%| F|  |TAMS 0x000000071e400000, 0x000000071e400000| Untracked 
| 233|0x000000071e600000, 0x000000071e600000, 0x000000071e800000|  0%| F|  |TAMS 0x000000071e600000, 0x000000071e600000| Untracked 
| 234|0x000000071e800000, 0x000000071e800000, 0x000000071ea00000|  0%| F|  |TAMS 0x000000071e800000, 0x000000071e800000| Untracked 
| 235|0x000000071ea00000, 0x000000071ea00000, 0x000000071ec00000|  0%| F|  |TAMS 0x000000071ea00000, 0x000000071ea00000| Untracked 
| 236|0x000000071ec00000, 0x000000071ec00000, 0x000000071ee00000|  0%| F|  |TAMS 0x000000071ec00000, 0x000000071ec00000| Untracked 
| 237|0x000000071ee00000, 0x000000071ee00000, 0x000000071f000000|  0%| F|  |TAMS 0x000000071ee00000, 0x000000071ee00000| Untracked 
| 238|0x000000071f000000, 0x000000071f000000, 0x000000071f200000|  0%| F|  |TAMS 0x000000071f000000, 0x000000071f000000| Untracked 
| 239|0x000000071f200000, 0x000000071f200000, 0x000000071f400000|  0%| F|  |TAMS 0x000000071f200000, 0x000000071f200000| Untracked 
| 240|0x000000071f400000, 0x000000071f400000, 0x000000071f600000|  0%| F|  |TAMS 0x000000071f400000, 0x000000071f400000| Untracked 
| 241|0x000000071f600000, 0x000000071f600000, 0x000000071f800000|  0%| F|  |TAMS 0x000000071f600000, 0x000000071f600000| Untracked 
| 242|0x000000071f800000, 0x000000071f800000, 0x000000071fa00000|  0%| F|  |TAMS 0x000000071f800000, 0x000000071f800000| Untracked 
| 243|0x000000071fa00000, 0x000000071fa00000, 0x000000071fc00000|  0%| F|  |TAMS 0x000000071fa00000, 0x000000071fa00000| Untracked 
| 244|0x000000071fc00000, 0x000000071fc00000, 0x000000071fe00000|  0%| F|  |TAMS 0x000000071fc00000, 0x000000071fc00000| Untracked 
| 245|0x000000071fe00000, 0x000000071fe00000, 0x0000000720000000|  0%| F|  |TAMS 0x000000071fe00000, 0x000000071fe00000| Untracked 
| 246|0x0000000720000000, 0x0000000720000000, 0x0000000720200000|  0%| F|  |TAMS 0x0000000720000000, 0x0000000720000000| Untracked 
| 247|0x0000000720200000, 0x0000000720200000, 0x0000000720400000|  0%| F|  |TAMS 0x0000000720200000, 0x0000000720200000| Untracked 
| 248|0x0000000720400000, 0x0000000720400000, 0x0000000720600000|  0%| F|  |TAMS 0x0000000720400000, 0x0000000720400000| Untracked 
| 249|0x0000000720600000, 0x0000000720600000, 0x0000000720800000|  0%| F|  |TAMS 0x0000000720600000, 0x0000000720600000| Untracked 
| 250|0x0000000720800000, 0x0000000720800000, 0x0000000720a00000|  0%| F|  |TAMS 0x0000000720800000, 0x0000000720800000| Untracked 
| 251|0x0000000720a00000, 0x0000000720a00000, 0x0000000720c00000|  0%| F|  |TAMS 0x0000000720a00000, 0x0000000720a00000| Untracked 
| 252|0x0000000720c00000, 0x0000000720c00000, 0x0000000720e00000|  0%| F|  |TAMS 0x0000000720c00000, 0x0000000720c00000| Untracked 
| 253|0x0000000720e00000, 0x0000000720e00000, 0x0000000721000000|  0%| F|  |TAMS 0x0000000720e00000, 0x0000000720e00000| Untracked 
| 254|0x0000000721000000, 0x0000000721000000, 0x0000000721200000|  0%| F|  |TAMS 0x0000000721000000, 0x0000000721000000| Untracked 
| 255|0x0000000721200000, 0x0000000721200000, 0x0000000721400000|  0%| F|  |TAMS 0x0000000721200000, 0x0000000721200000| Untracked 
| 256|0x0000000721400000, 0x0000000721400000, 0x0000000721600000|  0%| F|  |TAMS 0x0000000721400000, 0x0000000721400000| Untracked 
| 257|0x0000000721600000, 0x0000000721600000, 0x0000000721800000|  0%| F|  |TAMS 0x0000000721600000, 0x0000000721600000| Untracked 
| 258|0x0000000721800000, 0x0000000721800000, 0x0000000721a00000|  0%| F|  |TAMS 0x0000000721800000, 0x0000000721800000| Untracked 
| 259|0x0000000721a00000, 0x0000000721a00000, 0x0000000721c00000|  0%| F|  |TAMS 0x0000000721a00000, 0x0000000721a00000| Untracked 
| 260|0x0000000721c00000, 0x0000000721c00000, 0x0000000721e00000|  0%| F|  |TAMS 0x0000000721c00000, 0x0000000721c00000| Untracked 
| 261|0x0000000721e00000, 0x0000000721e00000, 0x0000000722000000|  0%| F|  |TAMS 0x0000000721e00000, 0x0000000721e00000| Untracked 
| 262|0x0000000722000000, 0x0000000722000000, 0x0000000722200000|  0%| F|  |TAMS 0x0000000722000000, 0x0000000722000000| Untracked 
| 263|0x0000000722200000, 0x0000000722200000, 0x0000000722400000|  0%| F|  |TAMS 0x0000000722200000, 0x0000000722200000| Untracked 
| 264|0x0000000722400000, 0x0000000722400000, 0x0000000722600000|  0%| F|  |TAMS 0x0000000722400000, 0x0000000722400000| Untracked 
| 265|0x0000000722600000, 0x0000000722600000, 0x0000000722800000|  0%| F|  |TAMS 0x0000000722600000, 0x0000000722600000| Untracked 
| 266|0x0000000722800000, 0x0000000722800000, 0x0000000722a00000|  0%| F|  |TAMS 0x0000000722800000, 0x0000000722800000| Untracked 
| 267|0x0000000722a00000, 0x0000000722a00000, 0x0000000722c00000|  0%| F|  |TAMS 0x0000000722a00000, 0x0000000722a00000| Untracked 
| 268|0x0000000722c00000, 0x0000000722c00000, 0x0000000722e00000|  0%| F|  |TAMS 0x0000000722c00000, 0x0000000722c00000| Untracked 
| 269|0x0000000722e00000, 0x0000000722e00000, 0x0000000723000000|  0%| F|  |TAMS 0x0000000722e00000, 0x0000000722e00000| Untracked 
| 270|0x0000000723000000, 0x0000000723000000, 0x0000000723200000|  0%| F|  |TAMS 0x0000000723000000, 0x0000000723000000| Untracked 
| 271|0x0000000723200000, 0x0000000723200000, 0x0000000723400000|  0%| F|  |TAMS 0x0000000723200000, 0x0000000723200000| Untracked 
| 272|0x0000000723400000, 0x0000000723400000, 0x0000000723600000|  0%| F|  |TAMS 0x0000000723400000, 0x0000000723400000| Untracked 
| 273|0x0000000723600000, 0x0000000723600000, 0x0000000723800000|  0%| F|  |TAMS 0x0000000723600000, 0x0000000723600000| Untracked 
| 274|0x0000000723800000, 0x0000000723800000, 0x0000000723a00000|  0%| F|  |TAMS 0x0000000723800000, 0x0000000723800000| Untracked 

Card table byte_map: [0x000001f2ecdf0000,0x000001f2ed5f0000] _byte_map_base: 0x000001f2e95e6000

Marking Bits (Prev, Next): (CMBitMap*) 0x000001f2e68bb310, (CMBitMap*) 0x000001f2e68bb2d0
 Prev Bits: [0x000001f2f1da0000, 0x000001f2f5d50000)
 Next Bits: [0x000001f2eddf0000, 0x000001f2f1da0000)

Polling page: 0x000001f2e6020000

Metaspace:

Usage:
  Non-class:     37.27 MB used.
      Class:      5.27 MB used.
       Both:     42.54 MB used.

Virtual space:
  Non-class space:       40.00 MB reserved,      37.50 MB ( 94%) committed,  5 nodes.
      Class space:        1.00 GB reserved,       5.44 MB ( <1%) committed,  1 nodes.
             Both:        1.04 GB reserved,      42.94 MB (  4%) committed. 

Chunk freelists:
   Non-Class:  2.17 MB
       Class:  2.60 MB
        Both:  4.77 MB

MaxMetaspaceSize: unlimited
CompressedClassSpaceSize: 1.00 GB
Initial GC threshold: 21.00 MB
Current GC threshold: 64.06 MB
CDS: off
MetaspaceReclaimPolicy: balanced
 - commit_granule_bytes: 65536.
 - commit_granule_words: 8192.
 - virtual_space_node_default_size: 1048576.
 - enlarge_chunks_in_place: 1.
 - new_chunks_are_fully_committed: 0.
 - uncommit_free_chunks: 1.
 - use_allocation_guard: 0.
 - handle_deallocations: 1.


Internal statistics:

num_allocs_failed_limit: 8.
num_arena_births: 400.
num_arena_deaths: 0.
num_vsnodes_births: 6.
num_vsnodes_deaths: 0.
num_space_committed: 687.
num_space_uncommitted: 0.
num_chunks_returned_to_freelist: 8.
num_chunks_taken_from_freelist: 1716.
num_chunk_merges: 8.
num_chunk_splits: 1204.
num_chunks_enlarged: 934.
num_purges: 0.
num_inconsistent_stats: 0.

CodeCache: size=49152Kb used=10661Kb max_used=10661Kb free=38490Kb
 bounds [0x000001f2e94e0000, 0x000001f2e9f50000, 0x000001f2ec4e0000]
 total_blobs=5063 nmethods=4498 adapters=489
 compilation: enabled
              stopped_count=0, restarted_count=0
 full_count=0

Compilation events (20 events):
Event: 22.653 Thread 0x000001f2f946c850 nmethod 4495 0x000001f2e9f45c90 code [0x000001f2e9f45e40, 0x000001f2e9f45f68]
Event: 22.653 Thread 0x000001f2f9f39c40 nmethod 4494 0x000001f2e9f46010 code [0x000001f2e9f46240, 0x000001f2e9f467b8]
Event: 22.664 Thread 0x000001f2f946c850 4496       1       org.eclipse.jdt.internal.compiler.classfmt.ClassFileStruct::<init> (20 bytes)
Event: 22.664 Thread 0x000001f2f946c850 nmethod 4496 0x000001f2e9f46b10 code [0x000001f2e9f46ca0, 0x000001f2e9f46e18]
Event: 22.669 Thread 0x000001f2f9f537f0 4497       1       java.util.concurrent.CompletableFuture::<init> (5 bytes)
Event: 22.670 Thread 0x000001f2f9f537f0 nmethod 4497 0x000001f2e9f46e90 code [0x000001f2e9f47020, 0x000001f2e9f470d8]
Event: 22.679 Thread 0x000001f2f9693130 4498       1       org.eclipse.jdt.internal.compiler.classfmt.MethodInfo::getSelector (46 bytes)
Event: 22.679 Thread 0x000001f2f9693130 nmethod 4498 0x000001f2e9f47190 code [0x000001f2e9f47340, 0x000001f2e9f475a8]
Event: 22.682 Thread 0x000001f2f9f537f0 4499       1       org.eclipse.jdt.internal.compiler.lookup.BinaryTypeBinding::isPrototype (12 bytes)
Event: 22.682 Thread 0x000001f2f9f537f0 nmethod 4499 0x000001f2e9f47790 code [0x000001f2e9f47920, 0x000001f2e9f47a38]
Event: 22.683 Thread 0x000001f2f9f537f0 4500       1       org.eclipse.jdt.internal.compiler.classfmt.MethodInfo::isConstructor (8 bytes)
Event: 22.684 Thread 0x000001f2f946c850 4501       1       org.eclipse.jdt.internal.compiler.classfmt.JavaBinaryNames::isConstructor (19 bytes)
Event: 22.684 Thread 0x000001f2f9f537f0 nmethod 4500 0x000001f2e9f47a90 code [0x000001f2e9f47c20, 0x000001f2e9f47d48]
Event: 22.684 Thread 0x000001f2f9693130 4502       1       org.eclipse.jdt.core.compiler.CharOperation::splitOn (159 bytes)
Event: 22.684 Thread 0x000001f2f946c850 nmethod 4501 0x000001f2e9f47e90 code [0x000001f2e9f48020, 0x000001f2e9f48138]
Event: 22.684 Thread 0x000001f2f9f537f0 4503       1       org.eclipse.jdt.internal.compiler.classfmt.MethodInfo::getAnnotations (2 bytes)
Event: 22.684 Thread 0x000001f2f9f537f0 nmethod 4503 0x000001f2e9f48210 code [0x000001f2e9f483a0, 0x000001f2e9f48478]
Event: 22.685 Thread 0x000001f2f9f39c40 4504       1       org.eclipse.jdt.internal.compiler.lookup.TypeBinding::kind (2 bytes)
Event: 22.685 Thread 0x000001f2f9f39c40 nmethod 4504 0x000001f2e9f48510 code [0x000001f2e9f486a0, 0x000001f2e9f48778]
Event: 22.685 Thread 0x000001f2f9693130 nmethod 4502 0x000001f2e9f48810 code [0x000001f2e9f48a00, 0x000001f2e9f49178]

GC Heap History (20 events):
Event: 19.284 GC heap after
{Heap after GC invocations=14 (full 0):
 garbage-first heap   total 131072K, used 67143K [0x0000000701400000, 0x0000000800000000)
  region size 2048K, 3 young (6144K), 3 survivors (6144K)
 Metaspace       used 38906K, committed 39296K, reserved 1089536K
  class space    used 4932K, committed 5120K, reserved 1048576K
}
Event: 19.356 GC heap before
{Heap before GC invocations=14 (full 0):
 garbage-first heap   total 131072K, used 89671K [0x0000000701400000, 0x0000000800000000)
  region size 2048K, 15 young (30720K), 3 survivors (6144K)
 Metaspace       used 38913K, committed 39296K, reserved 1089536K
  class space    used 4933K, committed 5120K, reserved 1048576K
}
Event: 19.368 GC heap after
{Heap after GC invocations=15 (full 0):
 garbage-first heap   total 241664K, used 69889K [0x0000000701400000, 0x0000000800000000)
  region size 2048K, 1 young (2048K), 1 survivors (2048K)
 Metaspace       used 38913K, committed 39296K, reserved 1089536K
  class space    used 4933K, committed 5120K, reserved 1048576K
}
Event: 19.627 GC heap before
{Heap before GC invocations=15 (full 0):
 garbage-first heap   total 280576K, used 166145K [0x0000000701400000, 0x0000000800000000)
  region size 2048K, 49 young (100352K), 1 survivors (2048K)
 Metaspace       used 39001K, committed 39360K, reserved 1089536K
  class space    used 4944K, committed 5120K, reserved 1048576K
}
Event: 19.637 GC heap after
{Heap after GC invocations=16 (full 0):
 garbage-first heap   total 280576K, used 73804K [0x0000000701400000, 0x0000000800000000)
  region size 2048K, 3 young (6144K), 3 survivors (6144K)
 Metaspace       used 39001K, committed 39360K, reserved 1089536K
  class space    used 4944K, committed 5120K, reserved 1048576K
}
Event: 19.825 GC heap before
{Heap before GC invocations=17 (full 0):
 garbage-first heap   total 280576K, used 200780K [0x0000000701400000, 0x0000000800000000)
  region size 2048K, 66 young (135168K), 3 survivors (6144K)
 Metaspace       used 39098K, committed 39424K, reserved 1089536K
  class space    used 4959K, committed 5120K, reserved 1048576K
}
Event: 19.841 GC heap after
{Heap after GC invocations=18 (full 0):
 garbage-first heap   total 280576K, used 79584K [0x0000000701400000, 0x0000000800000000)
  region size 2048K, 6 young (12288K), 6 survivors (12288K)
 Metaspace       used 39098K, committed 39424K, reserved 1089536K
  class space    used 4959K, committed 5120K, reserved 1048576K
}
Event: 19.982 GC heap before
{Heap before GC invocations=18 (full 0):
 garbage-first heap   total 280576K, used 210656K [0x0000000701400000, 0x0000000800000000)
  region size 2048K, 71 young (145408K), 6 survivors (12288K)
 Metaspace       used 39107K, committed 39424K, reserved 1089536K
  class space    used 4962K, committed 5120K, reserved 1048576K
}
Event: 20.001 GC heap after
{Heap after GC invocations=19 (full 0):
 garbage-first heap   total 280576K, used 84473K [0x0000000701400000, 0x0000000800000000)
  region size 2048K, 6 young (12288K), 6 survivors (12288K)
 Metaspace       used 39107K, committed 39424K, reserved 1089536K
  class space    used 4962K, committed 5120K, reserved 1048576K
}
Event: 20.127 GC heap before
{Heap before GC invocations=19 (full 0):
 garbage-first heap   total 280576K, used 217593K [0x0000000701400000, 0x0000000800000000)
  region size 2048K, 72 young (147456K), 6 survivors (12288K)
 Metaspace       used 39107K, committed 39424K, reserved 1089536K
  class space    used 4963K, committed 5120K, reserved 1048576K
}
Event: 20.145 GC heap after
{Heap after GC invocations=20 (full 0):
 garbage-first heap   total 280576K, used 90270K [0x0000000701400000, 0x0000000800000000)
  region size 2048K, 6 young (12288K), 6 survivors (12288K)
 Metaspace       used 39107K, committed 39424K, reserved 1089536K
  class space    used 4963K, committed 5120K, reserved 1048576K
}
Event: 20.258 GC heap before
{Heap before GC invocations=20 (full 0):
 garbage-first heap   total 280576K, used 221342K [0x0000000701400000, 0x0000000800000000)
  region size 2048K, 71 young (145408K), 6 survivors (12288K)
 Metaspace       used 39206K, committed 39552K, reserved 1089536K
  class space    used 4971K, committed 5120K, reserved 1048576K
}
Event: 20.282 GC heap after
{Heap after GC invocations=21 (full 0):
 garbage-first heap   total 563200K, used 96564K [0x0000000701400000, 0x0000000800000000)
  region size 2048K, 6 young (12288K), 6 survivors (12288K)
 Metaspace       used 39206K, committed 39552K, reserved 1089536K
  class space    used 4971K, committed 5120K, reserved 1048576K
}
Event: 20.709 GC heap before
{Heap before GC invocations=21 (full 0):
 garbage-first heap   total 563200K, used 422196K [0x0000000701400000, 0x0000000800000000)
  region size 2048K, 165 young (337920K), 6 survivors (12288K)
 Metaspace       used 39889K, committed 40256K, reserved 1089536K
  class space    used 4997K, committed 5184K, reserved 1048576K
}
Event: 20.732 GC heap after
{Heap after GC invocations=22 (full 0):
 garbage-first heap   total 563200K, used 112687K [0x0000000701400000, 0x0000000800000000)
  region size 2048K, 13 young (26624K), 13 survivors (26624K)
 Metaspace       used 39889K, committed 40256K, reserved 1089536K
  class space    used 4997K, committed 5184K, reserved 1048576K
}
Event: 20.993 GC heap before
{Heap before GC invocations=22 (full 0):
 garbage-first heap   total 563200K, used 421935K [0x0000000701400000, 0x0000000800000000)
  region size 2048K, 165 young (337920K), 13 survivors (26624K)
 Metaspace       used 40282K, committed 40640K, reserved 1089536K
  class space    used 5021K, committed 5184K, reserved 1048576K
}
Event: 21.025 GC heap after
{Heap after GC invocations=23 (full 0):
 garbage-first heap   total 563200K, used 126490K [0x0000000701400000, 0x0000000800000000)
  region size 2048K, 17 young (34816K), 17 survivors (34816K)
 Metaspace       used 40282K, committed 40640K, reserved 1089536K
  class space    used 5021K, committed 5184K, reserved 1048576K
}
Event: 21.553 GC heap before
{Heap before GC invocations=23 (full 0):
 garbage-first heap   total 563200K, used 427546K [0x0000000701400000, 0x0000000800000000)
  region size 2048K, 165 young (337920K), 17 survivors (34816K)
 Metaspace       used 41651K, committed 41984K, reserved 1089536K
  class space    used 5147K, committed 5312K, reserved 1048576K
}
Event: 21.583 GC heap after
{Heap after GC invocations=24 (full 0):
 garbage-first heap   total 563200K, used 148194K [0x0000000701400000, 0x0000000800000000)
  region size 2048K, 18 young (36864K), 18 survivors (36864K)
 Metaspace       used 41651K, committed 41984K, reserved 1089536K
  class space    used 5147K, committed 5312K, reserved 1048576K
}
Event: 22.692 GC heap before
{Heap before GC invocations=24 (full 0):
 garbage-first heap   total 563200K, used 447202K [0x0000000701400000, 0x0000000800000000)
  region size 2048K, 165 young (337920K), 18 survivors (36864K)
 Metaspace       used 43559K, committed 43968K, reserved 1089536K
  class space    used 5397K, committed 5568K, reserved 1048576K
}

Deoptimization events (12 events):
Event: 10.116 Thread 0x000001f2e68509f0 DEOPT PACKING pc=0x000001f2e9a51a79 sp=0x000000c417dfd3f0
Event: 10.116 Thread 0x000001f2e68509f0 DEOPT UNPACKING pc=0x000001f2e9532b43 sp=0x000000c417dfc8d0 mode 3
Event: 14.118 Thread 0x000001f2e68509f0 DEOPT PACKING pc=0x000001f2e9bcf1f9 sp=0x000000c417dfc7a0
Event: 14.118 Thread 0x000001f2e68509f0 DEOPT UNPACKING pc=0x000001f2e9532b43 sp=0x000000c417dfbc80 mode 3
Event: 15.756 Thread 0x000001f2fb0ca770 DEOPT PACKING pc=0x000001f2e9c88d6d sp=0x000000c419efdff0
Event: 15.756 Thread 0x000001f2fb0ca770 DEOPT UNPACKING pc=0x000001f2e9532b43 sp=0x000000c419efd518 mode 3
Event: 16.355 Thread 0x000001f2fb0df970 DEOPT PACKING pc=0x000001f2e9ca3a93 sp=0x000000c419ffe790
Event: 16.355 Thread 0x000001f2fb0df970 DEOPT UNPACKING pc=0x000001f2e9532b43 sp=0x000000c419ffdcd8 mode 3
Event: 16.639 Thread 0x000001f2fb06ff00 DEOPT PACKING pc=0x000001f2e9a4ff09 sp=0x000000c419dfdda0
Event: 16.639 Thread 0x000001f2fb06ff00 DEOPT UNPACKING pc=0x000001f2e9532b43 sp=0x000000c419dfd230 mode 3
Event: 17.215 Thread 0x000001f2fb358290 DEOPT PACKING pc=0x000001f2e9a4ac1f sp=0x000000c41b3ff060
Event: 17.215 Thread 0x000001f2fb358290 DEOPT UNPACKING pc=0x000001f2e9532b43 sp=0x000000c41b3fe4b8 mode 3

Classes unloaded (0 events):
No events

Classes redefined (0 events):
No events

Internal exceptions (20 events):
Event: 16.584 Thread 0x000001f2fb122770 Exception <a 'sun/nio/fs/WindowsException'{0x0000000703ca7d00}> (0x0000000703ca7d00) 
thrown [s\src\hotspot\share\prims\jni.cpp, line 516]
Event: 16.584 Thread 0x000001f2fb122770 Exception <a 'sun/nio/fs/WindowsException'{0x0000000703ca86f8}> (0x0000000703ca86f8) 
thrown [s\src\hotspot\share\prims\jni.cpp, line 516]
Event: 16.585 Thread 0x000001f2fb122770 Exception <a 'sun/nio/fs/WindowsException'{0x0000000703ca8aa8}> (0x0000000703ca8aa8) 
thrown [s\src\hotspot\share\prims\jni.cpp, line 516]
Event: 16.585 Thread 0x000001f2fb122770 Exception <a 'sun/nio/fs/WindowsException'{0x0000000703ca9490}> (0x0000000703ca9490) 
thrown [s\src\hotspot\share\prims\jni.cpp, line 516]
Event: 16.585 Thread 0x000001f2fb122770 Exception <a 'sun/nio/fs/WindowsException'{0x0000000703ca9820}> (0x0000000703ca9820) 
thrown [s\src\hotspot\share\prims\jni.cpp, line 516]
Event: 16.586 Thread 0x000001f2fb122770 Exception <a 'sun/nio/fs/WindowsException'{0x0000000703caa218}> (0x0000000703caa218) 
thrown [s\src\hotspot\share\prims\jni.cpp, line 516]
Event: 16.586 Thread 0x000001f2fb122770 Exception <a 'sun/nio/fs/WindowsException'{0x0000000703caa5c8}> (0x0000000703caa5c8) 
thrown [s\src\hotspot\share\prims\jni.cpp, line 516]
Event: 16.586 Thread 0x000001f2fb122770 Exception <a 'sun/nio/fs/WindowsException'{0x0000000703caafd8}> (0x0000000703caafd8) 
thrown [s\src\hotspot\share\prims\jni.cpp, line 516]
Event: 16.586 Thread 0x000001f2fb122770 Exception <a 'sun/nio/fs/WindowsException'{0x0000000703cab398}> (0x0000000703cab398) 
thrown [s\src\hotspot\share\prims\jni.cpp, line 516]
Event: 16.587 Thread 0x000001f2fb122770 Exception <a 'sun/nio/fs/WindowsException'{0x0000000703cabdc0}> (0x0000000703cabdc0) 
thrown [s\src\hotspot\share\prims\jni.cpp, line 516]
Event: 16.587 Thread 0x000001f2fb122770 Exception <a 'sun/nio/fs/WindowsException'{0x0000000703cac1a0}> (0x0000000703cac1a0) 
thrown [s\src\hotspot\share\prims\jni.cpp, line 516]
Event: 16.587 Thread 0x000001f2fb122770 Exception <a 'sun/nio/fs/WindowsException'{0x0000000703a24638}> (0x0000000703a24638) 
thrown [s\src\hotspot\share\prims\jni.cpp, line 516]
Event: 16.588 Thread 0x000001f2fb122770 Exception <a 'sun/nio/fs/WindowsException'{0x0000000703a24a18}> (0x0000000703a24a18) 
thrown [s\src\hotspot\share\prims\jni.cpp, line 516]
Event: 18.652 Thread 0x000001f2fb0ca770 Exception <a 'java/lang/NoSuchMethodError'{0x0000000706bc5078}: 'java.lang.Object java.lang.invoke.Invokers$Holder.invoke_MT(java.lang.Object, java.lang.Object, java.lang.Object)'> (0x0000000706bc5078) 
thrown [s\src\hotspot\share\interpreter\linkResolver.cpp, line 759]
Event: 19.146 Thread 0x000001f2fb0ca770 Exception <a 'java/lang/NoSuchMethodError'{0x00000007070241a8}: 'java.lang.Object java.lang.invoke.DirectMethodHandle$Holder.newInvokeSpecial(java.lang.Object, java.lang.Object, int)'> (0x00000007070241a8) 
thrown [s\src\hotspot\share\interpreter\linkResolver.cpp, line 759]
Event: 19.185 Thread 0x000001f2fb356f50 Exception <a 'java/lang/NoSuchMethodError'{0x0000000706eaa360}: 'java.lang.Object java.lang.invoke.Invokers$Holder.linkToTargetMethod(java.lang.Object, long, java.lang.Object)'> (0x0000000706eaa360) 
thrown [s\src\hotspot\share\interpreter\linkResolver.cpp, line 759]
Event: 21.297 Thread 0x000001f2fb121dd0 Exception <a 'sun/nio/fs/WindowsException'{0x00000007149dc0b0}> (0x00000007149dc0b0) 
thrown [s\src\hotspot\share\prims\jni.cpp, line 516]
Event: 21.297 Thread 0x000001f2fb121dd0 Exception <a 'sun/nio/fs/WindowsException'{0x00000007149dc470}> (0x00000007149dc470) 
thrown [s\src\hotspot\share\prims\jni.cpp, line 516]
Event: 22.225 Thread 0x000001f2fb356f50 Exception <a 'java/lang/IncompatibleClassChangeError'{0x000000071940b230}: Found class java.lang.Object, but interface was expected> (0x000000071940b230) 
thrown [s\src\hotspot\share\interpreter\linkResolver.cpp, line 826]
Event: 22.469 Thread 0x000001f2fb356f50 Exception <a 'java/lang/NoSuchMethodError'{0x0000000714c7a028}: 'int java.lang.invoke.DirectMethodHandle$Holder.invokeSpecialIFC(java.lang.Object, java.lang.Object, java.lang.Object)'> (0x0000000714c7a028) 
thrown [s\src\hotspot\share\interpreter\linkResolver.cpp, line 759]

VM Operations (20 events):
Event: 20.258 Executing VM operation: G1CollectForAllocation done
Event: 20.258 Executing VM operation: G1CollectForAllocation
Event: 20.282 Executing VM operation: G1CollectForAllocation done
Event: 20.708 Executing VM operation: G1CollectForAllocation
Event: 20.709 Executing VM operation: G1CollectForAllocation done
Event: 20.709 Executing VM operation: G1CollectForAllocation
Event: 20.732 Executing VM operation: G1CollectForAllocation done
Event: 20.988 Executing VM operation: G1CollectForAllocation
Event: 20.993 Executing VM operation: G1CollectForAllocation done
Event: 20.993 Executing VM operation: G1CollectForAllocation
Event: 21.025 Executing VM operation: G1CollectForAllocation done
Event: 21.551 Executing VM operation: G1CollectForAllocation
Event: 21.552 Executing VM operation: G1CollectForAllocation done
Event: 21.553 Executing VM operation: G1CollectForAllocation
Event: 21.583 Executing VM operation: G1CollectForAllocation done
Event: 22.584 Executing VM operation: Cleanup
Event: 22.586 Executing VM operation: Cleanup done
Event: 22.600 Executing VM operation: HandshakeAllThreads
Event: 22.600 Executing VM operation: HandshakeAllThreads done
Event: 22.692 Executing VM operation: G1CollectForAllocation

Events (20 events):
Event: 22.047 loading class sun/nio/cs/ThreadLocalCoders$2
Event: 22.047 loading class sun/nio/cs/ThreadLocalCoders$2 done
Event: 22.059 loading class java/lang/NegativeArraySizeException
Event: 22.059 loading class java/lang/NegativeArraySizeException done
Event: 22.456 loading class java/util/stream/ReduceOps$4
Event: 22.456 loading class java/util/stream/ReduceOps$4 done
Event: 22.456 loading class java/util/stream/ReduceOps$4ReducingSink
Event: 22.456 loading class java/util/stream/ReduceOps$4ReducingSink done
Event: 22.466 loading class java/nio/file/Files$2
Event: 22.466 loading class java/nio/file/Files$2 done
Event: 22.595 loading class java/util/stream/ReferencePipeline$4
Event: 22.595 loading class java/util/stream/ReferencePipeline$4 done
Event: 22.596 loading class java/util/stream/Nodes$IntFixedNodeBuilder
Event: 22.596 loading class java/util/stream/Node$Builder$OfInt
Event: 22.596 loading class java/util/stream/Node$Builder$OfInt done
Event: 22.596 loading class java/util/stream/Nodes$IntArrayNode
Event: 22.597 loading class java/util/stream/Nodes$IntArrayNode done
Event: 22.597 loading class java/util/stream/Nodes$IntFixedNodeBuilder done
Event: 22.597 loading class java/util/stream/ReferencePipeline$4$1
Event: 22.597 loading class java/util/stream/ReferencePipeline$4$1 done


Dynamic libraries:
0x00007ff7c8dc0000 - 0x00007ff7c8dce000 	c:\Users\hp\.vscode\extensions\redhat.java-1.12.0-win32-x64\jre\17.0.4.1-win32-x86_64\bin\java.exe
0x00007ff980580000 - 0x00007ff980789000 	C:\WINDOWS\SYSTEM32\ntdll.dll
0x00007ff97f250000 - 0x00007ff97f30d000 	C:\WINDOWS\System32\KERNEL32.DLL
0x00007ff97dff0000 - 0x00007ff97e36d000 	C:\WINDOWS\System32\KERNELBASE.dll
0x00007ff97da60000 - 0x00007ff97db71000 	C:\WINDOWS\System32\ucrtbase.dll
0x00007ff967cf0000 - 0x00007ff967d08000 	c:\Users\hp\.vscode\extensions\redhat.java-1.12.0-win32-x64\jre\17.0.4.1-win32-x86_64\bin\jli.dll
0x00007ff97e730000 - 0x00007ff97e8dd000 	C:\WINDOWS\System32\USER32.dll
0x00007ff97e370000 - 0x00007ff97e396000 	C:\WINDOWS\System32\win32u.dll
0x00007ff980430000 - 0x00007ff980459000 	C:\WINDOWS\System32\GDI32.dll
0x00007ff93f6c0000 - 0x00007ff93f6d9000 	c:\Users\hp\.vscode\extensions\redhat.java-1.12.0-win32-x64\jre\17.0.4.1-win32-x86_64\bin\VCRUNTIME140.dll
0x00007ff94bcb0000 - 0x00007ff94bf55000 	C:\WINDOWS\WinSxS\amd64_microsoft.windows.common-controls_6595b64144ccf1df_6.0.22000.120_none_9d947278b86cc467\COMCTL32.dll
0x00007ff97ed00000 - 0x00007ff97eda3000 	C:\WINDOWS\System32\msvcrt.dll
0x00007ff97dc40000 - 0x00007ff97dd58000 	C:\WINDOWS\System32\gdi32full.dll
0x00007ff97ded0000 - 0x00007ff97df6d000 	C:\WINDOWS\System32\msvcp_win.dll
0x00007ff97ff70000 - 0x00007ff97ffa1000 	C:\WINDOWS\System32\IMM32.DLL
0x00007ff978290000 - 0x00007ff97829c000 	c:\Users\hp\.vscode\extensions\redhat.java-1.12.0-win32-x64\jre\17.0.4.1-win32-x86_64\bin\vcruntime140_1.dll
0x00007ff921a80000 - 0x00007ff921b11000 	c:\Users\hp\.vscode\extensions\redhat.java-1.12.0-win32-x64\jre\17.0.4.1-win32-x86_64\bin\msvcp140.dll
0x00007ff901920000 - 0x00007ff902566000 	c:\Users\hp\.vscode\extensions\redhat.java-1.12.0-win32-x64\jre\17.0.4.1-win32-x86_64\bin\server\jvm.dll
0x00007ff97fec0000 - 0x00007ff97ff6e000 	C:\WINDOWS\System32\ADVAPI32.dll
0x00007ff97e970000 - 0x00007ff97ea0e000 	C:\WINDOWS\System32\sechost.dll
0x00007ff97f130000 - 0x00007ff97f250000 	C:\WINDOWS\System32\RPCRT4.dll
0x00007ff97e4c0000 - 0x00007ff97e4c8000 	C:\WINDOWS\System32\PSAPI.DLL
0x00007ff963130000 - 0x00007ff963139000 	C:\WINDOWS\SYSTEM32\WSOCK32.dll
0x00007ff977940000 - 0x00007ff977973000 	C:\WINDOWS\SYSTEM32\WINMM.dll
0x00007ff97fad0000 - 0x00007ff97fb3f000 	C:\WINDOWS\System32\WS2_32.dll
0x00007ff973e10000 - 0x00007ff973e1a000 	C:\WINDOWS\SYSTEM32\VERSION.dll
0x00007ff97cc10000 - 0x00007ff97cc28000 	C:\WINDOWS\SYSTEM32\kernel.appcore.dll
0x00007ff977bd0000 - 0x00007ff977bda000 	c:\Users\hp\.vscode\extensions\redhat.java-1.12.0-win32-x64\jre\17.0.4.1-win32-x86_64\bin\jimage.dll
0x00007ff97b5b0000 - 0x00007ff97b7d1000 	C:\WINDOWS\SYSTEM32\DBGHELP.DLL
0x00007ff959a00000 - 0x00007ff959a31000 	C:\WINDOWS\SYSTEM32\dbgcore.DLL
0x00007ff97df70000 - 0x00007ff97dfef000 	C:\WINDOWS\System32\bcryptPrimitives.dll
0x00007ff9687a0000 - 0x00007ff9687c5000 	c:\Users\hp\.vscode\extensions\redhat.java-1.12.0-win32-x64\jre\17.0.4.1-win32-x86_64\bin\java.dll
0x00007ff9680b0000 - 0x00007ff9680c8000 	c:\Users\hp\.vscode\extensions\redhat.java-1.12.0-win32-x64\jre\17.0.4.1-win32-x86_64\bin\zip.dll
0x00007ff97f310000 - 0x00007ff97fac8000 	C:\WINDOWS\System32\SHELL32.dll
0x00007ff97bba0000 - 0x00007ff97c408000 	C:\WINDOWS\SYSTEM32\windows.storage.dll
0x00007ff97fb40000 - 0x00007ff97feb9000 	C:\WINDOWS\System32\combase.dll
0x00007ff97ba30000 - 0x00007ff97bb96000 	C:\WINDOWS\SYSTEM32\wintypes.dll
0x00007ff97ec10000 - 0x00007ff97ecfa000 	C:\WINDOWS\System32\SHCORE.dll
0x00007ff97f0d0000 - 0x00007ff97f12d000 	C:\WINDOWS\System32\shlwapi.dll
0x00007ff97d990000 - 0x00007ff97d9b1000 	C:\WINDOWS\SYSTEM32\profapi.dll
0x00007ff967dd0000 - 0x00007ff967de9000 	C:\Users\hp\.vscode\extensions\redhat.java-1.12.0-win32-x64\jre\17.0.4.1-win32-x86_64\bin\net.dll
0x00007ff9777b0000 - 0x00007ff9778bc000 	C:\WINDOWS\SYSTEM32\WINHTTP.dll
0x00007ff97d030000 - 0x00007ff97d097000 	C:\WINDOWS\system32\mswsock.dll
0x00007ff940c40000 - 0x00007ff940c55000 	C:\Users\hp\.vscode\extensions\redhat.java-1.12.0-win32-x64\jre\17.0.4.1-win32-x86_64\bin\nio.dll
0x00007ff973310000 - 0x00007ff973320000 	c:\Users\hp\.vscode\extensions\redhat.java-1.12.0-win32-x64\jre\17.0.4.1-win32-x86_64\bin\verify.dll
0x00007ff9787e0000 - 0x00007ff9787e9000 	C:\Users\hp\.vscode\extensions\redhat.java-1.12.0-win32-x64\jre\17.0.4.1-win32-x86_64\bin\management.dll
0x00007ff977c00000 - 0x00007ff977c0b000 	C:\Users\hp\.vscode\extensions\redhat.java-1.12.0-win32-x64\jre\17.0.4.1-win32-x86_64\bin\management_ext.dll
0x00007ff95c120000 - 0x00007ff95c137000 	C:\WINDOWS\system32\napinsp.dll
0x00007ff95c140000 - 0x00007ff95c15b000 	C:\WINDOWS\system32\pnrpnsp.dll
0x00007ff97c7b0000 - 0x00007ff97c898000 	C:\WINDOWS\SYSTEM32\DNSAPI.dll
0x00007ff97c740000 - 0x00007ff97c76d000 	C:\WINDOWS\SYSTEM32\IPHLPAPI.DLL
0x00007ff97ef60000 - 0x00007ff97ef69000 	C:\WINDOWS\System32\NSI.dll
0x00007ff959a40000 - 0x00007ff959a52000 	C:\WINDOWS\System32\winrnr.dll
0x00007ff976480000 - 0x00007ff976495000 	C:\WINDOWS\system32\wshbth.dll
0x00007ff9599e0000 - 0x00007ff9599ff000 	C:\WINDOWS\system32\nlansp_c.dll
0x00000000575f0000 - 0x0000000057625000 	C:\Program Files\Bonjour\mdnsNSP.dll
0x00007ff9738f0000 - 0x00007ff9738fa000 	C:\Windows\System32\rasadhlp.dll
0x00007ff975e20000 - 0x00007ff975ea1000 	C:\WINDOWS\System32\fwpuclnt.dll
0x00007ff97d300000 - 0x00007ff97d318000 	C:\WINDOWS\SYSTEM32\CRYPTSP.dll
0x00007ff97cb70000 - 0x00007ff97cba5000 	C:\WINDOWS\system32\rsaenh.dll
0x00007ff97d0d0000 - 0x00007ff97d0f9000 	C:\WINDOWS\SYSTEM32\USERENV.dll
0x00007ff97d440000 - 0x00007ff97d467000 	C:\WINDOWS\SYSTEM32\bcrypt.dll
0x00007ff97d220000 - 0x00007ff97d22c000 	C:\WINDOWS\SYSTEM32\CRYPTBASE.dll
0x00007ff977190000 - 0x00007ff9771a9000 	C:\WINDOWS\SYSTEM32\dhcpcsvc6.DLL
0x00007ff977d10000 - 0x00007ff977d2e000 	C:\WINDOWS\SYSTEM32\dhcpcsvc.DLL

dbghelp: loaded successfully - version: 4.0.5 - missing functions: none
symbol engine: initialized successfully - sym options: 0x614 - pdb path: .;c:\Users\hp\.vscode\extensions\redhat.java-1.12.0-win32-x64\jre\17.0.4.1-win32-x86_64\bin;C:\WINDOWS\SYSTEM32;C:\WINDOWS\WinSxS\amd64_microsoft.windows.common-controls_6595b64144ccf1df_6.0.22000.120_none_9d947278b86cc467;c:\Users\hp\.vscode\extensions\redhat.java-1.12.0-win32-x64\jre\17.0.4.1-win32-x86_64\bin\server;C:\Program Files\Bonjour

VM Arguments:
jvm_args: -Dsts.lsp.client=vscode -Dsts.log.file=/dev/null -XX:TieredStopAtLevel=1 -Xlog:jni+resolve=off -Dspring.config.location=file:c:\Users\hp\.vscode\extensions\pivotal.vscode-spring-boot-1.40.0\language-server\BOOT-INF\classes\application.properties 
java_command: org.springframework.ide.vscode.boot.app.BootLanguageServerBootApp
java_class_path (initial): c:\Users\hp\.vscode\extensions\pivotal.vscode-spring-boot-1.40.0\language-server\BOOT-INF\classes;c:\Users\hp\.vscode\extensions\pivotal.vscode-spring-boot-1.40.0\language-server\BOOT-INF\lib\annotations-23.0.0.jar;c:\Users\hp\.vscode\extensions\pivotal.vscode-spring-boot-1.40.0\language-server\BOOT-INF\lib\ant-1.10.12.jar;c:\Users\hp\.vscode\extensions\pivotal.vscode-spring-boot-1.40.0\language-server\BOOT-INF\lib\ant-launcher-1.10.12.jar;c:\Users\hp\.vscode\extensions\pivotal.vscode-spring-boot-1.40.0\language-server\BOOT-INF\lib\antlr-runtime-3.5.2.jar;c:\Users\hp\.vscode\extensions\pivotal.vscode-spring-boot-1.40.0\language-server\BOOT-INF\lib\antlr4-4.9.3.jar;c:\Users\hp\.vscode\extensions\pivotal.vscode-spring-boot-1.40.0\language-server\BOOT-INF\lib\antlr4-runtime-4.9.3.jar;c:\Users\hp\.vscode\extensions\pivotal.vscode-spring-boot-1.40.0\language-server\BOOT-INF\lib\asm-9.3.jar;c:\Users\hp\.vscode\extensions\pivotal.vscode-spring-boot-1.40.0\language-server\BOOT-INF\lib\asm-analysis-9.3.jar;c:\Users\hp\.vscode\extensions\pivotal.vscode-spring-boot-1.40.0\language-server\BOOT-INF\lib\asm-tree-9.3.jar;c:\Users\hp\.vscode\extensions\pivotal.vscode-spring-boot-1.40.0\language-server\BOOT-INF\lib\asm-util-9.3.jar;c:\Users\hp\.vscode\extensions\pivotal.vscode-spring-boot-1.40.0\language-server\BOOT-INF\lib\byte-buddy-1.12.13.jar;c:\Users\hp\.vscode\extensions\pivotal.vscode-spring-boot-1.40.0\language-server\BOOT-INF\lib\caffeine-2.9.3.jar;c:\Users\hp\.vscode\extensions\pivotal.vscode-spring-boot-1.40.0\language-server\BOOT-INF\lib\checker-qual-3.12.0.jar;c:\Users\hp\.vscode\extensions\pivotal.vscode-spring-boot-1.40.0\language-server\BOOT-INF\lib\classgraph-4.8.149.jar;c:\Users\hp\.vscode\extensions\pivotal.vscode-spring-boot-1.40.0\language-server\BOOT-INF\lib\commons-codec-1.15.jar;c:\Users\hp\.vscode\extensions\pivotal.vscode-spring-boot-1.40.0\language-server\BOOT-INF\lib\commons-compress-1.21.jar;c:\Users\hp\.vscode\extensions\piv
Launcher Type: SUN_STANDARD

[Global flags]
     intx CICompilerCount                          = 4                                         {product} {ergonomic}
     uint ConcGCThreads                            = 2                                         {product} {ergonomic}
     uint G1ConcRefinementThreads                  = 8                                         {product} {ergonomic}
   size_t G1HeapRegionSize                         = 2097152                                   {product} {ergonomic}
    uintx GCDrainStackTargetSize                   = 64                                        {product} {ergonomic}
   size_t InitialHeapSize                          = 268435456                                 {product} {ergonomic}
   size_t MarkStackSize                            = 4194304                                   {product} {ergonomic}
   size_t MaxHeapSize                              = 4273995776                                {product} {ergonomic}
   size_t MaxNewSize                               = 2562719744                                {product} {ergonomic}
   size_t MinHeapDeltaBytes                        = 2097152                                   {product} {ergonomic}
   size_t MinHeapSize                              = 8388608                                   {product} {ergonomic}
    uintx NonProfiledCodeHeapSize                  = 0                                      {pd product} {ergonomic}
     bool ProfileInterpreter                       = false                                  {pd product} {command line}
    uintx ProfiledCodeHeapSize                     = 0                                      {pd product} {ergonomic}
   size_t SoftMaxHeapSize                          = 4273995776                             {manageable} {ergonomic}
     intx TieredStopAtLevel                        = 1                                         {product} {command line}
     bool UseCompressedClassPointers               = true                           {product lp64_product} {ergonomic}
     bool UseCompressedOops                        = true                           {product lp64_product} {ergonomic}
     bool UseG1GC                                  = true                                      {product} {ergonomic}
     bool UseLargePagesIndividualAllocation        = false                                  {pd product} {ergonomic}

Logging:
Log output configuration:
 #0: stdout all=warning,jni+resolve=off uptime,level,tags
 #1: stderr all=off uptime,level,tags

Environment Variables:
PATH=C:\Program Files\Oculus\Support\oculus-runtime;C:\Program Files (x86)\VMware\VMware Workstation\bin\;C:\Program Files\Common Files\Oracle\Java\javapath;C:\Program Files (x86)\Common Files\Oracle\Java\javapath;C:\app\WINDOWS.X64_193000_db_home\bin;C:\Program Files (x86)\Common Files\Intel\Shared Libraries\redist\intel64\compiler;C:\Users\hp\AppData\Local\Programs\Python\Python39\Scripts\;C:\Users\hp\AppData\Local\Programs\Python\Python39\;C:\ProgramData\Oracle\Java\javapath;C:\Windows\system32;C:\Windows;C:\Windows\System32\Wbem;C:\Windows\System32\WindowsPowerShell\v1.0\;C:\Windows\System32\OpenSSH\;C:\Program Files (x86)\NVIDIA Corporation\PhysX\Common;C:\Program Files\NVIDIA Corporation\NVIDIA NvDLISR;C:\Program Files\Microsoft SQL Server\130\Tools\Binn\;C:\Program Files\Microsoft SQL Server\Client SDK\ODBC\170\Tools\Binn\;C:\Program Files\Azure Data Studio\bin;C:\Program Files (x86)\Microsoft SQL Server\150\Tools\Binn\;C:\Program Files\Microsoft SQL Server\150\Tools\Binn\;C:\Program Files\Microsoft SQL Server\150\DTS\Binn\;C:\Program Files (x86)\Microsoft SQL Server\150\DTS\Binn\;C:\Program Files\Java\jdk1.8.0_111\bin;C:\ProgramData\chocolatey\bin;C:\xampp\php;C:\ProgramData\ComposerSetup\bin;C:\Program Files\Git\cmd;C:\Program Files\Git\mingw64\bin;C:\Program Files\Git\usr\bin;C:\Program Files\dotnet\;C:\WINDOWS\system32;C:\WINDOWS;C:\WINDOWS\System32\Wbem;C:\WINDOWS\System32\WindowsPowerShell\v1.0\;C:\WINDOWS\System32\OpenSSH\;C:\Program Files\PuTTY\;C:\HashiCorp\Vagrant\bin;C:\Program Files\Docker\Docker\resources\bin;C:\ProgramData\DockerDesktop\version-bin;C:\minikube;C:\Program Files\nodejs\;C:\Users\hp\AppData\Roaming\npm;C:\Users\hp\AppData\Roaming\npm\node_modules\@angular\cli\bin;C:\WINDOWS\system32;C:\WINDOWS;C:\WINDOWS\System32\Wbem;C:\WINDOWS\System32\WindowsPowerShell\v1.0;C:\Users\hp\AppData\Local\Programs\Microsoft VS Code\bin
USERNAME=ANDY_HP
OS=Windows_NT
PROCESSOR_IDENTIFIER=Intel64 Family 6 Model 142 Stepping 10, GenuineIntel
TMP=C:\Users\hp\AppData\Local\Temp
TEMP=C:\Users\hp\AppData\Local\Temp



---------------  S Y S T E M  ---------------

OS:
 Windows 11 , 64 bit Build 22000 (10.0.22000.708)
OS uptime: 3 days 0:52 hours
Hyper-V role detected

CPU: total 8 (initial active 8) (4 cores per cpu, 2 threads per core) family 6 model 142 stepping 10 microcode 0xe0, cx8, cmov, fxsr, ht, mmx, 3dnowpref, sse, sse2, sse3, ssse3, sse4.1, sse4.2, popcnt, lzcnt, tsc, tscinvbit, avx, avx2, aes, erms, clmul, bmi1, bmi2, adx, fma, vzeroupper, clflush, clflushopt, hv

Memory: 4k page, system-wide physical 16299M (4791M free)
TotalPageFile size 18347M (AvailPageFile size 189M)
current process WorkingSet (physical memory assigned to process): 707M, peak: 707M
current process commit charge ("private bytes"): 719M, peak: 1253M

vm_info: OpenJDK 64-Bit Server VM (17.0.4.1+1) for windows-amd64 JRE (17.0.4.1+1), built on Aug 17 2022 07:42:43 by "temurin" with MS VC++ 16.7 (VS2019)

END.
