#
# There is insufficient memory for the Java Runtime Environment to continue.
# Native memory allocation (mmap) failed to map 440401920 bytes for G1 virtual space
# Possible reasons:
#   The system is out of physical RAM or swap space
#   The process is running with CompressedOops enabled, and the Java Heap may be blocking the growth of the native heap
# Possible solutions:
#   Reduce memory load on the system
#   Increase physical memory or swap space
#   Check if swap backing store is full
#   Decrease Java heap size (-Xmx/-Xms)
#   Decrease number of Java threads
#   Decrease Java thread stack sizes (-Xss)
#   Set larger code cache with -XX:ReservedCodeCacheSize=
#   JVM is running with Zero Based Compressed Oops mode in which the Java heap is
#     placed in the first 32GB address space. The Java Heap base address is the
#     maximum limit for the native heap growth. Please use -XX:HeapBaseMinAddress
#     to set the Java Heap base and to place the Java Heap above 32GB virtual address.
# This output file may be truncated or incomplete.
#
#  Out of Memory Error (os_windows.cpp:3541), pid=20268, tid=23588
#
# JRE version: OpenJDK Runtime Environment Temurin-17.0.4.1+1 (17.0.4.1+1) (build 17.0.4.1+1)
# Java VM: OpenJDK 64-Bit Server VM Temurin-17.0.4.1+1 (17.0.4.1+1, mixed mode, emulated-client, tiered, compressed oops, compressed class ptrs, g1 gc, windows-amd64)
# No core dump will be written. Minidumps are not enabled by default on client versions of Windows
#

---------------  S U M M A R Y ------------

Command Line: -Dsts.lsp.client=vscode -Dsts.log.file=/dev/null -XX:TieredStopAtLevel=1 -Xlog:jni+resolve=off -Dspring.config.location=file:c:\Users\hp\.vscode\extensions\pivotal.vscode-spring-boot-1.40.0\language-server\BOOT-INF\classes\application.properties org.springframework.ide.vscode.boot.app.BootLanguageServerBootApp

Host: Intel(R) Core(TM) i7-8550U CPU @ 1.80GHz, 8 cores, 15G,  Windows 11 , 64 bit Build 22000 (10.0.22000.708)
Time: Mon Nov 21 01:48:45 2022 Hora estándar oeste, Sudamérica elapsed time: 11.647221 seconds (0d 0h 0m 11s)

---------------  T H R E A D  ---------------

Current thread (0x00000264ec45f6a0):  VMThread "VM Thread" [stack: 0x000000f089d00000,0x000000f089e00000] [id=23588]

Stack: [0x000000f089d00000,0x000000f089e00000]
Native frames: (J=compiled Java code, j=interpreted, Vv=VM code, C=native code)
V  [jvm.dll+0x67731a]
V  [jvm.dll+0x832284]
V  [jvm.dll+0x833a2e]
V  [jvm.dll+0x834093]
V  [jvm.dll+0x245775]
V  [jvm.dll+0x674209]
V  [jvm.dll+0x668a92]
V  [jvm.dll+0x30471b]
V  [jvm.dll+0x30bc66]
V  [jvm.dll+0x35ba9e]
V  [jvm.dll+0x35bccf]
V  [jvm.dll+0x2db5b8]
V  [jvm.dll+0x2d986c]
V  [jvm.dll+0x2d8e3c]
V  [jvm.dll+0x31cd9b]
V  [jvm.dll+0x83853b]
V  [jvm.dll+0x839274]
V  [jvm.dll+0x83978c]
V  [jvm.dll+0x839b64]
V  [jvm.dll+0x839c30]
V  [jvm.dll+0x7e240a]
V  [jvm.dll+0x6761a5]
C  [ucrtbase.dll+0x26c0c]
C  [KERNEL32.DLL+0x154e0]
C  [ntdll.dll+0x485b]

VM_Operation (0x000000f08c5fe480): G1CollectForAllocation, mode: safepoint, requested by thread 0x00000264ee6f07f0


---------------  P R O C E S S  ---------------

Threads class SMR info:
_java_thread_list=0x00000264f08352d0, length=40, elements={
0x00000264ec476380, 0x00000264ec476c40, 0x00000264ec4b5130, 0x00000264ec4b59f0,
0x00000264ec4b62b0, 0x00000264ec4b6b70, 0x00000264ec4ba930, 0x00000264ec4c5250,
0x00000264ec6df050, 0x00000264ec6e3be0, 0x00000264ee34ce90, 0x00000264ee587850,
0x00000264ee588530, 0x00000264d7b20910, 0x00000264ee506c80, 0x00000264ee1de4f0,
0x00000264ece27cc0, 0x00000264ece276f0, 0x00000264ee1201e0, 0x00000264ee5eb7e0,
0x00000264ee5ebcb0, 0x00000264ee5eb310, 0x00000264ee5ea4a0, 0x00000264ee5ea970,
0x00000264ee5eae40, 0x00000264ee6eefe0, 0x00000264ee6edca0, 0x00000264ee6f1660,
0x00000264ee6f07f0, 0x00000264ee6f24d0, 0x00000264ee6ec490, 0x00000264ee6efe50,
0x00000264ee6ebfc0, 0x00000264ee6ee170, 0x00000264ee6f1b30, 0x00000264ee6ee640,
0x00000264ee6f0320, 0x00000264ee6f2000, 0x00000264f077e0e0, 0x00000264f077e5f0
}

Java Threads: ( => current thread )
  0x00000264ec476380 JavaThread "Reference Handler" daemon [_thread_blocked, id=11096, stack(0x000000f089e00000,0x000000f089f00000)]
  0x00000264ec476c40 JavaThread "Finalizer" daemon [_thread_blocked, id=4612, stack(0x000000f089f00000,0x000000f08a000000)]
  0x00000264ec4b5130 JavaThread "Signal Dispatcher" daemon [_thread_blocked, id=19988, stack(0x000000f08a000000,0x000000f08a100000)]
  0x00000264ec4b59f0 JavaThread "Attach Listener" daemon [_thread_blocked, id=22468, stack(0x000000f08a100000,0x000000f08a200000)]
  0x00000264ec4b62b0 JavaThread "Service Thread" daemon [_thread_blocked, id=21008, stack(0x000000f08a200000,0x000000f08a300000)]
  0x00000264ec4b6b70 JavaThread "Monitor Deflation Thread" daemon [_thread_blocked, id=13600, stack(0x000000f08a300000,0x000000f08a400000)]
  0x00000264ec4ba930 JavaThread "C1 CompilerThread0" daemon [_thread_blocked, id=12984, stack(0x000000f08a400000,0x000000f08a500000)]
  0x00000264ec4c5250 JavaThread "Sweeper thread" daemon [_thread_blocked, id=22888, stack(0x000000f08a500000,0x000000f08a600000)]
  0x00000264ec6df050 JavaThread "Notification Thread" daemon [_thread_blocked, id=4012, stack(0x000000f08a800000,0x000000f08a900000)]
  0x00000264ec6e3be0 JavaThread "Common-Cleaner" daemon [_thread_blocked, id=2464, stack(0x000000f08aa00000,0x000000f08ab00000)]
  0x00000264ee34ce90 JavaThread "boundedElastic-evictor-1" daemon [_thread_blocked, id=24560, stack(0x000000f08b300000,0x000000f08b400000)]
  0x00000264ee587850 JavaThread "pool-9-thread-1" [_thread_blocked, id=16092, stack(0x000000f08b500000,0x000000f08b600000)]
  0x00000264ee588530 JavaThread "LanguageServerApp-lifecycle" [_thread_blocked, id=11692, stack(0x000000f08b600000,0x000000f08b700000)]
  0x00000264d7b20910 JavaThread "DestroyJavaVM" [_thread_blocked, id=17492, stack(0x000000f089700000,0x000000f089800000)]
  0x00000264ee506c80 JavaThread "pool-10-thread-1" [_thread_in_native, id=3384, stack(0x000000f08b700000,0x000000f08b800000)]
  0x00000264ee1de4f0 JavaThread "Simple-Language-Server main thread" daemon [_thread_blocked, id=13004, stack(0x000000f08b800000,0x000000f08b900000)]
  0x00000264ece27cc0 JavaThread "ForkJoinPool.commonPool-worker-1" daemon [_thread_blocked, id=13304, stack(0x000000f08b900000,0x000000f08ba00000)]
  0x00000264ece276f0 JavaThread "pool-7-thread-1" [_thread_blocked, id=18644, stack(0x000000f08ba00000,0x000000f08bb00000)]
  0x00000264ee1201e0 JavaThread "parallel-1" daemon [_thread_blocked, id=6748, stack(0x000000f08bb00000,0x000000f08bc00000)]
  0x00000264ee5eb7e0 JavaThread "pool-4-thread-1" [_thread_blocked, id=23864, stack(0x000000f08bc00000,0x000000f08bd00000)]
  0x00000264ee5ebcb0 JavaThread "ForkJoinPool.commonPool-worker-2" daemon [_thread_blocked, id=18844, stack(0x000000f08bd00000,0x000000f08be00000)]
  0x00000264ee5eb310 JavaThread "pool-4-thread-2" [_thread_blocked, id=13220, stack(0x000000f08be00000,0x000000f08bf00000)]
  0x00000264ee5ea4a0 JavaThread "Reconciler-1" daemon [_thread_blocked, id=17948, stack(0x000000f08bf00000,0x000000f08c000000)]
  0x00000264ee5ea970 JavaThread "ClassGraph-worker-0" daemon [_thread_blocked, id=10468, stack(0x000000f08c000000,0x000000f08c100000)]
  0x00000264ee5eae40 JavaThread "ClassGraph-worker-1" daemon [_thread_blocked, id=21320, stack(0x000000f08c100000,0x000000f08c200000)]
  0x00000264ee6eefe0 JavaThread "ClassGraph-worker-2" daemon [_thread_blocked, id=20244, stack(0x000000f08c200000,0x000000f08c300000)]
  0x00000264ee6edca0 JavaThread "ClassGraph-worker-3" daemon [_thread_blocked, id=7660, stack(0x000000f08c300000,0x000000f08c400000)]
  0x00000264ee6f1660 JavaThread "ClassGraph-worker-4" daemon [_thread_blocked, id=24464, stack(0x000000f08c400000,0x000000f08c500000)]
  0x00000264ee6f07f0 JavaThread "ClassGraph-worker-5" daemon [_thread_blocked, id=24640, stack(0x000000f08c500000,0x000000f08c600000)]
  0x00000264ee6f24d0 JavaThread "ClassGraph-worker-6" daemon [_thread_blocked, id=24064, stack(0x000000f08c600000,0x000000f08c700000)]
  0x00000264ee6ec490 JavaThread "ClassGraph-worker-7" daemon [_thread_blocked, id=15996, stack(0x000000f08c700000,0x000000f08c800000)]
  0x00000264ee6efe50 JavaThread "ClassGraph-worker-8" daemon [_thread_blocked, id=18580, stack(0x000000f08c800000,0x000000f08c900000)]
  0x00000264ee6ebfc0 JavaThread "ClassGraph-worker-9" daemon [_thread_blocked, id=19632, stack(0x000000f08c900000,0x000000f08ca00000)]
  0x00000264ee6ee170 JavaThread "ClassGraph-worker-10" daemon [_thread_blocked, id=5448, stack(0x000000f08ca00000,0x000000f08cb00000)]
  0x00000264ee6f1b30 JavaThread "ClassGraph-worker-11" daemon [_thread_blocked, id=4596, stack(0x000000f08cb00000,0x000000f08cc00000)]
  0x00000264ee6ee640 JavaThread "ClassGraph-worker-12" daemon [_thread_blocked, id=17324, stack(0x000000f08cc00000,0x000000f08cd00000)]
  0x00000264ee6f0320 JavaThread "ClassGraph-worker-13" daemon [_thread_blocked, id=2504, stack(0x000000f08cd00000,0x000000f08ce00000)]
  0x00000264ee6f2000 JavaThread "parallel-2" daemon [_thread_blocked, id=22268, stack(0x000000f08a600000,0x000000f08a700000)]
  0x00000264f077e0e0 JavaThread "C1 CompilerThread1" daemon [_thread_blocked, id=2576, stack(0x000000f08a700000,0x000000f08a800000)]
  0x00000264f077e5f0 JavaThread "C1 CompilerThread2" daemon [_thread_blocked, id=14052, stack(0x000000f08ab00000,0x000000f08ac00000)]

Other Threads:
=>0x00000264ec45f6a0 VMThread "VM Thread" [stack: 0x000000f089d00000,0x000000f089e00000] [id=23588]
  0x00000264ec6df520 WatcherThread [stack: 0x000000f08a900000,0x000000f08aa00000] [id=18224]
  0x00000264d7b8bb20 GCTaskThread "GC Thread#0" [stack: 0x000000f089800000,0x000000f089900000] [id=24888]
  0x00000264ed085c90 GCTaskThread "GC Thread#1" [stack: 0x000000f08ac00000,0x000000f08ad00000] [id=4440]
  0x00000264ed085f40 GCTaskThread "GC Thread#2" [stack: 0x000000f08ad00000,0x000000f08ae00000] [id=19404]
  0x00000264ed0861f0 GCTaskThread "GC Thread#3" [stack: 0x000000f08ae00000,0x000000f08af00000] [id=22168]
  0x00000264ed071830 GCTaskThread "GC Thread#4" [stack: 0x000000f08af00000,0x000000f08b000000] [id=6068]
  0x00000264ed071ae0 GCTaskThread "GC Thread#5" [stack: 0x000000f08b000000,0x000000f08b100000] [id=14512]
  0x00000264eddfd7f0 GCTaskThread "GC Thread#6" [stack: 0x000000f08b100000,0x000000f08b200000] [id=12968]
  0x00000264eddff2c0 GCTaskThread "GC Thread#7" [stack: 0x000000f08b200000,0x000000f08b300000] [id=11300]
  0x00000264d7b9c990 ConcurrentGCThread "G1 Main Marker" [stack: 0x000000f089900000,0x000000f089a00000] [id=7892]
  0x00000264d7b9ea60 ConcurrentGCThread "G1 Conc#0" [stack: 0x000000f089a00000,0x000000f089b00000] [id=13204]
  0x00000264edf7e0b0 ConcurrentGCThread "G1 Conc#1" [stack: 0x000000f08b400000,0x000000f08b500000] [id=6576]
  0x00000264eb9c8490 ConcurrentGCThread "G1 Refine#0" [stack: 0x000000f089b00000,0x000000f089c00000] [id=18024]
  0x00000264eea478f0 ConcurrentGCThread "G1 Refine#1" [stack: 0x000000f08ce00000,0x000000f08cf00000] [id=9836]
  0x00000264eebcdff0 ConcurrentGCThread "G1 Refine#2" [stack: 0x000000f08cf00000,0x000000f08d000000] [id=9844]
  0x00000264f0708000 ConcurrentGCThread "G1 Refine#3" [stack: 0x000000f08d000000,0x000000f08d100000] [id=16480]
  0x00000264eb9c9b70 ConcurrentGCThread "G1 Service" [stack: 0x000000f089c00000,0x000000f089d00000] [id=7080]

Threads with active compile tasks:
C1 CompilerThread2    11717 4018       1       jdk.internal.jimage.ImageReader$SharedImageReader::visitPackageLocation (195 bytes)

VM state: at safepoint (normal execution)

VM Mutex/Monitor currently owned by a thread:  ([mutex/lock_event])
[0x00000264d7970330] Threads_lock - owner thread: 0x00000264ec45f6a0
[0x00000264d7a3b2d0] Heap_lock - owner thread: 0x00000264ee6f07f0

Heap address: 0x0000000701400000, size: 4076 MB, Compressed Oops mode: Zero based, Oop shift amount: 3

CDS archive(s) not mapped
Compressed class space mapped at: 0x0000000800000000-0x0000000840000000, reserved size: 1073741824
Narrow klass base: 0x0000000800000000, Narrow klass shift: 0, Narrow klass range: 0x40000000

GC Precious Log:
 CPUs: 8 total, 8 available
 Memory: 16299M
 Large Page Support: Disabled
 NUMA Support: Disabled
 Compressed Oops: Enabled (Zero based)
 Heap Region Size: 2M
 Heap Min Capacity: 8M
 Heap Initial Capacity: 256M
 Heap Max Capacity: 4076M
 Pre-touch: Disabled
 Parallel Workers: 8
 Concurrent Workers: 2
 Concurrent Refinement Workers: 8
 Periodic GC: Disabled

Heap:
 garbage-first heap   total 667648K, used 171234K [0x0000000701400000, 0x0000000800000000)
  region size 2048K, 3 young (6144K), 3 survivors (6144K)
 Metaspace       used 38880K, committed 39232K, reserved 1089536K
  class space    used 4904K, committed 5120K, reserved 1048576K

Heap Regions: E=young(eden), S=young(survivor), O=old, HS=humongous(starts), HC=humongous(continues), CS=collection set, F=free, OA=open archive, CA=closed archive, TAMS=top-at-mark-start (previous, next)
|   0|0x0000000701400000, 0x0000000701600000, 0x0000000701600000|100%| O|  |TAMS 0x0000000701600000, 0x0000000701400000| Untracked 
|   1|0x0000000701600000, 0x0000000701800000, 0x0000000701800000|100%| O|  |TAMS 0x0000000701800000, 0x0000000701600000| Untracked 
|   2|0x0000000701800000, 0x0000000701a00000, 0x0000000701a00000|100%| O|  |TAMS 0x0000000701a00000, 0x0000000701800000| Untracked 
|   3|0x0000000701a00000, 0x0000000701c00000, 0x0000000701c00000|100%| O|  |TAMS 0x0000000701c00000, 0x0000000701a00000| Untracked 
|   4|0x0000000701c00000, 0x0000000701e00000, 0x0000000701e00000|100%| O|  |TAMS 0x0000000701e00000, 0x0000000701c00000| Untracked 
|   5|0x0000000701e00000, 0x0000000702000000, 0x0000000702000000|100%| O|  |TAMS 0x0000000702000000, 0x0000000701e00000| Untracked 
|   6|0x0000000702000000, 0x0000000702200000, 0x0000000702200000|100%| O|  |TAMS 0x0000000702200000, 0x0000000702000000| Untracked 
|   7|0x0000000702200000, 0x0000000702400000, 0x0000000702400000|100%| O|  |TAMS 0x0000000702400000, 0x0000000702200000| Untracked 
|   8|0x0000000702400000, 0x0000000702600000, 0x0000000702600000|100%| O|  |TAMS 0x0000000702600000, 0x0000000702400000| Untracked 
|   9|0x0000000702600000, 0x0000000702800000, 0x0000000702800000|100%| O|  |TAMS 0x0000000702800000, 0x0000000702600000| Untracked 
|  10|0x0000000702800000, 0x0000000702a00000, 0x0000000702a00000|100%| O|  |TAMS 0x0000000702a00000, 0x0000000702800000| Untracked 
|  11|0x0000000702a00000, 0x0000000702c00000, 0x0000000702c00000|100%| O|  |TAMS 0x0000000702c00000, 0x0000000702a00000| Untracked 
|  12|0x0000000702c00000, 0x0000000702e00000, 0x0000000702e00000|100%| O|  |TAMS 0x0000000702e00000, 0x0000000702c00000| Untracked 
|  13|0x0000000702e00000, 0x0000000703000000, 0x0000000703000000|100%| O|  |TAMS 0x0000000703000000, 0x0000000702e00000| Untracked 
|  14|0x0000000703000000, 0x0000000703200000, 0x0000000703200000|100%| O|  |TAMS 0x0000000703200000, 0x0000000703000000| Untracked 
|  15|0x0000000703200000, 0x0000000703400000, 0x0000000703400000|100%| O|  |TAMS 0x0000000703400000, 0x0000000703200000| Untracked 
|  16|0x0000000703400000, 0x0000000703600000, 0x0000000703600000|100%| O|  |TAMS 0x0000000703600000, 0x0000000703400000| Untracked 
|  17|0x0000000703600000, 0x0000000703800000, 0x0000000703800000|100%| O|  |TAMS 0x0000000703800000, 0x0000000703600000| Untracked 
|  18|0x0000000703800000, 0x0000000703a00000, 0x0000000703a00000|100%| O|  |TAMS 0x0000000703a00000, 0x0000000703800000| Untracked 
|  19|0x0000000703a00000, 0x0000000703c00000, 0x0000000703c00000|100%| O|  |TAMS 0x0000000703c00000, 0x0000000703a00000| Untracked 
|  20|0x0000000703c00000, 0x0000000703e00000, 0x0000000703e00000|100%| O|  |TAMS 0x0000000703e00000, 0x0000000703c00000| Untracked 
|  21|0x0000000703e00000, 0x0000000704000000, 0x0000000704000000|100%| O|  |TAMS 0x0000000704000000, 0x0000000703e00000| Untracked 
|  22|0x0000000704000000, 0x0000000704200000, 0x0000000704200000|100%| O|  |TAMS 0x0000000704200000, 0x0000000704000000| Untracked 
|  23|0x0000000704200000, 0x0000000704400000, 0x0000000704400000|100%| O|  |TAMS 0x0000000704400000, 0x0000000704200000| Untracked 
|  24|0x0000000704400000, 0x0000000704600000, 0x0000000704600000|100%| O|  |TAMS 0x0000000704600000, 0x0000000704400000| Untracked 
|  25|0x0000000704600000, 0x0000000704800000, 0x0000000704800000|100%| O|  |TAMS 0x0000000704800000, 0x0000000704600000| Untracked 
|  26|0x0000000704800000, 0x0000000704a00000, 0x0000000704a00000|100%| O|  |TAMS 0x0000000704a00000, 0x0000000704800000| Untracked 
|  27|0x0000000704a00000, 0x0000000704c00000, 0x0000000704c00000|100%| O|  |TAMS 0x0000000704c00000, 0x0000000704a00000| Untracked 
|  28|0x0000000704c00000, 0x0000000704e00000, 0x0000000704e00000|100%| O|  |TAMS 0x0000000704e00000, 0x0000000704c00000| Untracked 
|  29|0x0000000704e00000, 0x0000000705000000, 0x0000000705000000|100%| O|  |TAMS 0x0000000705000000, 0x0000000704e00000| Untracked 
|  30|0x0000000705000000, 0x0000000705200000, 0x0000000705200000|100%| O|  |TAMS 0x0000000705200000, 0x0000000705000000| Untracked 
|  31|0x0000000705200000, 0x0000000705400000, 0x0000000705400000|100%| O|  |TAMS 0x0000000705400000, 0x0000000705200000| Untracked 
|  32|0x0000000705400000, 0x0000000705600000, 0x0000000705600000|100%| O|  |TAMS 0x0000000705600000, 0x0000000705400000| Untracked 
|  33|0x0000000705600000, 0x0000000705800000, 0x0000000705800000|100%| O|  |TAMS 0x0000000705800000, 0x0000000705600000| Untracked 
|  34|0x0000000705800000, 0x0000000705a00000, 0x0000000705a00000|100%| O|  |TAMS 0x0000000705a00000, 0x0000000705800000| Untracked 
|  35|0x0000000705a00000, 0x0000000705c00000, 0x0000000705c00000|100%| O|  |TAMS 0x0000000705c00000, 0x0000000705a00000| Untracked 
|  36|0x0000000705c00000, 0x0000000705e00000, 0x0000000705e00000|100%| O|  |TAMS 0x0000000705e00000, 0x0000000705c00000| Untracked 
|  37|0x0000000705e00000, 0x0000000706000000, 0x0000000706000000|100%| O|  |TAMS 0x0000000706000000, 0x0000000705e00000| Untracked 
|  38|0x0000000706000000, 0x0000000706200000, 0x0000000706200000|100%| O|  |TAMS 0x0000000706200000, 0x0000000706000000| Untracked 
|  39|0x0000000706200000, 0x0000000706400000, 0x0000000706400000|100%| O|  |TAMS 0x0000000706400000, 0x0000000706200000| Untracked 
|  40|0x0000000706400000, 0x0000000706600000, 0x0000000706600000|100%| O|  |TAMS 0x0000000706600000, 0x0000000706400000| Untracked 
|  41|0x0000000706600000, 0x0000000706800000, 0x0000000706800000|100%| O|  |TAMS 0x000000070672fe00, 0x0000000706600000| Untracked 
|  42|0x0000000706800000, 0x0000000706a00000, 0x0000000706a00000|100%| O|  |TAMS 0x0000000706800000, 0x0000000706800000| Untracked 
|  43|0x0000000706a00000, 0x0000000706c00000, 0x0000000706c00000|100%| O|  |TAMS 0x0000000706a00000, 0x0000000706a00000| Untracked 
|  44|0x0000000706c00000, 0x0000000706e00000, 0x0000000706e00000|100%| O|  |TAMS 0x0000000706c00000, 0x0000000706c00000| Untracked 
|  45|0x0000000706e00000, 0x0000000707000000, 0x0000000707000000|100%| O|  |TAMS 0x0000000706e00000, 0x0000000706e00000| Untracked 
|  46|0x0000000707000000, 0x0000000707200000, 0x0000000707200000|100%| O|  |TAMS 0x0000000707000000, 0x0000000707000000| Untracked 
|  47|0x0000000707200000, 0x0000000707400000, 0x0000000707400000|100%| O|  |TAMS 0x0000000707200000, 0x0000000707200000| Untracked 
|  48|0x0000000707400000, 0x0000000707600000, 0x0000000707600000|100%| O|  |TAMS 0x0000000707400000, 0x0000000707400000| Untracked 
|  49|0x0000000707600000, 0x0000000707800000, 0x0000000707800000|100%| O|  |TAMS 0x0000000707600000, 0x0000000707600000| Untracked 
|  50|0x0000000707800000, 0x0000000707a00000, 0x0000000707a00000|100%| O|  |TAMS 0x0000000707800000, 0x0000000707800000| Untracked 
|  51|0x0000000707a00000, 0x0000000707c00000, 0x0000000707c00000|100%| O|  |TAMS 0x0000000707a00000, 0x0000000707a00000| Untracked 
|  52|0x0000000707c00000, 0x0000000707c00000, 0x0000000707e00000|  0%| F|  |TAMS 0x0000000707c00000, 0x0000000707c00000| Untracked 
|  53|0x0000000707e00000, 0x0000000708000000, 0x0000000708000000|100%| O|  |TAMS 0x0000000707e00000, 0x0000000707e00000| Untracked 
|  54|0x0000000708000000, 0x0000000708200000, 0x0000000708200000|100%| O|  |TAMS 0x0000000708000000, 0x0000000708000000| Untracked 
|  55|0x0000000708200000, 0x0000000708400000, 0x0000000708400000|100%| O|  |TAMS 0x0000000708200000, 0x0000000708200000| Untracked 
|  56|0x0000000708400000, 0x0000000708600000, 0x0000000708600000|100%| O|  |TAMS 0x0000000708400000, 0x0000000708400000| Untracked 
|  57|0x0000000708600000, 0x0000000708800000, 0x0000000708800000|100%| O|  |TAMS 0x0000000708600000, 0x0000000708600000| Untracked 
|  58|0x0000000708800000, 0x0000000708a00000, 0x0000000708a00000|100%| O|  |TAMS 0x0000000708800000, 0x0000000708800000| Untracked 
|  59|0x0000000708a00000, 0x0000000708c00000, 0x0000000708c00000|100%| O|  |TAMS 0x0000000708a00000, 0x0000000708a00000| Untracked 
|  60|0x0000000708c00000, 0x0000000708e00000, 0x0000000708e00000|100%| O|  |TAMS 0x0000000708c00000, 0x0000000708c00000| Untracked 
|  61|0x0000000708e00000, 0x0000000709000000, 0x0000000709000000|100%| O|  |TAMS 0x0000000708e00000, 0x0000000708e00000| Untracked 
|  62|0x0000000709000000, 0x0000000709200000, 0x0000000709200000|100%| O|  |TAMS 0x0000000709000000, 0x0000000709000000| Untracked 
|  63|0x0000000709200000, 0x0000000709400000, 0x0000000709400000|100%| O|  |TAMS 0x0000000709200000, 0x0000000709200000| Untracked 
|  64|0x0000000709400000, 0x0000000709600000, 0x0000000709600000|100%| O|  |TAMS 0x0000000709400000, 0x0000000709400000| Untracked 
|  65|0x0000000709600000, 0x0000000709800000, 0x0000000709800000|100%| O|  |TAMS 0x0000000709600000, 0x0000000709600000| Untracked 
|  66|0x0000000709800000, 0x0000000709a00000, 0x0000000709a00000|100%| O|  |TAMS 0x0000000709800000, 0x0000000709800000| Untracked 
|  67|0x0000000709a00000, 0x0000000709c00000, 0x0000000709c00000|100%| O|  |TAMS 0x0000000709a00000, 0x0000000709a00000| Untracked 
|  68|0x0000000709c00000, 0x0000000709e00000, 0x0000000709e00000|100%| O|  |TAMS 0x0000000709c00000, 0x0000000709c00000| Untracked 
|  69|0x0000000709e00000, 0x000000070a000000, 0x000000070a000000|100%| O|  |TAMS 0x0000000709e00000, 0x0000000709e00000| Untracked 
|  70|0x000000070a000000, 0x000000070a200000, 0x000000070a200000|100%| O|  |TAMS 0x000000070a000000, 0x000000070a000000| Untracked 
|  71|0x000000070a200000, 0x000000070a400000, 0x000000070a400000|100%| O|  |TAMS 0x000000070a200000, 0x000000070a200000| Untracked 
|  72|0x000000070a400000, 0x000000070a600000, 0x000000070a600000|100%| O|  |TAMS 0x000000070a400000, 0x000000070a400000| Untracked 
|  73|0x000000070a600000, 0x000000070a800000, 0x000000070a800000|100%| O|  |TAMS 0x000000070a600000, 0x000000070a600000| Untracked 
|  74|0x000000070a800000, 0x000000070aa00000, 0x000000070aa00000|100%| O|  |TAMS 0x000000070a800000, 0x000000070a800000| Untracked 
|  75|0x000000070aa00000, 0x000000070ac00000, 0x000000070ac00000|100%| O|  |TAMS 0x000000070aa00000, 0x000000070aa00000| Untracked 
|  76|0x000000070ac00000, 0x000000070ae00000, 0x000000070ae00000|100%| O|  |TAMS 0x000000070ac00000, 0x000000070ac00000| Untracked 
|  77|0x000000070ae00000, 0x000000070b000000, 0x000000070b000000|100%| O|  |TAMS 0x000000070ae00000, 0x000000070ae00000| Untracked 
|  78|0x000000070b000000, 0x000000070b200000, 0x000000070b200000|100%| O|  |TAMS 0x000000070b000000, 0x000000070b000000| Untracked 
|  79|0x000000070b200000, 0x000000070b400000, 0x000000070b400000|100%| O|  |TAMS 0x000000070b200000, 0x000000070b200000| Untracked 
|  80|0x000000070b400000, 0x000000070b600000, 0x000000070b600000|100%| O|  |TAMS 0x000000070b400000, 0x000000070b400000| Untracked 
|  81|0x000000070b600000, 0x000000070b78a600, 0x000000070b800000| 77%| O|  |TAMS 0x000000070b600000, 0x000000070b600000| Untracked 
|  82|0x000000070b800000, 0x000000070b800000, 0x000000070ba00000|  0%| F|  |TAMS 0x000000070b800000, 0x000000070b800000| Untracked 
|  83|0x000000070ba00000, 0x000000070ba00000, 0x000000070bc00000|  0%| F|  |TAMS 0x000000070ba00000, 0x000000070ba00000| Untracked 
|  84|0x000000070bc00000, 0x000000070bc00000, 0x000000070be00000|  0%| F|  |TAMS 0x000000070bc00000, 0x000000070bc00000| Untracked 
|  85|0x000000070be00000, 0x000000070be00000, 0x000000070c000000|  0%| F|  |TAMS 0x000000070be00000, 0x000000070be00000| Untracked 
|  86|0x000000070c000000, 0x000000070c000000, 0x000000070c200000|  0%| F|  |TAMS 0x000000070c000000, 0x000000070c000000| Untracked 
|  87|0x000000070c200000, 0x000000070c200000, 0x000000070c400000|  0%| F|  |TAMS 0x000000070c200000, 0x000000070c200000| Untracked 
|  88|0x000000070c400000, 0x000000070c400000, 0x000000070c600000|  0%| F|  |TAMS 0x000000070c400000, 0x000000070c400000| Untracked 
|  89|0x000000070c600000, 0x000000070c600000, 0x000000070c800000|  0%| F|  |TAMS 0x000000070c600000, 0x000000070c600000| Untracked 
|  90|0x000000070c800000, 0x000000070c800000, 0x000000070ca00000|  0%| F|  |TAMS 0x000000070c800000, 0x000000070c800000| Untracked 
|  91|0x000000070ca00000, 0x000000070ca00000, 0x000000070cc00000|  0%| F|  |TAMS 0x000000070ca00000, 0x000000070ca00000| Untracked 
|  92|0x000000070cc00000, 0x000000070cc00000, 0x000000070ce00000|  0%| F|  |TAMS 0x000000070cc00000, 0x000000070cc00000| Untracked 
|  93|0x000000070ce00000, 0x000000070ce00000, 0x000000070d000000|  0%| F|  |TAMS 0x000000070ce00000, 0x000000070ce00000| Untracked 
|  94|0x000000070d000000, 0x000000070d000000, 0x000000070d200000|  0%| F|  |TAMS 0x000000070d000000, 0x000000070d000000| Untracked 
|  95|0x000000070d200000, 0x000000070d200000, 0x000000070d400000|  0%| F|  |TAMS 0x000000070d200000, 0x000000070d200000| Untracked 
|  96|0x000000070d400000, 0x000000070d400000, 0x000000070d600000|  0%| F|  |TAMS 0x000000070d400000, 0x000000070d400000| Untracked 
|  97|0x000000070d600000, 0x000000070d600000, 0x000000070d800000|  0%| F|  |TAMS 0x000000070d600000, 0x000000070d600000| Untracked 
|  98|0x000000070d800000, 0x000000070d800000, 0x000000070da00000|  0%| F|  |TAMS 0x000000070d800000, 0x000000070d800000| Untracked 
|  99|0x000000070da00000, 0x000000070da00000, 0x000000070dc00000|  0%| F|  |TAMS 0x000000070da00000, 0x000000070da00000| Untracked 
| 100|0x000000070dc00000, 0x000000070dc00000, 0x000000070de00000|  0%| F|  |TAMS 0x000000070dc00000, 0x000000070dc00000| Untracked 
| 101|0x000000070de00000, 0x000000070de00000, 0x000000070e000000|  0%| F|  |TAMS 0x000000070de00000, 0x000000070de00000| Untracked 
| 102|0x000000070e000000, 0x000000070e000000, 0x000000070e200000|  0%| F|  |TAMS 0x000000070e000000, 0x000000070e000000| Untracked 
| 103|0x000000070e200000, 0x000000070e200000, 0x000000070e400000|  0%| F|  |TAMS 0x000000070e200000, 0x000000070e200000| Untracked 
| 104|0x000000070e400000, 0x000000070e400000, 0x000000070e600000|  0%| F|  |TAMS 0x000000070e400000, 0x000000070e400000| Untracked 
| 105|0x000000070e600000, 0x000000070e600000, 0x000000070e800000|  0%| F|  |TAMS 0x000000070e600000, 0x000000070e600000| Untracked 
| 106|0x000000070e800000, 0x000000070e800000, 0x000000070ea00000|  0%| F|  |TAMS 0x000000070e800000, 0x000000070e800000| Untracked 
| 107|0x000000070ea00000, 0x000000070ea00000, 0x000000070ec00000|  0%| F|  |TAMS 0x000000070ea00000, 0x000000070ea00000| Untracked 
| 108|0x000000070ec00000, 0x000000070ec00000, 0x000000070ee00000|  0%| F|  |TAMS 0x000000070ec00000, 0x000000070ec00000| Untracked 
| 109|0x000000070ee00000, 0x000000070ee00000, 0x000000070f000000|  0%| F|  |TAMS 0x000000070ee00000, 0x000000070ee00000| Untracked 
| 110|0x000000070f000000, 0x000000070f000000, 0x000000070f200000|  0%| F|  |TAMS 0x000000070f000000, 0x000000070f000000| Untracked 
| 111|0x000000070f200000, 0x000000070f200000, 0x000000070f400000|  0%| F|  |TAMS 0x000000070f200000, 0x000000070f200000| Untracked 
| 112|0x000000070f400000, 0x000000070f400000, 0x000000070f600000|  0%| F|  |TAMS 0x000000070f400000, 0x000000070f400000| Untracked 
| 113|0x000000070f600000, 0x000000070f600000, 0x000000070f800000|  0%| F|  |TAMS 0x000000070f600000, 0x000000070f600000| Untracked 
| 114|0x000000070f800000, 0x000000070f800000, 0x000000070fa00000|  0%| F|  |TAMS 0x000000070f800000, 0x000000070f800000| Untracked 
| 115|0x000000070fa00000, 0x000000070fa00000, 0x000000070fc00000|  0%| F|  |TAMS 0x000000070fa00000, 0x000000070fa00000| Untracked 
| 116|0x000000070fc00000, 0x000000070fc00000, 0x000000070fe00000|  0%| F|  |TAMS 0x000000070fc00000, 0x000000070fc00000| Untracked 
| 117|0x000000070fe00000, 0x000000070fe00000, 0x0000000710000000|  0%| F|  |TAMS 0x000000070fe00000, 0x000000070fe00000| Untracked 
| 118|0x0000000710000000, 0x0000000710000000, 0x0000000710200000|  0%| F|  |TAMS 0x0000000710000000, 0x0000000710000000| Untracked 
| 119|0x0000000710200000, 0x0000000710200000, 0x0000000710400000|  0%| F|  |TAMS 0x0000000710200000, 0x0000000710200000| Untracked 
| 120|0x0000000710400000, 0x0000000710400000, 0x0000000710600000|  0%| F|  |TAMS 0x0000000710400000, 0x0000000710400000| Untracked 
| 121|0x0000000710600000, 0x0000000710600000, 0x0000000710800000|  0%| F|  |TAMS 0x0000000710600000, 0x0000000710600000| Untracked 
| 122|0x0000000710800000, 0x0000000710800000, 0x0000000710a00000|  0%| F|  |TAMS 0x0000000710800000, 0x0000000710800000| Untracked 
| 123|0x0000000710a00000, 0x0000000710a00000, 0x0000000710c00000|  0%| F|  |TAMS 0x0000000710a00000, 0x0000000710a00000| Untracked 
| 124|0x0000000710c00000, 0x0000000710c00000, 0x0000000710e00000|  0%| F|  |TAMS 0x0000000710c00000, 0x0000000710c00000| Untracked 
| 125|0x0000000710e00000, 0x0000000710e00000, 0x0000000711000000|  0%| F|  |TAMS 0x0000000710e00000, 0x0000000710e00000| Untracked 
| 126|0x0000000711000000, 0x0000000711000000, 0x0000000711200000|  0%| F|  |TAMS 0x0000000711000000, 0x0000000711000000| Untracked 
| 127|0x0000000711200000, 0x0000000711200000, 0x0000000711400000|  0%| F|  |TAMS 0x0000000711200000, 0x0000000711200000| Untracked 
| 128|0x0000000711400000, 0x0000000711400000, 0x0000000711600000|  0%| F|  |TAMS 0x0000000711400000, 0x0000000711400000| Untracked 
| 129|0x0000000711600000, 0x0000000711600000, 0x0000000711800000|  0%| F|  |TAMS 0x0000000711600000, 0x0000000711600000| Untracked 
| 130|0x0000000711800000, 0x0000000711800000, 0x0000000711a00000|  0%| F|  |TAMS 0x0000000711800000, 0x0000000711800000| Untracked 
| 131|0x0000000711a00000, 0x0000000711a00000, 0x0000000711c00000|  0%| F|  |TAMS 0x0000000711a00000, 0x0000000711a00000| Untracked 
| 132|0x0000000711c00000, 0x0000000711c00000, 0x0000000711e00000|  0%| F|  |TAMS 0x0000000711c00000, 0x0000000711c00000| Untracked 
| 133|0x0000000711e00000, 0x0000000711e00000, 0x0000000712000000|  0%| F|  |TAMS 0x0000000711e00000, 0x0000000711e00000| Untracked 
| 134|0x0000000712000000, 0x0000000712000000, 0x0000000712200000|  0%| F|  |TAMS 0x0000000712000000, 0x0000000712000000| Untracked 
| 135|0x0000000712200000, 0x0000000712200000, 0x0000000712400000|  0%| F|  |TAMS 0x0000000712200000, 0x0000000712200000| Untracked 
| 136|0x0000000712400000, 0x0000000712400000, 0x0000000712600000|  0%| F|  |TAMS 0x0000000712400000, 0x0000000712400000| Untracked 
| 137|0x0000000712600000, 0x0000000712600000, 0x0000000712800000|  0%| F|  |TAMS 0x0000000712600000, 0x0000000712600000| Untracked 
| 138|0x0000000712800000, 0x0000000712800000, 0x0000000712a00000|  0%| F|  |TAMS 0x0000000712800000, 0x0000000712800000| Untracked 
| 139|0x0000000712a00000, 0x0000000712a00000, 0x0000000712c00000|  0%| F|  |TAMS 0x0000000712a00000, 0x0000000712a00000| Untracked 
| 140|0x0000000712c00000, 0x0000000712c00000, 0x0000000712e00000|  0%| F|  |TAMS 0x0000000712c00000, 0x0000000712c00000| Untracked 
| 141|0x0000000712e00000, 0x0000000712e00000, 0x0000000713000000|  0%| F|  |TAMS 0x0000000712e00000, 0x0000000712e00000| Untracked 
| 142|0x0000000713000000, 0x0000000713000000, 0x0000000713200000|  0%| F|  |TAMS 0x0000000713000000, 0x0000000713000000| Untracked 
| 143|0x0000000713200000, 0x0000000713200000, 0x0000000713400000|  0%| F|  |TAMS 0x0000000713200000, 0x0000000713200000| Untracked 
| 144|0x0000000713400000, 0x0000000713400000, 0x0000000713600000|  0%| F|  |TAMS 0x0000000713400000, 0x0000000713400000| Untracked 
| 145|0x0000000713600000, 0x0000000713600000, 0x0000000713800000|  0%| F|  |TAMS 0x0000000713600000, 0x0000000713600000| Untracked 
| 146|0x0000000713800000, 0x0000000713800000, 0x0000000713a00000|  0%| F|  |TAMS 0x0000000713800000, 0x0000000713800000| Untracked 
| 147|0x0000000713a00000, 0x0000000713a00000, 0x0000000713c00000|  0%| F|  |TAMS 0x0000000713a00000, 0x0000000713a00000| Untracked 
| 148|0x0000000713c00000, 0x0000000713c00000, 0x0000000713e00000|  0%| F|  |TAMS 0x0000000713c00000, 0x0000000713c00000| Untracked 
| 149|0x0000000713e00000, 0x0000000713e00000, 0x0000000714000000|  0%| F|  |TAMS 0x0000000713e00000, 0x0000000713e00000| Untracked 
| 150|0x0000000714000000, 0x0000000714000000, 0x0000000714200000|  0%| F|  |TAMS 0x0000000714000000, 0x0000000714000000| Untracked 
| 151|0x0000000714200000, 0x0000000714200000, 0x0000000714400000|  0%| F|  |TAMS 0x0000000714200000, 0x0000000714200000| Untracked 
| 152|0x0000000714400000, 0x0000000714400000, 0x0000000714600000|  0%| F|  |TAMS 0x0000000714400000, 0x0000000714400000| Untracked 
| 153|0x0000000714600000, 0x0000000714600000, 0x0000000714800000|  0%| F|  |TAMS 0x0000000714600000, 0x0000000714600000| Untracked 
| 154|0x0000000714800000, 0x0000000714800000, 0x0000000714a00000|  0%| F|  |TAMS 0x0000000714800000, 0x0000000714800000| Untracked 
| 155|0x0000000714a00000, 0x0000000714a00000, 0x0000000714c00000|  0%| F|  |TAMS 0x0000000714a00000, 0x0000000714a00000| Untracked 
| 156|0x0000000714c00000, 0x0000000714c00000, 0x0000000714e00000|  0%| F|  |TAMS 0x0000000714c00000, 0x0000000714c00000| Untracked 
| 157|0x0000000714e00000, 0x0000000714e00000, 0x0000000715000000|  0%| F|  |TAMS 0x0000000714e00000, 0x0000000714e00000| Untracked 
| 158|0x0000000715000000, 0x0000000715000000, 0x0000000715200000|  0%| F|  |TAMS 0x0000000715000000, 0x0000000715000000| Untracked 
| 159|0x0000000715200000, 0x0000000715200000, 0x0000000715400000|  0%| F|  |TAMS 0x0000000715200000, 0x0000000715200000| Untracked 
| 160|0x0000000715400000, 0x0000000715400000, 0x0000000715600000|  0%| F|  |TAMS 0x0000000715400000, 0x0000000715400000| Untracked 
| 161|0x0000000715600000, 0x0000000715600000, 0x0000000715800000|  0%| F|  |TAMS 0x0000000715600000, 0x0000000715600000| Untracked 
| 162|0x0000000715800000, 0x0000000715800000, 0x0000000715a00000|  0%| F|  |TAMS 0x0000000715800000, 0x0000000715800000| Untracked 
| 163|0x0000000715a00000, 0x0000000715a00000, 0x0000000715c00000|  0%| F|  |TAMS 0x0000000715a00000, 0x0000000715a00000| Untracked 
| 164|0x0000000715c00000, 0x0000000715c00000, 0x0000000715e00000|  0%| F|  |TAMS 0x0000000715c00000, 0x0000000715c00000| Untracked 
| 165|0x0000000715e00000, 0x0000000715e00000, 0x0000000716000000|  0%| F|  |TAMS 0x0000000715e00000, 0x0000000715e00000| Untracked 
| 166|0x0000000716000000, 0x0000000716000000, 0x0000000716200000|  0%| F|  |TAMS 0x0000000716000000, 0x0000000716000000| Untracked 
| 167|0x0000000716200000, 0x0000000716200000, 0x0000000716400000|  0%| F|  |TAMS 0x0000000716200000, 0x0000000716200000| Untracked 
| 168|0x0000000716400000, 0x0000000716400000, 0x0000000716600000|  0%| F|  |TAMS 0x0000000716400000, 0x0000000716400000| Untracked 
| 169|0x0000000716600000, 0x0000000716600000, 0x0000000716800000|  0%| F|  |TAMS 0x0000000716600000, 0x0000000716600000| Untracked 
| 170|0x0000000716800000, 0x0000000716800000, 0x0000000716a00000|  0%| F|  |TAMS 0x0000000716800000, 0x0000000716800000| Untracked 
| 171|0x0000000716a00000, 0x0000000716a00000, 0x0000000716c00000|  0%| F|  |TAMS 0x0000000716a00000, 0x0000000716a00000| Untracked 
| 172|0x0000000716c00000, 0x0000000716c00000, 0x0000000716e00000|  0%| F|  |TAMS 0x0000000716c00000, 0x0000000716c00000| Untracked 
| 173|0x0000000716e00000, 0x0000000716e00000, 0x0000000717000000|  0%| F|  |TAMS 0x0000000716e00000, 0x0000000716e00000| Untracked 
| 174|0x0000000717000000, 0x0000000717000000, 0x0000000717200000|  0%| F|  |TAMS 0x0000000717000000, 0x0000000717000000| Untracked 
| 175|0x0000000717200000, 0x0000000717200000, 0x0000000717400000|  0%| F|  |TAMS 0x0000000717200000, 0x0000000717200000| Untracked 
| 176|0x0000000717400000, 0x0000000717400000, 0x0000000717600000|  0%| F|  |TAMS 0x0000000717400000, 0x0000000717400000| Untracked 
| 177|0x0000000717600000, 0x0000000717600000, 0x0000000717800000|  0%| F|  |TAMS 0x0000000717600000, 0x0000000717600000| Untracked 
| 178|0x0000000717800000, 0x0000000717800000, 0x0000000717a00000|  0%| F|  |TAMS 0x0000000717800000, 0x0000000717800000| Untracked 
| 179|0x0000000717a00000, 0x0000000717a00000, 0x0000000717c00000|  0%| F|  |TAMS 0x0000000717a00000, 0x0000000717a00000| Untracked 
| 180|0x0000000717c00000, 0x0000000717c00000, 0x0000000717e00000|  0%| F|  |TAMS 0x0000000717c00000, 0x0000000717c00000| Untracked 
| 181|0x0000000717e00000, 0x0000000717e00000, 0x0000000718000000|  0%| F|  |TAMS 0x0000000717e00000, 0x0000000717e00000| Untracked 
| 182|0x0000000718000000, 0x0000000718000000, 0x0000000718200000|  0%| F|  |TAMS 0x0000000718000000, 0x0000000718000000| Untracked 
| 183|0x0000000718200000, 0x0000000718200000, 0x0000000718400000|  0%| F|  |TAMS 0x0000000718200000, 0x0000000718200000| Untracked 
| 184|0x0000000718400000, 0x0000000718400000, 0x0000000718600000|  0%| F|  |TAMS 0x0000000718400000, 0x0000000718400000| Untracked 
| 185|0x0000000718600000, 0x0000000718600000, 0x0000000718800000|  0%| F|  |TAMS 0x0000000718600000, 0x0000000718600000| Untracked 
| 186|0x0000000718800000, 0x0000000718800000, 0x0000000718a00000|  0%| F|  |TAMS 0x0000000718800000, 0x0000000718800000| Untracked 
| 187|0x0000000718a00000, 0x0000000718a00000, 0x0000000718c00000|  0%| F|  |TAMS 0x0000000718a00000, 0x0000000718a00000| Untracked 
| 188|0x0000000718c00000, 0x0000000718c00000, 0x0000000718e00000|  0%| F|  |TAMS 0x0000000718c00000, 0x0000000718c00000| Untracked 
| 189|0x0000000718e00000, 0x0000000718e00000, 0x0000000719000000|  0%| F|  |TAMS 0x0000000718e00000, 0x0000000718e00000| Untracked 
| 190|0x0000000719000000, 0x0000000719000000, 0x0000000719200000|  0%| F|  |TAMS 0x0000000719000000, 0x0000000719000000| Untracked 
| 191|0x0000000719200000, 0x0000000719200000, 0x0000000719400000|  0%| F|  |TAMS 0x0000000719200000, 0x0000000719200000| Untracked 
| 192|0x0000000719400000, 0x0000000719400000, 0x0000000719600000|  0%| F|  |TAMS 0x0000000719400000, 0x0000000719400000| Untracked 
| 193|0x0000000719600000, 0x0000000719600000, 0x0000000719800000|  0%| F|  |TAMS 0x0000000719600000, 0x0000000719600000| Untracked 
| 194|0x0000000719800000, 0x0000000719800000, 0x0000000719a00000|  0%| F|  |TAMS 0x0000000719800000, 0x0000000719800000| Untracked 
| 195|0x0000000719a00000, 0x0000000719a00000, 0x0000000719c00000|  0%| F|  |TAMS 0x0000000719a00000, 0x0000000719a00000| Untracked 
| 196|0x0000000719c00000, 0x0000000719c00000, 0x0000000719e00000|  0%| F|  |TAMS 0x0000000719c00000, 0x0000000719c00000| Untracked 
| 197|0x0000000719e00000, 0x0000000719e00000, 0x000000071a000000|  0%| F|  |TAMS 0x0000000719e00000, 0x0000000719e00000| Untracked 
| 198|0x000000071a000000, 0x000000071a000000, 0x000000071a200000|  0%| F|  |TAMS 0x000000071a000000, 0x000000071a000000| Untracked 
| 199|0x000000071a200000, 0x000000071a200000, 0x000000071a400000|  0%| F|  |TAMS 0x000000071a200000, 0x000000071a200000| Untracked 
| 200|0x000000071a400000, 0x000000071a400000, 0x000000071a600000|  0%| F|  |TAMS 0x000000071a400000, 0x000000071a400000| Untracked 
| 201|0x000000071a600000, 0x000000071a600000, 0x000000071a800000|  0%| F|  |TAMS 0x000000071a600000, 0x000000071a600000| Untracked 
| 202|0x000000071a800000, 0x000000071a800000, 0x000000071aa00000|  0%| F|  |TAMS 0x000000071a800000, 0x000000071a800000| Untracked 
| 203|0x000000071aa00000, 0x000000071aa00000, 0x000000071ac00000|  0%| F|  |TAMS 0x000000071aa00000, 0x000000071aa00000| Untracked 
| 204|0x000000071ac00000, 0x000000071ac00000, 0x000000071ae00000|  0%| F|  |TAMS 0x000000071ac00000, 0x000000071ac00000| Untracked 
| 205|0x000000071ae00000, 0x000000071ae00000, 0x000000071b000000|  0%| F|  |TAMS 0x000000071ae00000, 0x000000071ae00000| Untracked 
| 206|0x000000071b000000, 0x000000071b000000, 0x000000071b200000|  0%| F|  |TAMS 0x000000071b000000, 0x000000071b000000| Untracked 
| 207|0x000000071b200000, 0x000000071b200000, 0x000000071b400000|  0%| F|  |TAMS 0x000000071b200000, 0x000000071b200000| Untracked 
| 208|0x000000071b400000, 0x000000071b400000, 0x000000071b600000|  0%| F|  |TAMS 0x000000071b400000, 0x000000071b400000| Untracked 
| 209|0x000000071b600000, 0x000000071b600000, 0x000000071b800000|  0%| F|  |TAMS 0x000000071b600000, 0x000000071b600000| Untracked 
| 210|0x000000071b800000, 0x000000071b800000, 0x000000071ba00000|  0%| F|  |TAMS 0x000000071b800000, 0x000000071b800000| Untracked 
| 211|0x000000071ba00000, 0x000000071ba00000, 0x000000071bc00000|  0%| F|  |TAMS 0x000000071ba00000, 0x000000071ba00000| Untracked 
| 212|0x000000071bc00000, 0x000000071bc00000, 0x000000071be00000|  0%| F|  |TAMS 0x000000071bc00000, 0x000000071bc00000| Untracked 
| 213|0x000000071be00000, 0x000000071be00000, 0x000000071c000000|  0%| F|  |TAMS 0x000000071be00000, 0x000000071be00000| Untracked 
| 214|0x000000071c000000, 0x000000071c000000, 0x000000071c200000|  0%| F|  |TAMS 0x000000071c000000, 0x000000071c000000| Untracked 
| 215|0x000000071c200000, 0x000000071c200000, 0x000000071c400000|  0%| F|  |TAMS 0x000000071c200000, 0x000000071c200000| Untracked 
| 216|0x000000071c400000, 0x000000071c400000, 0x000000071c600000|  0%| F|  |TAMS 0x000000071c400000, 0x000000071c400000| Untracked 
| 217|0x000000071c600000, 0x000000071c600000, 0x000000071c800000|  0%| F|  |TAMS 0x000000071c600000, 0x000000071c600000| Untracked 
| 218|0x000000071c800000, 0x000000071c800000, 0x000000071ca00000|  0%| F|  |TAMS 0x000000071c800000, 0x000000071c800000| Untracked 
| 219|0x000000071ca00000, 0x000000071ca00000, 0x000000071cc00000|  0%| F|  |TAMS 0x000000071ca00000, 0x000000071ca00000| Untracked 
| 220|0x000000071cc00000, 0x000000071cc00000, 0x000000071ce00000|  0%| F|  |TAMS 0x000000071cc00000, 0x000000071cc00000| Untracked 
| 221|0x000000071ce00000, 0x000000071ce00000, 0x000000071d000000|  0%| F|  |TAMS 0x000000071ce00000, 0x000000071ce00000| Untracked 
| 222|0x000000071d000000, 0x000000071d000000, 0x000000071d200000|  0%| F|  |TAMS 0x000000071d000000, 0x000000071d000000| Untracked 
| 223|0x000000071d200000, 0x000000071d200000, 0x000000071d400000|  0%| F|  |TAMS 0x000000071d200000, 0x000000071d200000| Untracked 
| 224|0x000000071d400000, 0x000000071d400000, 0x000000071d600000|  0%| F|  |TAMS 0x000000071d400000, 0x000000071d400000| Untracked 
| 225|0x000000071d600000, 0x000000071d600000, 0x000000071d800000|  0%| F|  |TAMS 0x000000071d600000, 0x000000071d600000| Untracked 
| 226|0x000000071d800000, 0x000000071d800000, 0x000000071da00000|  0%| F|  |TAMS 0x000000071d800000, 0x000000071d800000| Untracked 
| 227|0x000000071da00000, 0x000000071da00000, 0x000000071dc00000|  0%| F|  |TAMS 0x000000071da00000, 0x000000071da00000| Untracked 
| 228|0x000000071dc00000, 0x000000071dc00000, 0x000000071de00000|  0%| F|  |TAMS 0x000000071dc00000, 0x000000071dc00000| Untracked 
| 229|0x000000071de00000, 0x000000071de00000, 0x000000071e000000|  0%| F|  |TAMS 0x000000071de00000, 0x000000071de00000| Untracked 
| 230|0x000000071e000000, 0x000000071e000000, 0x000000071e200000|  0%| F|  |TAMS 0x000000071e000000, 0x000000071e000000| Untracked 
| 231|0x000000071e200000, 0x000000071e200000, 0x000000071e400000|  0%| F|  |TAMS 0x000000071e200000, 0x000000071e200000| Untracked 
| 232|0x000000071e400000, 0x000000071e400000, 0x000000071e600000|  0%| F|  |TAMS 0x000000071e400000, 0x000000071e400000| Untracked 
| 233|0x000000071e600000, 0x000000071e600000, 0x000000071e800000|  0%| F|  |TAMS 0x000000071e600000, 0x000000071e600000| Untracked 
| 234|0x000000071e800000, 0x000000071e800000, 0x000000071ea00000|  0%| F|  |TAMS 0x000000071e800000, 0x000000071e800000| Untracked 
| 235|0x000000071ea00000, 0x000000071ea00000, 0x000000071ec00000|  0%| F|  |TAMS 0x000000071ea00000, 0x000000071ea00000| Untracked 
| 236|0x000000071ec00000, 0x000000071ec00000, 0x000000071ee00000|  0%| F|  |TAMS 0x000000071ec00000, 0x000000071ec00000| Untracked 
| 237|0x000000071ee00000, 0x000000071ee00000, 0x000000071f000000|  0%| F|  |TAMS 0x000000071ee00000, 0x000000071ee00000| Untracked 
| 238|0x000000071f000000, 0x000000071f000000, 0x000000071f200000|  0%| F|  |TAMS 0x000000071f000000, 0x000000071f000000| Untracked 
| 239|0x000000071f200000, 0x000000071f200000, 0x000000071f400000|  0%| F|  |TAMS 0x000000071f200000, 0x000000071f200000| Untracked 
| 240|0x000000071f400000, 0x000000071f400000, 0x000000071f600000|  0%| F|  |TAMS 0x000000071f400000, 0x000000071f400000| Untracked 
| 241|0x000000071f600000, 0x000000071f600000, 0x000000071f800000|  0%| F|  |TAMS 0x000000071f600000, 0x000000071f600000| Untracked 
| 242|0x000000071f800000, 0x000000071f800000, 0x000000071fa00000|  0%| F|  |TAMS 0x000000071f800000, 0x000000071f800000| Untracked 
| 243|0x000000071fa00000, 0x000000071fa00000, 0x000000071fc00000|  0%| F|  |TAMS 0x000000071fa00000, 0x000000071fa00000| Untracked 
| 244|0x000000071fc00000, 0x000000071fc00000, 0x000000071fe00000|  0%| F|  |TAMS 0x000000071fc00000, 0x000000071fc00000| Untracked 
| 245|0x000000071fe00000, 0x000000071fe00000, 0x0000000720000000|  0%| F|  |TAMS 0x000000071fe00000, 0x000000071fe00000| Untracked 
| 246|0x0000000720000000, 0x0000000720000000, 0x0000000720200000|  0%| F|  |TAMS 0x0000000720000000, 0x0000000720000000| Untracked 
| 247|0x0000000720200000, 0x0000000720200000, 0x0000000720400000|  0%| F|  |TAMS 0x0000000720200000, 0x0000000720200000| Untracked 
| 248|0x0000000720400000, 0x0000000720400000, 0x0000000720600000|  0%| F|  |TAMS 0x0000000720400000, 0x0000000720400000| Untracked 
| 249|0x0000000720600000, 0x0000000720600000, 0x0000000720800000|  0%| F|  |TAMS 0x0000000720600000, 0x0000000720600000| Untracked 
| 250|0x0000000720800000, 0x0000000720800000, 0x0000000720a00000|  0%| F|  |TAMS 0x0000000720800000, 0x0000000720800000| Untracked 
| 251|0x0000000720a00000, 0x0000000720a00000, 0x0000000720c00000|  0%| F|  |TAMS 0x0000000720a00000, 0x0000000720a00000| Untracked 
| 252|0x0000000720c00000, 0x0000000720c00000, 0x0000000720e00000|  0%| F|  |TAMS 0x0000000720c00000, 0x0000000720c00000| Untracked 
| 253|0x0000000720e00000, 0x0000000720e00000, 0x0000000721000000|  0%| F|  |TAMS 0x0000000720e00000, 0x0000000720e00000| Untracked 
| 254|0x0000000721000000, 0x0000000721000000, 0x0000000721200000|  0%| F|  |TAMS 0x0000000721000000, 0x0000000721000000| Untracked 
| 255|0x0000000721200000, 0x0000000721200000, 0x0000000721400000|  0%| F|  |TAMS 0x0000000721200000, 0x0000000721200000| Untracked 
| 256|0x0000000721400000, 0x0000000721400000, 0x0000000721600000|  0%| F|  |TAMS 0x0000000721400000, 0x0000000721400000| Untracked 
| 257|0x0000000721600000, 0x0000000721600000, 0x0000000721800000|  0%| F|  |TAMS 0x0000000721600000, 0x0000000721600000| Untracked 
| 258|0x0000000721800000, 0x0000000721800000, 0x0000000721a00000|  0%| F|  |TAMS 0x0000000721800000, 0x0000000721800000| Untracked 
| 259|0x0000000721a00000, 0x0000000721a00000, 0x0000000721c00000|  0%| F|  |TAMS 0x0000000721a00000, 0x0000000721a00000| Untracked 
| 260|0x0000000721c00000, 0x0000000721c00000, 0x0000000721e00000|  0%| F|  |TAMS 0x0000000721c00000, 0x0000000721c00000| Untracked 
| 261|0x0000000721e00000, 0x0000000721e00000, 0x0000000722000000|  0%| F|  |TAMS 0x0000000721e00000, 0x0000000721e00000| Untracked 
| 262|0x0000000722000000, 0x0000000722000000, 0x0000000722200000|  0%| F|  |TAMS 0x0000000722000000, 0x0000000722000000| Untracked 
| 263|0x0000000722200000, 0x0000000722200000, 0x0000000722400000|  0%| F|  |TAMS 0x0000000722200000, 0x0000000722200000| Untracked 
| 264|0x0000000722400000, 0x0000000722400000, 0x0000000722600000|  0%| F|  |TAMS 0x0000000722400000, 0x0000000722400000| Untracked 
| 265|0x0000000722600000, 0x0000000722600000, 0x0000000722800000|  0%| F|  |TAMS 0x0000000722600000, 0x0000000722600000| Untracked 
| 266|0x0000000722800000, 0x0000000722800000, 0x0000000722a00000|  0%| F|  |TAMS 0x0000000722800000, 0x0000000722800000| Untracked 
| 267|0x0000000722a00000, 0x0000000722a00000, 0x0000000722c00000|  0%| F|  |TAMS 0x0000000722a00000, 0x0000000722a00000| Untracked 
| 268|0x0000000722c00000, 0x0000000722c00000, 0x0000000722e00000|  0%| F|  |TAMS 0x0000000722c00000, 0x0000000722c00000| Untracked 
| 269|0x0000000722e00000, 0x0000000722e00000, 0x0000000723000000|  0%| F|  |TAMS 0x0000000722e00000, 0x0000000722e00000| Untracked 
| 270|0x0000000723000000, 0x0000000723000000, 0x0000000723200000|  0%| F|  |TAMS 0x0000000723000000, 0x0000000723000000| Untracked 
| 271|0x0000000723200000, 0x0000000723200000, 0x0000000723400000|  0%| F|  |TAMS 0x0000000723200000, 0x0000000723200000| Untracked 
| 272|0x0000000723400000, 0x0000000723400000, 0x0000000723600000|  0%| F|  |TAMS 0x0000000723400000, 0x0000000723400000| Untracked 
| 273|0x0000000723600000, 0x0000000723600000, 0x0000000723800000|  0%| F|  |TAMS 0x0000000723600000, 0x0000000723600000| Untracked 
| 274|0x0000000723800000, 0x0000000723800000, 0x0000000723a00000|  0%| F|  |TAMS 0x0000000723800000, 0x0000000723800000| Untracked 
| 275|0x0000000723a00000, 0x0000000723a00000, 0x0000000723c00000|  0%| F|  |TAMS 0x0000000723a00000, 0x0000000723a00000| Untracked 
| 276|0x0000000723c00000, 0x0000000723c00000, 0x0000000723e00000|  0%| F|  |TAMS 0x0000000723c00000, 0x0000000723c00000| Untracked 
| 277|0x0000000723e00000, 0x0000000723e00000, 0x0000000724000000|  0%| F|  |TAMS 0x0000000723e00000, 0x0000000723e00000| Untracked 
| 278|0x0000000724000000, 0x0000000724000000, 0x0000000724200000|  0%| F|  |TAMS 0x0000000724000000, 0x0000000724000000| Untracked 
| 279|0x0000000724200000, 0x0000000724200000, 0x0000000724400000|  0%| F|  |TAMS 0x0000000724200000, 0x0000000724200000| Untracked 
| 280|0x0000000724400000, 0x0000000724400000, 0x0000000724600000|  0%| F|  |TAMS 0x0000000724400000, 0x0000000724400000| Untracked 
| 281|0x0000000724600000, 0x0000000724600000, 0x0000000724800000|  0%| F|  |TAMS 0x0000000724600000, 0x0000000724600000| Untracked 
| 282|0x0000000724800000, 0x0000000724800000, 0x0000000724a00000|  0%| F|  |TAMS 0x0000000724800000, 0x0000000724800000| Untracked 
| 283|0x0000000724a00000, 0x0000000724a00000, 0x0000000724c00000|  0%| F|  |TAMS 0x0000000724a00000, 0x0000000724a00000| Untracked 
| 284|0x0000000724c00000, 0x0000000724c00000, 0x0000000724e00000|  0%| F|  |TAMS 0x0000000724c00000, 0x0000000724c00000| Untracked 
| 285|0x0000000724e00000, 0x0000000724e00000, 0x0000000725000000|  0%| F|  |TAMS 0x0000000724e00000, 0x0000000724e00000| Untracked 
| 286|0x0000000725000000, 0x0000000725000000, 0x0000000725200000|  0%| F|  |TAMS 0x0000000725000000, 0x0000000725000000| Untracked 
| 287|0x0000000725200000, 0x0000000725200000, 0x0000000725400000|  0%| F|  |TAMS 0x0000000725200000, 0x0000000725200000| Untracked 
| 288|0x0000000725400000, 0x0000000725400000, 0x0000000725600000|  0%| F|  |TAMS 0x0000000725400000, 0x0000000725400000| Untracked 
| 289|0x0000000725600000, 0x0000000725600000, 0x0000000725800000|  0%| F|  |TAMS 0x0000000725600000, 0x0000000725600000| Untracked 
| 290|0x0000000725800000, 0x0000000725800000, 0x0000000725a00000|  0%| F|  |TAMS 0x0000000725800000, 0x0000000725800000| Untracked 
| 291|0x0000000725a00000, 0x0000000725a00000, 0x0000000725c00000|  0%| F|  |TAMS 0x0000000725a00000, 0x0000000725a00000| Untracked 
| 292|0x0000000725c00000, 0x0000000725c00000, 0x0000000725e00000|  0%| F|  |TAMS 0x0000000725c00000, 0x0000000725c00000| Untracked 
| 293|0x0000000725e00000, 0x0000000725e00000, 0x0000000726000000|  0%| F|  |TAMS 0x0000000725e00000, 0x0000000725e00000| Untracked 
| 294|0x0000000726000000, 0x0000000726000000, 0x0000000726200000|  0%| F|  |TAMS 0x0000000726000000, 0x0000000726000000| Untracked 
| 295|0x0000000726200000, 0x0000000726200000, 0x0000000726400000|  0%| F|  |TAMS 0x0000000726200000, 0x0000000726200000| Untracked 
| 296|0x0000000726400000, 0x0000000726400000, 0x0000000726600000|  0%| F|  |TAMS 0x0000000726400000, 0x0000000726400000| Untracked 
| 297|0x0000000726600000, 0x0000000726600000, 0x0000000726800000|  0%| F|  |TAMS 0x0000000726600000, 0x0000000726600000| Untracked 
| 298|0x0000000726800000, 0x0000000726800000, 0x0000000726a00000|  0%| F|  |TAMS 0x0000000726800000, 0x0000000726800000| Untracked 
| 299|0x0000000726a00000, 0x0000000726a00000, 0x0000000726c00000|  0%| F|  |TAMS 0x0000000726a00000, 0x0000000726a00000| Untracked 
| 300|0x0000000726c00000, 0x0000000726c00000, 0x0000000726e00000|  0%| F|  |TAMS 0x0000000726c00000, 0x0000000726c00000| Untracked 
| 301|0x0000000726e00000, 0x0000000726e00000, 0x0000000727000000|  0%| F|  |TAMS 0x0000000726e00000, 0x0000000726e00000| Untracked 
| 302|0x0000000727000000, 0x0000000727000000, 0x0000000727200000|  0%| F|  |TAMS 0x0000000727000000, 0x0000000727000000| Untracked 
| 303|0x0000000727200000, 0x0000000727200000, 0x0000000727400000|  0%| F|  |TAMS 0x0000000727200000, 0x0000000727200000| Untracked 
| 304|0x0000000727400000, 0x0000000727400000, 0x0000000727600000|  0%| F|  |TAMS 0x0000000727400000, 0x0000000727400000| Untracked 
| 305|0x0000000727600000, 0x0000000727600000, 0x0000000727800000|  0%| F|  |TAMS 0x0000000727600000, 0x0000000727600000| Untracked 
| 306|0x0000000727800000, 0x0000000727800000, 0x0000000727a00000|  0%| F|  |TAMS 0x0000000727800000, 0x0000000727800000| Untracked 
| 307|0x0000000727a00000, 0x0000000727a00000, 0x0000000727c00000|  0%| F|  |TAMS 0x0000000727a00000, 0x0000000727a00000| Untracked 
| 308|0x0000000727c00000, 0x0000000727c00000, 0x0000000727e00000|  0%| F|  |TAMS 0x0000000727c00000, 0x0000000727c00000| Untracked 
| 309|0x0000000727e00000, 0x0000000727e00000, 0x0000000728000000|  0%| F|  |TAMS 0x0000000727e00000, 0x0000000727e00000| Untracked 
| 310|0x0000000728000000, 0x0000000728000000, 0x0000000728200000|  0%| F|  |TAMS 0x0000000728000000, 0x0000000728000000| Untracked 
| 311|0x0000000728200000, 0x0000000728200000, 0x0000000728400000|  0%| F|  |TAMS 0x0000000728200000, 0x0000000728200000| Untracked 
| 312|0x0000000728400000, 0x0000000728400000, 0x0000000728600000|  0%| F|  |TAMS 0x0000000728400000, 0x0000000728400000| Untracked 
| 313|0x0000000728600000, 0x0000000728600000, 0x0000000728800000|  0%| F|  |TAMS 0x0000000728600000, 0x0000000728600000| Untracked 
| 314|0x0000000728800000, 0x0000000728800000, 0x0000000728a00000|  0%| F|  |TAMS 0x0000000728800000, 0x0000000728800000| Untracked 
| 315|0x0000000728a00000, 0x0000000728a00000, 0x0000000728c00000|  0%| F|  |TAMS 0x0000000728a00000, 0x0000000728a00000| Untracked 
| 316|0x0000000728c00000, 0x0000000728c00000, 0x0000000728e00000|  0%| F|  |TAMS 0x0000000728c00000, 0x0000000728c00000| Untracked 
| 317|0x0000000728e00000, 0x0000000728e00000, 0x0000000729000000|  0%| F|  |TAMS 0x0000000728e00000, 0x0000000728e00000| Untracked 
| 318|0x0000000729000000, 0x0000000729000000, 0x0000000729200000|  0%| F|  |TAMS 0x0000000729000000, 0x0000000729000000| Untracked 
| 319|0x0000000729200000, 0x0000000729200000, 0x0000000729400000|  0%| F|  |TAMS 0x0000000729200000, 0x0000000729200000| Untracked 
| 320|0x0000000729400000, 0x0000000729400000, 0x0000000729600000|  0%| F|  |TAMS 0x0000000729400000, 0x0000000729400000| Untracked 
| 321|0x0000000729600000, 0x0000000729600000, 0x0000000729800000|  0%| F|  |TAMS 0x0000000729600000, 0x0000000729600000| Untracked 
| 322|0x0000000729800000, 0x00000007299ae260, 0x0000000729a00000| 84%| S|CS|TAMS 0x0000000729800000, 0x0000000729800000| Complete 
| 323|0x0000000729a00000, 0x0000000729c00000, 0x0000000729c00000|100%| S|CS|TAMS 0x0000000729a00000, 0x0000000729a00000| Complete 
| 324|0x0000000729c00000, 0x0000000729e00000, 0x0000000729e00000|100%| S|CS|TAMS 0x0000000729c00000, 0x0000000729c00000| Complete 
| 325|0x0000000729e00000, 0x0000000729e00000, 0x000000072a000000|  0%| F|  |TAMS 0x0000000729e00000, 0x0000000729e00000| Untracked 

Card table byte_map: [0x00000264e0070000,0x00000264e0870000] _byte_map_base: 0x00000264dc866000

Marking Bits (Prev, Next): (CMBitMap*) 0x00000264d7b8c040, (CMBitMap*) 0x00000264d7b8c080
 Prev Bits: [0x00000264e1070000, 0x00000264e5020000)
 Next Bits: [0x00000264e5020000, 0x00000264e8fd0000)

Polling page: 0x00000264d7bf0000

Metaspace:

Usage:
  Non-class:     33.18 MB used.
      Class:      4.79 MB used.
       Both:     37.97 MB used.

Virtual space:
  Non-class space:       40.00 MB reserved,      33.31 MB ( 83%) committed,  5 nodes.
      Class space:        1.00 GB reserved,       5.00 MB ( <1%) committed,  1 nodes.
             Both:        1.04 GB reserved,      38.31 MB (  4%) committed. 

Chunk freelists:
   Non-Class:  2.69 MB
       Class:  3.05 MB
        Both:  5.73 MB

MaxMetaspaceSize: unlimited
CompressedClassSpaceSize: 1.00 GB
Initial GC threshold: 21.00 MB
Current GC threshold: 60.12 MB
CDS: off
MetaspaceReclaimPolicy: balanced
 - commit_granule_bytes: 65536.
 - commit_granule_words: 8192.
 - virtual_space_node_default_size: 1048576.
 - enlarge_chunks_in_place: 1.
 - new_chunks_are_fully_committed: 0.
 - uncommit_free_chunks: 1.
 - use_allocation_guard: 0.
 - handle_deallocations: 1.


Internal statistics:

num_allocs_failed_limit: 9.
num_arena_births: 354.
num_arena_deaths: 0.
num_vsnodes_births: 6.
num_vsnodes_deaths: 0.
num_space_committed: 613.
num_space_uncommitted: 0.
num_chunks_returned_to_freelist: 9.
num_chunks_taken_from_freelist: 1503.
num_chunk_merges: 9.
num_chunk_splits: 1034.
num_chunks_enlarged: 788.
num_purges: 0.
num_inconsistent_stats: 0.

CodeCache: size=49152Kb used=9147Kb max_used=9312Kb free=40005Kb
 bounds [0x00000264dbf80000, 0x00000264dc8a0000, 0x00000264def80000]
 total_blobs=4547 nmethods=4016 adapters=456
 compilation: enabled
              stopped_count=0, restarted_count=0
 full_count=0

Compilation events (20 events):
Event: 11.609 Thread 0x00000264f077e5f0 nmethod 4006 0x00000264dc0c0f90 code [0x00000264dc0c11a0, 0x00000264dc0c1708]
Event: 11.609 Thread 0x00000264ec4ba930 nmethod 4008 0x00000264dc0c0c90 code [0x00000264dc0c0e20, 0x00000264dc0c0ee8]
Event: 11.609 Thread 0x00000264f077e5f0 4010       1       jdk.internal.jimage.ImageLocation::verifyName (161 bytes)
Event: 11.609 Thread 0x00000264ec4ba930 4011       1       jdk.internal.jimage.BasicImageReader::getResource (24 bytes)
Event: 11.610 Thread 0x00000264ec4ba930 nmethod 4011 0x00000264dc0c0610 code [0x00000264dc0c07e0, 0x00000264dc0c0ab8]
Event: 11.610 Thread 0x00000264ec4ba930 4012   !   1       jdk.internal.jimage.BasicImageReader::getResourceBuffer (203 bytes)
Event: 11.611 Thread 0x00000264f077e0e0 nmethod 4009 0x00000264dc0bf890 code [0x00000264dc0bfaa0, 0x00000264dc0c00a8]
Event: 11.611 Thread 0x00000264f077e5f0 nmethod 4010 0x00000264dc0be790 code [0x00000264dc0be9e0, 0x00000264dc0bf1b8]
Event: 11.611 Thread 0x00000264f077e0e0 4013       1       jdk.internal.jimage.ImageReader$SharedImageReader::handlePackages (251 bytes)
Event: 11.613 Thread 0x00000264ec4ba930 nmethod 4012 0x00000264dc0bcd90 code [0x00000264dc0bd0c0, 0x00000264dc0bdf18]
Event: 11.615 Thread 0x00000264ec4ba930 4014       1       java.lang.Integer::toString (55 bytes)
Event: 11.615 Thread 0x00000264ec4ba930 nmethod 4014 0x00000264dc0ba710 code [0x00000264dc0ba8c0, 0x00000264dc0baaf8]
Event: 11.615 Thread 0x00000264f077e0e0 nmethod 4013 0x00000264dc0bac10 code [0x00000264dc0bb000, 0x00000264dc0bc218]
Event: 11.616 Thread 0x00000264f077e0e0 4015       1       java.util.concurrent.CompletableFuture::<init> (5 bytes)
Event: 11.616 Thread 0x00000264f077e0e0 nmethod 4015 0x00000264dc0ba410 code [0x00000264dc0ba5a0, 0x00000264dc0ba658]
Event: 11.616 Thread 0x00000264f077e0e0 4016       1       jdk.internal.jimage.ImageReader$SharedImageReader$$Lambda$586/0x00000008004f0b80::visit (9 bytes)
Event: 11.616 Thread 0x00000264f077e0e0 nmethod 4016 0x00000264dc0ba010 code [0x00000264dc0ba1c0, 0x00000264dc0ba2d8]
Event: 11.617 Thread 0x00000264f077e0e0 4017       1       jdk.internal.jimage.ImageReader$SharedImageReader::lambda$handlePackages$0 (10 bytes)
Event: 11.617 Thread 0x00000264f077e5f0 4018       1       jdk.internal.jimage.ImageReader$SharedImageReader::visitPackageLocation (195 bytes)
Event: 11.617 Thread 0x00000264f077e0e0 nmethod 4017 0x00000264dc0b9c10 code [0x00000264dc0b9dc0, 0x00000264dc0b9ed8]

GC Heap History (20 events):
Event: 7.559 GC heap after
{Heap after GC invocations=13 (full 0):
 garbage-first heap   total 155648K, used 63409K [0x0000000701400000, 0x0000000800000000)
  region size 2048K, 2 young (4096K), 2 survivors (4096K)
 Metaspace       used 35574K, committed 35904K, reserved 1081344K
  class space    used 4609K, committed 4736K, reserved 1048576K
}
Event: 7.588 GC heap before
{Heap before GC invocations=13 (full 0):
 garbage-first heap   total 155648K, used 110513K [0x0000000701400000, 0x0000000800000000)
  region size 2048K, 26 young (53248K), 2 survivors (4096K)
 Metaspace       used 35581K, committed 35968K, reserved 1081344K
  class space    used 4615K, committed 4800K, reserved 1048576K
}
Event: 7.593 GC heap after
{Heap after GC invocations=14 (full 0):
 garbage-first heap   total 333824K, used 65112K [0x0000000701400000, 0x0000000800000000)
  region size 2048K, 3 young (6144K), 3 survivors (6144K)
 Metaspace       used 35581K, committed 35968K, reserved 1081344K
  class space    used 4615K, committed 4800K, reserved 1048576K
}
Event: 7.693 GC heap before
{Heap before GC invocations=14 (full 0):
 garbage-first heap   total 333824K, used 218712K [0x0000000701400000, 0x0000000800000000)
  region size 2048K, 79 young (161792K), 3 survivors (6144K)
 Metaspace       used 35665K, committed 36032K, reserved 1081344K
  class space    used 4621K, committed 4800K, reserved 1048576K
}
Event: 7.702 GC heap after
{Heap after GC invocations=15 (full 0):
 garbage-first heap   total 333824K, used 70666K [0x0000000701400000, 0x0000000800000000)
  region size 2048K, 5 young (10240K), 5 survivors (10240K)
 Metaspace       used 35665K, committed 36032K, reserved 1081344K
  class space    used 4621K, committed 4800K, reserved 1048576K
}
Event: 7.784 GC heap before
{Heap before GC invocations=15 (full 0):
 garbage-first heap   total 333824K, used 246794K [0x0000000701400000, 0x0000000800000000)
  region size 2048K, 92 young (188416K), 5 survivors (10240K)
 Metaspace       used 35666K, committed 36032K, reserved 1081344K
  class space    used 4621K, committed 4800K, reserved 1048576K
}
Event: 7.794 GC heap after
{Heap after GC invocations=16 (full 0):
 garbage-first heap   total 333824K, used 77943K [0x0000000701400000, 0x0000000800000000)
  region size 2048K, 9 young (18432K), 9 survivors (18432K)
 Metaspace       used 35666K, committed 36032K, reserved 1081344K
  class space    used 4621K, committed 4800K, reserved 1048576K
}
Event: 7.873 GC heap before
{Heap before GC invocations=16 (full 0):
 garbage-first heap   total 333824K, used 252023K [0x0000000701400000, 0x0000000800000000)
  region size 2048K, 95 young (194560K), 9 survivors (18432K)
 Metaspace       used 35669K, committed 36032K, reserved 1081344K
  class space    used 4622K, committed 4800K, reserved 1048576K
}
Event: 7.888 GC heap after
{Heap after GC invocations=17 (full 0):
 garbage-first heap   total 333824K, used 86393K [0x0000000701400000, 0x0000000800000000)
  region size 2048K, 8 young (16384K), 8 survivors (16384K)
 Metaspace       used 35669K, committed 36032K, reserved 1081344K
  class space    used 4622K, committed 4800K, reserved 1048576K
}
Event: 7.965 GC heap before
{Heap before GC invocations=17 (full 0):
 garbage-first heap   total 333824K, used 258425K [0x0000000701400000, 0x0000000800000000)
  region size 2048K, 93 young (190464K), 8 survivors (16384K)
 Metaspace       used 35669K, committed 36032K, reserved 1081344K
  class space    used 4622K, committed 4800K, reserved 1048576K
}
Event: 7.983 GC heap after
{Heap after GC invocations=18 (full 0):
 garbage-first heap   total 667648K, used 93962K [0x0000000701400000, 0x0000000800000000)
  region size 2048K, 8 young (16384K), 8 survivors (16384K)
 Metaspace       used 35669K, committed 36032K, reserved 1081344K
  class space    used 4622K, committed 4800K, reserved 1048576K
}
Event: 8.236 GC heap before
{Heap before GC invocations=18 (full 0):
 garbage-first heap   total 667648K, used 474890K [0x0000000701400000, 0x0000000800000000)
  region size 2048K, 195 young (399360K), 8 survivors (16384K)
 Metaspace       used 35669K, committed 36032K, reserved 1081344K
  class space    used 4622K, committed 4800K, reserved 1048576K
}
Event: 8.254 GC heap after
{Heap after GC invocations=19 (full 0):
 garbage-first heap   total 667648K, used 107572K [0x0000000701400000, 0x0000000800000000)
  region size 2048K, 15 young (30720K), 15 survivors (30720K)
 Metaspace       used 35669K, committed 36032K, reserved 1081344K
  class space    used 4622K, committed 4800K, reserved 1048576K
}
Event: 8.592 GC heap before
{Heap before GC invocations=19 (full 0):
 garbage-first heap   total 667648K, used 474164K [0x0000000701400000, 0x0000000800000000)
  region size 2048K, 195 young (399360K), 15 survivors (30720K)
 Metaspace       used 35802K, committed 36160K, reserved 1081344K
  class space    used 4631K, committed 4800K, reserved 1048576K
}
Event: 8.615 GC heap after
{Heap after GC invocations=20 (full 0):
 garbage-first heap   total 667648K, used 132098K [0x0000000701400000, 0x0000000800000000)
  region size 2048K, 23 young (47104K), 23 survivors (47104K)
 Metaspace       used 35802K, committed 36160K, reserved 1081344K
  class space    used 4631K, committed 4800K, reserved 1048576K
}
Event: 10.066 GC heap before
{Heap before GC invocations=20 (full 0):
 garbage-first heap   total 667648K, used 474114K [0x0000000701400000, 0x0000000800000000)
  region size 2048K, 192 young (393216K), 23 survivors (47104K)
 Metaspace       used 36024K, committed 36352K, reserved 1081344K
  class space    used 4670K, committed 4800K, reserved 1048576K
}
Event: 10.097 GC heap after
{Heap after GC invocations=21 (full 0):
 garbage-first heap   total 667648K, used 149974K [0x0000000701400000, 0x0000000800000000)
  region size 2048K, 21 young (43008K), 21 survivors (43008K)
 Metaspace       used 36024K, committed 36352K, reserved 1081344K
  class space    used 4670K, committed 4800K, reserved 1048576K
}
Event: 11.572 GC heap before
{Heap before GC invocations=22 (full 0):
 garbage-first heap   total 602112K, used 465366K [0x0000000701400000, 0x0000000800000000)
  region size 2048K, 176 young (360448K), 21 survivors (43008K)
 Metaspace       used 38880K, committed 39232K, reserved 1089536K
  class space    used 4904K, committed 5120K, reserved 1048576K
}
Event: 11.601 GC heap after
{Heap after GC invocations=23 (full 0):
 garbage-first heap   total 602112K, used 166657K [0x0000000701400000, 0x0000000800000000)
  region size 2048K, 18 young (36864K), 18 survivors (36864K)
 Metaspace       used 38880K, committed 39232K, reserved 1089536K
  class space    used 4904K, committed 5120K, reserved 1048576K
}
Event: 11.618 GC heap before
{Heap before GC invocations=23 (full 0):
 garbage-first heap   total 602112K, used 166657K [0x0000000701400000, 0x0000000800000000)
  region size 2048K, 19 young (38912K), 18 survivors (36864K)
 Metaspace       used 38880K, committed 39232K, reserved 1089536K
  class space    used 4904K, committed 5120K, reserved 1048576K
}

Deoptimization events (12 events):
Event: 3.290 Thread 0x00000264d7b20910 DEOPT PACKING pc=0x00000264dc4eb979 sp=0x000000f0897fd0f0
Event: 3.290 Thread 0x00000264d7b20910 DEOPT UNPACKING pc=0x00000264dbfd2b43 sp=0x000000f0897fc5d0 mode 3
Event: 5.244 Thread 0x00000264d7b20910 DEOPT PACKING pc=0x00000264dc66adf9 sp=0x000000f0897fc4d0
Event: 5.244 Thread 0x00000264d7b20910 DEOPT UNPACKING pc=0x00000264dbfd2b43 sp=0x000000f0897fb9b0 mode 3
Event: 6.096 Thread 0x00000264ee1de4f0 DEOPT PACKING pc=0x00000264dc72356d sp=0x000000f08b8fd7d0
Event: 6.096 Thread 0x00000264ee1de4f0 DEOPT UNPACKING pc=0x00000264dbfd2b43 sp=0x000000f08b8fcce8 mode 3
Event: 6.147 Thread 0x00000264ee506c80 DEOPT PACKING pc=0x00000264dc4e7e89 sp=0x000000f08b7fdc00
Event: 6.147 Thread 0x00000264ee506c80 DEOPT UNPACKING pc=0x00000264dbfd2b43 sp=0x000000f08b7fd090 mode 3
Event: 6.149 Thread 0x00000264ee1de4f0 DEOPT PACKING pc=0x00000264dc4e551f sp=0x000000f08b8ff280
Event: 6.150 Thread 0x00000264ee1de4f0 DEOPT UNPACKING pc=0x00000264dbfd2b43 sp=0x000000f08b8fe6d8 mode 3
Event: 6.288 Thread 0x00000264ece27cc0 DEOPT PACKING pc=0x00000264dc73f213 sp=0x000000f08b9fe770
Event: 6.288 Thread 0x00000264ece27cc0 DEOPT UNPACKING pc=0x00000264dbfd2b43 sp=0x000000f08b9fdcb8 mode 3

Classes unloaded (0 events):
No events

Classes redefined (0 events):
No events

Internal exceptions (20 events):
Event: 6.346 Thread 0x00000264ee6eefe0 Exception <a 'sun/nio/fs/WindowsException'{0x000000070a056388}> (0x000000070a056388) 
thrown [s\src\hotspot\share\prims\jni.cpp, line 516]
Event: 6.346 Thread 0x00000264ee6eefe0 Exception <a 'sun/nio/fs/WindowsException'{0x000000070a056d70}> (0x000000070a056d70) 
thrown [s\src\hotspot\share\prims\jni.cpp, line 516]
Event: 6.347 Thread 0x00000264ee6eefe0 Exception <a 'sun/nio/fs/WindowsException'{0x000000070a057100}> (0x000000070a057100) 
thrown [s\src\hotspot\share\prims\jni.cpp, line 516]
Event: 6.347 Thread 0x00000264ee6eefe0 Exception <a 'sun/nio/fs/WindowsException'{0x000000070a057af8}> (0x000000070a057af8) 
thrown [s\src\hotspot\share\prims\jni.cpp, line 516]
Event: 6.347 Thread 0x00000264ee6eefe0 Exception <a 'sun/nio/fs/WindowsException'{0x000000070a057ea8}> (0x000000070a057ea8) 
thrown [s\src\hotspot\share\prims\jni.cpp, line 516]
Event: 6.347 Thread 0x00000264ee6eefe0 Exception <a 'sun/nio/fs/WindowsException'{0x000000070a058890}> (0x000000070a058890) 
thrown [s\src\hotspot\share\prims\jni.cpp, line 516]
Event: 6.347 Thread 0x00000264ee6eefe0 Exception <a 'sun/nio/fs/WindowsException'{0x000000070a058c20}> (0x000000070a058c20) 
thrown [s\src\hotspot\share\prims\jni.cpp, line 516]
Event: 6.348 Thread 0x00000264ee6eefe0 Exception <a 'sun/nio/fs/WindowsException'{0x000000070a059618}> (0x000000070a059618) 
thrown [s\src\hotspot\share\prims\jni.cpp, line 516]
Event: 6.348 Thread 0x00000264ee6eefe0 Exception <a 'sun/nio/fs/WindowsException'{0x000000070a0599c8}> (0x000000070a0599c8) 
thrown [s\src\hotspot\share\prims\jni.cpp, line 516]
Event: 6.348 Thread 0x00000264ee6eefe0 Exception <a 'sun/nio/fs/WindowsException'{0x000000070a05a3d8}> (0x000000070a05a3d8) 
thrown [s\src\hotspot\share\prims\jni.cpp, line 516]
Event: 6.348 Thread 0x00000264ee6eefe0 Exception <a 'sun/nio/fs/WindowsException'{0x000000070a05a798}> (0x000000070a05a798) 
thrown [s\src\hotspot\share\prims\jni.cpp, line 516]
Event: 6.348 Thread 0x00000264ee6eefe0 Exception <a 'sun/nio/fs/WindowsException'{0x000000070a05b1c0}> (0x000000070a05b1c0) 
thrown [s\src\hotspot\share\prims\jni.cpp, line 516]
Event: 6.348 Thread 0x00000264ee6eefe0 Exception <a 'sun/nio/fs/WindowsException'{0x000000070a05b5a0}> (0x000000070a05b5a0) 
thrown [s\src\hotspot\share\prims\jni.cpp, line 516]
Event: 6.348 Thread 0x00000264ee6eefe0 Exception <a 'sun/nio/fs/WindowsException'{0x000000070a05bfc0}> (0x000000070a05bfc0) 
thrown [s\src\hotspot\share\prims\jni.cpp, line 516]
Event: 6.349 Thread 0x00000264ee6eefe0 Exception <a 'sun/nio/fs/WindowsException'{0x000000070a05c3a0}> (0x000000070a05c3a0) 
thrown [s\src\hotspot\share\prims\jni.cpp, line 516]
Event: 6.538 Thread 0x00000264ee5ea4a0 Exception <a 'java/lang/NoSuchMethodError'{0x000000070802d618}: 'int java.lang.invoke.DirectMethodHandle$Holder.invokeStatic(java.lang.Object)'> (0x000000070802d618) 
thrown [s\src\hotspot\share\interpreter\linkResolver.cpp, line 759]
Event: 6.539 Thread 0x00000264ee5ea4a0 Exception <a 'java/lang/NoSuchMethodError'{0x0000000708030a18}: 'int java.lang.invoke.DirectMethodHandle$Holder.invokeStaticInit(java.lang.Object)'> (0x0000000708030a18) 
thrown [s\src\hotspot\share\interpreter\linkResolver.cpp, line 759]
Event: 8.449 Thread 0x00000264ee6f1b30 Exception <a 'sun/nio/fs/WindowsException'{0x0000000716082348}> (0x0000000716082348) 
thrown [s\src\hotspot\share\prims\jni.cpp, line 516]
Event: 8.449 Thread 0x00000264ee6f1b30 Exception <a 'sun/nio/fs/WindowsException'{0x0000000716082708}> (0x0000000716082708) 
thrown [s\src\hotspot\share\prims\jni.cpp, line 516]
Event: 11.498 Thread 0x00000264ee1de4f0 Exception <a 'java/lang/NoSuchMethodError'{0x00000007114b56e8}: 'java.lang.Object java.lang.invoke.Invokers$Holder.invoke_MT(java.lang.Object, java.lang.Object, java.lang.Object)'> (0x00000007114b56e8) 
thrown [s\src\hotspot\share\interpreter\linkResolver.cpp, line 759]

VM Operations (20 events):
Event: 9.616 Executing VM operation: Cleanup done
Event: 10.064 Executing VM operation: CollectForMetadataAllocation
Event: 10.064 Executing VM operation: CollectForMetadataAllocation done
Event: 10.064 Executing VM operation: G1CollectForAllocation
Event: 10.098 Executing VM operation: G1CollectForAllocation done
Event: 10.154 Executing VM operation: CollectForMetadataAllocation
Event: 10.158 Executing VM operation: CollectForMetadataAllocation done
Event: 10.255 Executing VM operation: G1Concurrent
Event: 10.264 Executing VM operation: G1Concurrent done
Event: 10.342 Executing VM operation: G1Concurrent
Event: 10.345 Executing VM operation: G1Concurrent done
Event: 11.474 Executing VM operation: HandshakeAllThreads
Event: 11.474 Executing VM operation: HandshakeAllThreads done
Event: 11.474 Executing VM operation: Cleanup
Event: 11.474 Executing VM operation: Cleanup done
Event: 11.478 Executing VM operation: HandshakeAllThreads
Event: 11.478 Executing VM operation: HandshakeAllThreads done
Event: 11.552 Executing VM operation: G1CollectForAllocation
Event: 11.602 Executing VM operation: G1CollectForAllocation done
Event: 11.618 Executing VM operation: G1CollectForAllocation

Events (20 events):
Event: 11.499 loading class jdk/internal/access/foreign/UnmapperProxy
Event: 11.499 loading class jdk/internal/access/foreign/UnmapperProxy done
Event: 11.499 loading class sun/nio/ch/FileChannelImpl$Unmapper done
Event: 11.499 loading class sun/nio/ch/FileChannelImpl$DefaultUnmapper done
Event: 11.499 loading class sun/nio/ch/Util$4
Event: 11.500 loading class sun/nio/ch/Util$4 done
Event: 11.500 loading class jdk/internal/access/foreign/MemorySegmentProxy
Event: 11.500 loading class jdk/internal/access/foreign/MemorySegmentProxy done
Event: 11.502 loading class java/io/UTFDataFormatException
Event: 11.502 loading class java/io/UTFDataFormatException done
Event: 11.507 loading class java/nio/file/ClosedDirectoryStreamException
Event: 11.507 loading class java/nio/file/ClosedDirectoryStreamException done
Event: 11.507 loading class jdk/internal/jrtfs/JrtFileSystem
Event: 11.508 loading class jdk/internal/jrtfs/JrtFileSystem done
Event: 11.508 loading class jdk/internal/jrtfs/JrtPath
Event: 11.509 loading class jdk/internal/jrtfs/JrtPath done
Event: 11.515 loading class java/nio/file/FileVisitOption
Event: 11.515 loading class java/nio/file/FileVisitOption done
Event: 11.516 loading class java/nio/file/FileTreeWalker
Event: 11.516 loading class java/nio/file/FileTreeWalker done


Dynamic libraries:
0x00007ff7c8dc0000 - 0x00007ff7c8dce000 	c:\Users\hp\.vscode\extensions\redhat.java-1.12.0-win32-x64\jre\17.0.4.1-win32-x86_64\bin\java.exe
0x00007ff980580000 - 0x00007ff980789000 	C:\WINDOWS\SYSTEM32\ntdll.dll
0x00007ff97f250000 - 0x00007ff97f30d000 	C:\WINDOWS\System32\KERNEL32.DLL
0x00007ff97dff0000 - 0x00007ff97e36d000 	C:\WINDOWS\System32\KERNELBASE.dll
0x00007ff97da60000 - 0x00007ff97db71000 	C:\WINDOWS\System32\ucrtbase.dll
0x00007ff967cf0000 - 0x00007ff967d08000 	c:\Users\hp\.vscode\extensions\redhat.java-1.12.0-win32-x64\jre\17.0.4.1-win32-x86_64\bin\jli.dll
0x00007ff93f6c0000 - 0x00007ff93f6d9000 	c:\Users\hp\.vscode\extensions\redhat.java-1.12.0-win32-x64\jre\17.0.4.1-win32-x86_64\bin\VCRUNTIME140.dll
0x00007ff94bcb0000 - 0x00007ff94bf55000 	C:\WINDOWS\WinSxS\amd64_microsoft.windows.common-controls_6595b64144ccf1df_6.0.22000.120_none_9d947278b86cc467\COMCTL32.dll
0x00007ff97e730000 - 0x00007ff97e8dd000 	C:\WINDOWS\System32\USER32.dll
0x00007ff97ed00000 - 0x00007ff97eda3000 	C:\WINDOWS\System32\msvcrt.dll
0x00007ff97e370000 - 0x00007ff97e396000 	C:\WINDOWS\System32\win32u.dll
0x00007ff980430000 - 0x00007ff980459000 	C:\WINDOWS\System32\GDI32.dll
0x00007ff97dc40000 - 0x00007ff97dd58000 	C:\WINDOWS\System32\gdi32full.dll
0x00007ff97ded0000 - 0x00007ff97df6d000 	C:\WINDOWS\System32\msvcp_win.dll
0x00007ff97ff70000 - 0x00007ff97ffa1000 	C:\WINDOWS\System32\IMM32.DLL
0x00007ff978290000 - 0x00007ff97829c000 	c:\Users\hp\.vscode\extensions\redhat.java-1.12.0-win32-x64\jre\17.0.4.1-win32-x86_64\bin\vcruntime140_1.dll
0x00007ff921a80000 - 0x00007ff921b11000 	c:\Users\hp\.vscode\extensions\redhat.java-1.12.0-win32-x64\jre\17.0.4.1-win32-x86_64\bin\msvcp140.dll
0x00007ff901920000 - 0x00007ff902566000 	c:\Users\hp\.vscode\extensions\redhat.java-1.12.0-win32-x64\jre\17.0.4.1-win32-x86_64\bin\server\jvm.dll
0x00007ff97fec0000 - 0x00007ff97ff6e000 	C:\WINDOWS\System32\ADVAPI32.dll
0x00007ff97e970000 - 0x00007ff97ea0e000 	C:\WINDOWS\System32\sechost.dll
0x00007ff97f130000 - 0x00007ff97f250000 	C:\WINDOWS\System32\RPCRT4.dll
0x00007ff97e4c0000 - 0x00007ff97e4c8000 	C:\WINDOWS\System32\PSAPI.DLL
0x00007ff963130000 - 0x00007ff963139000 	C:\WINDOWS\SYSTEM32\WSOCK32.dll
0x00007ff97fad0000 - 0x00007ff97fb3f000 	C:\WINDOWS\System32\WS2_32.dll
0x00007ff977940000 - 0x00007ff977973000 	C:\WINDOWS\SYSTEM32\WINMM.dll
0x00007ff973e10000 - 0x00007ff973e1a000 	C:\WINDOWS\SYSTEM32\VERSION.dll
0x00007ff97cc10000 - 0x00007ff97cc28000 	C:\WINDOWS\SYSTEM32\kernel.appcore.dll
0x00007ff977bd0000 - 0x00007ff977bda000 	c:\Users\hp\.vscode\extensions\redhat.java-1.12.0-win32-x64\jre\17.0.4.1-win32-x86_64\bin\jimage.dll
0x00007ff97b5b0000 - 0x00007ff97b7d1000 	C:\WINDOWS\SYSTEM32\DBGHELP.DLL
0x00007ff959a00000 - 0x00007ff959a31000 	C:\WINDOWS\SYSTEM32\dbgcore.DLL
0x00007ff97df70000 - 0x00007ff97dfef000 	C:\WINDOWS\System32\bcryptPrimitives.dll
0x00007ff9687a0000 - 0x00007ff9687c5000 	c:\Users\hp\.vscode\extensions\redhat.java-1.12.0-win32-x64\jre\17.0.4.1-win32-x86_64\bin\java.dll
0x00007ff9680b0000 - 0x00007ff9680c8000 	c:\Users\hp\.vscode\extensions\redhat.java-1.12.0-win32-x64\jre\17.0.4.1-win32-x86_64\bin\zip.dll
0x00007ff97f310000 - 0x00007ff97fac8000 	C:\WINDOWS\System32\SHELL32.dll
0x00007ff97bba0000 - 0x00007ff97c408000 	C:\WINDOWS\SYSTEM32\windows.storage.dll
0x00007ff97fb40000 - 0x00007ff97feb9000 	C:\WINDOWS\System32\combase.dll
0x00007ff97ba30000 - 0x00007ff97bb96000 	C:\WINDOWS\SYSTEM32\wintypes.dll
0x00007ff97ec10000 - 0x00007ff97ecfa000 	C:\WINDOWS\System32\SHCORE.dll
0x00007ff97f0d0000 - 0x00007ff97f12d000 	C:\WINDOWS\System32\shlwapi.dll
0x00007ff97d990000 - 0x00007ff97d9b1000 	C:\WINDOWS\SYSTEM32\profapi.dll
0x00007ff967dd0000 - 0x00007ff967de9000 	C:\Users\hp\.vscode\extensions\redhat.java-1.12.0-win32-x64\jre\17.0.4.1-win32-x86_64\bin\net.dll
0x00007ff9777b0000 - 0x00007ff9778bc000 	C:\WINDOWS\SYSTEM32\WINHTTP.dll
0x00007ff97d030000 - 0x00007ff97d097000 	C:\WINDOWS\system32\mswsock.dll
0x00007ff940c40000 - 0x00007ff940c55000 	C:\Users\hp\.vscode\extensions\redhat.java-1.12.0-win32-x64\jre\17.0.4.1-win32-x86_64\bin\nio.dll
0x00007ff973310000 - 0x00007ff973320000 	c:\Users\hp\.vscode\extensions\redhat.java-1.12.0-win32-x64\jre\17.0.4.1-win32-x86_64\bin\verify.dll
0x00007ff9787e0000 - 0x00007ff9787e9000 	C:\Users\hp\.vscode\extensions\redhat.java-1.12.0-win32-x64\jre\17.0.4.1-win32-x86_64\bin\management.dll
0x00007ff977c00000 - 0x00007ff977c0b000 	C:\Users\hp\.vscode\extensions\redhat.java-1.12.0-win32-x64\jre\17.0.4.1-win32-x86_64\bin\management_ext.dll
0x00007ff95c120000 - 0x00007ff95c137000 	C:\WINDOWS\system32\napinsp.dll
0x00007ff95c140000 - 0x00007ff95c15b000 	C:\WINDOWS\system32\pnrpnsp.dll
0x00007ff97c7b0000 - 0x00007ff97c898000 	C:\WINDOWS\SYSTEM32\DNSAPI.dll
0x00007ff97c740000 - 0x00007ff97c76d000 	C:\WINDOWS\SYSTEM32\IPHLPAPI.DLL
0x00007ff97ef60000 - 0x00007ff97ef69000 	C:\WINDOWS\System32\NSI.dll
0x00007ff959a40000 - 0x00007ff959a52000 	C:\WINDOWS\System32\winrnr.dll
0x00007ff976480000 - 0x00007ff976495000 	C:\WINDOWS\system32\wshbth.dll
0x00007ff9599e0000 - 0x00007ff9599ff000 	C:\WINDOWS\system32\nlansp_c.dll
0x00000000575f0000 - 0x0000000057625000 	C:\Program Files\Bonjour\mdnsNSP.dll
0x00007ff9738f0000 - 0x00007ff9738fa000 	C:\Windows\System32\rasadhlp.dll
0x00007ff975e20000 - 0x00007ff975ea1000 	C:\WINDOWS\System32\fwpuclnt.dll
0x00007ff97d300000 - 0x00007ff97d318000 	C:\WINDOWS\SYSTEM32\CRYPTSP.dll
0x00007ff97cb70000 - 0x00007ff97cba5000 	C:\WINDOWS\system32\rsaenh.dll
0x00007ff97d0d0000 - 0x00007ff97d0f9000 	C:\WINDOWS\SYSTEM32\USERENV.dll
0x00007ff97d440000 - 0x00007ff97d467000 	C:\WINDOWS\SYSTEM32\bcrypt.dll
0x00007ff97d220000 - 0x00007ff97d22c000 	C:\WINDOWS\SYSTEM32\CRYPTBASE.dll
0x00007ff977190000 - 0x00007ff9771a9000 	C:\WINDOWS\SYSTEM32\dhcpcsvc6.DLL
0x00007ff977d10000 - 0x00007ff977d2e000 	C:\WINDOWS\SYSTEM32\dhcpcsvc.DLL

dbghelp: loaded successfully - version: 4.0.5 - missing functions: none
symbol engine: initialized successfully - sym options: 0x614 - pdb path: .;c:\Users\hp\.vscode\extensions\redhat.java-1.12.0-win32-x64\jre\17.0.4.1-win32-x86_64\bin;C:\WINDOWS\SYSTEM32;C:\WINDOWS\WinSxS\amd64_microsoft.windows.common-controls_6595b64144ccf1df_6.0.22000.120_none_9d947278b86cc467;c:\Users\hp\.vscode\extensions\redhat.java-1.12.0-win32-x64\jre\17.0.4.1-win32-x86_64\bin\server;C:\Program Files\Bonjour

VM Arguments:
jvm_args: -Dsts.lsp.client=vscode -Dsts.log.file=/dev/null -XX:TieredStopAtLevel=1 -Xlog:jni+resolve=off -Dspring.config.location=file:c:\Users\hp\.vscode\extensions\pivotal.vscode-spring-boot-1.40.0\language-server\BOOT-INF\classes\application.properties 
java_command: org.springframework.ide.vscode.boot.app.BootLanguageServerBootApp
java_class_path (initial): c:\Users\hp\.vscode\extensions\pivotal.vscode-spring-boot-1.40.0\language-server\BOOT-INF\classes;c:\Users\hp\.vscode\extensions\pivotal.vscode-spring-boot-1.40.0\language-server\BOOT-INF\lib\annotations-23.0.0.jar;c:\Users\hp\.vscode\extensions\pivotal.vscode-spring-boot-1.40.0\language-server\BOOT-INF\lib\ant-1.10.12.jar;c:\Users\hp\.vscode\extensions\pivotal.vscode-spring-boot-1.40.0\language-server\BOOT-INF\lib\ant-launcher-1.10.12.jar;c:\Users\hp\.vscode\extensions\pivotal.vscode-spring-boot-1.40.0\language-server\BOOT-INF\lib\antlr-runtime-3.5.2.jar;c:\Users\hp\.vscode\extensions\pivotal.vscode-spring-boot-1.40.0\language-server\BOOT-INF\lib\antlr4-4.9.3.jar;c:\Users\hp\.vscode\extensions\pivotal.vscode-spring-boot-1.40.0\language-server\BOOT-INF\lib\antlr4-runtime-4.9.3.jar;c:\Users\hp\.vscode\extensions\pivotal.vscode-spring-boot-1.40.0\language-server\BOOT-INF\lib\asm-9.3.jar;c:\Users\hp\.vscode\extensions\pivotal.vscode-spring-boot-1.40.0\language-server\BOOT-INF\lib\asm-analysis-9.3.jar;c:\Users\hp\.vscode\extensions\pivotal.vscode-spring-boot-1.40.0\language-server\BOOT-INF\lib\asm-tree-9.3.jar;c:\Users\hp\.vscode\extensions\pivotal.vscode-spring-boot-1.40.0\language-server\BOOT-INF\lib\asm-util-9.3.jar;c:\Users\hp\.vscode\extensions\pivotal.vscode-spring-boot-1.40.0\language-server\BOOT-INF\lib\byte-buddy-1.12.13.jar;c:\Users\hp\.vscode\extensions\pivotal.vscode-spring-boot-1.40.0\language-server\BOOT-INF\lib\caffeine-2.9.3.jar;c:\Users\hp\.vscode\extensions\pivotal.vscode-spring-boot-1.40.0\language-server\BOOT-INF\lib\checker-qual-3.12.0.jar;c:\Users\hp\.vscode\extensions\pivotal.vscode-spring-boot-1.40.0\language-server\BOOT-INF\lib\classgraph-4.8.149.jar;c:\Users\hp\.vscode\extensions\pivotal.vscode-spring-boot-1.40.0\language-server\BOOT-INF\lib\commons-codec-1.15.jar;c:\Users\hp\.vscode\extensions\pivotal.vscode-spring-boot-1.40.0\language-server\BOOT-INF\lib\commons-compress-1.21.jar;c:\Users\hp\.vscode\extensions\piv
Launcher Type: SUN_STANDARD

[Global flags]
     intx CICompilerCount                          = 4                                         {product} {ergonomic}
     uint ConcGCThreads                            = 2                                         {product} {ergonomic}
     uint G1ConcRefinementThreads                  = 8                                         {product} {ergonomic}
   size_t G1HeapRegionSize                         = 2097152                                   {product} {ergonomic}
    uintx GCDrainStackTargetSize                   = 64                                        {product} {ergonomic}
   size_t InitialHeapSize                          = 268435456                                 {product} {ergonomic}
   size_t MarkStackSize                            = 4194304                                   {product} {ergonomic}
   size_t MaxHeapSize                              = 4273995776                                {product} {ergonomic}
   size_t MaxNewSize                               = 2562719744                                {product} {ergonomic}
   size_t MinHeapDeltaBytes                        = 2097152                                   {product} {ergonomic}
   size_t MinHeapSize                              = 8388608                                   {product} {ergonomic}
    uintx NonProfiledCodeHeapSize                  = 0                                      {pd product} {ergonomic}
     bool ProfileInterpreter                       = false                                  {pd product} {command line}
    uintx ProfiledCodeHeapSize                     = 0                                      {pd product} {ergonomic}
   size_t SoftMaxHeapSize                          = 4273995776                             {manageable} {ergonomic}
     intx TieredStopAtLevel                        = 1                                         {product} {command line}
     bool UseCompressedClassPointers               = true                           {product lp64_product} {ergonomic}
     bool UseCompressedOops                        = true                           {product lp64_product} {ergonomic}
     bool UseG1GC                                  = true                                      {product} {ergonomic}
     bool UseLargePagesIndividualAllocation        = false                                  {pd product} {ergonomic}

Logging:
Log output configuration:
 #0: stdout all=warning,jni+resolve=off uptime,level,tags
 #1: stderr all=off uptime,level,tags

Environment Variables:
PATH=C:\Program Files\Oculus\Support\oculus-runtime;C:\Program Files (x86)\VMware\VMware Workstation\bin\;C:\Program Files\Common Files\Oracle\Java\javapath;C:\Program Files (x86)\Common Files\Oracle\Java\javapath;C:\app\WINDOWS.X64_193000_db_home\bin;C:\Program Files (x86)\Common Files\Intel\Shared Libraries\redist\intel64\compiler;C:\Users\hp\AppData\Local\Programs\Python\Python39\Scripts\;C:\Users\hp\AppData\Local\Programs\Python\Python39\;C:\ProgramData\Oracle\Java\javapath;C:\Windows\system32;C:\Windows;C:\Windows\System32\Wbem;C:\Windows\System32\WindowsPowerShell\v1.0\;C:\Windows\System32\OpenSSH\;C:\Program Files (x86)\NVIDIA Corporation\PhysX\Common;C:\Program Files\NVIDIA Corporation\NVIDIA NvDLISR;C:\Program Files\Microsoft SQL Server\130\Tools\Binn\;C:\Program Files\Microsoft SQL Server\Client SDK\ODBC\170\Tools\Binn\;C:\Program Files\Azure Data Studio\bin;C:\Program Files (x86)\Microsoft SQL Server\150\Tools\Binn\;C:\Program Files\Microsoft SQL Server\150\Tools\Binn\;C:\Program Files\Microsoft SQL Server\150\DTS\Binn\;C:\Program Files (x86)\Microsoft SQL Server\150\DTS\Binn\;C:\Program Files\Java\jdk1.8.0_111\bin;C:\ProgramData\chocolatey\bin;C:\xampp\php;C:\ProgramData\ComposerSetup\bin;C:\Program Files\Git\cmd;C:\Program Files\Git\mingw64\bin;C:\Program Files\Git\usr\bin;C:\Program Files\dotnet\;C:\WINDOWS\system32;C:\WINDOWS;C:\WINDOWS\System32\Wbem;C:\WINDOWS\System32\WindowsPowerShell\v1.0\;C:\WINDOWS\System32\OpenSSH\;C:\Program Files\PuTTY\;C:\HashiCorp\Vagrant\bin;C:\Program Files\Docker\Docker\resources\bin;C:\ProgramData\DockerDesktop\version-bin;C:\minikube;C:\Program Files\nodejs\;C:\Users\hp\AppData\Roaming\npm;C:\Users\hp\AppData\Roaming\npm\node_modules\@angular\cli\bin;C:\WINDOWS\system32;C:\WINDOWS;C:\WINDOWS\System32\Wbem;C:\WINDOWS\System32\WindowsPowerShell\v1.0;C:\Users\hp\AppData\Local\Programs\Microsoft VS Code\bin
USERNAME=ANDY_HP
OS=Windows_NT
PROCESSOR_IDENTIFIER=Intel64 Family 6 Model 142 Stepping 10, GenuineIntel
TMP=C:\Users\hp\AppData\Local\Temp
TEMP=C:\Users\hp\AppData\Local\Temp



---------------  S Y S T E M  ---------------

OS:
 Windows 11 , 64 bit Build 22000 (10.0.22000.708)
OS uptime: 3 days 0:52 hours
Hyper-V role detected

CPU: total 8 (initial active 8) (4 cores per cpu, 2 threads per core) family 6 model 142 stepping 10 microcode 0xe0, cx8, cmov, fxsr, ht, mmx, 3dnowpref, sse, sse2, sse3, ssse3, sse4.1, sse4.2, popcnt, lzcnt, tsc, tscinvbit, avx, avx2, aes, erms, clmul, bmi1, bmi2, adx, fma, vzeroupper, clflush, clflushopt, hv

Memory: 4k page, system-wide physical 16299M (4919M free)
TotalPageFile size 18347M (AvailPageFile size 307M)
current process WorkingSet (physical memory assigned to process): 737M, peak: 802M
current process commit charge ("private bytes"): 813M, peak: 1233M

vm_info: OpenJDK 64-Bit Server VM (17.0.4.1+1) for windows-amd64 JRE (17.0.4.1+1), built on Aug 17 2022 07:42:43 by "temurin" with MS VC++ 16.7 (VS2019)

END.
