#
# There is insufficient memory for the Java Runtime Environment to continue.
# Native memory allocation (malloc) failed to allocate 1453952 bytes for Chunk::new
# Possible reasons:
#   The system is out of physical RAM or swap space
#   The process is running with CompressedOops enabled, and the Java Heap may be blocking the growth of the native heap
# Possible solutions:
#   Reduce memory load on the system
#   Increase physical memory or swap space
#   Check if swap backing store is full
#   Decrease Java heap size (-Xmx/-Xms)
#   Decrease number of Java threads
#   Decrease Java thread stack sizes (-Xss)
#   Set larger code cache with -XX:ReservedCodeCacheSize=
#   JVM is running with Unscaled Compressed Oops mode in which the Java heap is
#     placed in the first 4GB address space. The Java Heap base address is the
#     maximum limit for the native heap growth. Please use -XX:HeapBaseMinAddress
#     to set the Java Heap base and to place the Java Heap above 4GB virtual address.
# This output file may be truncated or incomplete.
#
#  Out of Memory Error (arena.cpp:189), pid=23356, tid=10964
#
# JRE version: OpenJDK Runtime Environment Temurin-17.0.4.1+1 (17.0.4.1+1) (build 17.0.4.1+1)
# Java VM: OpenJDK 64-Bit Server VM Temurin-17.0.4.1+1 (17.0.4.1+1, mixed mode, tiered, compressed oops, compressed class ptrs, parallel gc, windows-amd64)
# No core dump will be written. Minidumps are not enabled by default on client versions of Windows
#

---------------  S U M M A R Y ------------

Command Line: --add-modules=ALL-SYSTEM --add-opens=java.base/java.util=ALL-UNNAMED --add-opens=java.base/java.lang=ALL-UNNAMED --add-opens=java.base/sun.nio.fs=ALL-UNNAMED -Declipse.application=org.eclipse.jdt.ls.core.id1 -Dosgi.bundles.defaultStartLevel=4 -Declipse.product=org.eclipse.jdt.ls.core.product -Djava.import.generatesMetadataFilesAtProjectRoot=false -Dfile.encoding=utf8 -XX:+UseParallelGC -XX:GCTimeRatio=4 -XX:AdaptiveSizePolicyWeight=90 -Dsun.zip.disableMemoryMapping=true -Xmx1G -Xms100m -Xlog:disable -javaagent:c:\Users\hp\.vscode\extensions\redhat.java-1.12.0-win32-x64\lombok\lombok-1.18.24.jar -XX:+HeapDumpOnOutOfMemoryError -XX:HeapDumpPath=c:\Users\hp\AppData\Roaming\Code\User\workspaceStorage\3d0ab87a07db59dfbb2f8e5f47a74104\redhat.java c:\Users\hp\.vscode\extensions\redhat.java-1.12.0-win32-x64\server\plugins\org.eclipse.equinox.launcher_1.6.400.v20210924-0641.jar -configuration c:\Users\hp\AppData\Roaming\Code\User\globalStorage\redhat.java\1.12.0\config_win -data c:\Users\hp\AppData\Roaming\Code\User\workspaceStorage\3d0ab87a07db59dfbb2f8e5f47a74104\redhat.java\jdt_ws

Host: Intel(R) Core(TM) i7-8550U CPU @ 1.80GHz, 8 cores, 15G,  Windows 11 , 64 bit Build 22000 (10.0.22000.708)
Time: Mon Nov 21 01:46:02 2022 Hora estándar oeste, Sudamérica elapsed time: 80.724023 seconds (0d 0h 1m 20s)

---------------  T H R E A D  ---------------

Current thread (0x000001aaf0741c40):  JavaThread "C2 CompilerThread0" daemon [_thread_in_native, id=10964, stack(0x0000000f59900000,0x0000000f59a00000)]


Current CompileTask:
C2:  80724 9347   !   4       org.codehaus.plexus.interpolation.StringSearchInterpolator::interpolate (668 bytes)

Stack: [0x0000000f59900000,0x0000000f59a00000]
Native frames: (J=compiled Java code, j=interpreted, Vv=VM code, C=native code)
V  [jvm.dll+0x67731a]
V  [jvm.dll+0x832284]
V  [jvm.dll+0x833a2e]
V  [jvm.dll+0x834093]
V  [jvm.dll+0x245775]
V  [jvm.dll+0xabd7b]
V  [jvm.dll+0xac30c]
V  [jvm.dll+0x363a97]
V  [jvm.dll+0x1bbd52]
V  [jvm.dll+0x2187d9]
V  [jvm.dll+0x217aa1]
V  [jvm.dll+0x1a3f8d]
V  [jvm.dll+0x227498]
V  [jvm.dll+0x2255e5]
V  [jvm.dll+0x7e7e9b]
V  [jvm.dll+0x7e240a]
V  [jvm.dll+0x6761a5]
C  [ucrtbase.dll+0x26c0c]
C  [KERNEL32.DLL+0x154e0]
C  [ntdll.dll+0x485b]


---------------  P R O C E S S  ---------------

Threads class SMR info:
_java_thread_list=0x000001aaf4cff930, length=29, elements={
0x000001aadadaff70, 0x000001aaf0704660, 0x000001aaf07052e0, 0x000001aaf0714f60,
0x000001aaeec36d30, 0x000001aaeec375f0, 0x000001aaf073f040, 0x000001aaf0741c40,
0x000001aaf074e210, 0x000001aaf076ead0, 0x000001aadae6fe30, 0x000001aaf0a26c40,
0x000001aaf1b932a0, 0x000001aaf2be6030, 0x000001aaf2b8ae40, 0x000001aaf1a75e10,
0x000001aaf17c2e30, 0x000001aaf1756a20, 0x000001aaf1753ed0, 0x000001aaf1753060,
0x000001aaf1754d40, 0x000001aaf17556e0, 0x000001aaf1755bb0, 0x000001aaf17543a0,
0x000001aaf1756550, 0x000001aaf526aa80, 0x000001aaf526b420, 0x000001aaf526b8f0,
0x000001aaf526af50
}

Java Threads: ( => current thread )
  0x000001aadadaff70 JavaThread "main" [_thread_blocked, id=23408, stack(0x0000000f59000000,0x0000000f59100000)]
  0x000001aaf0704660 JavaThread "Reference Handler" daemon [_thread_blocked, id=2228, stack(0x0000000f59300000,0x0000000f59400000)]
  0x000001aaf07052e0 JavaThread "Finalizer" daemon [_thread_blocked, id=21200, stack(0x0000000f59400000,0x0000000f59500000)]
  0x000001aaf0714f60 JavaThread "Signal Dispatcher" daemon [_thread_blocked, id=14096, stack(0x0000000f59500000,0x0000000f59600000)]
  0x000001aaeec36d30 JavaThread "Attach Listener" daemon [_thread_blocked, id=1436, stack(0x0000000f59600000,0x0000000f59700000)]
  0x000001aaeec375f0 JavaThread "Service Thread" daemon [_thread_blocked, id=15720, stack(0x0000000f59700000,0x0000000f59800000)]
  0x000001aaf073f040 JavaThread "Monitor Deflation Thread" daemon [_thread_blocked, id=19612, stack(0x0000000f59800000,0x0000000f59900000)]
=>0x000001aaf0741c40 JavaThread "C2 CompilerThread0" daemon [_thread_in_native, id=10964, stack(0x0000000f59900000,0x0000000f59a00000)]
  0x000001aaf074e210 JavaThread "C1 CompilerThread0" daemon [_thread_blocked, id=7040, stack(0x0000000f59a00000,0x0000000f59b00000)]
  0x000001aaf076ead0 JavaThread "Sweeper thread" daemon [_thread_blocked, id=17280, stack(0x0000000f59b00000,0x0000000f59c00000)]
  0x000001aadae6fe30 JavaThread "Common-Cleaner" daemon [_thread_blocked, id=660, stack(0x0000000f59c00000,0x0000000f59d00000)]
  0x000001aaf0a26c40 JavaThread "Notification Thread" daemon [_thread_blocked, id=6176, stack(0x0000000f59d00000,0x0000000f59e00000)]
  0x000001aaf1b932a0 JavaThread "Active Thread: Equinox Container: 8d0ed4e3-7db0-41af-aa29-d7b63ac46748" [_thread_blocked, id=10336, stack(0x0000000f5a600000,0x0000000f5a700000)]
  0x000001aaf2be6030 JavaThread "Framework Event Dispatcher: Equinox Container: 8d0ed4e3-7db0-41af-aa29-d7b63ac46748" daemon [_thread_blocked, id=15280, stack(0x0000000f5a400000,0x0000000f5a500000)]
  0x000001aaf2b8ae40 JavaThread "Start Level: Equinox Container: 8d0ed4e3-7db0-41af-aa29-d7b63ac46748" daemon [_thread_blocked, id=17124, stack(0x0000000f5a500000,0x0000000f5a600000)]
  0x000001aaf1a75e10 JavaThread "SCR Component Actor" daemon [_thread_blocked, id=16920, stack(0x0000000f5a700000,0x0000000f5a800000)]
  0x000001aaf17c2e30 JavaThread "Worker-JM" [_thread_blocked, id=5592, stack(0x0000000f5ab00000,0x0000000f5ac00000)]
  0x000001aaf1756a20 JavaThread "Worker-0: Synchronizing projects" [_thread_blocked, id=11236, stack(0x0000000f5ac00000,0x0000000f5ad00000)]
  0x000001aaf1753ed0 JavaThread "Worker-1: Refreshing workspace" [_thread_blocked, id=14956, stack(0x0000000f5ad00000,0x0000000f5ae00000)]
  0x000001aaf1753060 JavaThread "Worker-2: Initialize workspace" [_thread_blocked, id=17004, stack(0x0000000f5ae00000,0x0000000f5af00000)]
  0x000001aaf1754d40 JavaThread "Worker-3: Synchronizing projects" [_thread_blocked, id=24544, stack(0x0000000f5b100000,0x0000000f5b200000)]
  0x000001aaf17556e0 JavaThread "Java indexing" daemon [_thread_blocked, id=14884, stack(0x0000000f5b200000,0x0000000f5b300000)]
  0x000001aaf1755bb0 JavaThread "Worker-4" [_thread_blocked, id=24340, stack(0x0000000f5b300000,0x0000000f5b400000)]
  0x000001aaf17543a0 JavaThread "JNA Cleaner" daemon [_thread_blocked, id=23284, stack(0x0000000f5b400000,0x0000000f5b500000)]
  0x000001aaf1756550 JavaThread "pool-2-thread-1" [_thread_blocked, id=20496, stack(0x0000000f5aa00000,0x0000000f5ab00000)]
  0x000001aaf526aa80 JavaThread "pool-1-thread-1" [_thread_blocked, id=16764, stack(0x0000000f5b700000,0x0000000f5b800000)]
  0x000001aaf526b420 JavaThread "ForkJoinPool.commonPool-worker-1" daemon [_thread_in_native, id=18992, stack(0x0000000f58e00000,0x0000000f58f00000)]
  0x000001aaf526b8f0 JavaThread "Worker-5" [_thread_blocked, id=25096, stack(0x0000000f58d00000,0x0000000f58e00000)]
  0x000001aaf526af50 JavaThread "Worker-6" [_thread_blocked, id=6336, stack(0x0000000f58f00000,0x0000000f59000000)]

Other Threads:
  0x000001aaeead7320 VMThread "VM Thread" [stack: 0x0000000f59200000,0x0000000f59300000] [id=17388]
  0x000001aaf0a6f260 WatcherThread [stack: 0x0000000f59e00000,0x0000000f59f00000] [id=22200]
  0x000001aadadc1100 GCTaskThread "GC Thread#0" [stack: 0x0000000f59100000,0x0000000f59200000] [id=20972]
  0x000001aaf2a10fd0 GCTaskThread "GC Thread#1" [stack: 0x0000000f59f00000,0x0000000f5a000000] [id=23116]
  0x000001aaf1b96460 GCTaskThread "GC Thread#2" [stack: 0x0000000f5a000000,0x0000000f5a100000] [id=22924]
  0x000001aaf1b96710 GCTaskThread "GC Thread#3" [stack: 0x0000000f5a100000,0x0000000f5a200000] [id=8924]
  0x000001aaf1bcab10 GCTaskThread "GC Thread#4" [stack: 0x0000000f5a200000,0x0000000f5a300000] [id=1452]
  0x000001aaf1bcadc0 GCTaskThread "GC Thread#5" [stack: 0x0000000f5a300000,0x0000000f5a400000] [id=5680]
  0x000001aaf1bc6220 GCTaskThread "GC Thread#6" [stack: 0x0000000f5a800000,0x0000000f5a900000] [id=20744]
  0x000001aaf1bc64d0 GCTaskThread "GC Thread#7" [stack: 0x0000000f5a900000,0x0000000f5aa00000] [id=16908]

Threads with active compile tasks:
C2 CompilerThread0    80779 9347   !   4       org.codehaus.plexus.interpolation.StringSearchInterpolator::interpolate (668 bytes)

VM state: not at safepoint (normal execution)

VM Mutex/Monitor currently owned by a thread: None

Heap address: 0x00000000c0000000, size: 1024 MB, Compressed Oops mode: 32-bit

CDS archive(s) not mapped
Compressed class space mapped at: 0x0000000100000000-0x0000000140000000, reserved size: 1073741824
Narrow klass base: 0x0000000000000000, Narrow klass shift: 3, Narrow klass range: 0x140000000

GC Precious Log:
 CPUs: 8 total, 8 available
 Memory: 16299M
 Large Page Support: Disabled
 NUMA Support: Disabled
 Compressed Oops: Enabled (32-bit)
 Alignments: Space 512K, Generation 512K, Heap 2M
 Heap Min Capacity: 100M
 Heap Initial Capacity: 100M
 Heap Max Capacity: 1G
 Pre-touch: Disabled
 Parallel Workers: 8

Heap:
 PSYoungGen      total 15872K, used 12851K [0x00000000eab00000, 0x00000000ebd00000, 0x0000000100000000)
  eden space 14848K, 79% used [0x00000000eab00000,0x00000000eb68ce48,0x00000000eb980000)
  from space 1024K, 100% used [0x00000000ebb00000,0x00000000ebc00000,0x00000000ebc00000)
  to   space 1536K, 0% used [0x00000000eb980000,0x00000000eb980000,0x00000000ebb00000)
 ParOldGen       total 68608K, used 48237K [0x00000000c0000000, 0x00000000c4300000, 0x00000000eab00000)
  object space 68608K, 70% used [0x00000000c0000000,0x00000000c2f1b6b8,0x00000000c4300000)
 Metaspace       used 59178K, committed 60288K, reserved 1105920K
  class space    used 6301K, committed 6848K, reserved 1048576K

Card table byte_map: [0x000001aada760000,0x000001aada970000] _byte_map_base: 0x000001aada160000

Marking Bits: (ParMarkBitMap*) 0x00007ff9024a2cc0
 Begin Bits: [0x000001aaeca40000, 0x000001aaeda40000)
 End Bits:   [0x000001aaeda40000, 0x000001aaeea40000)

Polling page: 0x000001aad8d10000

Metaspace:

Usage:
  Non-class:     51.64 MB used.
      Class:      6.15 MB used.
       Both:     57.79 MB used.

Virtual space:
  Non-class space:       56.00 MB reserved,      52.19 MB ( 93%) committed,  7 nodes.
      Class space:        1.00 GB reserved,       6.69 MB ( <1%) committed,  1 nodes.
             Both:        1.05 GB reserved,      58.88 MB (  5%) committed. 

Chunk freelists:
   Non-Class:  3.42 MB
       Class:  1.37 MB
        Both:  4.79 MB

MaxMetaspaceSize: unlimited
CompressedClassSpaceSize: 1.00 GB
Initial GC threshold: 21.00 MB
Current GC threshold: 97.31 MB
CDS: off
MetaspaceReclaimPolicy: balanced
 - commit_granule_bytes: 65536.
 - commit_granule_words: 8192.
 - virtual_space_node_default_size: 1048576.
 - enlarge_chunks_in_place: 1.
 - new_chunks_are_fully_committed: 0.
 - uncommit_free_chunks: 1.
 - use_allocation_guard: 0.
 - handle_deallocations: 1.


Internal statistics:

num_allocs_failed_limit: 9.
num_arena_births: 750.
num_arena_deaths: 14.
num_vsnodes_births: 8.
num_vsnodes_deaths: 0.
num_space_committed: 942.
num_space_uncommitted: 0.
num_chunks_returned_to_freelist: 23.
num_chunks_taken_from_freelist: 3221.
num_chunk_merges: 10.
num_chunk_splits: 1960.
num_chunks_enlarged: 1056.
num_purges: 2.
num_inconsistent_stats: 0.

CodeHeap 'non-profiled nmethods': size=120000Kb used=5633Kb max_used=5633Kb free=114366Kb
 bounds [0x000001aae5510000, 0x000001aae5aa0000, 0x000001aaeca40000]
CodeHeap 'profiled nmethods': size=120000Kb used=16377Kb max_used=16377Kb free=103622Kb
 bounds [0x000001aaddfe0000, 0x000001aadeff0000, 0x000001aae5510000]
CodeHeap 'non-nmethods': size=5760Kb used=1310Kb max_used=1417Kb free=4449Kb
 bounds [0x000001aadda40000, 0x000001aaddcb0000, 0x000001aaddfe0000]
 total_blobs=8383 nmethods=7740 adapters=557
 compilation: enabled
              stopped_count=0, restarted_count=0
 full_count=0

Compilation events (20 events):
Event: 80.493 Thread 0x000001aaf074e210 9375       3       org.eclipse.aether.util.graph.transformer.ConflictIdSorter$ConflictId::add (47 bytes)
Event: 80.494 Thread 0x000001aaf074e210 nmethod 9375 0x000001aadefd9090 code [0x000001aadefd9280, 0x000001aadefd9938]
Event: 80.494 Thread 0x000001aaf074e210 9378       3       org.eclipse.aether.util.graph.transformer.ConflictResolver::gatherConflictItems (111 bytes)
Event: 80.496 Thread 0x000001aaf074e210 nmethod 9378 0x000001aadefd9b90 code [0x000001aadefd9e20, 0x000001aadefdaaa8]
Event: 80.496 Thread 0x000001aaf074e210 9377       3       java.util.IdentityHashMap::clear (39 bytes)
Event: 80.496 Thread 0x000001aaf074e210 nmethod 9377 0x000001aadefdae90 code [0x000001aadefdb040, 0x000001aadefdb358]
Event: 80.496 Thread 0x000001aaf074e210 9376       3       org.eclipse.aether.util.graph.transformer.ConflictIdSorter$ConflictId::hashCode (8 bytes)
Event: 80.497 Thread 0x000001aaf074e210 nmethod 9376 0x000001aadefdb490 code [0x000001aadefdb640, 0x000001aadefdb808]
Event: 80.515 Thread 0x000001aaf074e210 9379       1       org.apache.maven.artifact.versioning.ComparableVersion::toString (5 bytes)
Event: 80.515 Thread 0x000001aaf074e210 nmethod 9379 0x000001aae5a90290 code [0x000001aae5a90420, 0x000001aae5a904f8]
Event: 80.523 Thread 0x000001aaf074e210 9380       3       java.util.TreeMap$KeyIterator::next (8 bytes)
Event: 80.524 Thread 0x000001aaf074e210 nmethod 9380 0x000001aadefdb910 code [0x000001aadefdbac0, 0x000001aadefdbc08]
Event: 80.528 Thread 0x000001aaf074e210 9381       3       org.codehaus.plexus.classworlds.realm.Entry::matches (282 bytes)
Event: 80.537 Thread 0x000001aaf074e210 nmethod 9381 0x000001aadefdbd10 code [0x000001aadefdc420, 0x000001aadefdfff8]
Event: 80.538 Thread 0x000001aaf074e210 9382       3       org.codehaus.plexus.classworlds.realm.ClassRealm::loadClass (7 bytes)
Event: 80.538 Thread 0x000001aaf074e210 nmethod 9382 0x000001aadefe1410 code [0x000001aadefe15a0, 0x000001aadefe1768]
Event: 80.538 Thread 0x000001aaf074e210 9383       3       java.util.TreeMap::getFirstEntry (26 bytes)
Event: 80.538 Thread 0x000001aaf074e210 nmethod 9383 0x000001aadefe1810 code [0x000001aadefe19c0, 0x000001aadefe1bb8]
Event: 80.610 Thread 0x000001aaf074e210 9384       3       java.util.Hashtable::<init> (8 bytes)
Event: 80.610 Thread 0x000001aaf074e210 nmethod 9384 0x000001aadefe1c90 code [0x000001aadefe1e60, 0x000001aadefe1fa8]

GC Heap History (20 events):
Event: 69.453 GC heap before
{Heap before GC invocations=48 (full 2):
 PSYoungGen      total 16384K, used 16059K [0x00000000eab00000, 0x00000000ebf00000, 0x0000000100000000)
  eden space 15360K, 100% used [0x00000000eab00000,0x00000000eba00000,0x00000000eba00000)
  from space 1024K, 68% used [0x00000000eba00000,0x00000000ebaaee50,0x00000000ebb00000)
  to   space 2048K, 0% used [0x00000000ebd00000,0x00000000ebd00000,0x00000000ebf00000)
 ParOldGen       total 68608K, used 49449K [0x00000000c0000000, 0x00000000c4300000, 0x00000000eab00000)
  object space 68608K, 72% used [0x00000000c0000000,0x00000000c304a7a0,0x00000000c4300000)
 Metaspace       used 54820K, committed 55808K, reserved 1105920K
  class space    used 5935K, committed 6400K, reserved 1048576K
}
Event: 69.455 GC heap after
{Heap after GC invocations=48 (full 2):
 PSYoungGen      total 16896K, used 1081K [0x00000000eab00000, 0x00000000ebe80000, 0x0000000100000000)
  eden space 15360K, 0% used [0x00000000eab00000,0x00000000eab00000,0x00000000eba00000)
  from space 1536K, 70% used [0x00000000ebd00000,0x00000000ebe0e508,0x00000000ebe80000)
  to   space 1536K, 0% used [0x00000000ebb80000,0x00000000ebb80000,0x00000000ebd00000)
 ParOldGen       total 68608K, used 50034K [0x00000000c0000000, 0x00000000c4300000, 0x00000000eab00000)
  object space 68608K, 72% used [0x00000000c0000000,0x00000000c30dc9e0,0x00000000c4300000)
 Metaspace       used 54820K, committed 55808K, reserved 1105920K
  class space    used 5935K, committed 6400K, reserved 1048576K
}
Event: 70.174 GC heap before
{Heap before GC invocations=49 (full 2):
 PSYoungGen      total 16896K, used 16441K [0x00000000eab00000, 0x00000000ebe80000, 0x0000000100000000)
  eden space 15360K, 100% used [0x00000000eab00000,0x00000000eba00000,0x00000000eba00000)
  from space 1536K, 70% used [0x00000000ebd00000,0x00000000ebe0e508,0x00000000ebe80000)
  to   space 1536K, 0% used [0x00000000ebb80000,0x00000000ebb80000,0x00000000ebd00000)
 ParOldGen       total 68608K, used 50034K [0x00000000c0000000, 0x00000000c4300000, 0x00000000eab00000)
  object space 68608K, 72% used [0x00000000c0000000,0x00000000c30dc9e0,0x00000000c4300000)
 Metaspace       used 56662K, committed 57664K, reserved 1105920K
  class space    used 6110K, committed 6592K, reserved 1048576K
}
Event: 70.177 GC heap after
{Heap after GC invocations=49 (full 2):
 PSYoungGen      total 16384K, used 831K [0x00000000eab00000, 0x00000000ebd80000, 0x0000000100000000)
  eden space 15360K, 0% used [0x00000000eab00000,0x00000000eab00000,0x00000000eba00000)
  from space 1024K, 81% used [0x00000000ebb80000,0x00000000ebc4fda0,0x00000000ebc80000)
  to   space 1024K, 0% used [0x00000000ebc80000,0x00000000ebc80000,0x00000000ebd80000)
 ParOldGen       total 68608K, used 50058K [0x00000000c0000000, 0x00000000c4300000, 0x00000000eab00000)
  object space 68608K, 72% used [0x00000000c0000000,0x00000000c30e29e0,0x00000000c4300000)
 Metaspace       used 56662K, committed 57664K, reserved 1105920K
  class space    used 6110K, committed 6592K, reserved 1048576K
}
Event: 71.009 GC heap before
{Heap before GC invocations=50 (full 2):
 PSYoungGen      total 16384K, used 16191K [0x00000000eab00000, 0x00000000ebd80000, 0x0000000100000000)
  eden space 15360K, 100% used [0x00000000eab00000,0x00000000eba00000,0x00000000eba00000)
  from space 1024K, 81% used [0x00000000ebb80000,0x00000000ebc4fda0,0x00000000ebc80000)
  to   space 1024K, 0% used [0x00000000ebc80000,0x00000000ebc80000,0x00000000ebd80000)
 ParOldGen       total 68608K, used 50058K [0x00000000c0000000, 0x00000000c4300000, 0x00000000eab00000)
  object space 68608K, 72% used [0x00000000c0000000,0x00000000c30e29e0,0x00000000c4300000)
 Metaspace       used 57365K, committed 58368K, reserved 1105920K
  class space    used 6175K, committed 6656K, reserved 1048576K
}
Event: 71.012 GC heap after
{Heap after GC invocations=50 (full 2):
 PSYoungGen      total 16384K, used 997K [0x00000000eab00000, 0x00000000ebf00000, 0x0000000100000000)
  eden space 15360K, 0% used [0x00000000eab00000,0x00000000eab00000,0x00000000eba00000)
  from space 1024K, 97% used [0x00000000ebc80000,0x00000000ebd79730,0x00000000ebd80000)
  to   space 2560K, 0% used [0x00000000eba00000,0x00000000eba00000,0x00000000ebc80000)
 ParOldGen       total 68608K, used 50986K [0x00000000c0000000, 0x00000000c4300000, 0x00000000eab00000)
  object space 68608K, 74% used [0x00000000c0000000,0x00000000c31caad8,0x00000000c4300000)
 Metaspace       used 57365K, committed 58368K, reserved 1105920K
  class space    used 6175K, committed 6656K, reserved 1048576K
}
Event: 72.676 GC heap before
{Heap before GC invocations=51 (full 2):
 PSYoungGen      total 16384K, used 16357K [0x00000000eab00000, 0x00000000ebf00000, 0x0000000100000000)
  eden space 15360K, 100% used [0x00000000eab00000,0x00000000eba00000,0x00000000eba00000)
  from space 1024K, 97% used [0x00000000ebc80000,0x00000000ebd79730,0x00000000ebd80000)
  to   space 2560K, 0% used [0x00000000eba00000,0x00000000eba00000,0x00000000ebc80000)
 ParOldGen       total 68608K, used 50986K [0x00000000c0000000, 0x00000000c4300000, 0x00000000eab00000)
  object space 68608K, 74% used [0x00000000c0000000,0x00000000c31caad8,0x00000000c4300000)
 Metaspace       used 57716K, committed 58816K, reserved 1105920K
  class space    used 6193K, committed 6720K, reserved 1048576K
}
Event: 72.683 GC heap after
{Heap after GC invocations=51 (full 2):
 PSYoungGen      total 17408K, used 1920K [0x00000000eab00000, 0x00000000ebe00000, 0x0000000100000000)
  eden space 15360K, 0% used [0x00000000eab00000,0x00000000eab00000,0x00000000eba00000)
  from space 2048K, 93% used [0x00000000eba00000,0x00000000ebbe0000,0x00000000ebc00000)
  to   space 2048K, 0% used [0x00000000ebc00000,0x00000000ebc00000,0x00000000ebe00000)
 ParOldGen       total 68608K, used 51968K [0x00000000c0000000, 0x00000000c4300000, 0x00000000eab00000)
  object space 68608K, 75% used [0x00000000c0000000,0x00000000c32c00a0,0x00000000c4300000)
 Metaspace       used 57716K, committed 58816K, reserved 1105920K
  class space    used 6193K, committed 6720K, reserved 1048576K
}
Event: 72.955 GC heap before
{Heap before GC invocations=52 (full 2):
 PSYoungGen      total 17408K, used 17280K [0x00000000eab00000, 0x00000000ebe00000, 0x0000000100000000)
  eden space 15360K, 100% used [0x00000000eab00000,0x00000000eba00000,0x00000000eba00000)
  from space 2048K, 93% used [0x00000000eba00000,0x00000000ebbe0000,0x00000000ebc00000)
  to   space 2048K, 0% used [0x00000000ebc00000,0x00000000ebc00000,0x00000000ebe00000)
 ParOldGen       total 68608K, used 51968K [0x00000000c0000000, 0x00000000c4300000, 0x00000000eab00000)
  object space 68608K, 75% used [0x00000000c0000000,0x00000000c32c00a0,0x00000000c4300000)
 Metaspace       used 57829K, committed 58880K, reserved 1105920K
  class space    used 6195K, committed 6720K, reserved 1048576K
}
Event: 72.959 GC heap after
{Heap after GC invocations=52 (full 2):
 PSYoungGen      total 17408K, used 1344K [0x00000000eab00000, 0x00000000ebe00000, 0x0000000100000000)
  eden space 15360K, 0% used [0x00000000eab00000,0x00000000eab00000,0x00000000eba00000)
  from space 2048K, 65% used [0x00000000ebc00000,0x00000000ebd50000,0x00000000ebe00000)
  to   space 2048K, 0% used [0x00000000eba00000,0x00000000eba00000,0x00000000ebc00000)
 ParOldGen       total 68608K, used 53672K [0x00000000c0000000, 0x00000000c4300000, 0x00000000eab00000)
  object space 68608K, 78% used [0x00000000c0000000,0x00000000c346a0b0,0x00000000c4300000)
 Metaspace       used 57829K, committed 58880K, reserved 1105920K
  class space    used 6195K, committed 6720K, reserved 1048576K
}
Event: 74.200 GC heap before
{Heap before GC invocations=53 (full 2):
 PSYoungGen      total 17408K, used 16704K [0x00000000eab00000, 0x00000000ebe00000, 0x0000000100000000)
  eden space 15360K, 100% used [0x00000000eab00000,0x00000000eba00000,0x00000000eba00000)
  from space 2048K, 65% used [0x00000000ebc00000,0x00000000ebd50000,0x00000000ebe00000)
  to   space 2048K, 0% used [0x00000000eba00000,0x00000000eba00000,0x00000000ebc00000)
 ParOldGen       total 68608K, used 53672K [0x00000000c0000000, 0x00000000c4300000, 0x00000000eab00000)
  object space 68608K, 78% used [0x00000000c0000000,0x00000000c346a0b0,0x00000000c4300000)
 Metaspace       used 58076K, committed 59072K, reserved 1105920K
  class space    used 6215K, committed 6720K, reserved 1048576K
}
Event: 74.204 GC heap after
{Heap after GC invocations=53 (full 2):
 PSYoungGen      total 16896K, used 1312K [0x00000000eab00000, 0x00000000ebd00000, 0x0000000100000000)
  eden space 15360K, 0% used [0x00000000eab00000,0x00000000eab00000,0x00000000eba00000)
  from space 1536K, 85% used [0x00000000eba00000,0x00000000ebb48000,0x00000000ebb80000)
  to   space 1536K, 0% used [0x00000000ebb80000,0x00000000ebb80000,0x00000000ebd00000)
 ParOldGen       total 68608K, used 54712K [0x00000000c0000000, 0x00000000c4300000, 0x00000000eab00000)
  object space 68608K, 79% used [0x00000000c0000000,0x00000000c356e0b0,0x00000000c4300000)
 Metaspace       used 58076K, committed 59072K, reserved 1105920K
  class space    used 6215K, committed 6720K, reserved 1048576K
}
Event: 75.801 GC heap before
{Heap before GC invocations=54 (full 2):
 PSYoungGen      total 16896K, used 16672K [0x00000000eab00000, 0x00000000ebd00000, 0x0000000100000000)
  eden space 15360K, 100% used [0x00000000eab00000,0x00000000eba00000,0x00000000eba00000)
  from space 1536K, 85% used [0x00000000eba00000,0x00000000ebb48000,0x00000000ebb80000)
  to   space 1536K, 0% used [0x00000000ebb80000,0x00000000ebb80000,0x00000000ebd00000)
 ParOldGen       total 68608K, used 54712K [0x00000000c0000000, 0x00000000c4300000, 0x00000000eab00000)
  object space 68608K, 79% used [0x00000000c0000000,0x00000000c356e0b0,0x00000000c4300000)
 Metaspace       used 58164K, committed 59200K, reserved 1105920K
  class space    used 6218K, committed 6720K, reserved 1048576K
}
Event: 75.803 GC heap after
{Heap after GC invocations=54 (full 2):
 PSYoungGen      total 16896K, used 1120K [0x00000000eab00000, 0x00000000ebd00000, 0x0000000100000000)
  eden space 15360K, 0% used [0x00000000eab00000,0x00000000eab00000,0x00000000eba00000)
  from space 1536K, 72% used [0x00000000ebb80000,0x00000000ebc98000,0x00000000ebd00000)
  to   space 1536K, 0% used [0x00000000eba00000,0x00000000eba00000,0x00000000ebb80000)
 ParOldGen       total 68608K, used 55909K [0x00000000c0000000, 0x00000000c4300000, 0x00000000eab00000)
  object space 68608K, 81% used [0x00000000c0000000,0x00000000c3699418,0x00000000c4300000)
 Metaspace       used 58164K, committed 59200K, reserved 1105920K
  class space    used 6218K, committed 6720K, reserved 1048576K
}
Event: 77.172 GC heap before
{Heap before GC invocations=55 (full 2):
 PSYoungGen      total 16896K, used 12445K [0x00000000eab00000, 0x00000000ebd00000, 0x0000000100000000)
  eden space 15360K, 73% used [0x00000000eab00000,0x00000000eb60f5c0,0x00000000eba00000)
  from space 1536K, 72% used [0x00000000ebb80000,0x00000000ebc98000,0x00000000ebd00000)
  to   space 1536K, 0% used [0x00000000eba00000,0x00000000eba00000,0x00000000ebb80000)
 ParOldGen       total 68608K, used 55909K [0x00000000c0000000, 0x00000000c4300000, 0x00000000eab00000)
  object space 68608K, 81% used [0x00000000c0000000,0x00000000c3699418,0x00000000c4300000)
 Metaspace       used 58749K, committed 59776K, reserved 1105920K
  class space    used 6264K, committed 6784K, reserved 1048576K
}
Event: 77.175 GC heap after
{Heap after GC invocations=55 (full 2):
 PSYoungGen      total 16384K, used 576K [0x00000000eab00000, 0x00000000ebc00000, 0x0000000100000000)
  eden space 15360K, 0% used [0x00000000eab00000,0x00000000eab00000,0x00000000eba00000)
  from space 1024K, 56% used [0x00000000eba00000,0x00000000eba90000,0x00000000ebb00000)
  to   space 1024K, 0% used [0x00000000ebb00000,0x00000000ebb00000,0x00000000ebc00000)
 ParOldGen       total 68608K, used 56909K [0x00000000c0000000, 0x00000000c4300000, 0x00000000eab00000)
  object space 68608K, 82% used [0x00000000c0000000,0x00000000c3793428,0x00000000c4300000)
 Metaspace       used 58749K, committed 59776K, reserved 1105920K
  class space    used 6264K, committed 6784K, reserved 1048576K
}
Event: 77.175 GC heap before
{Heap before GC invocations=56 (full 3):
 PSYoungGen      total 16384K, used 576K [0x00000000eab00000, 0x00000000ebc00000, 0x0000000100000000)
  eden space 15360K, 0% used [0x00000000eab00000,0x00000000eab00000,0x00000000eba00000)
  from space 1024K, 56% used [0x00000000eba00000,0x00000000eba90000,0x00000000ebb00000)
  to   space 1024K, 0% used [0x00000000ebb00000,0x00000000ebb00000,0x00000000ebc00000)
 ParOldGen       total 68608K, used 56909K [0x00000000c0000000, 0x00000000c4300000, 0x00000000eab00000)
  object space 68608K, 82% used [0x00000000c0000000,0x00000000c3793428,0x00000000c4300000)
 Metaspace       used 58749K, committed 59776K, reserved 1105920K
  class space    used 6264K, committed 6784K, reserved 1048576K
}
Event: 77.367 GC heap after
{Heap after GC invocations=56 (full 3):
 PSYoungGen      total 16384K, used 0K [0x00000000eab00000, 0x00000000ebc00000, 0x0000000100000000)
  eden space 15360K, 0% used [0x00000000eab00000,0x00000000eab00000,0x00000000eba00000)
  from space 1024K, 0% used [0x00000000eba00000,0x00000000eba00000,0x00000000ebb00000)
  to   space 1024K, 0% used [0x00000000ebb00000,0x00000000ebb00000,0x00000000ebc00000)
 ParOldGen       total 68608K, used 48093K [0x00000000c0000000, 0x00000000c4300000, 0x00000000eab00000)
  object space 68608K, 70% used [0x00000000c0000000,0x00000000c2ef76b8,0x00000000c4300000)
 Metaspace       used 58749K, committed 59776K, reserved 1105920K
  class space    used 6264K, committed 6784K, reserved 1048576K
}
Event: 79.546 GC heap before
{Heap before GC invocations=57 (full 3):
 PSYoungGen      total 16384K, used 15360K [0x00000000eab00000, 0x00000000ebc00000, 0x0000000100000000)
  eden space 15360K, 100% used [0x00000000eab00000,0x00000000eba00000,0x00000000eba00000)
  from space 1024K, 0% used [0x00000000eba00000,0x00000000eba00000,0x00000000ebb00000)
  to   space 1024K, 0% used [0x00000000ebb00000,0x00000000ebb00000,0x00000000ebc00000)
 ParOldGen       total 68608K, used 48093K [0x00000000c0000000, 0x00000000c4300000, 0x00000000eab00000)
  object space 68608K, 70% used [0x00000000c0000000,0x00000000c2ef76b8,0x00000000c4300000)
 Metaspace       used 59018K, committed 60096K, reserved 1105920K
  class space    used 6291K, committed 6848K, reserved 1048576K
}
Event: 79.549 GC heap after
{Heap after GC invocations=57 (full 3):
 PSYoungGen      total 15872K, used 1024K [0x00000000eab00000, 0x00000000ebd00000, 0x0000000100000000)
  eden space 14848K, 0% used [0x00000000eab00000,0x00000000eab00000,0x00000000eb980000)
  from space 1024K, 100% used [0x00000000ebb00000,0x00000000ebc00000,0x00000000ebc00000)
  to   space 1536K, 0% used [0x00000000eb980000,0x00000000eb980000,0x00000000ebb00000)
 ParOldGen       total 68608K, used 48237K [0x00000000c0000000, 0x00000000c4300000, 0x00000000eab00000)
  object space 68608K, 70% used [0x00000000c0000000,0x00000000c2f1b6b8,0x00000000c4300000)
 Metaspace       used 59018K, committed 60096K, reserved 1105920K
  class space    used 6291K, committed 6848K, reserved 1048576K
}

Deoptimization events (20 events):
Event: 78.406 Thread 0x000001aaf526b420 DEOPT PACKING pc=0x000001aae5a35d9c sp=0x0000000f58efbc10
Event: 78.406 Thread 0x000001aaf526b420 DEOPT UNPACKING pc=0x000001aadda920a3 sp=0x0000000f58efbb78 mode 2
Event: 79.274 Thread 0x000001aaf526b420 DEOPT PACKING pc=0x000001aade0fca22 sp=0x0000000f58efbc00
Event: 79.275 Thread 0x000001aaf526b420 DEOPT UNPACKING pc=0x000001aadda92843 sp=0x0000000f58efb100 mode 0
Event: 80.493 Thread 0x000001aaf526b420 Uncommon trap: trap_request=0xffffff45 fr.pc=0x000001aae5a44048 relative=0x00000000000021e8
Event: 80.493 Thread 0x000001aaf526b420 Uncommon trap: reason=unstable_if action=reinterpret pc=0x000001aae5a44048 method=java.util.IdentityHashMap.remove(Ljava/lang/Object;)Ljava/lang/Object; @ 31 c2
Event: 80.493 Thread 0x000001aaf526b420 DEOPT PACKING pc=0x000001aae5a44048 sp=0x0000000f58efd2a0
Event: 80.493 Thread 0x000001aaf526b420 DEOPT UNPACKING pc=0x000001aadda920a3 sp=0x0000000f58efd110 mode 2
Event: 80.518 Thread 0x000001aaf526b420 Uncommon trap: trap_request=0xffffff45 fr.pc=0x000001aae586dcac relative=0x000000000000010c
Event: 80.518 Thread 0x000001aaf526b420 Uncommon trap: reason=unstable_if action=reinterpret pc=0x000001aae586dcac method=java.util.ArrayDeque.addLast(Ljava/lang/Object;)V @ 42 c2
Event: 80.518 Thread 0x000001aaf526b420 DEOPT PACKING pc=0x000001aae586dcac sp=0x0000000f58efd550
Event: 80.518 Thread 0x000001aaf526b420 DEOPT UNPACKING pc=0x000001aadda920a3 sp=0x0000000f58efd4f0 mode 2
Event: 80.523 Thread 0x000001aaf526b420 Uncommon trap: trap_request=0xffffff45 fr.pc=0x000001aae586c5a8 relative=0x00000000000005c8
Event: 80.523 Thread 0x000001aaf526b420 Uncommon trap: reason=unstable_if action=reinterpret pc=0x000001aae586c5a8 method=org.codehaus.plexus.classworlds.realm.ClassRealm.getClassLoadingLock(Ljava/lang/String;)Ljava/lang/Object; @ 27 c2
Event: 80.523 Thread 0x000001aaf526b420 DEOPT PACKING pc=0x000001aae586c5a8 sp=0x0000000f58efd590
Event: 80.523 Thread 0x000001aaf526b420 DEOPT UNPACKING pc=0x000001aadda920a3 sp=0x0000000f58efd388 mode 2
Event: 80.523 Thread 0x000001aaf526b420 Uncommon trap: trap_request=0xffffff45 fr.pc=0x000001aae598f1c0 relative=0x00000000000016e0
Event: 80.523 Thread 0x000001aaf526b420 Uncommon trap: reason=unstable_if action=reinterpret pc=0x000001aae598f1c0 method=java.lang.ClassLoader.loadClass(Ljava/lang/String;Z)Ljava/lang/Class; @ 29 c2
Event: 80.523 Thread 0x000001aaf526b420 DEOPT PACKING pc=0x000001aae598f1c0 sp=0x0000000f58efd220
Event: 80.523 Thread 0x000001aaf526b420 DEOPT UNPACKING pc=0x000001aadda920a3 sp=0x0000000f58efd210 mode 2

Classes unloaded (7 events):
Event: 17.273 Thread 0x000001aaeead7320 Unloading class 0x0000000100214800 'java/lang/invoke/LambdaForm$MH+0x0000000100214800'
Event: 17.273 Thread 0x000001aaeead7320 Unloading class 0x0000000100214400 'java/lang/invoke/LambdaForm$MH+0x0000000100214400'
Event: 17.273 Thread 0x000001aaeead7320 Unloading class 0x0000000100214000 'java/lang/invoke/LambdaForm$MH+0x0000000100214000'
Event: 17.273 Thread 0x000001aaeead7320 Unloading class 0x0000000100213800 'java/lang/invoke/LambdaForm$MH+0x0000000100213800'
Event: 17.273 Thread 0x000001aaeead7320 Unloading class 0x0000000100213400 'java/lang/invoke/LambdaForm$BMH+0x0000000100213400'
Event: 17.273 Thread 0x000001aaeead7320 Unloading class 0x0000000100213000 'java/lang/invoke/LambdaForm$DMH+0x0000000100213000'
Event: 17.273 Thread 0x000001aaeead7320 Unloading class 0x0000000100210400 'java/lang/invoke/LambdaForm$DMH+0x0000000100210400'

Classes redefined (0 events):
No events

Internal exceptions (20 events):
Event: 70.327 Thread 0x000001aaf526b420 Exception <a 'sun/nio/fs/WindowsException'{0x00000000ead426f8}> (0x00000000ead426f8) 
thrown [s\src\hotspot\share\prims\jni.cpp, line 516]
Event: 70.336 Thread 0x000001aaf526b420 Exception <a 'sun/nio/fs/WindowsException'{0x00000000ead580c8}> (0x00000000ead580c8) 
thrown [s\src\hotspot\share\prims\jni.cpp, line 516]
Event: 70.351 Thread 0x000001aaf526b420 Exception <a 'sun/nio/fs/WindowsException'{0x00000000ead6ea30}> (0x00000000ead6ea30) 
thrown [s\src\hotspot\share\prims\jni.cpp, line 516]
Event: 70.618 Thread 0x000001aaf526b420 Exception <a 'sun/nio/fs/WindowsException'{0x00000000eb423710}> (0x00000000eb423710) 
thrown [s\src\hotspot\share\prims\jni.cpp, line 516]
Event: 70.698 Thread 0x000001aaf526b420 Exception <a 'java/lang/NoSuchMethodError'{0x00000000eb5ecf78}: 'java.lang.Object java.lang.invoke.DirectMethodHandle$Holder.invokeSpecial(java.lang.Object, java.lang.Object, java.lang.Object, int, java.lang.Object, java.lang.Object)'> (0x00000000eb5ecf78) 
thrown [s\src\hotspot\share\interpreter\linkResolver.cpp, line 759]
Event: 72.995 Thread 0x000001aaf526b420 Implicit null exception at 0x000001aae578dbd6 to 0x000001aae578e058
Event: 73.075 Thread 0x000001aaf526b420 Implicit null exception at 0x000001aae554916c to 0x000001aae5549220
Event: 75.163 Thread 0x000001aaf526b420 Implicit null exception at 0x000001aae57f42ac to 0x000001aae57f42f8
Event: 76.366 Thread 0x000001aaf526aa80 Exception <a 'java/lang/NoSuchMethodError'{0x00000000eaf6fcb8}: 'java.lang.Object java.lang.invoke.DirectMethodHandle$Holder.invokeInterface(java.lang.Object, java.lang.Object, java.lang.Object)'> (0x00000000eaf6fcb8) 
thrown [s\src\hotspot\share\interpreter\linkResolver.cpp, line 759]
Event: 77.031 Thread 0x000001aaf526b420 Exception <a 'java/lang/NoSuchMethodError'{0x00000000eb44f5d8}: 'java.lang.Object java.lang.invoke.DirectMethodHandle$Holder.newInvokeSpecial(java.lang.Object, java.lang.Object, java.lang.Object, int, java.lang.Object)'> (0x00000000eb44f5d8) 
thrown [s\src\hotspot\share\interpreter\linkResolver.cpp, line 759]
Event: 77.032 Thread 0x000001aaf526b420 Exception <a 'java/lang/NoSuchMethodError'{0x00000000eb4544b0}: 'java.lang.Object java.lang.invoke.DirectMethodHandle$Holder.invokeSpecial(java.lang.Object, java.lang.Object, java.lang.Object, java.lang.Object, int, java.lang.Object)'> (0x00000000eb4544b0) 
thrown [s\src\hotspot\share\interpreter\linkResolver.cpp, line 759]
Event: 77.032 Thread 0x000001aaf526b420 Exception <a 'java/lang/NoSuchMethodError'{0x00000000eb457cb0}: 'java.lang.Object java.lang.invoke.Invokers$Holder.linkToTargetMethod(java.lang.Object, java.lang.Object, int, java.lang.Object, java.lang.Object)'> (0x00000000eb457cb0) 
thrown [s\src\hotspot\share\interpreter\linkResolver.cpp, line 759]
Event: 77.155 Thread 0x000001aaf526b420 Exception <a 'java/lang/NoSuchMethodError'{0x00000000eb5d3308}: 'int java.lang.invoke.DirectMethodHandle$Holder.invokeSpecial(java.lang.Object, java.lang.Object, java.lang.Object, java.lang.Object)'> (0x00000000eb5d3308) 
thrown [s\src\hotspot\share\interpreter\linkResolver.cpp, line 759]
Event: 77.169 Thread 0x000001aaf526b420 Exception <a 'java/lang/NoSuchMethodError'{0x00000000eb5ef048}: 'java.lang.Object java.lang.invoke.DirectMethodHandle$Holder.invokeStatic(java.lang.Object, int, java.lang.Object, java.lang.Object)'> (0x00000000eb5ef048) 
thrown [s\src\hotspot\share\interpreter\linkResolver.cpp, line 759]
Event: 77.171 Thread 0x000001aaf526b420 Exception <a 'java/lang/NoSuchMethodError'{0x00000000eb5f3088}: 'java.lang.Object java.lang.invoke.DirectMethodHandle$Holder.invokeSpecial(java.lang.Object, java.lang.Object, int, java.lang.Object, java.lang.Object)'> (0x00000000eb5f3088) 
thrown [s\src\hotspot\share\interpreter\linkResolver.cpp, line 759]
Event: 77.171 Thread 0x000001aaf526b420 Exception <a 'java/lang/NoSuchMethodError'{0x00000000eb5f6d30}: 'java.lang.Object java.lang.invoke.DelegatingMethodHandle$Holder.delegate(java.lang.Object, int, java.lang.Object, java.lang.Object)'> (0x00000000eb5f6d30) 
thrown [s\src\hotspot\share\interpreter\linkResolver.cpp, line 759]
Event: 77.371 Thread 0x000001aaf526b420 Exception <a 'java/lang/NoSuchMethodError'{0x00000000eab131e8}: 'int java.lang.invoke.Invokers$Holder.linkToTargetMethod(java.lang.Object, java.lang.Object, java.lang.Object)'> (0x00000000eab131e8) 
thrown [s\src\hotspot\share\interpreter\linkResolver.cpp, line 759]
Event: 77.381 Thread 0x000001aaf526b420 Exception <a 'java/lang/NoSuchMethodError'{0x00000000eab2c428}: 'void java.lang.invoke.DirectMethodHandle$Holder.invokeStatic(java.lang.Object, int)'> (0x00000000eab2c428) 
thrown [s\src\hotspot\share\interpreter\linkResolver.cpp, line 759]
Event: 77.938 Thread 0x000001aaf526b420 Exception <a 'java/io/FileNotFoundException'{0x00000000eaf0f570}> (0x00000000eaf0f570) 
thrown [s\src\hotspot\share\prims\jni.cpp, line 516]
Event: 77.939 Thread 0x000001aaf526b420 Exception <a 'java/io/FileNotFoundException'{0x00000000eaf10b78}> (0x00000000eaf10b78) 
thrown [s\src\hotspot\share\prims\jni.cpp, line 516]

VM Operations (20 events):
Event: 72.676 Executing VM operation: ParallelGCFailedAllocation
Event: 72.683 Executing VM operation: ParallelGCFailedAllocation done
Event: 72.955 Executing VM operation: ParallelGCFailedAllocation
Event: 72.959 Executing VM operation: ParallelGCFailedAllocation done
Event: 73.960 Executing VM operation: Cleanup
Event: 73.960 Executing VM operation: Cleanup done
Event: 74.200 Executing VM operation: ParallelGCFailedAllocation
Event: 74.204 Executing VM operation: ParallelGCFailedAllocation done
Event: 75.205 Executing VM operation: Cleanup
Event: 75.205 Executing VM operation: Cleanup done
Event: 75.801 Executing VM operation: ParallelGCFailedAllocation
Event: 75.803 Executing VM operation: ParallelGCFailedAllocation done
Event: 77.172 Executing VM operation: CollectForMetadataAllocation
Event: 77.367 Executing VM operation: CollectForMetadataAllocation done
Event: 78.368 Executing VM operation: Cleanup
Event: 78.368 Executing VM operation: Cleanup done
Event: 79.546 Executing VM operation: ParallelGCFailedAllocation
Event: 79.549 Executing VM operation: ParallelGCFailedAllocation done
Event: 80.550 Executing VM operation: Cleanup
Event: 80.550 Executing VM operation: Cleanup done

Events (20 events):
Event: 72.711 Thread 0x000001aaf2c6bf40 Thread added: 0x000001aaf2c6bf40
Event: 72.849 Thread 0x000001aaf2c70620 Thread added: 0x000001aaf2c70620
Event: 73.135 Thread 0x000001aaf2c70620 Thread exited: 0x000001aaf2c70620
Event: 73.136 Thread 0x000001aaf2c6bf40 Thread exited: 0x000001aaf2c6bf40
Event: 73.447 Thread 0x000001aaf2c72990 Thread added: 0x000001aaf2c72990
Event: 73.824 Thread 0x000001aaf2c72990 Thread exited: 0x000001aaf2c72990
Event: 76.966 Thread 0x000001aaf2c72990 Thread added: 0x000001aaf2c72990
Event: 77.157 loading class java/util/AbstractList$RandomAccessSubList
Event: 77.157 loading class java/util/AbstractList$SubList
Event: 77.158 loading class java/util/AbstractList$SubList done
Event: 77.158 loading class java/util/AbstractList$RandomAccessSubList done
Event: 77.158 loading class java/util/AbstractList$ListItr
Event: 77.158 loading class java/util/AbstractList$ListItr done
Event: 77.158 loading class java/util/AbstractList$SubList$1
Event: 77.169 loading class java/util/AbstractList$SubList$1 done
Event: 77.367 loading class java/lang/invoke/MethodHandleImpl$CountingWrapper
Event: 77.368 loading class java/lang/invoke/MethodHandleImpl$CountingWrapper done
Event: 77.529 Thread 0x000001aaf2c72990 Thread exited: 0x000001aaf2c72990
Event: 77.951 Thread 0x000001aaf2c70620 Thread added: 0x000001aaf2c70620
Event: 78.835 Thread 0x000001aaf2c70620 Thread exited: 0x000001aaf2c70620


Dynamic libraries:
0x00007ff7c8dc0000 - 0x00007ff7c8dce000 	c:\Users\hp\.vscode\extensions\redhat.java-1.12.0-win32-x64\jre\17.0.4.1-win32-x86_64\bin\java.exe
0x00007ff980580000 - 0x00007ff980789000 	C:\WINDOWS\SYSTEM32\ntdll.dll
0x00007ff97f250000 - 0x00007ff97f30d000 	C:\WINDOWS\System32\KERNEL32.DLL
0x00007ff97dff0000 - 0x00007ff97e36d000 	C:\WINDOWS\System32\KERNELBASE.dll
0x00007ff97da60000 - 0x00007ff97db71000 	C:\WINDOWS\System32\ucrtbase.dll
0x00007ff967cf0000 - 0x00007ff967d08000 	c:\Users\hp\.vscode\extensions\redhat.java-1.12.0-win32-x64\jre\17.0.4.1-win32-x86_64\bin\jli.dll
0x00007ff97e730000 - 0x00007ff97e8dd000 	C:\WINDOWS\System32\USER32.dll
0x00007ff97e370000 - 0x00007ff97e396000 	C:\WINDOWS\System32\win32u.dll
0x00007ff980430000 - 0x00007ff980459000 	C:\WINDOWS\System32\GDI32.dll
0x00007ff93f6c0000 - 0x00007ff93f6d9000 	c:\Users\hp\.vscode\extensions\redhat.java-1.12.0-win32-x64\jre\17.0.4.1-win32-x86_64\bin\VCRUNTIME140.dll
0x00007ff97dc40000 - 0x00007ff97dd58000 	C:\WINDOWS\System32\gdi32full.dll
0x00007ff97ded0000 - 0x00007ff97df6d000 	C:\WINDOWS\System32\msvcp_win.dll
0x00007ff94bcb0000 - 0x00007ff94bf55000 	C:\WINDOWS\WinSxS\amd64_microsoft.windows.common-controls_6595b64144ccf1df_6.0.22000.120_none_9d947278b86cc467\COMCTL32.dll
0x00007ff97ed00000 - 0x00007ff97eda3000 	C:\WINDOWS\System32\msvcrt.dll
0x00007ff97ff70000 - 0x00007ff97ffa1000 	C:\WINDOWS\System32\IMM32.DLL
0x00007ff978290000 - 0x00007ff97829c000 	c:\Users\hp\.vscode\extensions\redhat.java-1.12.0-win32-x64\jre\17.0.4.1-win32-x86_64\bin\vcruntime140_1.dll
0x00007ff921a80000 - 0x00007ff921b11000 	c:\Users\hp\.vscode\extensions\redhat.java-1.12.0-win32-x64\jre\17.0.4.1-win32-x86_64\bin\msvcp140.dll
0x00007ff901920000 - 0x00007ff902566000 	c:\Users\hp\.vscode\extensions\redhat.java-1.12.0-win32-x64\jre\17.0.4.1-win32-x86_64\bin\server\jvm.dll
0x00007ff97fec0000 - 0x00007ff97ff6e000 	C:\WINDOWS\System32\ADVAPI32.dll
0x00007ff97e970000 - 0x00007ff97ea0e000 	C:\WINDOWS\System32\sechost.dll
0x00007ff97f130000 - 0x00007ff97f250000 	C:\WINDOWS\System32\RPCRT4.dll
0x00007ff97e4c0000 - 0x00007ff97e4c8000 	C:\WINDOWS\System32\PSAPI.DLL
0x00007ff963130000 - 0x00007ff963139000 	C:\WINDOWS\SYSTEM32\WSOCK32.dll
0x00007ff977940000 - 0x00007ff977973000 	C:\WINDOWS\SYSTEM32\WINMM.dll
0x00007ff97fad0000 - 0x00007ff97fb3f000 	C:\WINDOWS\System32\WS2_32.dll
0x00007ff973e10000 - 0x00007ff973e1a000 	C:\WINDOWS\SYSTEM32\VERSION.dll
0x00007ff97cc10000 - 0x00007ff97cc28000 	C:\WINDOWS\SYSTEM32\kernel.appcore.dll
0x00007ff977bd0000 - 0x00007ff977bda000 	c:\Users\hp\.vscode\extensions\redhat.java-1.12.0-win32-x64\jre\17.0.4.1-win32-x86_64\bin\jimage.dll
0x00007ff97b5b0000 - 0x00007ff97b7d1000 	C:\WINDOWS\SYSTEM32\DBGHELP.DLL
0x00007ff959a00000 - 0x00007ff959a31000 	C:\WINDOWS\SYSTEM32\dbgcore.DLL
0x00007ff97df70000 - 0x00007ff97dfef000 	C:\WINDOWS\System32\bcryptPrimitives.dll
0x00007ff977430000 - 0x00007ff97743e000 	c:\Users\hp\.vscode\extensions\redhat.java-1.12.0-win32-x64\jre\17.0.4.1-win32-x86_64\bin\instrument.dll
0x00007ff9687a0000 - 0x00007ff9687c5000 	c:\Users\hp\.vscode\extensions\redhat.java-1.12.0-win32-x64\jre\17.0.4.1-win32-x86_64\bin\java.dll
0x00007ff9680b0000 - 0x00007ff9680c8000 	c:\Users\hp\.vscode\extensions\redhat.java-1.12.0-win32-x64\jre\17.0.4.1-win32-x86_64\bin\zip.dll
0x00007ff97f310000 - 0x00007ff97fac8000 	C:\WINDOWS\System32\SHELL32.dll
0x00007ff97bba0000 - 0x00007ff97c408000 	C:\WINDOWS\SYSTEM32\windows.storage.dll
0x00007ff97fb40000 - 0x00007ff97feb9000 	C:\WINDOWS\System32\combase.dll
0x00007ff97ba30000 - 0x00007ff97bb96000 	C:\WINDOWS\SYSTEM32\wintypes.dll
0x00007ff97ec10000 - 0x00007ff97ecfa000 	C:\WINDOWS\System32\SHCORE.dll
0x00007ff97f0d0000 - 0x00007ff97f12d000 	C:\WINDOWS\System32\shlwapi.dll
0x00007ff97d990000 - 0x00007ff97d9b1000 	C:\WINDOWS\SYSTEM32\profapi.dll
0x00007ff967dd0000 - 0x00007ff967de9000 	C:\Users\hp\.vscode\extensions\redhat.java-1.12.0-win32-x64\jre\17.0.4.1-win32-x86_64\bin\net.dll
0x00007ff9777b0000 - 0x00007ff9778bc000 	C:\WINDOWS\SYSTEM32\WINHTTP.dll
0x00007ff97d030000 - 0x00007ff97d097000 	C:\WINDOWS\system32\mswsock.dll
0x00007ff940c40000 - 0x00007ff940c55000 	C:\Users\hp\.vscode\extensions\redhat.java-1.12.0-win32-x64\jre\17.0.4.1-win32-x86_64\bin\nio.dll
0x00007ff973310000 - 0x00007ff973320000 	c:\Users\hp\.vscode\extensions\redhat.java-1.12.0-win32-x64\jre\17.0.4.1-win32-x86_64\bin\verify.dll
0x00007ff926120000 - 0x00007ff92615e000 	C:\Users\hp\AppData\Roaming\Code\User\globalStorage\redhat.java\1.12.0\config_win\org.eclipse.equinox.launcher\org.eclipse.equinox.launcher.win32.win32.x86_64_1.2.600.v20220720-1916\eclipse_11700.dll
0x00007ff97e530000 - 0x00007ff97e6ca000 	C:\WINDOWS\System32\ole32.dll
0x00007ff97d300000 - 0x00007ff97d318000 	C:\WINDOWS\SYSTEM32\CRYPTSP.dll
0x00007ff97cb70000 - 0x00007ff97cba5000 	C:\WINDOWS\system32\rsaenh.dll
0x00007ff97d0d0000 - 0x00007ff97d0f9000 	C:\WINDOWS\SYSTEM32\USERENV.dll
0x00007ff97d440000 - 0x00007ff97d467000 	C:\WINDOWS\SYSTEM32\bcrypt.dll
0x00007ff97d220000 - 0x00007ff97d22c000 	C:\WINDOWS\SYSTEM32\CRYPTBASE.dll
0x00007ff97c740000 - 0x00007ff97c76d000 	C:\WINDOWS\SYSTEM32\IPHLPAPI.DLL
0x00007ff97ef60000 - 0x00007ff97ef69000 	C:\WINDOWS\System32\NSI.dll
0x00007ff977190000 - 0x00007ff9771a9000 	C:\WINDOWS\SYSTEM32\dhcpcsvc6.DLL
0x00007ff977d10000 - 0x00007ff977d2e000 	C:\WINDOWS\SYSTEM32\dhcpcsvc.DLL
0x00007ff97c7b0000 - 0x00007ff97c898000 	C:\WINDOWS\SYSTEM32\DNSAPI.dll
0x00007ff93de50000 - 0x00007ff93de90000 	C:\Users\hp\AppData\Local\Temp\jna--143184667\jna2660338127701204720.dll

dbghelp: loaded successfully - version: 4.0.5 - missing functions: none
symbol engine: initialized successfully - sym options: 0x614 - pdb path: .;c:\Users\hp\.vscode\extensions\redhat.java-1.12.0-win32-x64\jre\17.0.4.1-win32-x86_64\bin;C:\WINDOWS\SYSTEM32;C:\WINDOWS\WinSxS\amd64_microsoft.windows.common-controls_6595b64144ccf1df_6.0.22000.120_none_9d947278b86cc467;c:\Users\hp\.vscode\extensions\redhat.java-1.12.0-win32-x64\jre\17.0.4.1-win32-x86_64\bin\server;C:\Users\hp\AppData\Roaming\Code\User\globalStorage\redhat.java\1.12.0\config_win\org.eclipse.equinox.launcher\org.eclipse.equinox.launcher.win32.win32.x86_64_1.2.600.v20220720-1916;C:\Users\hp\AppData\Local\Temp\jna--143184667

VM Arguments:
jvm_args: --add-modules=ALL-SYSTEM --add-opens=java.base/java.util=ALL-UNNAMED --add-opens=java.base/java.lang=ALL-UNNAMED --add-opens=java.base/sun.nio.fs=ALL-UNNAMED -Declipse.application=org.eclipse.jdt.ls.core.id1 -Dosgi.bundles.defaultStartLevel=4 -Declipse.product=org.eclipse.jdt.ls.core.product -Djava.import.generatesMetadataFilesAtProjectRoot=false -Dfile.encoding=utf8 -XX:+UseParallelGC -XX:GCTimeRatio=4 -XX:AdaptiveSizePolicyWeight=90 -Dsun.zip.disableMemoryMapping=true -Xmx1G -Xms100m -Xlog:disable -javaagent:c:\Users\hp\.vscode\extensions\redhat.java-1.12.0-win32-x64\lombok\lombok-1.18.24.jar -XX:+HeapDumpOnOutOfMemoryError -XX:HeapDumpPath=c:\Users\hp\AppData\Roaming\Code\User\workspaceStorage\3d0ab87a07db59dfbb2f8e5f47a74104\redhat.java 
java_command: c:\Users\hp\.vscode\extensions\redhat.java-1.12.0-win32-x64\server\plugins\org.eclipse.equinox.launcher_1.6.400.v20210924-0641.jar -configuration c:\Users\hp\AppData\Roaming\Code\User\globalStorage\redhat.java\1.12.0\config_win -data c:\Users\hp\AppData\Roaming\Code\User\workspaceStorage\3d0ab87a07db59dfbb2f8e5f47a74104\redhat.java\jdt_ws
java_class_path (initial): c:\Users\hp\.vscode\extensions\redhat.java-1.12.0-win32-x64\server\plugins\org.eclipse.equinox.launcher_1.6.400.v20210924-0641.jar
Launcher Type: SUN_STANDARD

[Global flags]
    uintx AdaptiveSizePolicyWeight                 = 90                                        {product} {command line}
     intx CICompilerCount                          = 4                                         {product} {ergonomic}
    uintx GCTimeRatio                              = 4                                         {product} {command line}
     bool HeapDumpOnOutOfMemoryError               = true                                   {manageable} {command line}
    ccstr HeapDumpPath                             = c:\Users\hp\AppData\Roaming\Code\User\workspaceStorage\3d0ab87a07db59dfbb2f8e5f47a74104\redhat.java         {manageable} {command line}
   size_t InitialHeapSize                          = 104857600                                 {product} {command line}
   size_t MaxHeapSize                              = 1073741824                                {product} {command line}
   size_t MaxNewSize                               = 357564416                                 {product} {ergonomic}
   size_t MinHeapDeltaBytes                        = 524288                                    {product} {ergonomic}
   size_t MinHeapSize                              = 104857600                                 {product} {command line}
   size_t NewSize                                  = 34603008                                  {product} {ergonomic}
    uintx NonNMethodCodeHeapSize                   = 5839372                                {pd product} {ergonomic}
    uintx NonProfiledCodeHeapSize                  = 122909434                              {pd product} {ergonomic}
   size_t OldSize                                  = 70254592                                  {product} {ergonomic}
    uintx ProfiledCodeHeapSize                     = 122909434                              {pd product} {ergonomic}
    uintx ReservedCodeCacheSize                    = 251658240                              {pd product} {ergonomic}
     bool SegmentedCodeCache                       = true                                      {product} {ergonomic}
   size_t SoftMaxHeapSize                          = 1073741824                             {manageable} {ergonomic}
     bool UseCompressedClassPointers               = true                           {product lp64_product} {ergonomic}
     bool UseCompressedOops                        = true                           {product lp64_product} {ergonomic}
     bool UseLargePagesIndividualAllocation        = false                                  {pd product} {ergonomic}
     bool UseParallelGC                            = true                                      {product} {command line}

Logging:
Log output configuration:
 #0: stdout all=off uptime,level,tags
 #1: stderr all=off uptime,level,tags

Environment Variables:
PATH=C:\Program Files\Oculus\Support\oculus-runtime;C:\Program Files (x86)\VMware\VMware Workstation\bin\;C:\Program Files\Common Files\Oracle\Java\javapath;C:\Program Files (x86)\Common Files\Oracle\Java\javapath;C:\app\WINDOWS.X64_193000_db_home\bin;C:\Program Files (x86)\Common Files\Intel\Shared Libraries\redist\intel64\compiler;C:\Users\hp\AppData\Local\Programs\Python\Python39\Scripts\;C:\Users\hp\AppData\Local\Programs\Python\Python39\;C:\ProgramData\Oracle\Java\javapath;C:\Windows\system32;C:\Windows;C:\Windows\System32\Wbem;C:\Windows\System32\WindowsPowerShell\v1.0\;C:\Windows\System32\OpenSSH\;C:\Program Files (x86)\NVIDIA Corporation\PhysX\Common;C:\Program Files\NVIDIA Corporation\NVIDIA NvDLISR;C:\Program Files\Microsoft SQL Server\130\Tools\Binn\;C:\Program Files\Microsoft SQL Server\Client SDK\ODBC\170\Tools\Binn\;C:\Program Files\Azure Data Studio\bin;C:\Program Files (x86)\Microsoft SQL Server\150\Tools\Binn\;C:\Program Files\Microsoft SQL Server\150\Tools\Binn\;C:\Program Files\Microsoft SQL Server\150\DTS\Binn\;C:\Program Files (x86)\Microsoft SQL Server\150\DTS\Binn\;C:\Program Files\Java\jdk1.8.0_111\bin;C:\ProgramData\chocolatey\bin;C:\xampp\php;C:\ProgramData\ComposerSetup\bin;C:\Program Files\Git\cmd;C:\Program Files\Git\mingw64\bin;C:\Program Files\Git\usr\bin;C:\Program Files\dotnet\;C:\WINDOWS\system32;C:\WINDOWS;C:\WINDOWS\System32\Wbem;C:\WINDOWS\System32\WindowsPowerShell\v1.0\;C:\WINDOWS\System32\OpenSSH\;C:\Program Files\PuTTY\;C:\HashiCorp\Vagrant\bin;C:\Program Files\Docker\Docker\resources\bin;C:\ProgramData\DockerDesktop\version-bin;C:\minikube;C:\Program Files\nodejs\;C:\Users\hp\AppData\Roaming\npm;C:\Users\hp\AppData\Roaming\npm\node_modules\@angular\cli\bin;C:\WINDOWS\system32;C:\WINDOWS;C:\WINDOWS\System32\Wbem;C:\WINDOWS\System32\WindowsPowerShell\v1.0;C:\Users\hp\AppData\Local\Programs\Microsoft VS Code\bin
USERNAME=ANDY_HP
OS=Windows_NT
PROCESSOR_IDENTIFIER=Intel64 Family 6 Model 142 Stepping 10, GenuineIntel
TMP=C:\Users\hp\AppData\Local\Temp
TEMP=C:\Users\hp\AppData\Local\Temp



---------------  S Y S T E M  ---------------

OS:
 Windows 11 , 64 bit Build 22000 (10.0.22000.708)
OS uptime: 3 days 0:49 hours
Hyper-V role detected

CPU: total 8 (initial active 8) (4 cores per cpu, 2 threads per core) family 6 model 142 stepping 10 microcode 0xe0, cx8, cmov, fxsr, ht, mmx, 3dnowpref, sse, sse2, sse3, ssse3, sse4.1, sse4.2, popcnt, lzcnt, tsc, tscinvbit, avx, avx2, aes, erms, clmul, bmi1, bmi2, adx, fma, vzeroupper, clflush, clflushopt, hv

Memory: 4k page, system-wide physical 16299M (5102M free)
TotalPageFile size 18347M (AvailPageFile size 13M)
current process WorkingSet (physical memory assigned to process): 248M, peak: 314M
current process commit charge ("private bytes"): 303M, peak: 377M

vm_info: OpenJDK 64-Bit Server VM (17.0.4.1+1) for windows-amd64 JRE (17.0.4.1+1), built on Aug 17 2022 07:42:43 by "temurin" with MS VC++ 16.7 (VS2019)

END.
