#
# There is insufficient memory for the Java Runtime Environment to continue.
# Native memory allocation (mmap) failed to map 415236096 bytes for G1 virtual space
# Possible reasons:
#   The system is out of physical RAM or swap space
#   The process is running with CompressedOops enabled, and the Java Heap may be blocking the growth of the native heap
# Possible solutions:
#   Reduce memory load on the system
#   Increase physical memory or swap space
#   Check if swap backing store is full
#   Decrease Java heap size (-Xmx/-Xms)
#   Decrease number of Java threads
#   Decrease Java thread stack sizes (-Xss)
#   Set larger code cache with -XX:ReservedCodeCacheSize=
#   JVM is running with Zero Based Compressed Oops mode in which the Java heap is
#     placed in the first 32GB address space. The Java Heap base address is the
#     maximum limit for the native heap growth. Please use -XX:HeapBaseMinAddress
#     to set the Java Heap base and to place the Java Heap above 32GB virtual address.
# This output file may be truncated or incomplete.
#
#  Out of Memory Error (os_windows.cpp:3541), pid=17168, tid=20416
#
# JRE version: OpenJDK Runtime Environment Temurin-17.0.4.1+1 (17.0.4.1+1) (build 17.0.4.1+1)
# Java VM: OpenJDK 64-Bit Server VM Temurin-17.0.4.1+1 (17.0.4.1+1, mixed mode, emulated-client, tiered, compressed oops, compressed class ptrs, g1 gc, windows-amd64)
# No core dump will be written. Minidumps are not enabled by default on client versions of Windows
#

---------------  S U M M A R Y ------------

Command Line: -Dsts.lsp.client=vscode -Dsts.log.file=/dev/null -XX:TieredStopAtLevel=1 -Xlog:jni+resolve=off -Dspring.config.location=file:c:\Users\hp\.vscode\extensions\pivotal.vscode-spring-boot-1.40.0\language-server\BOOT-INF\classes\application.properties org.springframework.ide.vscode.boot.app.BootLanguageServerBootApp

Host: Intel(R) Core(TM) i7-8550U CPU @ 1.80GHz, 8 cores, 15G,  Windows 11 , 64 bit Build 22000 (10.0.22000.708)
Time: Mon Nov 21 01:48:33 2022 Hora estándar oeste, Sudamérica elapsed time: 42.217392 seconds (0d 0h 0m 42s)

---------------  T H R E A D  ---------------

Current thread (0x00000264a2821180):  VMThread "VM Thread" [stack: 0x000000db13a00000,0x000000db13b00000] [id=20416]

Stack: [0x000000db13a00000,0x000000db13b00000]
Native frames: (J=compiled Java code, j=interpreted, Vv=VM code, C=native code)
V  [jvm.dll+0x67731a]
V  [jvm.dll+0x832284]
V  [jvm.dll+0x833a2e]
V  [jvm.dll+0x834093]
V  [jvm.dll+0x245775]
V  [jvm.dll+0x674209]
V  [jvm.dll+0x668a92]
V  [jvm.dll+0x30471b]
V  [jvm.dll+0x30bc66]
V  [jvm.dll+0x35ba9e]
V  [jvm.dll+0x35bccf]
V  [jvm.dll+0x2db5b8]
V  [jvm.dll+0x2d986c]
V  [jvm.dll+0x2d8e3c]
V  [jvm.dll+0x31cd9b]
V  [jvm.dll+0x83853b]
V  [jvm.dll+0x839274]
V  [jvm.dll+0x83978c]
V  [jvm.dll+0x839b64]
V  [jvm.dll+0x839c30]
V  [jvm.dll+0x7e240a]
V  [jvm.dll+0x6761a5]
C  [ucrtbase.dll+0x26c0c]
C  [KERNEL32.DLL+0x154e0]
C  [ntdll.dll+0x485b]

VM_Operation (0x000000db15dfe3f0): G1CollectForAllocation, mode: safepoint, requested by thread 0x00000264a44d7390


---------------  P R O C E S S  ---------------

Threads class SMR info:
_java_thread_list=0x00000264a30b8f90, length=36, elements={
0x00000264a1cfb1b0, 0x00000264a1cfbc70, 0x00000264a286a7a0, 0x00000264a286b060,
0x00000264a286d930, 0x00000264a286e1f0, 0x00000264a286eab0, 0x00000264a28713c0,
0x00000264a2a8b170, 0x00000264a2a8f090, 0x00000264a30f7270, 0x00000264a3f80420,
0x00000264a43aa030, 0x000002648dbab600, 0x00000264a448d870, 0x00000264a428d560,
0x00000264a428da30, 0x00000264a4297e60, 0x00000264a4298330, 0x00000264a44d8200,
0x00000264a44d7d30, 0x00000264a44da880, 0x00000264a44dad50, 0x00000264a44d86d0,
0x00000264a44d7390, 0x00000264a44d8ba0, 0x00000264a44d9ee0, 0x00000264a44d7860,
0x00000264a44d9070, 0x00000264a44d9540, 0x00000264a44da3b0, 0x00000264a44d9a10,
0x00000264a46aa860, 0x00000264a46aad30, 0x00000264a46a4350, 0x00000264a46a6030
}

Java Threads: ( => current thread )
  0x00000264a1cfb1b0 JavaThread "Reference Handler" daemon [_thread_blocked, id=21856, stack(0x000000db13b00000,0x000000db13c00000)]
  0x00000264a1cfbc70 JavaThread "Finalizer" daemon [_thread_blocked, id=21860, stack(0x000000db13c00000,0x000000db13d00000)]
  0x00000264a286a7a0 JavaThread "Signal Dispatcher" daemon [_thread_blocked, id=18496, stack(0x000000db13d00000,0x000000db13e00000)]
  0x00000264a286b060 JavaThread "Attach Listener" daemon [_thread_blocked, id=3916, stack(0x000000db13e00000,0x000000db13f00000)]
  0x00000264a286d930 JavaThread "Service Thread" daemon [_thread_blocked, id=18328, stack(0x000000db13f00000,0x000000db14000000)]
  0x00000264a286e1f0 JavaThread "Monitor Deflation Thread" daemon [_thread_blocked, id=24980, stack(0x000000db14000000,0x000000db14100000)]
  0x00000264a286eab0 JavaThread "C1 CompilerThread0" daemon [_thread_blocked, id=19900, stack(0x000000db14100000,0x000000db14200000)]
  0x00000264a28713c0 JavaThread "Sweeper thread" daemon [_thread_blocked, id=11248, stack(0x000000db14200000,0x000000db14300000)]
  0x00000264a2a8b170 JavaThread "Notification Thread" daemon [_thread_blocked, id=12176, stack(0x000000db14300000,0x000000db14400000)]
  0x00000264a2a8f090 JavaThread "Common-Cleaner" daemon [_thread_blocked, id=24648, stack(0x000000db14500000,0x000000db14600000)]
  0x00000264a30f7270 JavaThread "boundedElastic-evictor-1" daemon [_thread_blocked, id=21156, stack(0x000000db15000000,0x000000db15100000)]
  0x00000264a3f80420 JavaThread "pool-9-thread-1" [_thread_blocked, id=12760, stack(0x000000db14800000,0x000000db14900000)]
  0x00000264a43aa030 JavaThread "LanguageServerApp-lifecycle" [_thread_blocked, id=22364, stack(0x000000db15200000,0x000000db15300000)]
  0x000002648dbab600 JavaThread "DestroyJavaVM" [_thread_blocked, id=1360, stack(0x000000db13400000,0x000000db13500000)]
  0x00000264a448d870 JavaThread "pool-10-thread-1" [_thread_in_native, id=7852, stack(0x000000db15300000,0x000000db15400000)]
  0x00000264a428d560 JavaThread "Simple-Language-Server main thread" daemon [_thread_blocked, id=18792, stack(0x000000db15400000,0x000000db15500000)]
  0x00000264a428da30 JavaThread "ForkJoinPool.commonPool-worker-1" daemon [_thread_blocked, id=2484, stack(0x000000db15500000,0x000000db15600000)]
  0x00000264a4297e60 JavaThread "pool-7-thread-1" [_thread_blocked, id=6356, stack(0x000000db15600000,0x000000db15700000)]
  0x00000264a4298330 JavaThread "parallel-1" daemon [_thread_blocked, id=5080, stack(0x000000db15700000,0x000000db15800000)]
  0x00000264a44d8200 JavaThread "Reconciler-1" daemon [_thread_blocked, id=1560, stack(0x000000db15800000,0x000000db15900000)]
  0x00000264a44d7d30 JavaThread "ClassGraph-worker-0" daemon [_thread_blocked, id=15340, stack(0x000000db15900000,0x000000db15a00000)]
  0x00000264a44da880 JavaThread "ClassGraph-worker-1" daemon [_thread_blocked, id=17044, stack(0x000000db15a00000,0x000000db15b00000)]
  0x00000264a44dad50 JavaThread "ClassGraph-worker-2" daemon [_thread_blocked, id=5028, stack(0x000000db15b00000,0x000000db15c00000)]
  0x00000264a44d86d0 JavaThread "ClassGraph-worker-3" daemon [_thread_blocked, id=2448, stack(0x000000db15c00000,0x000000db15d00000)]
  0x00000264a44d7390 JavaThread "ClassGraph-worker-4" daemon [_thread_blocked, id=756, stack(0x000000db15d00000,0x000000db15e00000)]
  0x00000264a44d8ba0 JavaThread "ClassGraph-worker-5" daemon [_thread_blocked, id=24372, stack(0x000000db15e00000,0x000000db15f00000)]
  0x00000264a44d9ee0 JavaThread "ClassGraph-worker-6" daemon [_thread_blocked, id=21276, stack(0x000000db15f00000,0x000000db16000000)]
  0x00000264a44d7860 JavaThread "ClassGraph-worker-7" daemon [_thread_blocked, id=16120, stack(0x000000db16000000,0x000000db16100000)]
  0x00000264a44d9070 JavaThread "ClassGraph-worker-8" daemon [_thread_blocked, id=22960, stack(0x000000db16100000,0x000000db16200000)]
  0x00000264a44d9540 JavaThread "ClassGraph-worker-9" daemon [_thread_blocked, id=13420, stack(0x000000db16200000,0x000000db16300000)]
  0x00000264a44da3b0 JavaThread "ClassGraph-worker-10" daemon [_thread_blocked, id=22836, stack(0x000000db16300000,0x000000db16400000)]
  0x00000264a44d9a10 JavaThread "ClassGraph-worker-11" daemon [_thread_blocked, id=11352, stack(0x000000db16400000,0x000000db16500000)]
  0x00000264a46aa860 JavaThread "ClassGraph-worker-12" daemon [_thread_blocked, id=14596, stack(0x000000db16500000,0x000000db16600000)]
  0x00000264a46aad30 JavaThread "ClassGraph-worker-13" daemon [_thread_blocked, id=17648, stack(0x000000db16600000,0x000000db16700000)]
  0x00000264a46a4350 JavaThread "pool-4-thread-1" [_thread_blocked, id=24228, stack(0x000000db16900000,0x000000db16a00000)]
  0x00000264a46a6030 JavaThread "ForkJoinPool.commonPool-worker-2" daemon [_thread_blocked, id=14772, stack(0x000000db16a00000,0x000000db16b00000)]

Other Threads:
=>0x00000264a2821180 VMThread "VM Thread" [stack: 0x000000db13a00000,0x000000db13b00000] [id=20416]
  0x00000264a2a8b640 WatcherThread [stack: 0x000000db14400000,0x000000db14500000] [id=13984]
  0x000002648fd4a680 GCTaskThread "GC Thread#0" [stack: 0x000000db13500000,0x000000db13600000] [id=4616]
  0x00000264a33989f0 GCTaskThread "GC Thread#1" [stack: 0x000000db14900000,0x000000db14a00000] [id=3024]
  0x00000264a33a2de0 GCTaskThread "GC Thread#2" [stack: 0x000000db14a00000,0x000000db14b00000] [id=2628]
  0x00000264a33a3090 GCTaskThread "GC Thread#3" [stack: 0x000000db14b00000,0x000000db14c00000] [id=14016]
  0x00000264a33a3340 GCTaskThread "GC Thread#4" [stack: 0x000000db14c00000,0x000000db14d00000] [id=5912]
  0x00000264a33a3e00 GCTaskThread "GC Thread#5" [stack: 0x000000db14d00000,0x000000db14e00000] [id=2824]
  0x00000264a3db71e0 GCTaskThread "GC Thread#6" [stack: 0x000000db14e00000,0x000000db14f00000] [id=13448]
  0x00000264a3db7490 GCTaskThread "GC Thread#7" [stack: 0x000000db14f00000,0x000000db15000000] [id=20632]
  0x000002648fd5b4f0 ConcurrentGCThread "G1 Main Marker" [stack: 0x000000db13600000,0x000000db13700000] [id=24484]
  0x000002648fd5e5d0 ConcurrentGCThread "G1 Conc#0" [stack: 0x000000db13700000,0x000000db13800000] [id=2620]
  0x00000264a3eff580 ConcurrentGCThread "G1 Conc#1" [stack: 0x000000db15100000,0x000000db15200000] [id=18404]
  0x000002648fdaead0 ConcurrentGCThread "G1 Refine#0" [stack: 0x000000db13800000,0x000000db13900000] [id=3640]
  0x00000264a4ac2940 ConcurrentGCThread "G1 Refine#1" [stack: 0x000000db16700000,0x000000db16800000] [id=14668]
  0x00000264a46dc7e0 ConcurrentGCThread "G1 Refine#2" [stack: 0x000000db16800000,0x000000db16900000] [id=17992]
  0x00000264a46dcda0 ConcurrentGCThread "G1 Refine#3" [stack: 0x000000db14600000,0x000000db14700000] [id=15064]
  0x00000264a46dd360 ConcurrentGCThread "G1 Refine#4" [stack: 0x000000db14700000,0x000000db14800000] [id=20656]
  0x00000264a46dcac0 ConcurrentGCThread "G1 Refine#5" [stack: 0x000000db16b00000,0x000000db16c00000] [id=11048]
  0x00000264a317b560 ConcurrentGCThread "G1 Refine#6" [stack: 0x000000db16c00000,0x000000db16d00000] [id=13048]
  0x00000264a1b87a50 ConcurrentGCThread "G1 Service" [stack: 0x000000db13900000,0x000000db13a00000] [id=10476]

Threads with active compile tasks:

VM state: at safepoint (normal execution)

VM Mutex/Monitor currently owned by a thread:  ([mutex/lock_event])
[0x000002648dadf900] Threads_lock - owner thread: 0x00000264a2821180
[0x000002648fcdfe00] Heap_lock - owner thread: 0x00000264a44d7390

Heap address: 0x0000000701400000, size: 4076 MB, Compressed Oops mode: Zero based, Oop shift amount: 3

CDS archive(s) not mapped
Compressed class space mapped at: 0x0000000800000000-0x0000000840000000, reserved size: 1073741824
Narrow klass base: 0x0000000800000000, Narrow klass shift: 0, Narrow klass range: 0x40000000

GC Precious Log:
 CPUs: 8 total, 8 available
 Memory: 16299M
 Large Page Support: Disabled
 NUMA Support: Disabled
 Compressed Oops: Enabled (Zero based)
 Heap Region Size: 2M
 Heap Min Capacity: 8M
 Heap Initial Capacity: 256M
 Heap Max Capacity: 4076M
 Pre-touch: Disabled
 Parallel Workers: 8
 Concurrent Workers: 2
 Concurrent Refinement Workers: 8
 Periodic GC: Disabled

Heap:
 garbage-first heap   total 622592K, used 213380K [0x0000000701400000, 0x0000000800000000)
  region size 2048K, 17 young (34816K), 17 survivors (34816K)
 Metaspace       used 35838K, committed 36224K, reserved 1081344K
  class space    used 4642K, committed 4800K, reserved 1048576K

Heap Regions: E=young(eden), S=young(survivor), O=old, HS=humongous(starts), HC=humongous(continues), CS=collection set, F=free, OA=open archive, CA=closed archive, TAMS=top-at-mark-start (previous, next)
|   0|0x0000000701400000, 0x0000000701600000, 0x0000000701600000|100%| O|  |TAMS 0x0000000701600000, 0x0000000701400000| Untracked 
|   1|0x0000000701600000, 0x0000000701800000, 0x0000000701800000|100%| O|  |TAMS 0x0000000701800000, 0x0000000701600000| Untracked 
|   2|0x0000000701800000, 0x0000000701a00000, 0x0000000701a00000|100%| O|  |TAMS 0x0000000701a00000, 0x0000000701800000| Untracked 
|   3|0x0000000701a00000, 0x0000000701c00000, 0x0000000701c00000|100%| O|  |TAMS 0x0000000701a00000, 0x0000000701a00000| Untracked 
|   4|0x0000000701c00000, 0x0000000701e00000, 0x0000000701e00000|100%| O|  |TAMS 0x0000000701c00000, 0x0000000701c00000| Untracked 
|   5|0x0000000701e00000, 0x0000000702000000, 0x0000000702000000|100%| O|  |TAMS 0x0000000701e00000, 0x0000000701e00000| Untracked 
|   6|0x0000000702000000, 0x0000000702200000, 0x0000000702200000|100%| O|  |TAMS 0x0000000702000000, 0x0000000702000000| Untracked 
|   7|0x0000000702200000, 0x0000000702400000, 0x0000000702400000|100%| O|  |TAMS 0x0000000702200000, 0x0000000702200000| Untracked 
|   8|0x0000000702400000, 0x0000000702600000, 0x0000000702600000|100%| O|  |TAMS 0x0000000702400000, 0x0000000702400000| Untracked 
|   9|0x0000000702600000, 0x0000000702800000, 0x0000000702800000|100%| O|  |TAMS 0x0000000702600000, 0x0000000702600000| Untracked 
|  10|0x0000000702800000, 0x0000000702a00000, 0x0000000702a00000|100%| O|  |TAMS 0x0000000702800000, 0x0000000702800000| Untracked 
|  11|0x0000000702a00000, 0x0000000702c00000, 0x0000000702c00000|100%| O|  |TAMS 0x0000000702a00000, 0x0000000702a00000| Untracked 
|  12|0x0000000702c00000, 0x0000000702e00000, 0x0000000702e00000|100%| O|  |TAMS 0x0000000702c00000, 0x0000000702c00000| Untracked 
|  13|0x0000000702e00000, 0x0000000703000000, 0x0000000703000000|100%| O|  |TAMS 0x0000000702e00000, 0x0000000702e00000| Untracked 
|  14|0x0000000703000000, 0x0000000703200000, 0x0000000703200000|100%| O|  |TAMS 0x0000000703000000, 0x0000000703000000| Untracked 
|  15|0x0000000703200000, 0x0000000703400000, 0x0000000703400000|100%| O|  |TAMS 0x0000000703200000, 0x0000000703200000| Untracked 
|  16|0x0000000703400000, 0x0000000703600000, 0x0000000703600000|100%| O|  |TAMS 0x0000000703400000, 0x0000000703400000| Untracked 
|  17|0x0000000703600000, 0x0000000703800000, 0x0000000703800000|100%| O|  |TAMS 0x0000000703600000, 0x0000000703600000| Untracked 
|  18|0x0000000703800000, 0x0000000703a00000, 0x0000000703a00000|100%| O|  |TAMS 0x0000000703800000, 0x0000000703800000| Untracked 
|  19|0x0000000703a00000, 0x0000000703c00000, 0x0000000703c00000|100%| O|  |TAMS 0x0000000703a00000, 0x0000000703a00000| Untracked 
|  20|0x0000000703c00000, 0x0000000703e00000, 0x0000000703e00000|100%| O|  |TAMS 0x0000000703c00000, 0x0000000703c00000| Untracked 
|  21|0x0000000703e00000, 0x0000000704000000, 0x0000000704000000|100%| O|  |TAMS 0x0000000703e00000, 0x0000000703e00000| Untracked 
|  22|0x0000000704000000, 0x0000000704200000, 0x0000000704200000|100%| O|  |TAMS 0x0000000704000000, 0x0000000704000000| Untracked 
|  23|0x0000000704200000, 0x0000000704400000, 0x0000000704400000|100%| O|  |TAMS 0x0000000704200000, 0x0000000704200000| Untracked 
|  24|0x0000000704400000, 0x0000000704600000, 0x0000000704600000|100%| O|  |TAMS 0x0000000704400000, 0x0000000704400000| Untracked 
|  25|0x0000000704600000, 0x0000000704800000, 0x0000000704800000|100%| O|  |TAMS 0x0000000704600000, 0x0000000704600000| Untracked 
|  26|0x0000000704800000, 0x0000000704a00000, 0x0000000704a00000|100%| O|  |TAMS 0x0000000704800000, 0x0000000704800000| Untracked 
|  27|0x0000000704a00000, 0x0000000704c00000, 0x0000000704c00000|100%| O|  |TAMS 0x0000000704a00000, 0x0000000704a00000| Untracked 
|  28|0x0000000704c00000, 0x0000000704e00000, 0x0000000704e00000|100%| O|  |TAMS 0x0000000704c00000, 0x0000000704c00000| Untracked 
|  29|0x0000000704e00000, 0x0000000705000000, 0x0000000705000000|100%| O|  |TAMS 0x0000000704e00000, 0x0000000704e00000| Untracked 
|  30|0x0000000705000000, 0x0000000705200000, 0x0000000705200000|100%| O|  |TAMS 0x0000000705000000, 0x0000000705000000| Untracked 
|  31|0x0000000705200000, 0x0000000705400000, 0x0000000705400000|100%| O|  |TAMS 0x0000000705200000, 0x0000000705200000| Untracked 
|  32|0x0000000705400000, 0x0000000705600000, 0x0000000705600000|100%| O|  |TAMS 0x0000000705400000, 0x0000000705400000| Untracked 
|  33|0x0000000705600000, 0x0000000705800000, 0x0000000705800000|100%| O|  |TAMS 0x0000000705600000, 0x0000000705600000| Untracked 
|  34|0x0000000705800000, 0x0000000705a00000, 0x0000000705a00000|100%| O|  |TAMS 0x0000000705800000, 0x0000000705800000| Untracked 
|  35|0x0000000705a00000, 0x0000000705c00000, 0x0000000705c00000|100%| O|  |TAMS 0x0000000705a00000, 0x0000000705a00000| Untracked 
|  36|0x0000000705c00000, 0x0000000705e00000, 0x0000000705e00000|100%| O|  |TAMS 0x0000000705c00000, 0x0000000705c00000| Untracked 
|  37|0x0000000705e00000, 0x0000000706000000, 0x0000000706000000|100%| O|  |TAMS 0x0000000705e00000, 0x0000000705e00000| Untracked 
|  38|0x0000000706000000, 0x0000000706200000, 0x0000000706200000|100%| O|  |TAMS 0x0000000706000000, 0x0000000706000000| Untracked 
|  39|0x0000000706200000, 0x0000000706400000, 0x0000000706400000|100%| O|  |TAMS 0x0000000706200000, 0x0000000706200000| Untracked 
|  40|0x0000000706400000, 0x0000000706600000, 0x0000000706600000|100%| O|  |TAMS 0x0000000706400000, 0x0000000706400000| Untracked 
|  41|0x0000000706600000, 0x0000000706800000, 0x0000000706800000|100%| O|  |TAMS 0x0000000706600000, 0x0000000706600000| Untracked 
|  42|0x0000000706800000, 0x0000000706a00000, 0x0000000706a00000|100%| O|  |TAMS 0x0000000706800000, 0x0000000706800000| Untracked 
|  43|0x0000000706a00000, 0x0000000706c00000, 0x0000000706c00000|100%| O|  |TAMS 0x0000000706a00000, 0x0000000706a00000| Untracked 
|  44|0x0000000706c00000, 0x0000000706e00000, 0x0000000706e00000|100%| O|  |TAMS 0x0000000706c00000, 0x0000000706c00000| Untracked 
|  45|0x0000000706e00000, 0x0000000707000000, 0x0000000707000000|100%| O|  |TAMS 0x0000000706e00000, 0x0000000706e00000| Untracked 
|  46|0x0000000707000000, 0x0000000707200000, 0x0000000707200000|100%| O|  |TAMS 0x0000000707000000, 0x0000000707000000| Untracked 
|  47|0x0000000707200000, 0x0000000707400000, 0x0000000707400000|100%| O|  |TAMS 0x0000000707200000, 0x0000000707200000| Untracked 
|  48|0x0000000707400000, 0x0000000707600000, 0x0000000707600000|100%| O|  |TAMS 0x0000000707400000, 0x0000000707400000| Untracked 
|  49|0x0000000707600000, 0x0000000707800000, 0x0000000707800000|100%| O|  |TAMS 0x0000000707600000, 0x0000000707600000| Untracked 
|  50|0x0000000707800000, 0x0000000707a00000, 0x0000000707a00000|100%| O|  |TAMS 0x0000000707800000, 0x0000000707800000| Untracked 
|  51|0x0000000707a00000, 0x0000000707c00000, 0x0000000707c00000|100%| O|  |TAMS 0x0000000707a00000, 0x0000000707a00000| Untracked 
|  52|0x0000000707c00000, 0x0000000707e00000, 0x0000000707e00000|100%| O|  |TAMS 0x0000000707c00000, 0x0000000707c00000| Untracked 
|  53|0x0000000707e00000, 0x0000000708000000, 0x0000000708000000|100%| O|  |TAMS 0x0000000707e00000, 0x0000000707e00000| Untracked 
|  54|0x0000000708000000, 0x0000000708200000, 0x0000000708200000|100%| O|  |TAMS 0x0000000708000000, 0x0000000708000000| Untracked 
|  55|0x0000000708200000, 0x0000000708400000, 0x0000000708400000|100%| O|  |TAMS 0x0000000708200000, 0x0000000708200000| Untracked 
|  56|0x0000000708400000, 0x0000000708600000, 0x0000000708600000|100%| O|  |TAMS 0x0000000708400000, 0x0000000708400000| Untracked 
|  57|0x0000000708600000, 0x0000000708800000, 0x0000000708800000|100%| O|  |TAMS 0x0000000708600000, 0x0000000708600000| Untracked 
|  58|0x0000000708800000, 0x0000000708a00000, 0x0000000708a00000|100%| O|  |TAMS 0x0000000708800000, 0x0000000708800000| Untracked 
|  59|0x0000000708a00000, 0x0000000708c00000, 0x0000000708c00000|100%| O|  |TAMS 0x0000000708a00000, 0x0000000708a00000| Untracked 
|  60|0x0000000708c00000, 0x0000000708e00000, 0x0000000708e00000|100%| O|  |TAMS 0x0000000708c00000, 0x0000000708c00000| Untracked 
|  61|0x0000000708e00000, 0x0000000709000000, 0x0000000709000000|100%| O|  |TAMS 0x0000000708e00000, 0x0000000708e00000| Untracked 
|  62|0x0000000709000000, 0x0000000709200000, 0x0000000709200000|100%| O|  |TAMS 0x0000000709000000, 0x0000000709000000| Untracked 
|  63|0x0000000709200000, 0x0000000709400000, 0x0000000709400000|100%| O|  |TAMS 0x0000000709200000, 0x0000000709200000| Untracked 
|  64|0x0000000709400000, 0x0000000709600000, 0x0000000709600000|100%| O|  |TAMS 0x0000000709400000, 0x0000000709400000| Untracked 
|  65|0x0000000709600000, 0x0000000709800000, 0x0000000709800000|100%| O|  |TAMS 0x0000000709600000, 0x0000000709600000| Untracked 
|  66|0x0000000709800000, 0x0000000709a00000, 0x0000000709a00000|100%| O|  |TAMS 0x0000000709800000, 0x0000000709800000| Untracked 
|  67|0x0000000709a00000, 0x0000000709c00000, 0x0000000709c00000|100%| O|  |TAMS 0x0000000709a00000, 0x0000000709a00000| Untracked 
|  68|0x0000000709c00000, 0x0000000709e00000, 0x0000000709e00000|100%| O|  |TAMS 0x0000000709c00000, 0x0000000709c00000| Untracked 
|  69|0x0000000709e00000, 0x000000070a000000, 0x000000070a000000|100%| O|  |TAMS 0x0000000709e00000, 0x0000000709e00000| Untracked 
|  70|0x000000070a000000, 0x000000070a200000, 0x000000070a200000|100%| O|  |TAMS 0x000000070a000000, 0x000000070a000000| Untracked 
|  71|0x000000070a200000, 0x000000070a400000, 0x000000070a400000|100%| O|  |TAMS 0x000000070a200000, 0x000000070a200000| Untracked 
|  72|0x000000070a400000, 0x000000070a600000, 0x000000070a600000|100%| O|  |TAMS 0x000000070a400000, 0x000000070a400000| Untracked 
|  73|0x000000070a600000, 0x000000070a800000, 0x000000070a800000|100%| O|  |TAMS 0x000000070a600000, 0x000000070a600000| Untracked 
|  74|0x000000070a800000, 0x000000070aa00000, 0x000000070aa00000|100%| O|  |TAMS 0x000000070a800000, 0x000000070a800000| Untracked 
|  75|0x000000070aa00000, 0x000000070ac00000, 0x000000070ac00000|100%| O|  |TAMS 0x000000070aa00000, 0x000000070aa00000| Untracked 
|  76|0x000000070ac00000, 0x000000070ae00000, 0x000000070ae00000|100%| O|  |TAMS 0x000000070ac00000, 0x000000070ac00000| Untracked 
|  77|0x000000070ae00000, 0x000000070b000000, 0x000000070b000000|100%| O|  |TAMS 0x000000070ae00000, 0x000000070ae00000| Untracked 
|  78|0x000000070b000000, 0x000000070b200000, 0x000000070b200000|100%| O|  |TAMS 0x000000070b000000, 0x000000070b000000| Untracked 
|  79|0x000000070b200000, 0x000000070b400000, 0x000000070b400000|100%|HS|  |TAMS 0x000000070b200000, 0x000000070b200000| Complete 
|  80|0x000000070b400000, 0x000000070b600000, 0x000000070b600000|100%| O|  |TAMS 0x000000070b400000, 0x000000070b400000| Untracked 
|  81|0x000000070b600000, 0x000000070b800000, 0x000000070b800000|100%| O|  |TAMS 0x000000070b600000, 0x000000070b600000| Untracked 
|  82|0x000000070b800000, 0x000000070ba00000, 0x000000070ba00000|100%| O|  |TAMS 0x000000070b800000, 0x000000070b800000| Untracked 
|  83|0x000000070ba00000, 0x000000070bc00000, 0x000000070bc00000|100%| O|  |TAMS 0x000000070ba00000, 0x000000070ba00000| Untracked 
|  84|0x000000070bc00000, 0x000000070be00000, 0x000000070be00000|100%| O|  |TAMS 0x000000070bc00000, 0x000000070bc00000| Untracked 
|  85|0x000000070be00000, 0x000000070c000000, 0x000000070c000000|100%| O|  |TAMS 0x000000070be00000, 0x000000070be00000| Untracked 
|  86|0x000000070c000000, 0x000000070c200000, 0x000000070c200000|100%| O|  |TAMS 0x000000070c000000, 0x000000070c000000| Untracked 
|  87|0x000000070c200000, 0x000000070c261200, 0x000000070c400000| 18%| O|  |TAMS 0x000000070c200000, 0x000000070c200000| Untracked 
|  88|0x000000070c400000, 0x000000070c400000, 0x000000070c600000|  0%| F|  |TAMS 0x000000070c400000, 0x000000070c400000| Untracked 
|  89|0x000000070c600000, 0x000000070c600000, 0x000000070c800000|  0%| F|  |TAMS 0x000000070c600000, 0x000000070c600000| Untracked 
|  90|0x000000070c800000, 0x000000070c800000, 0x000000070ca00000|  0%| F|  |TAMS 0x000000070c800000, 0x000000070c800000| Untracked 
|  91|0x000000070ca00000, 0x000000070ca00000, 0x000000070cc00000|  0%| F|  |TAMS 0x000000070ca00000, 0x000000070ca00000| Untracked 
|  92|0x000000070cc00000, 0x000000070cc00000, 0x000000070ce00000|  0%| F|  |TAMS 0x000000070cc00000, 0x000000070cc00000| Untracked 
|  93|0x000000070ce00000, 0x000000070ce00000, 0x000000070d000000|  0%| F|  |TAMS 0x000000070ce00000, 0x000000070ce00000| Untracked 
|  94|0x000000070d000000, 0x000000070d000000, 0x000000070d200000|  0%| F|  |TAMS 0x000000070d000000, 0x000000070d000000| Untracked 
|  95|0x000000070d200000, 0x000000070d200000, 0x000000070d400000|  0%| F|  |TAMS 0x000000070d200000, 0x000000070d200000| Untracked 
|  96|0x000000070d400000, 0x000000070d400000, 0x000000070d600000|  0%| F|  |TAMS 0x000000070d400000, 0x000000070d400000| Untracked 
|  97|0x000000070d600000, 0x000000070d600000, 0x000000070d800000|  0%| F|  |TAMS 0x000000070d600000, 0x000000070d600000| Untracked 
|  98|0x000000070d800000, 0x000000070d800000, 0x000000070da00000|  0%| F|  |TAMS 0x000000070d800000, 0x000000070d800000| Untracked 
|  99|0x000000070da00000, 0x000000070da00000, 0x000000070dc00000|  0%| F|  |TAMS 0x000000070da00000, 0x000000070da00000| Untracked 
| 100|0x000000070dc00000, 0x000000070dc00000, 0x000000070de00000|  0%| F|  |TAMS 0x000000070dc00000, 0x000000070dc00000| Untracked 
| 101|0x000000070de00000, 0x000000070de00000, 0x000000070e000000|  0%| F|  |TAMS 0x000000070de00000, 0x000000070de00000| Untracked 
| 102|0x000000070e000000, 0x000000070e000000, 0x000000070e200000|  0%| F|  |TAMS 0x000000070e000000, 0x000000070e000000| Untracked 
| 103|0x000000070e200000, 0x000000070e200000, 0x000000070e400000|  0%| F|  |TAMS 0x000000070e200000, 0x000000070e200000| Untracked 
| 104|0x000000070e400000, 0x000000070e400000, 0x000000070e600000|  0%| F|  |TAMS 0x000000070e400000, 0x000000070e400000| Untracked 
| 105|0x000000070e600000, 0x000000070e600000, 0x000000070e800000|  0%| F|  |TAMS 0x000000070e600000, 0x000000070e600000| Untracked 
| 106|0x000000070e800000, 0x000000070e800000, 0x000000070ea00000|  0%| F|  |TAMS 0x000000070e800000, 0x000000070e800000| Untracked 
| 107|0x000000070ea00000, 0x000000070ea00000, 0x000000070ec00000|  0%| F|  |TAMS 0x000000070ea00000, 0x000000070ea00000| Untracked 
| 108|0x000000070ec00000, 0x000000070ec00000, 0x000000070ee00000|  0%| F|  |TAMS 0x000000070ec00000, 0x000000070ec00000| Untracked 
| 109|0x000000070ee00000, 0x000000070ee00000, 0x000000070f000000|  0%| F|  |TAMS 0x000000070ee00000, 0x000000070ee00000| Untracked 
| 110|0x000000070f000000, 0x000000070f000000, 0x000000070f200000|  0%| F|  |TAMS 0x000000070f000000, 0x000000070f000000| Untracked 
| 111|0x000000070f200000, 0x000000070f200000, 0x000000070f400000|  0%| F|  |TAMS 0x000000070f200000, 0x000000070f200000| Untracked 
| 112|0x000000070f400000, 0x000000070f400000, 0x000000070f600000|  0%| F|  |TAMS 0x000000070f400000, 0x000000070f400000| Untracked 
| 113|0x000000070f600000, 0x000000070f600000, 0x000000070f800000|  0%| F|  |TAMS 0x000000070f600000, 0x000000070f600000| Untracked 
| 114|0x000000070f800000, 0x000000070f800000, 0x000000070fa00000|  0%| F|  |TAMS 0x000000070f800000, 0x000000070f800000| Untracked 
| 115|0x000000070fa00000, 0x000000070fa00000, 0x000000070fc00000|  0%| F|  |TAMS 0x000000070fa00000, 0x000000070fa00000| Untracked 
| 116|0x000000070fc00000, 0x000000070fc00000, 0x000000070fe00000|  0%| F|  |TAMS 0x000000070fc00000, 0x000000070fc00000| Untracked 
| 117|0x000000070fe00000, 0x000000070fe00000, 0x0000000710000000|  0%| F|  |TAMS 0x000000070fe00000, 0x000000070fe00000| Untracked 
| 118|0x0000000710000000, 0x0000000710000000, 0x0000000710200000|  0%| F|  |TAMS 0x0000000710000000, 0x0000000710000000| Untracked 
| 119|0x0000000710200000, 0x0000000710200000, 0x0000000710400000|  0%| F|  |TAMS 0x0000000710200000, 0x0000000710200000| Untracked 
| 120|0x0000000710400000, 0x0000000710400000, 0x0000000710600000|  0%| F|  |TAMS 0x0000000710400000, 0x0000000710400000| Untracked 
| 121|0x0000000710600000, 0x0000000710600000, 0x0000000710800000|  0%| F|  |TAMS 0x0000000710600000, 0x0000000710600000| Untracked 
| 122|0x0000000710800000, 0x0000000710800000, 0x0000000710a00000|  0%| F|  |TAMS 0x0000000710800000, 0x0000000710800000| Untracked 
| 123|0x0000000710a00000, 0x0000000710a00000, 0x0000000710c00000|  0%| F|  |TAMS 0x0000000710a00000, 0x0000000710a00000| Untracked 
| 124|0x0000000710c00000, 0x0000000710c00000, 0x0000000710e00000|  0%| F|  |TAMS 0x0000000710c00000, 0x0000000710c00000| Untracked 
| 125|0x0000000710e00000, 0x0000000711000000, 0x0000000711000000|100%| S|CS|TAMS 0x0000000710e00000, 0x0000000710e00000| Complete 
| 126|0x0000000711000000, 0x0000000711200000, 0x0000000711200000|100%| S|CS|TAMS 0x0000000711000000, 0x0000000711000000| Complete 
| 127|0x0000000711200000, 0x0000000711400000, 0x0000000711400000|100%| S|CS|TAMS 0x0000000711200000, 0x0000000711200000| Complete 
| 128|0x0000000711400000, 0x0000000711600000, 0x0000000711600000|100%| S|CS|TAMS 0x0000000711400000, 0x0000000711400000| Complete 
| 129|0x0000000711600000, 0x0000000711600000, 0x0000000711800000|  0%| F|  |TAMS 0x0000000711600000, 0x0000000711600000| Untracked 
| 130|0x0000000711800000, 0x0000000711800000, 0x0000000711a00000|  0%| F|  |TAMS 0x0000000711800000, 0x0000000711800000| Untracked 
| 131|0x0000000711a00000, 0x0000000711a00000, 0x0000000711c00000|  0%| F|  |TAMS 0x0000000711a00000, 0x0000000711a00000| Untracked 
| 132|0x0000000711c00000, 0x0000000711c00000, 0x0000000711e00000|  0%| F|  |TAMS 0x0000000711c00000, 0x0000000711c00000| Untracked 
| 133|0x0000000711e00000, 0x0000000711e00000, 0x0000000712000000|  0%| F|  |TAMS 0x0000000711e00000, 0x0000000711e00000| Untracked 
| 134|0x0000000712000000, 0x0000000712200000, 0x0000000712200000|100%| S|CS|TAMS 0x0000000712000000, 0x0000000712000000| Complete 
| 135|0x0000000712200000, 0x0000000712400000, 0x0000000712400000|100%| S|CS|TAMS 0x0000000712200000, 0x0000000712200000| Complete 
| 136|0x0000000712400000, 0x0000000712600000, 0x0000000712600000|100%| S|CS|TAMS 0x0000000712400000, 0x0000000712400000| Complete 
| 137|0x0000000712600000, 0x0000000712800000, 0x0000000712800000|100%| S|CS|TAMS 0x0000000712600000, 0x0000000712600000| Complete 
| 138|0x0000000712800000, 0x0000000712a00000, 0x0000000712a00000|100%| S|CS|TAMS 0x0000000712800000, 0x0000000712800000| Complete 
| 139|0x0000000712a00000, 0x0000000712c00000, 0x0000000712c00000|100%| S|CS|TAMS 0x0000000712a00000, 0x0000000712a00000| Complete 
| 140|0x0000000712c00000, 0x0000000712e00000, 0x0000000712e00000|100%| S|CS|TAMS 0x0000000712c00000, 0x0000000712c00000| Complete 
| 141|0x0000000712e00000, 0x0000000713000000, 0x0000000713000000|100%| S|CS|TAMS 0x0000000712e00000, 0x0000000712e00000| Complete 
| 142|0x0000000713000000, 0x0000000713200000, 0x0000000713200000|100%| S|CS|TAMS 0x0000000713000000, 0x0000000713000000| Complete 
| 143|0x0000000713200000, 0x0000000713400000, 0x0000000713400000|100%| S|CS|TAMS 0x0000000713200000, 0x0000000713200000| Complete 
| 144|0x0000000713400000, 0x0000000713600000, 0x0000000713600000|100%| S|CS|TAMS 0x0000000713400000, 0x0000000713400000| Complete 
| 145|0x0000000713600000, 0x0000000713800000, 0x0000000713800000|100%| S|CS|TAMS 0x0000000713600000, 0x0000000713600000| Complete 
| 146|0x0000000713800000, 0x0000000713a00000, 0x0000000713a00000|100%| S|CS|TAMS 0x0000000713800000, 0x0000000713800000| Complete 
| 147|0x0000000713a00000, 0x0000000713a00000, 0x0000000713c00000|  0%| F|  |TAMS 0x0000000713a00000, 0x0000000713a00000| Untracked 
| 148|0x0000000713c00000, 0x0000000713c00000, 0x0000000713e00000|  0%| F|  |TAMS 0x0000000713c00000, 0x0000000713c00000| Untracked 
| 149|0x0000000713e00000, 0x0000000713e00000, 0x0000000714000000|  0%| F|  |TAMS 0x0000000713e00000, 0x0000000713e00000| Untracked 
| 150|0x0000000714000000, 0x0000000714000000, 0x0000000714200000|  0%| F|  |TAMS 0x0000000714000000, 0x0000000714000000| Untracked 
| 151|0x0000000714200000, 0x0000000714200000, 0x0000000714400000|  0%| F|  |TAMS 0x0000000714200000, 0x0000000714200000| Untracked 
| 152|0x0000000714400000, 0x0000000714400000, 0x0000000714600000|  0%| F|  |TAMS 0x0000000714400000, 0x0000000714400000| Untracked 
| 153|0x0000000714600000, 0x0000000714600000, 0x0000000714800000|  0%| F|  |TAMS 0x0000000714600000, 0x0000000714600000| Untracked 
| 154|0x0000000714800000, 0x0000000714800000, 0x0000000714a00000|  0%| F|  |TAMS 0x0000000714800000, 0x0000000714800000| Untracked 
| 155|0x0000000714a00000, 0x0000000714a00000, 0x0000000714c00000|  0%| F|  |TAMS 0x0000000714a00000, 0x0000000714a00000| Untracked 
| 156|0x0000000714c00000, 0x0000000714c00000, 0x0000000714e00000|  0%| F|  |TAMS 0x0000000714c00000, 0x0000000714c00000| Untracked 
| 157|0x0000000714e00000, 0x0000000714e00000, 0x0000000715000000|  0%| F|  |TAMS 0x0000000714e00000, 0x0000000714e00000| Untracked 
| 158|0x0000000715000000, 0x0000000715000000, 0x0000000715200000|  0%| F|  |TAMS 0x0000000715000000, 0x0000000715000000| Untracked 
| 159|0x0000000715200000, 0x0000000715200000, 0x0000000715400000|  0%| F|  |TAMS 0x0000000715200000, 0x0000000715200000| Untracked 
| 160|0x0000000715400000, 0x0000000715400000, 0x0000000715600000|  0%| F|  |TAMS 0x0000000715400000, 0x0000000715400000| Untracked 
| 161|0x0000000715600000, 0x0000000715600000, 0x0000000715800000|  0%| F|  |TAMS 0x0000000715600000, 0x0000000715600000| Untracked 
| 162|0x0000000715800000, 0x0000000715800000, 0x0000000715a00000|  0%| F|  |TAMS 0x0000000715800000, 0x0000000715800000| Untracked 
| 163|0x0000000715a00000, 0x0000000715a00000, 0x0000000715c00000|  0%| F|  |TAMS 0x0000000715a00000, 0x0000000715a00000| Untracked 
| 164|0x0000000715c00000, 0x0000000715c00000, 0x0000000715e00000|  0%| F|  |TAMS 0x0000000715c00000, 0x0000000715c00000| Untracked 
| 165|0x0000000715e00000, 0x0000000715e00000, 0x0000000716000000|  0%| F|  |TAMS 0x0000000715e00000, 0x0000000715e00000| Untracked 
| 166|0x0000000716000000, 0x0000000716000000, 0x0000000716200000|  0%| F|  |TAMS 0x0000000716000000, 0x0000000716000000| Untracked 
| 167|0x0000000716200000, 0x0000000716200000, 0x0000000716400000|  0%| F|  |TAMS 0x0000000716200000, 0x0000000716200000| Untracked 
| 168|0x0000000716400000, 0x0000000716400000, 0x0000000716600000|  0%| F|  |TAMS 0x0000000716400000, 0x0000000716400000| Untracked 
| 169|0x0000000716600000, 0x0000000716600000, 0x0000000716800000|  0%| F|  |TAMS 0x0000000716600000, 0x0000000716600000| Untracked 
| 170|0x0000000716800000, 0x0000000716800000, 0x0000000716a00000|  0%| F|  |TAMS 0x0000000716800000, 0x0000000716800000| Untracked 
| 171|0x0000000716a00000, 0x0000000716a00000, 0x0000000716c00000|  0%| F|  |TAMS 0x0000000716a00000, 0x0000000716a00000| Untracked 
| 172|0x0000000716c00000, 0x0000000716c00000, 0x0000000716e00000|  0%| F|  |TAMS 0x0000000716c00000, 0x0000000716c00000| Untracked 
| 173|0x0000000716e00000, 0x0000000716e00000, 0x0000000717000000|  0%| F|  |TAMS 0x0000000716e00000, 0x0000000716e00000| Untracked 
| 174|0x0000000717000000, 0x0000000717000000, 0x0000000717200000|  0%| F|  |TAMS 0x0000000717000000, 0x0000000717000000| Untracked 
| 175|0x0000000717200000, 0x0000000717200000, 0x0000000717400000|  0%| F|  |TAMS 0x0000000717200000, 0x0000000717200000| Untracked 
| 176|0x0000000717400000, 0x0000000717400000, 0x0000000717600000|  0%| F|  |TAMS 0x0000000717400000, 0x0000000717400000| Untracked 
| 177|0x0000000717600000, 0x0000000717600000, 0x0000000717800000|  0%| F|  |TAMS 0x0000000717600000, 0x0000000717600000| Untracked 
| 178|0x0000000717800000, 0x0000000717800000, 0x0000000717a00000|  0%| F|  |TAMS 0x0000000717800000, 0x0000000717800000| Untracked 
| 179|0x0000000717a00000, 0x0000000717a00000, 0x0000000717c00000|  0%| F|  |TAMS 0x0000000717a00000, 0x0000000717a00000| Untracked 
| 180|0x0000000717c00000, 0x0000000717c00000, 0x0000000717e00000|  0%| F|  |TAMS 0x0000000717c00000, 0x0000000717c00000| Untracked 
| 181|0x0000000717e00000, 0x0000000717e00000, 0x0000000718000000|  0%| F|  |TAMS 0x0000000717e00000, 0x0000000717e00000| Untracked 
| 182|0x0000000718000000, 0x0000000718000000, 0x0000000718200000|  0%| F|  |TAMS 0x0000000718000000, 0x0000000718000000| Untracked 
| 183|0x0000000718200000, 0x0000000718200000, 0x0000000718400000|  0%| F|  |TAMS 0x0000000718200000, 0x0000000718200000| Untracked 
| 184|0x0000000718400000, 0x0000000718400000, 0x0000000718600000|  0%| F|  |TAMS 0x0000000718400000, 0x0000000718400000| Untracked 
| 185|0x0000000718600000, 0x0000000718600000, 0x0000000718800000|  0%| F|  |TAMS 0x0000000718600000, 0x0000000718600000| Untracked 
| 186|0x0000000718800000, 0x0000000718800000, 0x0000000718a00000|  0%| F|  |TAMS 0x0000000718800000, 0x0000000718800000| Untracked 
| 187|0x0000000718a00000, 0x0000000718a00000, 0x0000000718c00000|  0%| F|  |TAMS 0x0000000718a00000, 0x0000000718a00000| Untracked 
| 188|0x0000000718c00000, 0x0000000718c00000, 0x0000000718e00000|  0%| F|  |TAMS 0x0000000718c00000, 0x0000000718c00000| Untracked 
| 189|0x0000000718e00000, 0x0000000718e00000, 0x0000000719000000|  0%| F|  |TAMS 0x0000000718e00000, 0x0000000718e00000| Untracked 
| 190|0x0000000719000000, 0x0000000719000000, 0x0000000719200000|  0%| F|  |TAMS 0x0000000719000000, 0x0000000719000000| Untracked 
| 191|0x0000000719200000, 0x0000000719200000, 0x0000000719400000|  0%| F|  |TAMS 0x0000000719200000, 0x0000000719200000| Untracked 
| 192|0x0000000719400000, 0x0000000719400000, 0x0000000719600000|  0%| F|  |TAMS 0x0000000719400000, 0x0000000719400000| Untracked 
| 193|0x0000000719600000, 0x0000000719600000, 0x0000000719800000|  0%| F|  |TAMS 0x0000000719600000, 0x0000000719600000| Untracked 
| 194|0x0000000719800000, 0x0000000719800000, 0x0000000719a00000|  0%| F|  |TAMS 0x0000000719800000, 0x0000000719800000| Untracked 
| 195|0x0000000719a00000, 0x0000000719a00000, 0x0000000719c00000|  0%| F|  |TAMS 0x0000000719a00000, 0x0000000719a00000| Untracked 
| 196|0x0000000719c00000, 0x0000000719c00000, 0x0000000719e00000|  0%| F|  |TAMS 0x0000000719c00000, 0x0000000719c00000| Untracked 
| 197|0x0000000719e00000, 0x0000000719e00000, 0x000000071a000000|  0%| F|  |TAMS 0x0000000719e00000, 0x0000000719e00000| Untracked 
| 198|0x000000071a000000, 0x000000071a000000, 0x000000071a200000|  0%| F|  |TAMS 0x000000071a000000, 0x000000071a000000| Untracked 
| 199|0x000000071a200000, 0x000000071a200000, 0x000000071a400000|  0%| F|  |TAMS 0x000000071a200000, 0x000000071a200000| Untracked 
| 200|0x000000071a400000, 0x000000071a400000, 0x000000071a600000|  0%| F|  |TAMS 0x000000071a400000, 0x000000071a400000| Untracked 
| 201|0x000000071a600000, 0x000000071a600000, 0x000000071a800000|  0%| F|  |TAMS 0x000000071a600000, 0x000000071a600000| Untracked 
| 202|0x000000071a800000, 0x000000071a800000, 0x000000071aa00000|  0%| F|  |TAMS 0x000000071a800000, 0x000000071a800000| Untracked 
| 203|0x000000071aa00000, 0x000000071aa00000, 0x000000071ac00000|  0%| F|  |TAMS 0x000000071aa00000, 0x000000071aa00000| Untracked 
| 204|0x000000071ac00000, 0x000000071ac00000, 0x000000071ae00000|  0%| F|  |TAMS 0x000000071ac00000, 0x000000071ac00000| Untracked 
| 205|0x000000071ae00000, 0x000000071ae00000, 0x000000071b000000|  0%| F|  |TAMS 0x000000071ae00000, 0x000000071ae00000| Untracked 
| 206|0x000000071b000000, 0x000000071b000000, 0x000000071b200000|  0%| F|  |TAMS 0x000000071b000000, 0x000000071b000000| Untracked 
| 207|0x000000071b200000, 0x000000071b200000, 0x000000071b400000|  0%| F|  |TAMS 0x000000071b200000, 0x000000071b200000| Untracked 
| 208|0x000000071b400000, 0x000000071b400000, 0x000000071b600000|  0%| F|  |TAMS 0x000000071b400000, 0x000000071b400000| Untracked 
| 209|0x000000071b600000, 0x000000071b600000, 0x000000071b800000|  0%| F|  |TAMS 0x000000071b600000, 0x000000071b600000| Untracked 
| 210|0x000000071b800000, 0x000000071b800000, 0x000000071ba00000|  0%| F|  |TAMS 0x000000071b800000, 0x000000071b800000| Untracked 
| 211|0x000000071ba00000, 0x000000071ba00000, 0x000000071bc00000|  0%| F|  |TAMS 0x000000071ba00000, 0x000000071ba00000| Untracked 
| 212|0x000000071bc00000, 0x000000071bc00000, 0x000000071be00000|  0%| F|  |TAMS 0x000000071bc00000, 0x000000071bc00000| Untracked 
| 213|0x000000071be00000, 0x000000071be00000, 0x000000071c000000|  0%| F|  |TAMS 0x000000071be00000, 0x000000071be00000| Untracked 
| 214|0x000000071c000000, 0x000000071c000000, 0x000000071c200000|  0%| F|  |TAMS 0x000000071c000000, 0x000000071c000000| Untracked 
| 215|0x000000071c200000, 0x000000071c200000, 0x000000071c400000|  0%| F|  |TAMS 0x000000071c200000, 0x000000071c200000| Untracked 
| 216|0x000000071c400000, 0x000000071c400000, 0x000000071c600000|  0%| F|  |TAMS 0x000000071c400000, 0x000000071c400000| Untracked 
| 217|0x000000071c600000, 0x000000071c600000, 0x000000071c800000|  0%| F|  |TAMS 0x000000071c600000, 0x000000071c600000| Untracked 
| 218|0x000000071c800000, 0x000000071c800000, 0x000000071ca00000|  0%| F|  |TAMS 0x000000071c800000, 0x000000071c800000| Untracked 
| 219|0x000000071ca00000, 0x000000071ca00000, 0x000000071cc00000|  0%| F|  |TAMS 0x000000071ca00000, 0x000000071ca00000| Untracked 
| 220|0x000000071cc00000, 0x000000071cc00000, 0x000000071ce00000|  0%| F|  |TAMS 0x000000071cc00000, 0x000000071cc00000| Untracked 
| 221|0x000000071ce00000, 0x000000071ce00000, 0x000000071d000000|  0%| F|  |TAMS 0x000000071ce00000, 0x000000071ce00000| Untracked 
| 222|0x000000071d000000, 0x000000071d000000, 0x000000071d200000|  0%| F|  |TAMS 0x000000071d000000, 0x000000071d000000| Untracked 
| 223|0x000000071d200000, 0x000000071d200000, 0x000000071d400000|  0%| F|  |TAMS 0x000000071d200000, 0x000000071d200000| Untracked 
| 224|0x000000071d400000, 0x000000071d400000, 0x000000071d600000|  0%| F|  |TAMS 0x000000071d400000, 0x000000071d400000| Untracked 
| 225|0x000000071d600000, 0x000000071d600000, 0x000000071d800000|  0%| F|  |TAMS 0x000000071d600000, 0x000000071d600000| Untracked 
| 226|0x000000071d800000, 0x000000071d800000, 0x000000071da00000|  0%| F|  |TAMS 0x000000071d800000, 0x000000071d800000| Untracked 
| 227|0x000000071da00000, 0x000000071da00000, 0x000000071dc00000|  0%| F|  |TAMS 0x000000071da00000, 0x000000071da00000| Untracked 
| 228|0x000000071dc00000, 0x000000071dc00000, 0x000000071de00000|  0%| F|  |TAMS 0x000000071dc00000, 0x000000071dc00000| Untracked 
| 229|0x000000071de00000, 0x000000071de00000, 0x000000071e000000|  0%| F|  |TAMS 0x000000071de00000, 0x000000071de00000| Untracked 
| 230|0x000000071e000000, 0x000000071e000000, 0x000000071e200000|  0%| F|  |TAMS 0x000000071e000000, 0x000000071e000000| Untracked 
| 231|0x000000071e200000, 0x000000071e200000, 0x000000071e400000|  0%| F|  |TAMS 0x000000071e200000, 0x000000071e200000| Untracked 
| 232|0x000000071e400000, 0x000000071e400000, 0x000000071e600000|  0%| F|  |TAMS 0x000000071e400000, 0x000000071e400000| Untracked 
| 233|0x000000071e600000, 0x000000071e600000, 0x000000071e800000|  0%| F|  |TAMS 0x000000071e600000, 0x000000071e600000| Untracked 
| 234|0x000000071e800000, 0x000000071e800000, 0x000000071ea00000|  0%| F|  |TAMS 0x000000071e800000, 0x000000071e800000| Untracked 
| 235|0x000000071ea00000, 0x000000071ea00000, 0x000000071ec00000|  0%| F|  |TAMS 0x000000071ea00000, 0x000000071ea00000| Untracked 
| 236|0x000000071ec00000, 0x000000071ec00000, 0x000000071ee00000|  0%| F|  |TAMS 0x000000071ec00000, 0x000000071ec00000| Untracked 
| 237|0x000000071ee00000, 0x000000071ee00000, 0x000000071f000000|  0%| F|  |TAMS 0x000000071ee00000, 0x000000071ee00000| Untracked 
| 238|0x000000071f000000, 0x000000071f000000, 0x000000071f200000|  0%| F|  |TAMS 0x000000071f000000, 0x000000071f000000| Untracked 
| 239|0x000000071f200000, 0x000000071f200000, 0x000000071f400000|  0%| F|  |TAMS 0x000000071f200000, 0x000000071f200000| Untracked 
| 240|0x000000071f400000, 0x000000071f400000, 0x000000071f600000|  0%| F|  |TAMS 0x000000071f400000, 0x000000071f400000| Untracked 
| 241|0x000000071f600000, 0x000000071f600000, 0x000000071f800000|  0%| F|  |TAMS 0x000000071f600000, 0x000000071f600000| Untracked 
| 242|0x000000071f800000, 0x000000071f800000, 0x000000071fa00000|  0%| F|  |TAMS 0x000000071f800000, 0x000000071f800000| Untracked 
| 243|0x000000071fa00000, 0x000000071fa00000, 0x000000071fc00000|  0%| F|  |TAMS 0x000000071fa00000, 0x000000071fa00000| Untracked 
| 244|0x000000071fc00000, 0x000000071fc00000, 0x000000071fe00000|  0%| F|  |TAMS 0x000000071fc00000, 0x000000071fc00000| Untracked 
| 245|0x000000071fe00000, 0x000000071fe00000, 0x0000000720000000|  0%| F|  |TAMS 0x000000071fe00000, 0x000000071fe00000| Untracked 
| 246|0x0000000720000000, 0x0000000720000000, 0x0000000720200000|  0%| F|  |TAMS 0x0000000720000000, 0x0000000720000000| Untracked 
| 247|0x0000000720200000, 0x0000000720200000, 0x0000000720400000|  0%| F|  |TAMS 0x0000000720200000, 0x0000000720200000| Untracked 
| 248|0x0000000720400000, 0x0000000720400000, 0x0000000720600000|  0%| F|  |TAMS 0x0000000720400000, 0x0000000720400000| Untracked 
| 249|0x0000000720600000, 0x0000000720600000, 0x0000000720800000|  0%| F|  |TAMS 0x0000000720600000, 0x0000000720600000| Untracked 
| 250|0x0000000720800000, 0x0000000720800000, 0x0000000720a00000|  0%| F|  |TAMS 0x0000000720800000, 0x0000000720800000| Untracked 
| 251|0x0000000720a00000, 0x0000000720a00000, 0x0000000720c00000|  0%| F|  |TAMS 0x0000000720a00000, 0x0000000720a00000| Untracked 
| 252|0x0000000720c00000, 0x0000000720c00000, 0x0000000720e00000|  0%| F|  |TAMS 0x0000000720c00000, 0x0000000720c00000| Untracked 
| 253|0x0000000720e00000, 0x0000000720e00000, 0x0000000721000000|  0%| F|  |TAMS 0x0000000720e00000, 0x0000000720e00000| Untracked 
| 254|0x0000000721000000, 0x0000000721000000, 0x0000000721200000|  0%| F|  |TAMS 0x0000000721000000, 0x0000000721000000| Untracked 
| 255|0x0000000721200000, 0x0000000721200000, 0x0000000721400000|  0%| F|  |TAMS 0x0000000721200000, 0x0000000721200000| Untracked 
| 256|0x0000000721400000, 0x0000000721400000, 0x0000000721600000|  0%| F|  |TAMS 0x0000000721400000, 0x0000000721400000| Untracked 
| 257|0x0000000721600000, 0x0000000721600000, 0x0000000721800000|  0%| F|  |TAMS 0x0000000721600000, 0x0000000721600000| Untracked 
| 258|0x0000000721800000, 0x0000000721800000, 0x0000000721a00000|  0%| F|  |TAMS 0x0000000721800000, 0x0000000721800000| Untracked 
| 259|0x0000000721a00000, 0x0000000721a00000, 0x0000000721c00000|  0%| F|  |TAMS 0x0000000721a00000, 0x0000000721a00000| Untracked 
| 260|0x0000000721c00000, 0x0000000721c00000, 0x0000000721e00000|  0%| F|  |TAMS 0x0000000721c00000, 0x0000000721c00000| Untracked 
| 261|0x0000000721e00000, 0x0000000721e00000, 0x0000000722000000|  0%| F|  |TAMS 0x0000000721e00000, 0x0000000721e00000| Untracked 
| 262|0x0000000722000000, 0x0000000722000000, 0x0000000722200000|  0%| F|  |TAMS 0x0000000722000000, 0x0000000722000000| Untracked 
| 263|0x0000000722200000, 0x0000000722200000, 0x0000000722400000|  0%| F|  |TAMS 0x0000000722200000, 0x0000000722200000| Untracked 
| 264|0x0000000722400000, 0x0000000722400000, 0x0000000722600000|  0%| F|  |TAMS 0x0000000722400000, 0x0000000722400000| Untracked 
| 265|0x0000000722600000, 0x0000000722600000, 0x0000000722800000|  0%| F|  |TAMS 0x0000000722600000, 0x0000000722600000| Untracked 
| 266|0x0000000722800000, 0x0000000722800000, 0x0000000722a00000|  0%| F|  |TAMS 0x0000000722800000, 0x0000000722800000| Untracked 
| 267|0x0000000722a00000, 0x0000000722a00000, 0x0000000722c00000|  0%| F|  |TAMS 0x0000000722a00000, 0x0000000722a00000| Untracked 
| 268|0x0000000722c00000, 0x0000000722c00000, 0x0000000722e00000|  0%| F|  |TAMS 0x0000000722c00000, 0x0000000722c00000| Untracked 
| 269|0x0000000722e00000, 0x0000000722e00000, 0x0000000723000000|  0%| F|  |TAMS 0x0000000722e00000, 0x0000000722e00000| Untracked 
| 270|0x0000000723000000, 0x0000000723000000, 0x0000000723200000|  0%| F|  |TAMS 0x0000000723000000, 0x0000000723000000| Untracked 
| 271|0x0000000723200000, 0x0000000723200000, 0x0000000723400000|  0%| F|  |TAMS 0x0000000723200000, 0x0000000723200000| Untracked 
| 272|0x0000000723400000, 0x0000000723400000, 0x0000000723600000|  0%| F|  |TAMS 0x0000000723400000, 0x0000000723400000| Untracked 
| 273|0x0000000723600000, 0x0000000723600000, 0x0000000723800000|  0%| F|  |TAMS 0x0000000723600000, 0x0000000723600000| Untracked 
| 274|0x0000000723800000, 0x0000000723800000, 0x0000000723a00000|  0%| F|  |TAMS 0x0000000723800000, 0x0000000723800000| Untracked 
| 275|0x0000000723a00000, 0x0000000723a00000, 0x0000000723c00000|  0%| F|  |TAMS 0x0000000723a00000, 0x0000000723a00000| Untracked 
| 276|0x0000000723c00000, 0x0000000723c00000, 0x0000000723e00000|  0%| F|  |TAMS 0x0000000723c00000, 0x0000000723c00000| Untracked 
| 277|0x0000000723e00000, 0x0000000723e00000, 0x0000000724000000|  0%| F|  |TAMS 0x0000000723e00000, 0x0000000723e00000| Untracked 
| 278|0x0000000724000000, 0x0000000724000000, 0x0000000724200000|  0%| F|  |TAMS 0x0000000724000000, 0x0000000724000000| Untracked 
| 279|0x0000000724200000, 0x0000000724200000, 0x0000000724400000|  0%| F|  |TAMS 0x0000000724200000, 0x0000000724200000| Untracked 
| 280|0x0000000724400000, 0x0000000724400000, 0x0000000724600000|  0%| F|  |TAMS 0x0000000724400000, 0x0000000724400000| Untracked 
| 281|0x0000000724600000, 0x0000000724600000, 0x0000000724800000|  0%| F|  |TAMS 0x0000000724600000, 0x0000000724600000| Untracked 
| 282|0x0000000724800000, 0x0000000724800000, 0x0000000724a00000|  0%| F|  |TAMS 0x0000000724800000, 0x0000000724800000| Untracked 
| 283|0x0000000724a00000, 0x0000000724a00000, 0x0000000724c00000|  0%| F|  |TAMS 0x0000000724a00000, 0x0000000724a00000| Untracked 
| 284|0x0000000724c00000, 0x0000000724c00000, 0x0000000724e00000|  0%| F|  |TAMS 0x0000000724c00000, 0x0000000724c00000| Untracked 
| 285|0x0000000724e00000, 0x0000000724e00000, 0x0000000725000000|  0%| F|  |TAMS 0x0000000724e00000, 0x0000000724e00000| Untracked 
| 286|0x0000000725000000, 0x0000000725000000, 0x0000000725200000|  0%| F|  |TAMS 0x0000000725000000, 0x0000000725000000| Untracked 
| 287|0x0000000725200000, 0x0000000725200000, 0x0000000725400000|  0%| F|  |TAMS 0x0000000725200000, 0x0000000725200000| Untracked 
| 288|0x0000000725400000, 0x0000000725400000, 0x0000000725600000|  0%| F|  |TAMS 0x0000000725400000, 0x0000000725400000| Untracked 
| 289|0x0000000725600000, 0x0000000725600000, 0x0000000725800000|  0%| F|  |TAMS 0x0000000725600000, 0x0000000725600000| Untracked 
| 290|0x0000000725800000, 0x0000000725800000, 0x0000000725a00000|  0%| F|  |TAMS 0x0000000725800000, 0x0000000725800000| Untracked 
| 291|0x0000000725a00000, 0x0000000725a00000, 0x0000000725c00000|  0%| F|  |TAMS 0x0000000725a00000, 0x0000000725a00000| Untracked 
| 292|0x0000000725c00000, 0x0000000725c00000, 0x0000000725e00000|  0%| F|  |TAMS 0x0000000725c00000, 0x0000000725c00000| Untracked 
| 293|0x0000000725e00000, 0x0000000725e00000, 0x0000000726000000|  0%| F|  |TAMS 0x0000000725e00000, 0x0000000725e00000| Untracked 
| 294|0x0000000726000000, 0x0000000726000000, 0x0000000726200000|  0%| F|  |TAMS 0x0000000726000000, 0x0000000726000000| Untracked 
| 295|0x0000000726200000, 0x0000000726200000, 0x0000000726400000|  0%| F|  |TAMS 0x0000000726200000, 0x0000000726200000| Untracked 
| 296|0x0000000726400000, 0x0000000726400000, 0x0000000726600000|  0%| F|  |TAMS 0x0000000726400000, 0x0000000726400000| Untracked 
| 297|0x0000000726600000, 0x0000000726600000, 0x0000000726800000|  0%| F|  |TAMS 0x0000000726600000, 0x0000000726600000| Untracked 
| 298|0x0000000726800000, 0x0000000726800000, 0x0000000726a00000|  0%| F|  |TAMS 0x0000000726800000, 0x0000000726800000| Untracked 
| 299|0x0000000726a00000, 0x0000000726a00000, 0x0000000726c00000|  0%| F|  |TAMS 0x0000000726a00000, 0x0000000726a00000| Untracked 
| 300|0x0000000726c00000, 0x0000000726c00000, 0x0000000726e00000|  0%| F|  |TAMS 0x0000000726c00000, 0x0000000726c00000| Untracked 
| 301|0x0000000726e00000, 0x0000000726e00000, 0x0000000727000000|  0%| F|  |TAMS 0x0000000726e00000, 0x0000000726e00000| Untracked 
| 302|0x0000000727000000, 0x0000000727000000, 0x0000000727200000|  0%| F|  |TAMS 0x0000000727000000, 0x0000000727000000| Untracked 
| 303|0x0000000727200000, 0x0000000727200000, 0x0000000727400000|  0%| F|  |TAMS 0x0000000727200000, 0x0000000727200000| Untracked 

Card table byte_map: [0x0000026496280000,0x0000026496a80000] _byte_map_base: 0x0000026492a76000

Marking Bits (Prev, Next): (CMBitMap*) 0x000002648fd4abe0, (CMBitMap*) 0x000002648fd4aba0
 Prev Bits: [0x000002649b230000, 0x000002649f1e0000)
 Next Bits: [0x0000026497280000, 0x000002649b230000)

Polling page: 0x000002648dc40000

Metaspace:

Usage:
  Non-class:     30.46 MB used.
      Class:      4.53 MB used.
       Both:     35.00 MB used.

Virtual space:
  Non-class space:       32.00 MB reserved,      30.69 MB ( 96%) committed,  4 nodes.
      Class space:        1.00 GB reserved,       4.69 MB ( <1%) committed,  1 nodes.
             Both:        1.03 GB reserved,      35.38 MB (  3%) committed. 

Chunk freelists:
   Non-Class:  1.25 MB
       Class:  3.28 MB
        Both:  4.53 MB

MaxMetaspaceSize: unlimited
CompressedClassSpaceSize: 1.00 GB
Initial GC threshold: 21.00 MB
Current GC threshold: 35.44 MB
CDS: off
MetaspaceReclaimPolicy: balanced
 - commit_granule_bytes: 65536.
 - commit_granule_words: 8192.
 - virtual_space_node_default_size: 1048576.
 - enlarge_chunks_in_place: 1.
 - new_chunks_are_fully_committed: 0.
 - uncommit_free_chunks: 1.
 - use_allocation_guard: 0.
 - handle_deallocations: 1.


Internal statistics:

num_allocs_failed_limit: 3.
num_arena_births: 346.
num_arena_deaths: 0.
num_vsnodes_births: 5.
num_vsnodes_deaths: 0.
num_space_committed: 566.
num_space_uncommitted: 0.
num_chunks_returned_to_freelist: 3.
num_chunks_taken_from_freelist: 1386.
num_chunk_merges: 3.
num_chunk_splits: 935.
num_chunks_enlarged: 715.
num_purges: 0.
num_inconsistent_stats: 0.

CodeCache: size=49152Kb used=7756Kb max_used=9334Kb free=41396Kb
 bounds [0x0000026492970000, 0x0000026493290000, 0x0000026495970000]
 total_blobs=4386 nmethods=3870 adapters=443
 compilation: enabled
              stopped_count=0, restarted_count=0
 full_count=0

Compilation events (20 events):
Event: 41.797 Thread 0x00000264a286eab0 3864       1       sun.nio.fs.WindowsException::rethrowAsIOException (39 bytes)
Event: 41.797 Thread 0x00000264a286eab0 nmethod 3864 0x0000026493240610 code [0x00000264932407a0, 0x00000264932408a8]
Event: 41.797 Thread 0x00000264a286eab0 3865       1       sun.nio.fs.WindowsException::translateToIOException (109 bytes)
Event: 41.798 Thread 0x00000264a286eab0 nmethod 3865 0x000002649323fb10 code [0x000002649323fd40, 0x00000264932403a8]
Event: 41.798 Thread 0x00000264a286eab0 3866       1       java.nio.file.NoSuchFileException::<init> (8 bytes)
Event: 41.799 Thread 0x00000264a286eab0 nmethod 3866 0x000002649323f710 code [0x000002649323f8a0, 0x000002649323fa68]
Event: 41.799 Thread 0x00000264a286eab0 3867       1       java.nio.file.FileSystemException::<init> (16 bytes)
Event: 41.799 Thread 0x00000264a286eab0 nmethod 3867 0x000002649323f310 code [0x000002649323f4a0, 0x000002649323f648]
Event: 41.839 Thread 0x00000264a286eab0 3868   !   1       nonapi.io.github.classgraph.utils.FileUtils::canReadAndIsFile (24 bytes)
Event: 41.839 Thread 0x00000264a286eab0 nmethod 3868 0x000002649323ea90 code [0x000002649323ec60, 0x000002649323f088]
Event: 41.872 Thread 0x00000264a286eab0 3869       1       io.github.classgraph.AnnotationParameterValueList::<init> (5 bytes)
Event: 41.872 Thread 0x00000264a286eab0 nmethod 3869 0x000002649323e710 code [0x000002649323e8a0, 0x000002649323e9d8]
Event: 41.872 Thread 0x00000264a286eab0 3870       1       io.github.classgraph.MappableInfoList::<init> (5 bytes)
Event: 41.872 Thread 0x00000264a286eab0 nmethod 3870 0x000002649323e390 code [0x000002649323e520, 0x000002649323e658]
Event: 42.098 Thread 0x00000264a286eab0 3871       1       ch.qos.logback.classic.pattern.ThrowableProxyConverter::isIgnoredStackTraceLine (51 bytes)
Event: 42.099 Thread 0x00000264a286eab0 nmethod 3871 0x000002649323de10 code [0x000002649323dfe0, 0x000002649323e1f8]
Event: 42.099 Thread 0x00000264a286eab0 3872       1       ch.qos.logback.classic.pattern.ThrowableProxyConverter::printStackLine (23 bytes)
Event: 42.099 Thread 0x00000264a286eab0 nmethod 3872 0x000002649323d890 code [0x000002649323da60, 0x000002649323dc28]
Event: 42.099 Thread 0x00000264a286eab0 3873       1       ch.qos.logback.classic.pattern.ThrowableProxyConverter::extraData (1 bytes)
Event: 42.100 Thread 0x00000264a286eab0 nmethod 3873 0x000002649323d590 code [0x000002649323d720, 0x000002649323d7d8]

GC Heap History (20 events):
Event: 34.093 GC heap after
{Heap after GC invocations=17 (full 0):
 garbage-first heap   total 311296K, used 69708K [0x0000000701400000, 0x0000000800000000)
  region size 2048K, 6 young (12288K), 6 survivors (12288K)
 Metaspace       used 35611K, committed 36032K, reserved 1081344K
  class space    used 4609K, committed 4800K, reserved 1048576K
}
Event: 34.183 GC heap before
{Heap before GC invocations=17 (full 0):
 garbage-first heap   total 311296K, used 231500K [0x0000000701400000, 0x0000000800000000)
  region size 2048K, 86 young (176128K), 6 survivors (12288K)
 Metaspace       used 35611K, committed 36032K, reserved 1081344K
  class space    used 4609K, committed 4800K, reserved 1048576K
}
Event: 34.194 GC heap after
{Heap after GC invocations=18 (full 0):
 garbage-first heap   total 311296K, used 76165K [0x0000000701400000, 0x0000000800000000)
  region size 2048K, 9 young (18432K), 9 survivors (18432K)
 Metaspace       used 35611K, committed 36032K, reserved 1081344K
  class space    used 4609K, committed 4800K, reserved 1048576K
}
Event: 34.290 GC heap before
{Heap before GC invocations=18 (full 0):
 garbage-first heap   total 311296K, used 240005K [0x0000000701400000, 0x0000000800000000)
  region size 2048K, 91 young (186368K), 9 survivors (18432K)
 Metaspace       used 35611K, committed 36032K, reserved 1081344K
  class space    used 4609K, committed 4800K, reserved 1048576K
}
Event: 34.304 GC heap after
{Heap after GC invocations=19 (full 0):
 garbage-first heap   total 311296K, used 83766K [0x0000000701400000, 0x0000000800000000)
  region size 2048K, 8 young (16384K), 8 survivors (16384K)
 Metaspace       used 35611K, committed 36032K, reserved 1081344K
  class space    used 4609K, committed 4800K, reserved 1048576K
}
Event: 34.408 GC heap before
{Heap before GC invocations=19 (full 0):
 garbage-first heap   total 311296K, used 243510K [0x0000000701400000, 0x0000000800000000)
  region size 2048K, 87 young (178176K), 8 survivors (16384K)
 Metaspace       used 35611K, committed 36032K, reserved 1081344K
  class space    used 4609K, committed 4800K, reserved 1048576K
}
Event: 34.425 GC heap after
{Heap after GC invocations=20 (full 0):
 garbage-first heap   total 622592K, used 90371K [0x0000000701400000, 0x0000000800000000)
  region size 2048K, 7 young (14336K), 7 survivors (14336K)
 Metaspace       used 35611K, committed 36032K, reserved 1081344K
  class space    used 4609K, committed 4800K, reserved 1048576K
}
Event: 34.835 GC heap before
{Heap before GC invocations=20 (full 0):
 garbage-first heap   total 622592K, used 446723K [0x0000000701400000, 0x0000000800000000)
  region size 2048K, 182 young (372736K), 7 survivors (14336K)
 Metaspace       used 35611K, committed 36032K, reserved 1081344K
  class space    used 4609K, committed 4800K, reserved 1048576K
}
Event: 34.857 GC heap after
{Heap after GC invocations=21 (full 0):
 garbage-first heap   total 622592K, used 104305K [0x0000000701400000, 0x0000000800000000)
  region size 2048K, 14 young (28672K), 14 survivors (28672K)
 Metaspace       used 35611K, committed 36032K, reserved 1081344K
  class space    used 4609K, committed 4800K, reserved 1048576K
}
Event: 35.114 GC heap before
{Heap before GC invocations=21 (full 0):
 garbage-first heap   total 622592K, used 446321K [0x0000000701400000, 0x0000000800000000)
  region size 2048K, 182 young (372736K), 14 survivors (28672K)
 Metaspace       used 35611K, committed 36032K, reserved 1081344K
  class space    used 4609K, committed 4800K, reserved 1048576K
}
Event: 35.138 GC heap after
{Heap after GC invocations=22 (full 0):
 garbage-first heap   total 622592K, used 125276K [0x0000000701400000, 0x0000000800000000)
  region size 2048K, 21 young (43008K), 21 survivors (43008K)
 Metaspace       used 35611K, committed 36032K, reserved 1081344K
  class space    used 4609K, committed 4800K, reserved 1048576K
}
Event: 37.383 GC heap before
{Heap before GC invocations=22 (full 0):
 garbage-first heap   total 622592K, used 452956K [0x0000000701400000, 0x0000000800000000)
  region size 2048K, 182 young (372736K), 21 survivors (43008K)
 Metaspace       used 35744K, committed 36160K, reserved 1081344K
  class space    used 4618K, committed 4800K, reserved 1048576K
}
Event: 37.410 GC heap after
{Heap after GC invocations=23 (full 0):
 garbage-first heap   total 622592K, used 143616K [0x0000000701400000, 0x0000000800000000)
  region size 2048K, 20 young (40960K), 20 survivors (40960K)
 Metaspace       used 35744K, committed 36160K, reserved 1081344K
  class space    used 4618K, committed 4800K, reserved 1048576K
}
Event: 38.573 GC heap before
{Heap before GC invocations=23 (full 0):
 garbage-first heap   total 622592K, used 473344K [0x0000000701400000, 0x0000000800000000)
  region size 2048K, 182 young (372736K), 20 survivors (40960K)
 Metaspace       used 35745K, committed 36160K, reserved 1081344K
  class space    used 4618K, committed 4800K, reserved 1048576K
}
Event: 38.598 GC heap after
{Heap after GC invocations=24 (full 0):
 garbage-first heap   total 622592K, used 159801K [0x0000000701400000, 0x0000000800000000)
  region size 2048K, 18 young (36864K), 18 survivors (36864K)
 Metaspace       used 35745K, committed 36160K, reserved 1081344K
  class space    used 4618K, committed 4800K, reserved 1048576K
}
Event: 39.885 GC heap before
{Heap before GC invocations=24 (full 0):
 garbage-first heap   total 622592K, used 493625K [0x0000000701400000, 0x0000000800000000)
  region size 2048K, 182 young (372736K), 18 survivors (36864K)
 Metaspace       used 35836K, committed 36160K, reserved 1081344K
  class space    used 4641K, committed 4800K, reserved 1048576K
}
Event: 39.913 GC heap after
{Heap after GC invocations=25 (full 0):
 garbage-first heap   total 622592K, used 176965K [0x0000000701400000, 0x0000000800000000)
  region size 2048K, 17 young (34816K), 17 survivors (34816K)
 Metaspace       used 35836K, committed 36160K, reserved 1081344K
  class space    used 4641K, committed 4800K, reserved 1048576K
}
Event: 41.034 GC heap before
{Heap before GC invocations=25 (full 0):
 garbage-first heap   total 622592K, used 512837K [0x0000000701400000, 0x0000000800000000)
  region size 2048K, 182 young (372736K), 17 survivors (34816K)
 Metaspace       used 35838K, committed 36224K, reserved 1081344K
  class space    used 4642K, committed 4800K, reserved 1048576K
}
Event: 41.063 GC heap after
{Heap after GC invocations=26 (full 0):
 garbage-first heap   total 622592K, used 194502K [0x0000000701400000, 0x0000000800000000)
  region size 2048K, 17 young (34816K), 17 survivors (34816K)
 Metaspace       used 35838K, committed 36224K, reserved 1081344K
  class space    used 4642K, committed 4800K, reserved 1048576K
}
Event: 42.184 GC heap before
{Heap before GC invocations=26 (full 0):
 garbage-first heap   total 622592K, used 516038K [0x0000000701400000, 0x0000000800000000)
  region size 2048K, 174 young (356352K), 17 survivors (34816K)
 Metaspace       used 35838K, committed 36224K, reserved 1081344K
  class space    used 4642K, committed 4800K, reserved 1048576K
}

Deoptimization events (12 events):
Event: 24.660 Thread 0x000002648dbab600 DEOPT PACKING pc=0x0000026492ede6f9 sp=0x000000db134fd3c0
Event: 24.660 Thread 0x000002648dbab600 DEOPT UNPACKING pc=0x00000264929c2b43 sp=0x000000db134fc8a0 mode 3
Event: 30.438 Thread 0x000002648dbab600 DEOPT PACKING pc=0x0000026493060ef9 sp=0x000000db134fc7a0
Event: 30.438 Thread 0x000002648dbab600 DEOPT UNPACKING pc=0x00000264929c2b43 sp=0x000000db134fbc80 mode 3
Event: 31.842 Thread 0x00000264a428d560 DEOPT PACKING pc=0x000002649308d9ed sp=0x000000db154fd860
Event: 31.843 Thread 0x00000264a428d560 DEOPT UNPACKING pc=0x00000264929c2b43 sp=0x000000db154fcd88 mode 3
Event: 31.912 Thread 0x00000264a448d870 DEOPT PACKING pc=0x0000026492ed9809 sp=0x000000db153fd6e0
Event: 31.912 Thread 0x00000264a448d870 DEOPT UNPACKING pc=0x00000264929c2b43 sp=0x000000db153fcb70 mode 3
Event: 31.938 Thread 0x00000264a428d560 DEOPT PACKING pc=0x0000026492ed7a1f sp=0x000000db154ff2e0
Event: 31.938 Thread 0x00000264a428d560 DEOPT UNPACKING pc=0x00000264929c2b43 sp=0x000000db154fe738 mode 3
Event: 32.061 Thread 0x00000264a428da30 DEOPT PACKING pc=0x00000264930a6513 sp=0x000000db155fe6a0
Event: 32.061 Thread 0x00000264a428da30 DEOPT UNPACKING pc=0x00000264929c2b43 sp=0x000000db155fdbe8 mode 3

Classes unloaded (0 events):
No events

Classes redefined (0 events):
No events

Internal exceptions (20 events):
Event: 41.912 Thread 0x00000264a44d9a10 Exception <a 'sun/nio/fs/WindowsException'{0x0000000719146450}> (0x0000000719146450) 
thrown [s\src\hotspot\share\prims\jni.cpp, line 516]
Event: 41.913 Thread 0x00000264a44d8ba0 Exception <a 'sun/nio/fs/WindowsException'{0x0000000718c73ea0}> (0x0000000718c73ea0) 
thrown [s\src\hotspot\share\prims\jni.cpp, line 516]
Event: 41.913 Thread 0x00000264a44d8ba0 Exception <a 'sun/nio/fs/WindowsException'{0x0000000718c74320}> (0x0000000718c74320) 
thrown [s\src\hotspot\share\prims\jni.cpp, line 516]
Event: 41.946 Thread 0x00000264a44d7d30 Exception <a 'sun/nio/fs/WindowsException'{0x0000000718523250}> (0x0000000718523250) 
thrown [s\src\hotspot\share\prims\jni.cpp, line 516]
Event: 41.946 Thread 0x00000264a44d7d30 Exception <a 'sun/nio/fs/WindowsException'{0x00000007185236c8}> (0x00000007185236c8) 
thrown [s\src\hotspot\share\prims\jni.cpp, line 516]
Event: 42.161 Thread 0x00000264a44d7860 Exception <a 'sun/nio/fs/WindowsException'{0x0000000714553080}> (0x0000000714553080) 
thrown [s\src\hotspot\share\prims\jni.cpp, line 516]
Event: 42.161 Thread 0x00000264a44d7860 Exception <a 'sun/nio/fs/WindowsException'{0x0000000714553500}> (0x0000000714553500) 
thrown [s\src\hotspot\share\prims\jni.cpp, line 516]
Event: 42.169 Thread 0x00000264a44d9ee0 Exception <a 'sun/nio/fs/WindowsException'{0x000000071467baa8}> (0x000000071467baa8) 
thrown [s\src\hotspot\share\prims\jni.cpp, line 516]
Event: 42.170 Thread 0x00000264a44d9ee0 Exception <a 'sun/nio/fs/WindowsException'{0x000000071467bf10}> (0x000000071467bf10) 
thrown [s\src\hotspot\share\prims\jni.cpp, line 516]
Event: 42.170 Thread 0x00000264a44d7860 Exception <a 'sun/nio/fs/WindowsException'{0x00000007141ad5e0}> (0x00000007141ad5e0) 
thrown [s\src\hotspot\share\prims\jni.cpp, line 516]
Event: 42.170 Thread 0x00000264a44d7860 Exception <a 'sun/nio/fs/WindowsException'{0x00000007141ada30}> (0x00000007141ada30) 
thrown [s\src\hotspot\share\prims\jni.cpp, line 516]
Event: 42.171 Thread 0x00000264a44d86d0 Exception <a 'sun/nio/fs/WindowsException'{0x00000007140ad678}> (0x00000007140ad678) 
thrown [s\src\hotspot\share\prims\jni.cpp, line 516]
Event: 42.171 Thread 0x00000264a44d86d0 Exception <a 'sun/nio/fs/WindowsException'{0x00000007140adae8}> (0x00000007140adae8) 
thrown [s\src\hotspot\share\prims\jni.cpp, line 516]
Event: 42.171 Thread 0x00000264a44d8ba0 Exception <a 'sun/nio/fs/WindowsException'{0x0000000713ebae50}> (0x0000000713ebae50) 
thrown [s\src\hotspot\share\prims\jni.cpp, line 516]
Event: 42.171 Thread 0x00000264a44d8ba0 Exception <a 'sun/nio/fs/WindowsException'{0x0000000713ebb300}> (0x0000000713ebb300) 
thrown [s\src\hotspot\share\prims\jni.cpp, line 516]
Event: 42.182 Thread 0x00000264a44d7d30 Exception <a 'sun/nio/fs/WindowsException'{0x0000000713a1e428}> (0x0000000713a1e428) 
thrown [s\src\hotspot\share\prims\jni.cpp, line 516]
Event: 42.182 Thread 0x00000264a44d7d30 Exception <a 'sun/nio/fs/WindowsException'{0x0000000713a1e840}> (0x0000000713a1e840) 
thrown [s\src\hotspot\share\prims\jni.cpp, line 516]
Event: 42.182 Thread 0x00000264a44d86d0 Exception <a 'sun/nio/fs/WindowsException'{0x00000007140eebb0}> (0x00000007140eebb0) 
thrown [s\src\hotspot\share\prims\jni.cpp, line 516]
Event: 42.182 Thread 0x00000264a44d86d0 Exception <a 'sun/nio/fs/WindowsException'{0x00000007140ef050}> (0x00000007140ef050) 
thrown [s\src\hotspot\share\prims\jni.cpp, line 516]
Event: 42.184 Thread 0x00000264a46aa860 Exception <a 'sun/nio/fs/WindowsException'{0x0000000713c4e500}> (0x0000000713c4e500) 
thrown [s\src\hotspot\share\prims\jni.cpp, line 516]

VM Operations (20 events):
Event: 36.139 Executing VM operation: Cleanup done
Event: 37.139 Executing VM operation: Cleanup
Event: 37.140 Executing VM operation: Cleanup done
Event: 37.383 Executing VM operation: G1CollectForAllocation
Event: 37.411 Executing VM operation: G1CollectForAllocation done
Event: 38.411 Executing VM operation: Cleanup
Event: 38.411 Executing VM operation: Cleanup done
Event: 38.573 Executing VM operation: G1CollectForAllocation
Event: 38.598 Executing VM operation: G1CollectForAllocation done
Event: 39.885 Executing VM operation: G1CollectForAllocation
Event: 39.885 Executing VM operation: G1CollectForAllocation done
Event: 39.885 Executing VM operation: G1CollectForAllocation
Event: 39.913 Executing VM operation: G1CollectForAllocation done
Event: 40.913 Executing VM operation: Cleanup
Event: 40.914 Executing VM operation: Cleanup done
Event: 41.034 Executing VM operation: G1CollectForAllocation
Event: 41.064 Executing VM operation: G1CollectForAllocation done
Event: 42.065 Executing VM operation: Cleanup
Event: 42.065 Executing VM operation: Cleanup done
Event: 42.184 Executing VM operation: G1CollectForAllocation

Events (20 events):
Event: 33.865 Thread 0x00000264a64b8cd0 Thread added: 0x00000264a64b8cd0
Event: 35.172 loading class sun/nio/fs/WindowsChannelFactory$2
Event: 35.172 loading class sun/nio/fs/WindowsChannelFactory$2 done
Event: 37.074 Thread 0x00000264a64b8cd0 Thread exited: 0x00000264a64b8cd0
Event: 37.074 Thread 0x00000264a2ea09a0 Thread exited: 0x00000264a2ea09a0
Event: 37.078 Thread 0x00000264a2ea0490 Thread exited: 0x00000264a2ea0490
Event: 39.090 loading class java/util/concurrent/CompletableFuture$UniApply
Event: 39.090 loading class java/util/concurrent/CompletableFuture$UniApply done
Event: 39.091 Thread 0x00000264a46a4350 Thread added: 0x00000264a46a4350
Event: 39.091 loading class java/util/concurrent/CompletableFuture$UniExceptionally
Event: 39.091 loading class java/util/concurrent/CompletableFuture$UniExceptionally done
Event: 39.158 loading class java/util/concurrent/CompletableFuture$UniCompose
Event: 39.159 loading class java/util/concurrent/CompletableFuture$UniCompose done
Event: 39.159 Thread 0x00000264a46a6030 Thread added: 0x00000264a46a6030
Event: 39.181 loading class java/util/concurrent/CompletableFuture$UniRelay
Event: 39.181 loading class java/util/concurrent/CompletableFuture$UniRelay done
Event: 39.332 loading class java/util/stream/ForEachOps$ForEachOp$OfRef
Event: 39.332 loading class java/util/stream/ForEachOps$ForEachOp$OfRef done
Event: 39.333 loading class java/util/stream/Nodes$SpinedNodeBuilder
Event: 39.334 loading class java/util/stream/Nodes$SpinedNodeBuilder done


Dynamic libraries:
0x00007ff7c8dc0000 - 0x00007ff7c8dce000 	c:\Users\hp\.vscode\extensions\redhat.java-1.12.0-win32-x64\jre\17.0.4.1-win32-x86_64\bin\java.exe
0x00007ff980580000 - 0x00007ff980789000 	C:\WINDOWS\SYSTEM32\ntdll.dll
0x00007ff97f250000 - 0x00007ff97f30d000 	C:\WINDOWS\System32\KERNEL32.DLL
0x00007ff97dff0000 - 0x00007ff97e36d000 	C:\WINDOWS\System32\KERNELBASE.dll
0x00007ff97da60000 - 0x00007ff97db71000 	C:\WINDOWS\System32\ucrtbase.dll
0x00007ff967cf0000 - 0x00007ff967d08000 	c:\Users\hp\.vscode\extensions\redhat.java-1.12.0-win32-x64\jre\17.0.4.1-win32-x86_64\bin\jli.dll
0x00007ff93f6c0000 - 0x00007ff93f6d9000 	c:\Users\hp\.vscode\extensions\redhat.java-1.12.0-win32-x64\jre\17.0.4.1-win32-x86_64\bin\VCRUNTIME140.dll
0x00007ff97e730000 - 0x00007ff97e8dd000 	C:\WINDOWS\System32\USER32.dll
0x00007ff97e370000 - 0x00007ff97e396000 	C:\WINDOWS\System32\win32u.dll
0x00007ff980430000 - 0x00007ff980459000 	C:\WINDOWS\System32\GDI32.dll
0x00007ff97dc40000 - 0x00007ff97dd58000 	C:\WINDOWS\System32\gdi32full.dll
0x00007ff97ded0000 - 0x00007ff97df6d000 	C:\WINDOWS\System32\msvcp_win.dll
0x00007ff94bcb0000 - 0x00007ff94bf55000 	C:\WINDOWS\WinSxS\amd64_microsoft.windows.common-controls_6595b64144ccf1df_6.0.22000.120_none_9d947278b86cc467\COMCTL32.dll
0x00007ff97ed00000 - 0x00007ff97eda3000 	C:\WINDOWS\System32\msvcrt.dll
0x00007ff97ff70000 - 0x00007ff97ffa1000 	C:\WINDOWS\System32\IMM32.DLL
0x00007ff978290000 - 0x00007ff97829c000 	c:\Users\hp\.vscode\extensions\redhat.java-1.12.0-win32-x64\jre\17.0.4.1-win32-x86_64\bin\vcruntime140_1.dll
0x00007ff921a80000 - 0x00007ff921b11000 	c:\Users\hp\.vscode\extensions\redhat.java-1.12.0-win32-x64\jre\17.0.4.1-win32-x86_64\bin\msvcp140.dll
0x00007ff901920000 - 0x00007ff902566000 	c:\Users\hp\.vscode\extensions\redhat.java-1.12.0-win32-x64\jre\17.0.4.1-win32-x86_64\bin\server\jvm.dll
0x00007ff97fec0000 - 0x00007ff97ff6e000 	C:\WINDOWS\System32\ADVAPI32.dll
0x00007ff97e970000 - 0x00007ff97ea0e000 	C:\WINDOWS\System32\sechost.dll
0x00007ff97f130000 - 0x00007ff97f250000 	C:\WINDOWS\System32\RPCRT4.dll
0x00007ff97e4c0000 - 0x00007ff97e4c8000 	C:\WINDOWS\System32\PSAPI.DLL
0x00007ff963130000 - 0x00007ff963139000 	C:\WINDOWS\SYSTEM32\WSOCK32.dll
0x00007ff977940000 - 0x00007ff977973000 	C:\WINDOWS\SYSTEM32\WINMM.dll
0x00007ff97fad0000 - 0x00007ff97fb3f000 	C:\WINDOWS\System32\WS2_32.dll
0x00007ff973e10000 - 0x00007ff973e1a000 	C:\WINDOWS\SYSTEM32\VERSION.dll
0x00007ff97cc10000 - 0x00007ff97cc28000 	C:\WINDOWS\SYSTEM32\kernel.appcore.dll
0x00007ff977bd0000 - 0x00007ff977bda000 	c:\Users\hp\.vscode\extensions\redhat.java-1.12.0-win32-x64\jre\17.0.4.1-win32-x86_64\bin\jimage.dll
0x00007ff97b5b0000 - 0x00007ff97b7d1000 	C:\WINDOWS\SYSTEM32\DBGHELP.DLL
0x00007ff959a00000 - 0x00007ff959a31000 	C:\WINDOWS\SYSTEM32\dbgcore.DLL
0x00007ff97df70000 - 0x00007ff97dfef000 	C:\WINDOWS\System32\bcryptPrimitives.dll
0x00007ff9687a0000 - 0x00007ff9687c5000 	c:\Users\hp\.vscode\extensions\redhat.java-1.12.0-win32-x64\jre\17.0.4.1-win32-x86_64\bin\java.dll
0x00007ff9680b0000 - 0x00007ff9680c8000 	c:\Users\hp\.vscode\extensions\redhat.java-1.12.0-win32-x64\jre\17.0.4.1-win32-x86_64\bin\zip.dll
0x00007ff97f310000 - 0x00007ff97fac8000 	C:\WINDOWS\System32\SHELL32.dll
0x00007ff97bba0000 - 0x00007ff97c408000 	C:\WINDOWS\SYSTEM32\windows.storage.dll
0x00007ff97fb40000 - 0x00007ff97feb9000 	C:\WINDOWS\System32\combase.dll
0x00007ff97ba30000 - 0x00007ff97bb96000 	C:\WINDOWS\SYSTEM32\wintypes.dll
0x00007ff97ec10000 - 0x00007ff97ecfa000 	C:\WINDOWS\System32\SHCORE.dll
0x00007ff97f0d0000 - 0x00007ff97f12d000 	C:\WINDOWS\System32\shlwapi.dll
0x00007ff97d990000 - 0x00007ff97d9b1000 	C:\WINDOWS\SYSTEM32\profapi.dll
0x00007ff967dd0000 - 0x00007ff967de9000 	C:\Users\hp\.vscode\extensions\redhat.java-1.12.0-win32-x64\jre\17.0.4.1-win32-x86_64\bin\net.dll
0x00007ff9777b0000 - 0x00007ff9778bc000 	C:\WINDOWS\SYSTEM32\WINHTTP.dll
0x00007ff97d030000 - 0x00007ff97d097000 	C:\WINDOWS\system32\mswsock.dll
0x00007ff940c40000 - 0x00007ff940c55000 	C:\Users\hp\.vscode\extensions\redhat.java-1.12.0-win32-x64\jre\17.0.4.1-win32-x86_64\bin\nio.dll
0x00007ff973310000 - 0x00007ff973320000 	c:\Users\hp\.vscode\extensions\redhat.java-1.12.0-win32-x64\jre\17.0.4.1-win32-x86_64\bin\verify.dll
0x00007ff9787e0000 - 0x00007ff9787e9000 	C:\Users\hp\.vscode\extensions\redhat.java-1.12.0-win32-x64\jre\17.0.4.1-win32-x86_64\bin\management.dll
0x00007ff970490000 - 0x00007ff97049b000 	C:\Users\hp\.vscode\extensions\redhat.java-1.12.0-win32-x64\jre\17.0.4.1-win32-x86_64\bin\management_ext.dll
0x00007ff95c120000 - 0x00007ff95c137000 	C:\WINDOWS\system32\napinsp.dll
0x00007ff95c140000 - 0x00007ff95c15b000 	C:\WINDOWS\system32\pnrpnsp.dll
0x00007ff97c7b0000 - 0x00007ff97c898000 	C:\WINDOWS\SYSTEM32\DNSAPI.dll
0x00007ff97c740000 - 0x00007ff97c76d000 	C:\WINDOWS\SYSTEM32\IPHLPAPI.DLL
0x00007ff97ef60000 - 0x00007ff97ef69000 	C:\WINDOWS\System32\NSI.dll
0x00007ff959a40000 - 0x00007ff959a52000 	C:\WINDOWS\System32\winrnr.dll
0x00007ff976480000 - 0x00007ff976495000 	C:\WINDOWS\system32\wshbth.dll
0x00007ff9599e0000 - 0x00007ff9599ff000 	C:\WINDOWS\system32\nlansp_c.dll
0x00000000575f0000 - 0x0000000057625000 	C:\Program Files\Bonjour\mdnsNSP.dll
0x00007ff9738f0000 - 0x00007ff9738fa000 	C:\Windows\System32\rasadhlp.dll
0x00007ff975e20000 - 0x00007ff975ea1000 	C:\WINDOWS\System32\fwpuclnt.dll
0x00007ff97d300000 - 0x00007ff97d318000 	C:\WINDOWS\SYSTEM32\CRYPTSP.dll
0x00007ff97cb70000 - 0x00007ff97cba5000 	C:\WINDOWS\system32\rsaenh.dll
0x00007ff97d0d0000 - 0x00007ff97d0f9000 	C:\WINDOWS\SYSTEM32\USERENV.dll
0x00007ff97d440000 - 0x00007ff97d467000 	C:\WINDOWS\SYSTEM32\bcrypt.dll
0x00007ff97d220000 - 0x00007ff97d22c000 	C:\WINDOWS\SYSTEM32\CRYPTBASE.dll
0x00007ff977190000 - 0x00007ff9771a9000 	C:\WINDOWS\SYSTEM32\dhcpcsvc6.DLL
0x00007ff977d10000 - 0x00007ff977d2e000 	C:\WINDOWS\SYSTEM32\dhcpcsvc.DLL

dbghelp: loaded successfully - version: 4.0.5 - missing functions: none
symbol engine: initialized successfully - sym options: 0x614 - pdb path: .;c:\Users\hp\.vscode\extensions\redhat.java-1.12.0-win32-x64\jre\17.0.4.1-win32-x86_64\bin;C:\WINDOWS\SYSTEM32;C:\WINDOWS\WinSxS\amd64_microsoft.windows.common-controls_6595b64144ccf1df_6.0.22000.120_none_9d947278b86cc467;c:\Users\hp\.vscode\extensions\redhat.java-1.12.0-win32-x64\jre\17.0.4.1-win32-x86_64\bin\server;C:\Program Files\Bonjour

VM Arguments:
jvm_args: -Dsts.lsp.client=vscode -Dsts.log.file=/dev/null -XX:TieredStopAtLevel=1 -Xlog:jni+resolve=off -Dspring.config.location=file:c:\Users\hp\.vscode\extensions\pivotal.vscode-spring-boot-1.40.0\language-server\BOOT-INF\classes\application.properties 
java_command: org.springframework.ide.vscode.boot.app.BootLanguageServerBootApp
java_class_path (initial): c:\Users\hp\.vscode\extensions\pivotal.vscode-spring-boot-1.40.0\language-server\BOOT-INF\classes;c:\Users\hp\.vscode\extensions\pivotal.vscode-spring-boot-1.40.0\language-server\BOOT-INF\lib\annotations-23.0.0.jar;c:\Users\hp\.vscode\extensions\pivotal.vscode-spring-boot-1.40.0\language-server\BOOT-INF\lib\ant-1.10.12.jar;c:\Users\hp\.vscode\extensions\pivotal.vscode-spring-boot-1.40.0\language-server\BOOT-INF\lib\ant-launcher-1.10.12.jar;c:\Users\hp\.vscode\extensions\pivotal.vscode-spring-boot-1.40.0\language-server\BOOT-INF\lib\antlr-runtime-3.5.2.jar;c:\Users\hp\.vscode\extensions\pivotal.vscode-spring-boot-1.40.0\language-server\BOOT-INF\lib\antlr4-4.9.3.jar;c:\Users\hp\.vscode\extensions\pivotal.vscode-spring-boot-1.40.0\language-server\BOOT-INF\lib\antlr4-runtime-4.9.3.jar;c:\Users\hp\.vscode\extensions\pivotal.vscode-spring-boot-1.40.0\language-server\BOOT-INF\lib\asm-9.3.jar;c:\Users\hp\.vscode\extensions\pivotal.vscode-spring-boot-1.40.0\language-server\BOOT-INF\lib\asm-analysis-9.3.jar;c:\Users\hp\.vscode\extensions\pivotal.vscode-spring-boot-1.40.0\language-server\BOOT-INF\lib\asm-tree-9.3.jar;c:\Users\hp\.vscode\extensions\pivotal.vscode-spring-boot-1.40.0\language-server\BOOT-INF\lib\asm-util-9.3.jar;c:\Users\hp\.vscode\extensions\pivotal.vscode-spring-boot-1.40.0\language-server\BOOT-INF\lib\byte-buddy-1.12.13.jar;c:\Users\hp\.vscode\extensions\pivotal.vscode-spring-boot-1.40.0\language-server\BOOT-INF\lib\caffeine-2.9.3.jar;c:\Users\hp\.vscode\extensions\pivotal.vscode-spring-boot-1.40.0\language-server\BOOT-INF\lib\checker-qual-3.12.0.jar;c:\Users\hp\.vscode\extensions\pivotal.vscode-spring-boot-1.40.0\language-server\BOOT-INF\lib\classgraph-4.8.149.jar;c:\Users\hp\.vscode\extensions\pivotal.vscode-spring-boot-1.40.0\language-server\BOOT-INF\lib\commons-codec-1.15.jar;c:\Users\hp\.vscode\extensions\pivotal.vscode-spring-boot-1.40.0\language-server\BOOT-INF\lib\commons-compress-1.21.jar;c:\Users\hp\.vscode\extensions\piv
Launcher Type: SUN_STANDARD

[Global flags]
     intx CICompilerCount                          = 4                                         {product} {ergonomic}
     uint ConcGCThreads                            = 2                                         {product} {ergonomic}
     uint G1ConcRefinementThreads                  = 8                                         {product} {ergonomic}
   size_t G1HeapRegionSize                         = 2097152                                   {product} {ergonomic}
    uintx GCDrainStackTargetSize                   = 64                                        {product} {ergonomic}
   size_t InitialHeapSize                          = 268435456                                 {product} {ergonomic}
   size_t MarkStackSize                            = 4194304                                   {product} {ergonomic}
   size_t MaxHeapSize                              = 4273995776                                {product} {ergonomic}
   size_t MaxNewSize                               = 2562719744                                {product} {ergonomic}
   size_t MinHeapDeltaBytes                        = 2097152                                   {product} {ergonomic}
   size_t MinHeapSize                              = 8388608                                   {product} {ergonomic}
    uintx NonProfiledCodeHeapSize                  = 0                                      {pd product} {ergonomic}
     bool ProfileInterpreter                       = false                                  {pd product} {command line}
    uintx ProfiledCodeHeapSize                     = 0                                      {pd product} {ergonomic}
   size_t SoftMaxHeapSize                          = 4273995776                             {manageable} {ergonomic}
     intx TieredStopAtLevel                        = 1                                         {product} {command line}
     bool UseCompressedClassPointers               = true                           {product lp64_product} {ergonomic}
     bool UseCompressedOops                        = true                           {product lp64_product} {ergonomic}
     bool UseG1GC                                  = true                                      {product} {ergonomic}
     bool UseLargePagesIndividualAllocation        = false                                  {pd product} {ergonomic}

Logging:
Log output configuration:
 #0: stdout all=warning,jni+resolve=off uptime,level,tags
 #1: stderr all=off uptime,level,tags

Environment Variables:
PATH=C:\Program Files\Oculus\Support\oculus-runtime;C:\Program Files (x86)\VMware\VMware Workstation\bin\;C:\Program Files\Common Files\Oracle\Java\javapath;C:\Program Files (x86)\Common Files\Oracle\Java\javapath;C:\app\WINDOWS.X64_193000_db_home\bin;C:\Program Files (x86)\Common Files\Intel\Shared Libraries\redist\intel64\compiler;C:\Users\hp\AppData\Local\Programs\Python\Python39\Scripts\;C:\Users\hp\AppData\Local\Programs\Python\Python39\;C:\ProgramData\Oracle\Java\javapath;C:\Windows\system32;C:\Windows;C:\Windows\System32\Wbem;C:\Windows\System32\WindowsPowerShell\v1.0\;C:\Windows\System32\OpenSSH\;C:\Program Files (x86)\NVIDIA Corporation\PhysX\Common;C:\Program Files\NVIDIA Corporation\NVIDIA NvDLISR;C:\Program Files\Microsoft SQL Server\130\Tools\Binn\;C:\Program Files\Microsoft SQL Server\Client SDK\ODBC\170\Tools\Binn\;C:\Program Files\Azure Data Studio\bin;C:\Program Files (x86)\Microsoft SQL Server\150\Tools\Binn\;C:\Program Files\Microsoft SQL Server\150\Tools\Binn\;C:\Program Files\Microsoft SQL Server\150\DTS\Binn\;C:\Program Files (x86)\Microsoft SQL Server\150\DTS\Binn\;C:\Program Files\Java\jdk1.8.0_111\bin;C:\ProgramData\chocolatey\bin;C:\xampp\php;C:\ProgramData\ComposerSetup\bin;C:\Program Files\Git\cmd;C:\Program Files\Git\mingw64\bin;C:\Program Files\Git\usr\bin;C:\Program Files\dotnet\;C:\WINDOWS\system32;C:\WINDOWS;C:\WINDOWS\System32\Wbem;C:\WINDOWS\System32\WindowsPowerShell\v1.0\;C:\WINDOWS\System32\OpenSSH\;C:\Program Files\PuTTY\;C:\HashiCorp\Vagrant\bin;C:\Program Files\Docker\Docker\resources\bin;C:\ProgramData\DockerDesktop\version-bin;C:\minikube;C:\Program Files\nodejs\;C:\Users\hp\AppData\Roaming\npm;C:\Users\hp\AppData\Roaming\npm\node_modules\@angular\cli\bin;C:\WINDOWS\system32;C:\WINDOWS;C:\WINDOWS\System32\Wbem;C:\WINDOWS\System32\WindowsPowerShell\v1.0;C:\Users\hp\AppData\Local\Programs\Microsoft VS Code\bin
USERNAME=ANDY_HP
OS=Windows_NT
PROCESSOR_IDENTIFIER=Intel64 Family 6 Model 142 Stepping 10, GenuineIntel
TMP=C:\Users\hp\AppData\Local\Temp
TEMP=C:\Users\hp\AppData\Local\Temp



---------------  S Y S T E M  ---------------

OS:
 Windows 11 , 64 bit Build 22000 (10.0.22000.708)
OS uptime: 3 days 0:52 hours
Hyper-V role detected

CPU: total 8 (initial active 8) (4 cores per cpu, 2 threads per core) family 6 model 142 stepping 10 microcode 0xe0, cx8, cmov, fxsr, ht, mmx, 3dnowpref, sse, sse2, sse3, ssse3, sse4.1, sse4.2, popcnt, lzcnt, tsc, tscinvbit, avx, avx2, aes, erms, clmul, bmi1, bmi2, adx, fma, vzeroupper, clflush, clflushopt, hv

Memory: 4k page, system-wide physical 16299M (4853M free)
TotalPageFile size 18347M (AvailPageFile size 214M)
current process WorkingSet (physical memory assigned to process): 742M, peak: 744M
current process commit charge ("private bytes"): 764M, peak: 1160M

vm_info: OpenJDK 64-Bit Server VM (17.0.4.1+1) for windows-amd64 JRE (17.0.4.1+1), built on Aug 17 2022 07:42:43 by "temurin" with MS VC++ 16.7 (VS2019)

END.
