#
# There is insufficient memory for the Java Runtime Environment to continue.
# Native memory allocation (malloc) failed to allocate 2097152 bytes for AllocateHeap
# Possible reasons:
#   The system is out of physical RAM or swap space
#   The process is running with CompressedOops enabled, and the Java Heap may be blocking the growth of the native heap
# Possible solutions:
#   Reduce memory load on the system
#   Increase physical memory or swap space
#   Check if swap backing store is full
#   Decrease Java heap size (-Xmx/-Xms)
#   Decrease number of Java threads
#   Decrease Java thread stack sizes (-Xss)
#   Set larger code cache with -XX:ReservedCodeCacheSize=
#   JVM is running with Zero Based Compressed Oops mode in which the Java heap is
#     placed in the first 32GB address space. The Java Heap base address is the
#     maximum limit for the native heap growth. Please use -XX:HeapBaseMinAddress
#     to set the Java Heap base and to place the Java Heap above 32GB virtual address.
# This output file may be truncated or incomplete.
#
#  Out of Memory Error (allocation.cpp:44), pid=11664, tid=24184
#
# JRE version: OpenJDK Runtime Environment Temurin-17.0.4.1+1 (17.0.4.1+1) (build 17.0.4.1+1)
# Java VM: OpenJDK 64-Bit Server VM Temurin-17.0.4.1+1 (17.0.4.1+1, mixed mode, emulated-client, tiered, compressed oops, compressed class ptrs, g1 gc, windows-amd64)
# No core dump will be written. Minidumps are not enabled by default on client versions of Windows
#

---------------  S U M M A R Y ------------

Command Line: -Dsts.lsp.client=vscode -Dsts.log.file=/dev/null -XX:TieredStopAtLevel=1 -Xlog:jni+resolve=off -Dspring.config.location=file:c:\Users\hp\.vscode\extensions\pivotal.vscode-spring-boot-1.40.0\language-server\BOOT-INF\classes\application.properties org.springframework.ide.vscode.boot.app.BootLanguageServerBootApp

Host: Intel(R) Core(TM) i7-8550U CPU @ 1.80GHz, 8 cores, 15G,  Windows 11 , 64 bit Build 22000 (10.0.22000.708)
Time: Mon Nov 21 00:53:06 2022 Hora estándar oeste, Sudamérica elapsed time: 6471.903098 seconds (0d 1h 47m 51s)

---------------  T H R E A D  ---------------

Current thread (0x000002820b2f3bf0):  VMThread "VM Thread" [stack: 0x000000f13c400000,0x000000f13c500000] [id=24184]

Stack: [0x000000f13c400000,0x000000f13c500000]
Native frames: (J=compiled Java code, j=interpreted, Vv=VM code, C=native code)
V  [jvm.dll+0x67731a]
V  [jvm.dll+0x832284]
V  [jvm.dll+0x833a2e]
V  [jvm.dll+0x834093]
V  [jvm.dll+0x245775]
V  [jvm.dll+0xa6393]
V  [jvm.dll+0x2f59c1]
V  [jvm.dll+0x2f1640]
V  [jvm.dll+0x2d9d27]
V  [jvm.dll+0x31ce37]
V  [jvm.dll+0x83853b]
V  [jvm.dll+0x839274]
V  [jvm.dll+0x83978c]
V  [jvm.dll+0x839b64]
V  [jvm.dll+0x839c30]
V  [jvm.dll+0x7e240a]
V  [jvm.dll+0x6761a5]
C  [ucrtbase.dll+0x26c0c]
C  [KERNEL32.DLL+0x154e0]
C  [ntdll.dll+0x485b]

VM_Operation (0x000000f13dcfe8d0): G1CollectFull, mode: safepoint, requested by thread 0x000002820b33f040


---------------  P R O C E S S  ---------------

Threads class SMR info:
_java_thread_list=0x000002820fc45c80, length=27, elements={
0x000002820b312800, 0x000002820b2f9650, 0x000002820b337a40, 0x000002820b33a310,
0x000002820b33bbe0, 0x000002820b33e1d0, 0x000002820b343e50, 0x000002820b34c760,
0x000002820b33e6a0, 0x000002820b33feb0, 0x000002820b33eb70, 0x000002820b33f040,
0x000002820b33f510, 0x000002820b33ce90, 0x000002820b33f9e0, 0x000002820b33c4f0,
0x000002820b33c9c0, 0x000002820b33d830, 0x000002820b45bce0, 0x000002820b45ae70,
0x000002820b45a000, 0x000002820b460510, 0x000002820b45f6a0, 0x000002820b4609e0,
0x000002820b45d020, 0x000002820b460eb0, 0x000002820b45d9c0
}

Java Threads: ( => current thread )
  0x000002820b312800 JavaThread "Reference Handler" daemon [_thread_blocked, id=14004, stack(0x000000f13c500000,0x000000f13c600000)]
  0x000002820b2f9650 JavaThread "Finalizer" daemon [_thread_blocked, id=6480, stack(0x000000f13c600000,0x000000f13c700000)]
  0x000002820b337a40 JavaThread "Signal Dispatcher" daemon [_thread_blocked, id=13492, stack(0x000000f13c700000,0x000000f13c800000)]
  0x000002820b33a310 JavaThread "Attach Listener" daemon [_thread_blocked, id=17876, stack(0x000000f13c800000,0x000000f13c900000)]
  0x000002820b33bbe0 JavaThread "Service Thread" daemon [_thread_blocked, id=23896, stack(0x000000f13c900000,0x000000f13ca00000)]
  0x000002820b33e1d0 JavaThread "Monitor Deflation Thread" daemon [_thread_blocked, id=18952, stack(0x000000f13ca00000,0x000000f13cb00000)]
  0x000002820b343e50 JavaThread "C1 CompilerThread0" daemon [_thread_blocked, id=6572, stack(0x000000f13cb00000,0x000000f13cc00000)]
  0x000002820b34c760 JavaThread "Sweeper thread" daemon [_thread_blocked, id=6576, stack(0x000000f13cc00000,0x000000f13cd00000)]
  0x000002820b33e6a0 JavaThread "Notification Thread" daemon [_thread_blocked, id=15276, stack(0x000000f13ce00000,0x000000f13cf00000)]
  0x000002820b33feb0 JavaThread "Common-Cleaner" daemon [_thread_blocked, id=13888, stack(0x000000f13d000000,0x000000f13d100000)]
  0x000002820b33eb70 JavaThread "boundedElastic-evictor-1" daemon [_thread_blocked, id=15036, stack(0x000000f13da00000,0x000000f13db00000)]
  0x000002820b33f040 JavaThread "pool-9-thread-1" [_thread_blocked, id=1424, stack(0x000000f13dc00000,0x000000f13dd00000)]
  0x000002820b33f510 JavaThread "LanguageServerApp-lifecycle" [_thread_blocked, id=15608, stack(0x000000f13dd00000,0x000000f13de00000)]
  0x000002820b33ce90 JavaThread "DestroyJavaVM" [_thread_blocked, id=12028, stack(0x000000f13be00000,0x000000f13bf00000)]
  0x000002820b33f9e0 JavaThread "pool-10-thread-1" [_thread_in_native, id=596, stack(0x000000f13de00000,0x000000f13df00000)]
  0x000002820b33c4f0 JavaThread "Simple-Language-Server main thread" daemon [_thread_blocked, id=18872, stack(0x000000f13df00000,0x000000f13e000000)]
  0x000002820b33c9c0 JavaThread "parallel-1" daemon [_thread_blocked, id=19600, stack(0x000000f13e100000,0x000000f13e200000)]
  0x000002820b33d830 JavaThread "Reconciler-1" daemon [_thread_blocked, id=24416, stack(0x000000f13e300000,0x000000f13e400000)]
  0x000002820b45bce0 JavaThread "parallel-2" daemon [_thread_blocked, id=24632, stack(0x000000f13e500000,0x000000f13e600000)]
  0x000002820b45ae70 JavaThread "parallel-3" daemon [_thread_blocked, id=17216, stack(0x000000f13e700000,0x000000f13e800000)]
  0x000002820b45a000 JavaThread "pool-5-thread-1" [_thread_blocked, id=19804, stack(0x000000f13ea00000,0x000000f13eb00000)]
  0x000002820b460510 JavaThread "parallel-4" daemon [_thread_blocked, id=17568, stack(0x000000f13eb00000,0x000000f13ec00000)]
  0x000002820b45f6a0 JavaThread "parallel-5" daemon [_thread_blocked, id=17484, stack(0x000000f13ec00000,0x000000f13ed00000)]
  0x000002820b4609e0 JavaThread "parallel-6" daemon [_thread_blocked, id=17844, stack(0x000000f13ed00000,0x000000f13ee00000)]
  0x000002820b45d020 JavaThread "parallel-7" daemon [_thread_blocked, id=22772, stack(0x000000f13ee00000,0x000000f13ef00000)]
  0x000002820b460eb0 JavaThread "parallel-8" daemon [_thread_blocked, id=15908, stack(0x000000f13ef00000,0x000000f13f000000)]
  0x000002820b45d9c0 JavaThread "pool-7-thread-1" [_thread_blocked, id=25288, stack(0x000000f13bb00000,0x000000f13bc00000)]

Other Threads:
=>0x000002820b2f3bf0 VMThread "VM Thread" [stack: 0x000000f13c400000,0x000000f13c500000] [id=24184]
  0x0000028279339cd0 WatcherThread [stack: 0x000000f13cf00000,0x000000f13d000000] [id=19948]
  0x00000282792db890 GCTaskThread "GC Thread#0" [stack: 0x000000f13bf00000,0x000000f13c000000] [id=9020]
  0x000002820c6ea4c0 GCTaskThread "GC Thread#1" [stack: 0x000000f13d300000,0x000000f13d400000] [id=20668]
  0x000002820c7f6090 GCTaskThread "GC Thread#2" [stack: 0x000000f13d400000,0x000000f13d500000] [id=13740]
  0x000002820c7f6340 GCTaskThread "GC Thread#3" [stack: 0x000000f13d500000,0x000000f13d600000] [id=23384]
  0x000002820c7f65f0 GCTaskThread "GC Thread#4" [stack: 0x000000f13d600000,0x000000f13d700000] [id=17512]
  0x000002820c7f68a0 GCTaskThread "GC Thread#5" [stack: 0x000000f13d700000,0x000000f13d800000] [id=19228]
  0x000002820d60f830 GCTaskThread "GC Thread#6" [stack: 0x000000f13d800000,0x000000f13d900000] [id=14368]
  0x000002820d60fef0 GCTaskThread "GC Thread#7" [stack: 0x000000f13d900000,0x000000f13da00000] [id=4112]
  0x000002827932a010 ConcurrentGCThread "G1 Main Marker" [stack: 0x000000f13c000000,0x000000f13c100000] [id=10832]
  0x000002827932dfa0 ConcurrentGCThread "G1 Conc#0" [stack: 0x000000f13c100000,0x000000f13c200000] [id=22504]
  0x000002820d7cbc70 ConcurrentGCThread "G1 Conc#1" [stack: 0x000000f13db00000,0x000000f13dc00000] [id=3068]
  0x000002827933ebe0 ConcurrentGCThread "G1 Refine#0" [stack: 0x000000f13c200000,0x000000f13c300000] [id=20948]
  0x000002820df257f0 ConcurrentGCThread "G1 Refine#1" [stack: 0x000000f13f200000,0x000000f13f300000] [id=17356]
  0x000002820faada40 ConcurrentGCThread "G1 Refine#2" [stack: 0x000000f13f300000,0x000000f13f400000] [id=20808]
  0x000002820e037830 ConcurrentGCThread "G1 Refine#3" [stack: 0x000000f13d100000,0x000000f13d200000] [id=24360]
  0x000002820e036f90 ConcurrentGCThread "G1 Refine#4" [stack: 0x000000f13cd00000,0x000000f13ce00000] [id=25380]
  0x000002820e0366f0 ConcurrentGCThread "G1 Refine#5" [stack: 0x000000f13d200000,0x000000f13d300000] [id=19792]
  0x000002820e036410 ConcurrentGCThread "G1 Refine#6" [stack: 0x000000f13f400000,0x000000f13f500000] [id=16920]
  0x000002827fc9a160 ConcurrentGCThread "G1 Service" [stack: 0x000000f13c300000,0x000000f13c400000] [id=16000]

Threads with active compile tasks:

VM state: at safepoint (normal execution)

VM Mutex/Monitor currently owned by a thread:  ([mutex/lock_event])
[0x0000028277160210] Threads_lock - owner thread: 0x000002820b2f3bf0
[0x000002827926c2e0] Heap_lock - owner thread: 0x000002820b33f040

Heap address: 0x0000000701400000, size: 4076 MB, Compressed Oops mode: Zero based, Oop shift amount: 3

CDS archive(s) not mapped
Compressed class space mapped at: 0x0000000800000000-0x0000000840000000, reserved size: 1073741824
Narrow klass base: 0x0000000800000000, Narrow klass shift: 0, Narrow klass range: 0x40000000

GC Precious Log:
 CPUs: 8 total, 8 available
 Memory: 16299M
 Large Page Support: Disabled
 NUMA Support: Disabled
 Compressed Oops: Enabled (Zero based)
 Heap Region Size: 2M
 Heap Min Capacity: 8M
 Heap Initial Capacity: 256M
 Heap Max Capacity: 4076M
 Pre-touch: Disabled
 Parallel Workers: 8
 Concurrent Workers: 2
 Concurrent Refinement Workers: 8
 Periodic GC: Disabled

Heap:
 garbage-first heap   total 157696K, used 45014K [0x0000000701400000, 0x0000000800000000)
  region size 2048K, 1 young (2048K), 0 survivors (0K)
 Metaspace       used 53593K, committed 54080K, reserved 1097728K
  class space    used 7119K, committed 7296K, reserved 1048576K

Heap Regions: E=young(eden), S=young(survivor), O=old, HS=humongous(starts), HC=humongous(continues), CS=collection set, F=free, OA=open archive, CA=closed archive, TAMS=top-at-mark-start (previous, next)
|   0|0x0000000701400000, 0x0000000701600000, 0x0000000701600000|100%| O|  |TAMS 0x0000000701600000, 0x0000000701400000| Untracked 
|   1|0x0000000701600000, 0x00000007017fffd8, 0x0000000701800000| 99%| O|  |TAMS 0x00000007017fffd8, 0x0000000701600000| Untracked 
|   2|0x0000000701800000, 0x0000000701a00000, 0x0000000701a00000|100%| O|  |TAMS 0x0000000701a00000, 0x0000000701800000| Untracked 
|   3|0x0000000701a00000, 0x0000000701be76c8, 0x0000000701c00000| 95%| O|  |TAMS 0x0000000701be76c8, 0x0000000701a00000| Untracked 
|   4|0x0000000701c00000, 0x0000000701dfffe8, 0x0000000701e00000| 99%| O|  |TAMS 0x0000000701dfffe8, 0x0000000701c00000| Untracked 
|   5|0x0000000701e00000, 0x0000000701fffff8, 0x0000000702000000| 99%| O|  |TAMS 0x0000000701fffff8, 0x0000000701e00000| Untracked 
|   6|0x0000000702000000, 0x00000007021fffd0, 0x0000000702200000| 99%| O|  |TAMS 0x00000007021fffd0, 0x0000000702000000| Untracked 
|   7|0x0000000702200000, 0x00000007023bced8, 0x0000000702400000| 86%| O|  |TAMS 0x0000000702200000, 0x0000000702200000| Untracked 
|   8|0x0000000702400000, 0x00000007025ff308, 0x0000000702600000| 99%| O|  |TAMS 0x00000007025ff308, 0x0000000702400000| Untracked 
|   9|0x0000000702600000, 0x00000007027ffff8, 0x0000000702800000| 99%| O|  |TAMS 0x00000007027ffff8, 0x0000000702600000| Untracked 
|  10|0x0000000702800000, 0x00000007029ffff0, 0x0000000702a00000| 99%| O|  |TAMS 0x00000007029ffff0, 0x0000000702800000| Untracked 
|  11|0x0000000702a00000, 0x0000000702bfffd8, 0x0000000702c00000| 99%| O|  |TAMS 0x0000000702bfffd8, 0x0000000702a00000| Untracked 
|  12|0x0000000702c00000, 0x0000000702dffff8, 0x0000000702e00000| 99%| O|  |TAMS 0x0000000702dffff8, 0x0000000702c00000| Untracked 
|  13|0x0000000702e00000, 0x0000000702ffff70, 0x0000000703000000| 99%| O|  |TAMS 0x0000000702ffff70, 0x0000000702e00000| Untracked 
|  14|0x0000000703000000, 0x00000007031f85d0, 0x0000000703200000| 98%| O|  |TAMS 0x00000007031f85d0, 0x0000000703000000| Untracked 
|  15|0x0000000703200000, 0x00000007033ffff8, 0x0000000703400000| 99%| O|  |TAMS 0x00000007033ffff8, 0x0000000703200000| Untracked 
|  16|0x0000000703400000, 0x00000007035f5e90, 0x0000000703600000| 98%| O|  |TAMS 0x00000007035f5e90, 0x0000000703400000| Untracked 
|  17|0x0000000703600000, 0x00000007037fe190, 0x0000000703800000| 99%| O|  |TAMS 0x00000007037fe190, 0x0000000703600000| Untracked 
|  18|0x0000000703800000, 0x00000007039fffe0, 0x0000000703a00000| 99%| O|  |TAMS 0x00000007039fffe0, 0x0000000703800000| Untracked 
|  19|0x0000000703a00000, 0x0000000703bfd508, 0x0000000703c00000| 99%| O|  |TAMS 0x0000000703bfd508, 0x0000000703a00000| Untracked 
|  20|0x0000000703c00000, 0x0000000703dee650, 0x0000000703e00000| 96%| O|  |TAMS 0x0000000703dee650, 0x0000000703c00000| Untracked 
|  21|0x0000000703e00000, 0x0000000704000000, 0x0000000704000000|100%|HS|  |TAMS 0x0000000704000000, 0x0000000703e00000| Untracked 
|  22|0x0000000704000000, 0x000000070407a1f8, 0x0000000704200000| 23%| O|  |TAMS 0x0000000704000000, 0x0000000704000000| Untracked 
|  23|0x0000000704200000, 0x0000000704200068, 0x0000000704400000|  0%| O|  |TAMS 0x0000000704200000, 0x0000000704200000| Untracked 
|  24|0x0000000704400000, 0x0000000704400000, 0x0000000704600000|  0%| F|  |TAMS 0x0000000704400000, 0x0000000704400000| Untracked 
|  25|0x0000000704600000, 0x0000000704600000, 0x0000000704800000|  0%| F|  |TAMS 0x0000000704600000, 0x0000000704600000| Untracked 
|  26|0x0000000704800000, 0x0000000704800000, 0x0000000704a00000|  0%| F|  |TAMS 0x0000000704800000, 0x0000000704800000| Untracked 
|  27|0x0000000704a00000, 0x0000000704a00000, 0x0000000704c00000|  0%| F|  |TAMS 0x0000000704a00000, 0x0000000704a00000| Untracked 
|  28|0x0000000704c00000, 0x0000000704c00000, 0x0000000704e00000|  0%| F|  |TAMS 0x0000000704c00000, 0x0000000704c00000| Untracked 
|  29|0x0000000704e00000, 0x0000000704e00000, 0x0000000705000000|  0%| F|  |TAMS 0x0000000704e00000, 0x0000000704e00000| Untracked 
|  30|0x0000000705000000, 0x0000000705000000, 0x0000000705200000|  0%| F|  |TAMS 0x0000000705000000, 0x0000000705000000| Untracked 
|  31|0x0000000705200000, 0x0000000705200000, 0x0000000705400000|  0%| F|  |TAMS 0x0000000705200000, 0x0000000705200000| Untracked 
|  32|0x0000000705400000, 0x0000000705400000, 0x0000000705600000|  0%| F|  |TAMS 0x0000000705400000, 0x0000000705400000| Untracked 
|  33|0x0000000705600000, 0x0000000705600000, 0x0000000705800000|  0%| F|  |TAMS 0x0000000705600000, 0x0000000705600000| Untracked 
|  34|0x0000000705800000, 0x0000000705800000, 0x0000000705a00000|  0%| F|  |TAMS 0x0000000705800000, 0x0000000705800000| Untracked 
|  35|0x0000000705a00000, 0x0000000705a00000, 0x0000000705c00000|  0%| F|  |TAMS 0x0000000705a00000, 0x0000000705a00000| Untracked 
|  36|0x0000000705c00000, 0x0000000705c00000, 0x0000000705e00000|  0%| F|  |TAMS 0x0000000705c00000, 0x0000000705c00000| Untracked 
|  37|0x0000000705e00000, 0x0000000705e00000, 0x0000000706000000|  0%| F|  |TAMS 0x0000000705e00000, 0x0000000705e00000| Untracked 
|  38|0x0000000706000000, 0x0000000706000000, 0x0000000706200000|  0%| F|  |TAMS 0x0000000706000000, 0x0000000706000000| Untracked 
|  39|0x0000000706200000, 0x0000000706200000, 0x0000000706400000|  0%| F|  |TAMS 0x0000000706200000, 0x0000000706200000| Untracked 
|  40|0x0000000706400000, 0x0000000706400000, 0x0000000706600000|  0%| F|  |TAMS 0x0000000706400000, 0x0000000706400000| Untracked 
|  41|0x0000000706600000, 0x0000000706600000, 0x0000000706800000|  0%| F|  |TAMS 0x0000000706600000, 0x0000000706600000| Untracked 
|  42|0x0000000706800000, 0x0000000706800000, 0x0000000706a00000|  0%| F|  |TAMS 0x0000000706800000, 0x0000000706800000| Untracked 
|  43|0x0000000706a00000, 0x0000000706a00000, 0x0000000706c00000|  0%| F|  |TAMS 0x0000000706a00000, 0x0000000706a00000| Untracked 
|  44|0x0000000706c00000, 0x0000000706c00000, 0x0000000706e00000|  0%| F|  |TAMS 0x0000000706c00000, 0x0000000706c00000| Untracked 
|  45|0x0000000706e00000, 0x0000000706e00000, 0x0000000707000000|  0%| F|  |TAMS 0x0000000706e00000, 0x0000000706e00000| Untracked 
|  46|0x0000000707000000, 0x0000000707000000, 0x0000000707200000|  0%| F|  |TAMS 0x0000000707000000, 0x0000000707000000| Untracked 
|  47|0x0000000707200000, 0x0000000707200000, 0x0000000707400000|  0%| F|  |TAMS 0x0000000707200000, 0x0000000707200000| Untracked 
|  48|0x0000000707400000, 0x0000000707400000, 0x0000000707600000|  0%| F|  |TAMS 0x0000000707400000, 0x0000000707400000| Untracked 
|  49|0x0000000707600000, 0x0000000707600000, 0x0000000707800000|  0%| F|  |TAMS 0x0000000707600000, 0x0000000707600000| Untracked 
|  50|0x0000000707800000, 0x0000000707800000, 0x0000000707a00000|  0%| F|  |TAMS 0x0000000707800000, 0x0000000707800000| Untracked 
|  51|0x0000000707a00000, 0x0000000707a00000, 0x0000000707c00000|  0%| F|  |TAMS 0x0000000707a00000, 0x0000000707a00000| Untracked 
|  52|0x0000000707c00000, 0x0000000707c00000, 0x0000000707e00000|  0%| F|  |TAMS 0x0000000707c00000, 0x0000000707c00000| Untracked 
|  53|0x0000000707e00000, 0x0000000707e00000, 0x0000000708000000|  0%| F|  |TAMS 0x0000000707e00000, 0x0000000707e00000| Untracked 
|  54|0x0000000708000000, 0x0000000708000000, 0x0000000708200000|  0%| F|  |TAMS 0x0000000708000000, 0x0000000708000000| Untracked 
|  55|0x0000000708200000, 0x0000000708200000, 0x0000000708400000|  0%| F|  |TAMS 0x0000000708200000, 0x0000000708200000| Untracked 
|  56|0x0000000708400000, 0x0000000708400000, 0x0000000708600000|  0%| F|  |TAMS 0x0000000708400000, 0x0000000708400000| Untracked 
|  57|0x0000000708600000, 0x0000000708600000, 0x0000000708800000|  0%| F|  |TAMS 0x0000000708600000, 0x0000000708600000| Untracked 
|  58|0x0000000708800000, 0x0000000708800000, 0x0000000708a00000|  0%| F|  |TAMS 0x0000000708800000, 0x0000000708800000| Untracked 
|  59|0x0000000708a00000, 0x0000000708a00000, 0x0000000708c00000|  0%| F|  |TAMS 0x0000000708a00000, 0x0000000708a00000| Untracked 
|  60|0x0000000708c00000, 0x0000000708c00000, 0x0000000708e00000|  0%| F|  |TAMS 0x0000000708c00000, 0x0000000708c00000| Untracked 
|  61|0x0000000708e00000, 0x0000000708e00000, 0x0000000709000000|  0%| F|  |TAMS 0x0000000708e00000, 0x0000000708e00000| Untracked 
|  62|0x0000000709000000, 0x0000000709000000, 0x0000000709200000|  0%| F|  |TAMS 0x0000000709000000, 0x0000000709000000| Untracked 
|  63|0x0000000709200000, 0x0000000709200000, 0x0000000709400000|  0%| F|  |TAMS 0x0000000709200000, 0x0000000709200000| Untracked 
|  64|0x0000000709400000, 0x0000000709400000, 0x0000000709600000|  0%| F|  |TAMS 0x0000000709400000, 0x0000000709400000| Untracked 
|  65|0x0000000709600000, 0x0000000709600000, 0x0000000709800000|  0%| F|  |TAMS 0x0000000709600000, 0x0000000709600000| Untracked 
|  66|0x0000000709800000, 0x0000000709800000, 0x0000000709a00000|  0%| F|  |TAMS 0x0000000709800000, 0x0000000709800000| Untracked 
|  67|0x0000000709a00000, 0x0000000709a00000, 0x0000000709c00000|  0%| F|  |TAMS 0x0000000709a00000, 0x0000000709a00000| Untracked 
|  68|0x0000000709c00000, 0x0000000709c00000, 0x0000000709e00000|  0%| F|  |TAMS 0x0000000709c00000, 0x0000000709c00000| Untracked 
|  69|0x0000000709e00000, 0x0000000709e00000, 0x000000070a000000|  0%| F|  |TAMS 0x0000000709e00000, 0x0000000709e00000| Untracked 
|  70|0x000000070a000000, 0x000000070a000000, 0x000000070a200000|  0%| F|  |TAMS 0x000000070a000000, 0x000000070a000000| Untracked 
|  71|0x000000070a200000, 0x000000070a200000, 0x000000070a400000|  0%| F|  |TAMS 0x000000070a200000, 0x000000070a200000| Untracked 
|  72|0x000000070a400000, 0x000000070a400000, 0x000000070a600000|  0%| F|  |TAMS 0x000000070a400000, 0x000000070a400000| Untracked 
|  73|0x000000070a600000, 0x000000070a600000, 0x000000070a800000|  0%| F|  |TAMS 0x000000070a600000, 0x000000070a600000| Untracked 
|  74|0x000000070a800000, 0x000000070a800000, 0x000000070aa00000|  0%| F|  |TAMS 0x000000070a800000, 0x000000070a800000| Untracked 
|  75|0x000000070aa00000, 0x000000070aa00000, 0x000000070ac00000|  0%| F|  |TAMS 0x000000070aa00000, 0x000000070aa00000| Untracked 
|  76|0x000000070ac00000, 0x000000070ac12d50, 0x000000070ae00000|  3%| E|  |TAMS 0x000000070ac00000, 0x000000070ac00000| Complete 

Card table byte_map: [0x0000028200000000,0x0000028200800000] _byte_map_base: 0x00000281fc7f6000

Marking Bits (Prev, Next): (CMBitMap*) 0x00000282792dbdf0, (CMBitMap*) 0x00000282792dbdb0
 Prev Bits: [0x0000028204fb0000, 0x0000028208f60000)
 Next Bits: [0x0000028201000000, 0x0000028204fb0000)

Polling page: 0x0000028278a40000

Metaspace:

Usage:
  Non-class:     45.38 MB used.
      Class:      6.95 MB used.
       Both:     52.34 MB used.

Virtual space:
  Non-class space:       48.00 MB reserved,      45.69 MB ( 95%) committed,  6 nodes.
      Class space:        1.00 GB reserved,       7.12 MB ( <1%) committed,  1 nodes.
             Both:        1.05 GB reserved,      52.81 MB (  5%) committed. 

Chunk freelists:
   Non-Class:  2.19 MB
       Class:  976.00 KB
        Both:  3.15 MB

MaxMetaspaceSize: unlimited
CompressedClassSpaceSize: 1.00 GB
Initial GC threshold: 21.00 MB
Current GC threshold: 88.06 MB
CDS: off
MetaspaceReclaimPolicy: balanced
 - commit_granule_bytes: 65536.
 - commit_granule_words: 8192.
 - virtual_space_node_default_size: 1048576.
 - enlarge_chunks_in_place: 1.
 - new_chunks_are_fully_committed: 0.
 - uncommit_free_chunks: 1.
 - use_allocation_guard: 0.
 - handle_deallocations: 1.


Internal statistics:

num_allocs_failed_limit: 9.
num_arena_births: 494.
num_arena_deaths: 146.
num_vsnodes_births: 7.
num_vsnodes_deaths: 0.
num_space_committed: 845.
num_space_uncommitted: 0.
num_chunks_returned_to_freelist: 182.
num_chunks_taken_from_freelist: 2221.
num_chunk_merges: 60.
num_chunk_splits: 1563.
num_chunks_enlarged: 1225.
num_purges: 10.
num_inconsistent_stats: 0.

CodeCache: size=49152Kb used=15882Kb max_used=16774Kb free=33269Kb
 bounds [0x000002827bf00000, 0x000002827cf70000, 0x000002827ef00000]
 total_blobs=8905 nmethods=8306 adapters=526
 compilation: enabled
              stopped_count=0, restarted_count=0
 full_count=0

Compilation events (20 events):
Event: 4338.187 Thread 0x000002820b343e50 8296       1       java.util.concurrent.CompletableFuture::unipush (44 bytes)
Event: 4338.190 Thread 0x000002820b343e50 nmethod 8296 0x000002827c900190 code [0x000002827c900400, 0x000002827c900ce8]
Event: 4460.870 Thread 0x000002820b343e50 8297       1       java.lang.ProcessImpl$2::run (242 bytes)
Event: 4460.874 Thread 0x000002820b343e50 nmethod 8297 0x000002827c8fe690 code [0x000002827c8fe940, 0x000002827c8ff798]
Event: 4460.875 Thread 0x000002820b343e50 8298       1       java.io.BufferedOutputStream::<init> (9 bytes)
Event: 4460.876 Thread 0x000002820b343e50 nmethod 8298 0x000002827c8fe110 code [0x000002827c8fe2a0, 0x000002827c8fe598]
Event: 4460.876 Thread 0x000002820b343e50 8299       1       java.lang.ProcessImpl::waitFor (136 bytes)
Event: 4460.878 Thread 0x000002820b343e50 nmethod 8299 0x000002827c8fd890 code [0x000002827c8fdaa0, 0x000002827c8fdeb8]
Event: 4463.094 Thread 0x000002820b343e50 8301       1       java.util.concurrent.CompletableFuture$UniCompletion::claim (34 bytes)
Event: 4463.096 Thread 0x000002820b343e50 nmethod 8301 0x000002827c8fd190 code [0x000002827c8fd360, 0x000002827c8fd688]
Event: 4463.096 Thread 0x000002820b343e50 8302       1       java.util.concurrent.ForkJoinTask::compareAndSetForkJoinTaskTag (33 bytes)
Event: 4463.098 Thread 0x000002820b343e50 nmethod 8302 0x000002827c8fcb90 code [0x000002827c8fcd40, 0x000002827c8fcfd8]
Event: 4463.098 Thread 0x000002820b343e50 8303       1       java.util.concurrent.ForkJoinTask::casStatus (10 bytes)
Event: 4463.100 Thread 0x000002820b343e50 nmethod 8303 0x000002827c8fc690 code [0x000002827c8fc840, 0x000002827c8fca58]
Event: 5132.837 Thread 0x000002820b343e50 8304       1       java.util.Date::getTime (5 bytes)
Event: 5132.838 Thread 0x000002820b343e50 nmethod 8304 0x000002827c8fc310 code [0x000002827c8fc4a0, 0x000002827c8fc5c8]
Event: 5132.838 Thread 0x000002820b343e50 8305       1       java.util.Date::getTimeImpl (27 bytes)
Event: 5132.839 Thread 0x000002820b343e50 nmethod 8305 0x000002827c8fbf90 code [0x000002827c8fc120, 0x000002827c8fc248]
Event: 5236.652 Thread 0x000002820b343e50 8306       1       ch.qos.logback.classic.Logger::filterAndLog_0_Or3Plus (61 bytes)
Event: 5236.656 Thread 0x000002820b343e50 nmethod 8306 0x000002827c8fb610 code [0x000002827c8fb800, 0x000002827c8fbc98]

GC Heap History (20 events):
Event: 6365.317 GC heap before
{Heap before GC invocations=574 (full 547):
 garbage-first heap   total 157696K, used 45014K [0x0000000701400000, 0x0000000800000000)
  region size 2048K, 1 young (2048K), 0 survivors (0K)
 Metaspace       used 53593K, committed 54080K, reserved 1097728K
  class space    used 7119K, committed 7296K, reserved 1048576K
}
Event: 6365.423 GC heap after
{Heap after GC invocations=575 (full 548):
 garbage-first heap   total 157696K, used 45014K [0x0000000701400000, 0x0000000800000000)
  region size 2048K, 0 young (0K), 0 survivors (0K)
 Metaspace       used 53593K, committed 54080K, reserved 1097728K
  class space    used 7119K, committed 7296K, reserved 1048576K
}
Event: 6375.885 GC heap before
{Heap before GC invocations=575 (full 548):
 garbage-first heap   total 157696K, used 45014K [0x0000000701400000, 0x0000000800000000)
  region size 2048K, 1 young (2048K), 0 survivors (0K)
 Metaspace       used 53593K, committed 54080K, reserved 1097728K
  class space    used 7119K, committed 7296K, reserved 1048576K
}
Event: 6376.034 GC heap after
{Heap after GC invocations=576 (full 549):
 garbage-first heap   total 157696K, used 45014K [0x0000000701400000, 0x0000000800000000)
  region size 2048K, 0 young (0K), 0 survivors (0K)
 Metaspace       used 53593K, committed 54080K, reserved 1097728K
  class space    used 7119K, committed 7296K, reserved 1048576K
}
Event: 6386.484 GC heap before
{Heap before GC invocations=576 (full 549):
 garbage-first heap   total 157696K, used 45014K [0x0000000701400000, 0x0000000800000000)
  region size 2048K, 1 young (2048K), 0 survivors (0K)
 Metaspace       used 53593K, committed 54080K, reserved 1097728K
  class space    used 7119K, committed 7296K, reserved 1048576K
}
Event: 6386.596 GC heap after
{Heap after GC invocations=577 (full 550):
 garbage-first heap   total 157696K, used 45014K [0x0000000701400000, 0x0000000800000000)
  region size 2048K, 0 young (0K), 0 survivors (0K)
 Metaspace       used 53593K, committed 54080K, reserved 1097728K
  class space    used 7119K, committed 7296K, reserved 1048576K
}
Event: 6397.061 GC heap before
{Heap before GC invocations=577 (full 550):
 garbage-first heap   total 157696K, used 45014K [0x0000000701400000, 0x0000000800000000)
  region size 2048K, 1 young (2048K), 0 survivors (0K)
 Metaspace       used 53593K, committed 54080K, reserved 1097728K
  class space    used 7119K, committed 7296K, reserved 1048576K
}
Event: 6397.182 GC heap after
{Heap after GC invocations=578 (full 551):
 garbage-first heap   total 157696K, used 45014K [0x0000000701400000, 0x0000000800000000)
  region size 2048K, 0 young (0K), 0 survivors (0K)
 Metaspace       used 53593K, committed 54080K, reserved 1097728K
  class space    used 7119K, committed 7296K, reserved 1048576K
}
Event: 6407.690 GC heap before
{Heap before GC invocations=578 (full 551):
 garbage-first heap   total 157696K, used 45014K [0x0000000701400000, 0x0000000800000000)
  region size 2048K, 1 young (2048K), 0 survivors (0K)
 Metaspace       used 53593K, committed 54080K, reserved 1097728K
  class space    used 7119K, committed 7296K, reserved 1048576K
}
Event: 6407.832 GC heap after
{Heap after GC invocations=579 (full 552):
 garbage-first heap   total 157696K, used 45014K [0x0000000701400000, 0x0000000800000000)
  region size 2048K, 0 young (0K), 0 survivors (0K)
 Metaspace       used 53593K, committed 54080K, reserved 1097728K
  class space    used 7119K, committed 7296K, reserved 1048576K
}
Event: 6418.310 GC heap before
{Heap before GC invocations=579 (full 552):
 garbage-first heap   total 157696K, used 45014K [0x0000000701400000, 0x0000000800000000)
  region size 2048K, 1 young (2048K), 0 survivors (0K)
 Metaspace       used 53593K, committed 54080K, reserved 1097728K
  class space    used 7119K, committed 7296K, reserved 1048576K
}
Event: 6418.424 GC heap after
{Heap after GC invocations=580 (full 553):
 garbage-first heap   total 157696K, used 45014K [0x0000000701400000, 0x0000000800000000)
  region size 2048K, 0 young (0K), 0 survivors (0K)
 Metaspace       used 53593K, committed 54080K, reserved 1097728K
  class space    used 7119K, committed 7296K, reserved 1048576K
}
Event: 6428.833 GC heap before
{Heap before GC invocations=580 (full 553):
 garbage-first heap   total 157696K, used 45014K [0x0000000701400000, 0x0000000800000000)
  region size 2048K, 1 young (2048K), 0 survivors (0K)
 Metaspace       used 53593K, committed 54080K, reserved 1097728K
  class space    used 7119K, committed 7296K, reserved 1048576K
}
Event: 6428.958 GC heap after
{Heap after GC invocations=581 (full 554):
 garbage-first heap   total 157696K, used 45014K [0x0000000701400000, 0x0000000800000000)
  region size 2048K, 0 young (0K), 0 survivors (0K)
 Metaspace       used 53593K, committed 54080K, reserved 1097728K
  class space    used 7119K, committed 7296K, reserved 1048576K
}
Event: 6439.555 GC heap before
{Heap before GC invocations=581 (full 554):
 garbage-first heap   total 157696K, used 45014K [0x0000000701400000, 0x0000000800000000)
  region size 2048K, 1 young (2048K), 0 survivors (0K)
 Metaspace       used 53593K, committed 54080K, reserved 1097728K
  class space    used 7119K, committed 7296K, reserved 1048576K
}
Event: 6439.693 GC heap after
{Heap after GC invocations=582 (full 555):
 garbage-first heap   total 157696K, used 45014K [0x0000000701400000, 0x0000000800000000)
  region size 2048K, 0 young (0K), 0 survivors (0K)
 Metaspace       used 53593K, committed 54080K, reserved 1097728K
  class space    used 7119K, committed 7296K, reserved 1048576K
}
Event: 6450.243 GC heap before
{Heap before GC invocations=582 (full 555):
 garbage-first heap   total 157696K, used 45014K [0x0000000701400000, 0x0000000800000000)
  region size 2048K, 1 young (2048K), 0 survivors (0K)
 Metaspace       used 53593K, committed 54080K, reserved 1097728K
  class space    used 7119K, committed 7296K, reserved 1048576K
}
Event: 6450.362 GC heap after
{Heap after GC invocations=583 (full 556):
 garbage-first heap   total 157696K, used 45014K [0x0000000701400000, 0x0000000800000000)
  region size 2048K, 0 young (0K), 0 survivors (0K)
 Metaspace       used 53593K, committed 54080K, reserved 1097728K
  class space    used 7119K, committed 7296K, reserved 1048576K
}
Event: 6460.824 GC heap before
{Heap before GC invocations=583 (full 556):
 garbage-first heap   total 157696K, used 45014K [0x0000000701400000, 0x0000000800000000)
  region size 2048K, 1 young (2048K), 0 survivors (0K)
 Metaspace       used 53593K, committed 54080K, reserved 1097728K
  class space    used 7119K, committed 7296K, reserved 1048576K
}
Event: 6461.320 GC heap after
{Heap after GC invocations=584 (full 557):
 garbage-first heap   total 157696K, used 45014K [0x0000000701400000, 0x0000000800000000)
  region size 2048K, 0 young (0K), 0 survivors (0K)
 Metaspace       used 53593K, committed 54080K, reserved 1097728K
  class space    used 7119K, committed 7296K, reserved 1048576K
}

Deoptimization events (20 events):
Event: 48.828 Thread 0x000002820b45a000 DEOPT PACKING pc=0x000002827cd50174 sp=0x000000f13eafe430
Event: 48.828 Thread 0x000002820b45a000 DEOPT UNPACKING pc=0x000002827bf52b43 sp=0x000000f13eafd920 mode 3
Event: 49.659 Thread 0x000002820b45a000 DEOPT PACKING pc=0x000002827cc62774 sp=0x000000f13eafe6a0
Event: 49.659 Thread 0x000002820b45a000 DEOPT UNPACKING pc=0x000002827bf52b43 sp=0x000000f13eafdb80 mode 0
Event: 49.659 Thread 0x000002820b45a000 DEOPT PACKING pc=0x000002827ccc886c sp=0x000000f13eafe740
Event: 49.659 Thread 0x000002820b45a000 DEOPT UNPACKING pc=0x000002827bf52b43 sp=0x000000f13eafdc20 mode 0
Event: 49.659 Thread 0x000002820b45a000 DEOPT PACKING pc=0x000002827cc62774 sp=0x000000f13eafe860
Event: 49.659 Thread 0x000002820b45a000 DEOPT UNPACKING pc=0x000002827bf52b43 sp=0x000000f13eafdd40 mode 0
Event: 49.659 Thread 0x000002820b45a000 DEOPT PACKING pc=0x000002827ccc886c sp=0x000000f13eafe900
Event: 49.659 Thread 0x000002820b45a000 DEOPT UNPACKING pc=0x000002827bf52b43 sp=0x000000f13eafdde0 mode 0
Event: 49.663 Thread 0x000002820b45a000 DEOPT PACKING pc=0x000002827cc62774 sp=0x000000f13eafebb0
Event: 49.663 Thread 0x000002820b45a000 DEOPT UNPACKING pc=0x000002827bf52b43 sp=0x000000f13eafe090 mode 0
Event: 49.663 Thread 0x000002820b45a000 DEOPT PACKING pc=0x000002827ccc886c sp=0x000000f13eafec50
Event: 49.663 Thread 0x000002820b45a000 DEOPT UNPACKING pc=0x000002827bf52b43 sp=0x000000f13eafe130 mode 0
Event: 53.143 Thread 0x000002820b45a000 DEOPT PACKING pc=0x000002827ce98a2b sp=0x000000f13eafd850
Event: 53.143 Thread 0x000002820b45a000 DEOPT UNPACKING pc=0x000002827bf52b43 sp=0x000000f13eafcd48 mode 3
Event: 53.240 Thread 0x000002820b45a000 DEOPT PACKING pc=0x000002827ceaa8ea sp=0x000000f13eafdbf0
Event: 53.240 Thread 0x000002820b45a000 DEOPT UNPACKING pc=0x000002827bf52b43 sp=0x000000f13eafd070 mode 3
Event: 2324.483 Thread 0x000002820b33f9e0 DEOPT PACKING pc=0x000002827c5b17d4 sp=0x000000f13deff120
Event: 2324.483 Thread 0x000002820b33f9e0 DEOPT UNPACKING pc=0x000002827bf52b43 sp=0x000000f13defe5c8 mode 0

Classes unloaded (20 events):
Event: 183.571 Thread 0x000002820b2f3bf0 Unloading class 0x0000000800661000 'java/lang/invoke/LambdaForm$MH+0x0000000800661000'
Event: 183.571 Thread 0x000002820b2f3bf0 Unloading class 0x0000000800660c00 'java/lang/invoke/LambdaForm$MH+0x0000000800660c00'
Event: 183.571 Thread 0x000002820b2f3bf0 Unloading class 0x0000000800660800 'java/lang/invoke/LambdaForm$MH+0x0000000800660800'
Event: 183.571 Thread 0x000002820b2f3bf0 Unloading class 0x0000000800660400 'java/lang/invoke/LambdaForm$MH+0x0000000800660400'
Event: 183.571 Thread 0x000002820b2f3bf0 Unloading class 0x0000000800660000 'java/lang/invoke/LambdaForm$MH+0x0000000800660000'
Event: 183.571 Thread 0x000002820b2f3bf0 Unloading class 0x0000000800384000 'java/lang/invoke/LambdaForm$MH+0x0000000800384000'
Event: 183.571 Thread 0x000002820b2f3bf0 Unloading class 0x000000080034dc00 'java/lang/invoke/LambdaForm$MH+0x000000080034dc00'
Event: 183.571 Thread 0x000002820b2f3bf0 Unloading class 0x000000080034d800 'java/lang/invoke/LambdaForm$MH+0x000000080034d800'
Event: 183.571 Thread 0x000002820b2f3bf0 Unloading class 0x000000080034d400 'java/lang/invoke/LambdaForm$MH+0x000000080034d400'
Event: 183.571 Thread 0x000002820b2f3bf0 Unloading class 0x000000080034d000 'java/lang/invoke/LambdaForm$MH+0x000000080034d000'
Event: 183.571 Thread 0x000002820b2f3bf0 Unloading class 0x0000000800207000 'java/lang/invoke/LambdaForm$MH+0x0000000800207000'
Event: 183.571 Thread 0x000002820b2f3bf0 Unloading class 0x0000000800206c00 'java/lang/invoke/LambdaForm$MH+0x0000000800206c00'
Event: 183.571 Thread 0x000002820b2f3bf0 Unloading class 0x0000000800206800 'java/lang/invoke/LambdaForm$MH+0x0000000800206800'
Event: 183.571 Thread 0x000002820b2f3bf0 Unloading class 0x0000000800206400 'java/lang/invoke/LambdaForm$MH+0x0000000800206400'
Event: 183.571 Thread 0x000002820b2f3bf0 Unloading class 0x0000000800206000 'java/lang/invoke/LambdaForm$MH+0x0000000800206000'
Event: 183.571 Thread 0x000002820b2f3bf0 Unloading class 0x0000000800205800 'java/lang/invoke/LambdaForm$MH+0x0000000800205800'
Event: 2698.489 Thread 0x000002820b2f3bf0 Unloading class 0x0000000800207000 'java/lang/invoke/LambdaForm$MH+0x0000000800207000'
Event: 2698.489 Thread 0x000002820b2f3bf0 Unloading class 0x0000000800710400 'java/lang/invoke/LambdaForm$MH+0x0000000800710400'
Event: 2698.489 Thread 0x000002820b2f3bf0 Unloading class 0x0000000800710c00 'java/lang/invoke/LambdaForm$MH+0x0000000800710c00'
Event: 2698.489 Thread 0x000002820b2f3bf0 Unloading class 0x0000000800711800 'java/lang/invoke/LambdaForm$MH+0x0000000800711800'

Classes redefined (0 events):
No events

Internal exceptions (20 events):
Event: 54.739 Thread 0x000002820b45a000 Exception <a 'sun/nio/fs/WindowsException'{0x0000000719597ca8}> (0x0000000719597ca8) 
thrown [s\src\hotspot\share\prims\jni.cpp, line 516]
Event: 54.739 Thread 0x000002820b45a000 Exception <a 'sun/nio/fs/WindowsException'{0x0000000719598928}> (0x0000000719598928) 
thrown [s\src\hotspot\share\prims\jni.cpp, line 516]
Event: 54.739 Thread 0x000002820b45a000 Exception <a 'sun/nio/fs/WindowsException'{0x00000007195996c8}> (0x00000007195996c8) 
thrown [s\src\hotspot\share\prims\jni.cpp, line 516]
Event: 54.739 Thread 0x000002820b45a000 Exception <a 'sun/nio/fs/WindowsException'{0x000000071959a4d0}> (0x000000071959a4d0) 
thrown [s\src\hotspot\share\prims\jni.cpp, line 516]
Event: 54.967 Thread 0x000002820b45a000 Exception <a 'sun/nio/fs/WindowsException'{0x000000071809dfd0}> (0x000000071809dfd0) 
thrown [s\src\hotspot\share\prims\jni.cpp, line 516]
Event: 54.967 Thread 0x000002820b45a000 Exception <a 'sun/nio/fs/WindowsException'{0x000000071809ecd0}> (0x000000071809ecd0) 
thrown [s\src\hotspot\share\prims\jni.cpp, line 516]
Event: 54.967 Thread 0x000002820b45a000 Exception <a 'sun/nio/fs/WindowsException'{0x000000071809f9a0}> (0x000000071809f9a0) 
thrown [s\src\hotspot\share\prims\jni.cpp, line 516]
Event: 54.967 Thread 0x000002820b45a000 Exception <a 'sun/nio/fs/WindowsException'{0x00000007180a0788}> (0x00000007180a0788) 
thrown [s\src\hotspot\share\prims\jni.cpp, line 516]
Event: 54.968 Thread 0x000002820b45a000 Exception <a 'sun/nio/fs/WindowsException'{0x00000007180a15e0}> (0x00000007180a15e0) 
thrown [s\src\hotspot\share\prims\jni.cpp, line 516]
Event: 54.969 Thread 0x000002820b45a000 Exception <a 'sun/nio/fs/WindowsException'{0x00000007180a2db8}> (0x00000007180a2db8) 
thrown [s\src\hotspot\share\prims\jni.cpp, line 516]
Event: 54.970 Thread 0x000002820b45a000 Exception <a 'sun/nio/fs/WindowsException'{0x00000007180a3ab8}> (0x00000007180a3ab8) 
thrown [s\src\hotspot\share\prims\jni.cpp, line 516]
Event: 54.970 Thread 0x000002820b45a000 Exception <a 'sun/nio/fs/WindowsException'{0x00000007180a4788}> (0x00000007180a4788) 
thrown [s\src\hotspot\share\prims\jni.cpp, line 516]
Event: 54.970 Thread 0x000002820b45a000 Exception <a 'sun/nio/fs/WindowsException'{0x00000007180a5570}> (0x00000007180a5570) 
thrown [s\src\hotspot\share\prims\jni.cpp, line 516]
Event: 54.970 Thread 0x000002820b45a000 Exception <a 'sun/nio/fs/WindowsException'{0x00000007180a63c8}> (0x00000007180a63c8) 
thrown [s\src\hotspot\share\prims\jni.cpp, line 516]
Event: 54.980 Thread 0x000002820b45a000 Exception <a 'sun/nio/fs/WindowsException'{0x00000007180e1070}> (0x00000007180e1070) 
thrown [s\src\hotspot\share\prims\jni.cpp, line 516]
Event: 88.513 Thread 0x000002820b33f040 Exception <a 'java/lang/NoSuchMethodError'{0x000000072ad02d38}: 'void java.lang.invoke.DirectMethodHandle$Holder.invokeStatic(java.lang.Object, long)'> (0x000000072ad02d38) 
thrown [s\src\hotspot\share\interpreter\linkResolver.cpp, line 759]
Event: 88.515 Thread 0x000002820b33f040 Exception <a 'java/lang/NoSuchMethodError'{0x000000072ad080e0}: 'java.lang.Object java.lang.invoke.DirectMethodHandle$Holder.newInvokeSpecial(java.lang.Object, long)'> (0x000000072ad080e0) 
thrown [s\src\hotspot\share\interpreter\linkResolver.cpp, line 759]
Event: 88.518 Thread 0x000002820b33f040 Exception <a 'java/lang/NoSuchMethodError'{0x000000072ad0ec58}: 'java.lang.Object java.lang.invoke.DirectMethodHandle$Holder.invokeStatic(java.lang.Object, java.lang.Object, long, java.lang.Object)'> (0x000000072ad0ec58) 
thrown [s\src\hotspot\share\interpreter\linkResolver.cpp, line 759]
Event: 88.519 Thread 0x000002820b33f040 Exception <a 'java/lang/NoSuchMethodError'{0x000000072ad126f0}: 'java.lang.Object java.lang.invoke.DirectMethodHandle$Holder.invokeStaticInit(java.lang.Object, java.lang.Object, long, java.lang.Object)'> (0x000000072ad126f0) 
thrown [s\src\hotspot\share\interpreter\linkResolver.cpp, line 759]
Event: 88.520 Thread 0x000002820b33f040 Exception <a 'java/lang/NoSuchMethodError'{0x000000072ad18a20}: 'java.lang.Object java.lang.invoke.DirectMethodHandle$Holder.newInvokeSpecial(java.lang.Object, java.lang.Object, long)'> (0x000000072ad18a20) 
thrown [s\src\hotspot\share\interpreter\linkResolver.cpp, line 759]

VM Operations (20 events):
Event: 6365.424 Executing VM operation: G1CollectFull done
Event: 6375.884 Executing VM operation: G1CollectFull
Event: 6376.034 Executing VM operation: G1CollectFull done
Event: 6386.483 Executing VM operation: G1CollectFull
Event: 6386.597 Executing VM operation: G1CollectFull done
Event: 6397.061 Executing VM operation: G1CollectFull
Event: 6397.183 Executing VM operation: G1CollectFull done
Event: 6407.689 Executing VM operation: G1CollectFull
Event: 6407.832 Executing VM operation: G1CollectFull done
Event: 6418.310 Executing VM operation: G1CollectFull
Event: 6418.425 Executing VM operation: G1CollectFull done
Event: 6428.833 Executing VM operation: G1CollectFull
Event: 6428.959 Executing VM operation: G1CollectFull done
Event: 6439.554 Executing VM operation: G1CollectFull
Event: 6439.694 Executing VM operation: G1CollectFull done
Event: 6450.242 Executing VM operation: G1CollectFull
Event: 6450.363 Executing VM operation: G1CollectFull done
Event: 6460.824 Executing VM operation: G1CollectFull
Event: 6461.320 Executing VM operation: G1CollectFull done
Event: 6471.893 Executing VM operation: G1CollectFull

Events (20 events):
Event: 4333.478 loading class java/util/concurrent/CompletableFuture$UniCompose done
Event: 4333.480 Thread 0x000002820b45e830 Thread added: 0x000002820b45e830
Event: 4333.487 loading class java/util/concurrent/CompletionException
Event: 4333.488 loading class java/util/concurrent/CompletionException done
Event: 4333.554 Thread 0x000002820b461380 Thread added: 0x000002820b461380
Event: 4333.555 Thread 0x000002820b45c1b0 Thread added: 0x000002820b45c1b0
Event: 4333.671 Thread 0x000002820b45a4d0 Thread added: 0x000002820b45a4d0
Event: 4336.829 loading class java/util/concurrent/CompletableFuture$UniRelay
Event: 4336.829 loading class java/util/concurrent/CompletableFuture$UniRelay done
Event: 4336.834 loading class java/util/logging/LogRecord
Event: 4336.836 loading class java/util/logging/LogRecord done
Event: 4393.683 Thread 0x000002820b45de90 Thread exited: 0x000002820b45de90
Event: 4393.723 Thread 0x000002820b461380 Thread exited: 0x000002820b461380
Event: 4396.830 Thread 0x000002820b45a4d0 Thread exited: 0x000002820b45a4d0
Event: 4397.402 Thread 0x000002820b45c1b0 Thread exited: 0x000002820b45c1b0
Event: 4456.840 Thread 0x000002820b45e830 Thread exited: 0x000002820b45e830
Event: 4463.094 Thread 0x000002820b45fb70 Thread added: 0x000002820b45fb70
Event: 4523.129 Thread 0x000002820b45fb70 Thread exited: 0x000002820b45fb70
Event: 5371.370 Thread 0x000002820b461380 Thread added: 0x000002820b461380
Event: 5431.377 Thread 0x000002820b461380 Thread exited: 0x000002820b461380


Dynamic libraries:
0x00007ff7c8dc0000 - 0x00007ff7c8dce000 	c:\Users\hp\.vscode\extensions\redhat.java-1.12.0-win32-x64\jre\17.0.4.1-win32-x86_64\bin\java.exe
0x00007ff980580000 - 0x00007ff980789000 	C:\WINDOWS\SYSTEM32\ntdll.dll
0x00007ff97f250000 - 0x00007ff97f30d000 	C:\WINDOWS\System32\KERNEL32.DLL
0x00007ff97dff0000 - 0x00007ff97e36d000 	C:\WINDOWS\System32\KERNELBASE.dll
0x00007ff97da60000 - 0x00007ff97db71000 	C:\WINDOWS\System32\ucrtbase.dll
0x00007ff977b80000 - 0x00007ff977b98000 	c:\Users\hp\.vscode\extensions\redhat.java-1.12.0-win32-x64\jre\17.0.4.1-win32-x86_64\bin\jli.dll
0x00007ff977b50000 - 0x00007ff977b69000 	c:\Users\hp\.vscode\extensions\redhat.java-1.12.0-win32-x64\jre\17.0.4.1-win32-x86_64\bin\VCRUNTIME140.dll
0x00007ff97e730000 - 0x00007ff97e8dd000 	C:\WINDOWS\System32\USER32.dll
0x00007ff97e370000 - 0x00007ff97e396000 	C:\WINDOWS\System32\win32u.dll
0x00007ff94bcb0000 - 0x00007ff94bf55000 	C:\WINDOWS\WinSxS\amd64_microsoft.windows.common-controls_6595b64144ccf1df_6.0.22000.120_none_9d947278b86cc467\COMCTL32.dll
0x00007ff980430000 - 0x00007ff980459000 	C:\WINDOWS\System32\GDI32.dll
0x00007ff97ed00000 - 0x00007ff97eda3000 	C:\WINDOWS\System32\msvcrt.dll
0x00007ff97dc40000 - 0x00007ff97dd58000 	C:\WINDOWS\System32\gdi32full.dll
0x00007ff97ded0000 - 0x00007ff97df6d000 	C:\WINDOWS\System32\msvcp_win.dll
0x00007ff97ff70000 - 0x00007ff97ffa1000 	C:\WINDOWS\System32\IMM32.DLL
0x00007ff978290000 - 0x00007ff97829c000 	c:\Users\hp\.vscode\extensions\redhat.java-1.12.0-win32-x64\jre\17.0.4.1-win32-x86_64\bin\vcruntime140_1.dll
0x00007ff91e3f0000 - 0x00007ff91e481000 	c:\Users\hp\.vscode\extensions\redhat.java-1.12.0-win32-x64\jre\17.0.4.1-win32-x86_64\bin\msvcp140.dll
0x00007ff908cd0000 - 0x00007ff909916000 	c:\Users\hp\.vscode\extensions\redhat.java-1.12.0-win32-x64\jre\17.0.4.1-win32-x86_64\bin\server\jvm.dll
0x00007ff97fec0000 - 0x00007ff97ff6e000 	C:\WINDOWS\System32\ADVAPI32.dll
0x00007ff97e970000 - 0x00007ff97ea0e000 	C:\WINDOWS\System32\sechost.dll
0x00007ff97f130000 - 0x00007ff97f250000 	C:\WINDOWS\System32\RPCRT4.dll
0x00007ff97e4c0000 - 0x00007ff97e4c8000 	C:\WINDOWS\System32\PSAPI.DLL
0x00007ff963130000 - 0x00007ff963139000 	C:\WINDOWS\SYSTEM32\WSOCK32.dll
0x00007ff977940000 - 0x00007ff977973000 	C:\WINDOWS\SYSTEM32\WINMM.dll
0x00007ff973e10000 - 0x00007ff973e1a000 	C:\WINDOWS\SYSTEM32\VERSION.dll
0x00007ff97fad0000 - 0x00007ff97fb3f000 	C:\WINDOWS\System32\WS2_32.dll
0x00007ff97cc10000 - 0x00007ff97cc28000 	C:\WINDOWS\SYSTEM32\kernel.appcore.dll
0x00007ff977bd0000 - 0x00007ff977bda000 	c:\Users\hp\.vscode\extensions\redhat.java-1.12.0-win32-x64\jre\17.0.4.1-win32-x86_64\bin\jimage.dll
0x00007ff97b5b0000 - 0x00007ff97b7d1000 	C:\WINDOWS\SYSTEM32\DBGHELP.DLL
0x00007ff959a00000 - 0x00007ff959a31000 	C:\WINDOWS\SYSTEM32\dbgcore.DLL
0x00007ff97df70000 - 0x00007ff97dfef000 	C:\WINDOWS\System32\bcryptPrimitives.dll
0x00007ff969330000 - 0x00007ff969355000 	c:\Users\hp\.vscode\extensions\redhat.java-1.12.0-win32-x64\jre\17.0.4.1-win32-x86_64\bin\java.dll
0x00007ff968120000 - 0x00007ff968138000 	c:\Users\hp\.vscode\extensions\redhat.java-1.12.0-win32-x64\jre\17.0.4.1-win32-x86_64\bin\zip.dll
0x00007ff97f310000 - 0x00007ff97fac8000 	C:\WINDOWS\System32\SHELL32.dll
0x00007ff97bba0000 - 0x00007ff97c408000 	C:\WINDOWS\SYSTEM32\windows.storage.dll
0x00007ff97fb40000 - 0x00007ff97feb9000 	C:\WINDOWS\System32\combase.dll
0x00007ff97ba30000 - 0x00007ff97bb96000 	C:\WINDOWS\SYSTEM32\wintypes.dll
0x00007ff97ec10000 - 0x00007ff97ecfa000 	C:\WINDOWS\System32\SHCORE.dll
0x00007ff97f0d0000 - 0x00007ff97f12d000 	C:\WINDOWS\System32\shlwapi.dll
0x00007ff97d990000 - 0x00007ff97d9b1000 	C:\WINDOWS\SYSTEM32\profapi.dll
0x00007ff967df0000 - 0x00007ff967e09000 	C:\Users\hp\.vscode\extensions\redhat.java-1.12.0-win32-x64\jre\17.0.4.1-win32-x86_64\bin\net.dll
0x00007ff9777b0000 - 0x00007ff9778bc000 	C:\WINDOWS\SYSTEM32\WINHTTP.dll
0x00007ff97d030000 - 0x00007ff97d097000 	C:\WINDOWS\system32\mswsock.dll
0x00007ff967dd0000 - 0x00007ff967de5000 	C:\Users\hp\.vscode\extensions\redhat.java-1.12.0-win32-x64\jre\17.0.4.1-win32-x86_64\bin\nio.dll
0x00007ff973310000 - 0x00007ff973320000 	c:\Users\hp\.vscode\extensions\redhat.java-1.12.0-win32-x64\jre\17.0.4.1-win32-x86_64\bin\verify.dll
0x00007ff970490000 - 0x00007ff970499000 	C:\Users\hp\.vscode\extensions\redhat.java-1.12.0-win32-x64\jre\17.0.4.1-win32-x86_64\bin\management.dll
0x00007ff968110000 - 0x00007ff96811b000 	C:\Users\hp\.vscode\extensions\redhat.java-1.12.0-win32-x64\jre\17.0.4.1-win32-x86_64\bin\management_ext.dll
0x00007ff95c120000 - 0x00007ff95c137000 	C:\WINDOWS\system32\napinsp.dll
0x00007ff95c140000 - 0x00007ff95c15b000 	C:\WINDOWS\system32\pnrpnsp.dll
0x00007ff97c7b0000 - 0x00007ff97c898000 	C:\WINDOWS\SYSTEM32\DNSAPI.dll
0x00007ff97c740000 - 0x00007ff97c76d000 	C:\WINDOWS\SYSTEM32\IPHLPAPI.DLL
0x00007ff97ef60000 - 0x00007ff97ef69000 	C:\WINDOWS\System32\NSI.dll
0x00007ff959a40000 - 0x00007ff959a52000 	C:\WINDOWS\System32\winrnr.dll
0x00007ff976480000 - 0x00007ff976495000 	C:\WINDOWS\system32\wshbth.dll
0x00007ff9599e0000 - 0x00007ff9599ff000 	C:\WINDOWS\system32\nlansp_c.dll
0x00000000575f0000 - 0x0000000057625000 	C:\Program Files\Bonjour\mdnsNSP.dll
0x00007ff9738f0000 - 0x00007ff9738fa000 	C:\Windows\System32\rasadhlp.dll
0x00007ff975e20000 - 0x00007ff975ea1000 	C:\WINDOWS\System32\fwpuclnt.dll
0x00007ff97d300000 - 0x00007ff97d318000 	C:\WINDOWS\SYSTEM32\CRYPTSP.dll
0x00007ff97cb70000 - 0x00007ff97cba5000 	C:\WINDOWS\system32\rsaenh.dll
0x00007ff97d0d0000 - 0x00007ff97d0f9000 	C:\WINDOWS\SYSTEM32\USERENV.dll
0x00007ff97d440000 - 0x00007ff97d467000 	C:\WINDOWS\SYSTEM32\bcrypt.dll
0x00007ff97d220000 - 0x00007ff97d22c000 	C:\WINDOWS\SYSTEM32\CRYPTBASE.dll
0x00007ff977190000 - 0x00007ff9771a9000 	C:\WINDOWS\SYSTEM32\dhcpcsvc6.DLL
0x00007ff977d10000 - 0x00007ff977d2e000 	C:\WINDOWS\SYSTEM32\dhcpcsvc.DLL

dbghelp: loaded successfully - version: 4.0.5 - missing functions: none
symbol engine: initialized successfully - sym options: 0x614 - pdb path: .;c:\Users\hp\.vscode\extensions\redhat.java-1.12.0-win32-x64\jre\17.0.4.1-win32-x86_64\bin;C:\WINDOWS\SYSTEM32;C:\WINDOWS\WinSxS\amd64_microsoft.windows.common-controls_6595b64144ccf1df_6.0.22000.120_none_9d947278b86cc467;c:\Users\hp\.vscode\extensions\redhat.java-1.12.0-win32-x64\jre\17.0.4.1-win32-x86_64\bin\server;C:\Program Files\Bonjour

VM Arguments:
jvm_args: -Dsts.lsp.client=vscode -Dsts.log.file=/dev/null -XX:TieredStopAtLevel=1 -Xlog:jni+resolve=off -Dspring.config.location=file:c:\Users\hp\.vscode\extensions\pivotal.vscode-spring-boot-1.40.0\language-server\BOOT-INF\classes\application.properties 
java_command: org.springframework.ide.vscode.boot.app.BootLanguageServerBootApp
java_class_path (initial): c:\Users\hp\.vscode\extensions\pivotal.vscode-spring-boot-1.40.0\language-server\BOOT-INF\classes;c:\Users\hp\.vscode\extensions\pivotal.vscode-spring-boot-1.40.0\language-server\BOOT-INF\lib\annotations-23.0.0.jar;c:\Users\hp\.vscode\extensions\pivotal.vscode-spring-boot-1.40.0\language-server\BOOT-INF\lib\ant-1.10.12.jar;c:\Users\hp\.vscode\extensions\pivotal.vscode-spring-boot-1.40.0\language-server\BOOT-INF\lib\ant-launcher-1.10.12.jar;c:\Users\hp\.vscode\extensions\pivotal.vscode-spring-boot-1.40.0\language-server\BOOT-INF\lib\antlr-runtime-3.5.2.jar;c:\Users\hp\.vscode\extensions\pivotal.vscode-spring-boot-1.40.0\language-server\BOOT-INF\lib\antlr4-4.9.3.jar;c:\Users\hp\.vscode\extensions\pivotal.vscode-spring-boot-1.40.0\language-server\BOOT-INF\lib\antlr4-runtime-4.9.3.jar;c:\Users\hp\.vscode\extensions\pivotal.vscode-spring-boot-1.40.0\language-server\BOOT-INF\lib\asm-9.3.jar;c:\Users\hp\.vscode\extensions\pivotal.vscode-spring-boot-1.40.0\language-server\BOOT-INF\lib\asm-analysis-9.3.jar;c:\Users\hp\.vscode\extensions\pivotal.vscode-spring-boot-1.40.0\language-server\BOOT-INF\lib\asm-tree-9.3.jar;c:\Users\hp\.vscode\extensions\pivotal.vscode-spring-boot-1.40.0\language-server\BOOT-INF\lib\asm-util-9.3.jar;c:\Users\hp\.vscode\extensions\pivotal.vscode-spring-boot-1.40.0\language-server\BOOT-INF\lib\byte-buddy-1.12.13.jar;c:\Users\hp\.vscode\extensions\pivotal.vscode-spring-boot-1.40.0\language-server\BOOT-INF\lib\caffeine-2.9.3.jar;c:\Users\hp\.vscode\extensions\pivotal.vscode-spring-boot-1.40.0\language-server\BOOT-INF\lib\checker-qual-3.12.0.jar;c:\Users\hp\.vscode\extensions\pivotal.vscode-spring-boot-1.40.0\language-server\BOOT-INF\lib\classgraph-4.8.149.jar;c:\Users\hp\.vscode\extensions\pivotal.vscode-spring-boot-1.40.0\language-server\BOOT-INF\lib\commons-codec-1.15.jar;c:\Users\hp\.vscode\extensions\pivotal.vscode-spring-boot-1.40.0\language-server\BOOT-INF\lib\commons-compress-1.21.jar;c:\Users\hp\.vscode\extensions\piv
Launcher Type: SUN_STANDARD

[Global flags]
     intx CICompilerCount                          = 4                                         {product} {ergonomic}
     uint ConcGCThreads                            = 2                                         {product} {ergonomic}
     uint G1ConcRefinementThreads                  = 8                                         {product} {ergonomic}
   size_t G1HeapRegionSize                         = 2097152                                   {product} {ergonomic}
    uintx GCDrainStackTargetSize                   = 64                                        {product} {ergonomic}
   size_t InitialHeapSize                          = 268435456                                 {product} {ergonomic}
   size_t MarkStackSize                            = 4194304                                   {product} {ergonomic}
   size_t MaxHeapSize                              = 4273995776                                {product} {ergonomic}
   size_t MaxNewSize                               = 2562719744                                {product} {ergonomic}
   size_t MinHeapDeltaBytes                        = 2097152                                   {product} {ergonomic}
   size_t MinHeapSize                              = 8388608                                   {product} {ergonomic}
    uintx NonProfiledCodeHeapSize                  = 0                                      {pd product} {ergonomic}
     bool ProfileInterpreter                       = false                                  {pd product} {command line}
    uintx ProfiledCodeHeapSize                     = 0                                      {pd product} {ergonomic}
   size_t SoftMaxHeapSize                          = 4273995776                             {manageable} {ergonomic}
     intx TieredStopAtLevel                        = 1                                         {product} {command line}
     bool UseCompressedClassPointers               = true                           {product lp64_product} {ergonomic}
     bool UseCompressedOops                        = true                           {product lp64_product} {ergonomic}
     bool UseG1GC                                  = true                                      {product} {ergonomic}
     bool UseLargePagesIndividualAllocation        = false                                  {pd product} {ergonomic}

Logging:
Log output configuration:
 #0: stdout all=warning,jni+resolve=off uptime,level,tags
 #1: stderr all=off uptime,level,tags

Environment Variables:
PATH=C:\Program Files\Oculus\Support\oculus-runtime;C:\Program Files (x86)\VMware\VMware Workstation\bin\;C:\Program Files\Common Files\Oracle\Java\javapath;C:\Program Files (x86)\Common Files\Oracle\Java\javapath;C:\app\WINDOWS.X64_193000_db_home\bin;C:\Program Files (x86)\Common Files\Intel\Shared Libraries\redist\intel64\compiler;C:\Users\hp\AppData\Local\Programs\Python\Python39\Scripts\;C:\Users\hp\AppData\Local\Programs\Python\Python39\;C:\ProgramData\Oracle\Java\javapath;C:\Windows\system32;C:\Windows;C:\Windows\System32\Wbem;C:\Windows\System32\WindowsPowerShell\v1.0\;C:\Windows\System32\OpenSSH\;C:\Program Files (x86)\NVIDIA Corporation\PhysX\Common;C:\Program Files\NVIDIA Corporation\NVIDIA NvDLISR;C:\Program Files\Microsoft SQL Server\130\Tools\Binn\;C:\Program Files\Microsoft SQL Server\Client SDK\ODBC\170\Tools\Binn\;C:\Program Files\Azure Data Studio\bin;C:\Program Files (x86)\Microsoft SQL Server\150\Tools\Binn\;C:\Program Files\Microsoft SQL Server\150\Tools\Binn\;C:\Program Files\Microsoft SQL Server\150\DTS\Binn\;C:\Program Files (x86)\Microsoft SQL Server\150\DTS\Binn\;C:\Program Files\Java\jdk1.8.0_111\bin;C:\ProgramData\chocolatey\bin;C:\xampp\php;C:\ProgramData\ComposerSetup\bin;C:\Program Files\Git\cmd;C:\Program Files\Git\mingw64\bin;C:\Program Files\Git\usr\bin;C:\Program Files\dotnet\;C:\WINDOWS\system32;C:\WINDOWS;C:\WINDOWS\System32\Wbem;C:\WINDOWS\System32\WindowsPowerShell\v1.0\;C:\WINDOWS\System32\OpenSSH\;C:\Program Files\PuTTY\;C:\HashiCorp\Vagrant\bin;C:\Program Files\Docker\Docker\resources\bin;C:\ProgramData\DockerDesktop\version-bin;C:\minikube;C:\Program Files\nodejs\;C:\Users\hp\AppData\Roaming\npm;C:\Users\hp\AppData\Roaming\npm\node_modules\@angular\cli\bin;C:\WINDOWS\system32;C:\WINDOWS;C:\WINDOWS\System32\Wbem;C:\WINDOWS\System32\WindowsPowerShell\v1.0;C:\Users\hp\AppData\Local\Programs\Microsoft VS Code\bin
USERNAME=ANDY_HP
OS=Windows_NT
PROCESSOR_IDENTIFIER=Intel64 Family 6 Model 142 Stepping 10, GenuineIntel
TMP=C:\Users\hp\AppData\Local\Temp
TEMP=C:\Users\hp\AppData\Local\Temp



---------------  S Y S T E M  ---------------

OS:
 Windows 11 , 64 bit Build 22000 (10.0.22000.708)
OS uptime: 2 days 23:56 hours
Hyper-V role detected

CPU: total 8 (initial active 8) (4 cores per cpu, 2 threads per core) family 6 model 142 stepping 10 microcode 0xe0, cx8, cmov, fxsr, ht, mmx, 3dnowpref, sse, sse2, sse3, ssse3, sse4.1, sse4.2, popcnt, lzcnt, tsc, tscinvbit, avx, avx2, aes, erms, clmul, bmi1, bmi2, adx, fma, vzeroupper, clflush, clflushopt, hv

Memory: 4k page, system-wide physical 16299M (5022M free)
TotalPageFile size 18347M (AvailPageFile size 6M)
current process WorkingSet (physical memory assigned to process): 160M, peak: 1295M
current process commit charge ("private bytes"): 328M, peak: 1329M

vm_info: OpenJDK 64-Bit Server VM (17.0.4.1+1) for windows-amd64 JRE (17.0.4.1+1), built on Aug 17 2022 07:42:43 by "temurin" with MS VC++ 16.7 (VS2019)

END.
