2022-10-17 09:08:56,644 [Worker-5: Loading available Gradle versions] INFO  o.e.b.c.i.u.g.PublishedGradleVersions - Gradle version information cache is up-to-date. Trying to read.
2022-10-17 09:18:03,248 [Worker-11: Import Getting Started Content] INFO  o.e.m.c.i.l.LifecycleMappingFactory - Using org.eclipse.m2e.jdt.JarLifecycleMapping lifecycle mapping for MavenProject: com.prpymes.microservicios.app.librodiario:microservicios-libro-diario:0.0.1-SNAPSHOT @ E:\Archivos Andy\UNIVERSIDAD\6TO-SEMESTRE\PS3\PYMES\BACKEND\pr-pymes-api\microservicios-libro-diario\pom.xml.
2022-10-17 09:18:19,782 [Worker-11: Import Getting Started Content] INFO  o.e.m.j.i.AbstractJavaProjectConfigurator - Adding source folder /microservicios-libro-diario/src/main/java
2022-10-17 09:18:19,791 [Worker-11: Import Getting Started Content] INFO  o.e.m.j.i.AbstractJavaProjectConfigurator - Adding resource folder /microservicios-libro-diario/src/main/resources
2022-10-17 09:18:19,825 [Worker-11: Import Getting Started Content] INFO  o.e.m.j.i.AbstractJavaProjectConfigurator - Adding resource folder /microservicios-libro-diario/src/main/resources
2022-10-17 09:18:19,868 [Worker-11: Import Getting Started Content] INFO  o.e.m.j.i.AbstractJavaProjectConfigurator - Adding source folder /microservicios-libro-diario/src/test/java
2022-10-17 09:18:27,619 [Worker-11: Import Getting Started Content] INFO  o.e.m.c.i.p.ProjectConfigurationManager - Imported and configured 1 project(s) in 33 sec
2022-10-17 09:18:27,648 [Worker-11: Import Getting Started Content] INFO  o.e.m.c.i.p.ProjectConfigurationManager - Update started
2022-10-17 09:18:29,119 [Worker-11: Import Getting Started Content] INFO  o.e.m.c.i.l.LifecycleMappingFactory - Using org.eclipse.m2e.jdt.JarLifecycleMapping lifecycle mapping for MavenProject: com.prpymes.microservicios.app.librodiario:microservicios-libro-diario:0.0.1-SNAPSHOT @ E:\Archivos Andy\UNIVERSIDAD\6TO-SEMESTRE\PS3\PYMES\BACKEND\pr-pymes-api\microservicios-libro-diario\pom.xml.
2022-10-17 09:18:31,416 [Worker-11: Import Getting Started Content] INFO  o.e.m.j.i.AbstractJavaProjectConfigurator - Adding source folder /microservicios-libro-diario/src/main/java
2022-10-17 09:18:31,418 [Worker-11: Import Getting Started Content] INFO  o.e.m.j.i.AbstractJavaProjectConfigurator - Adding resource folder /microservicios-libro-diario/src/main/resources
2022-10-17 09:18:31,420 [Worker-11: Import Getting Started Content] INFO  o.e.m.j.i.AbstractJavaProjectConfigurator - Adding resource folder /microservicios-libro-diario/src/main/resources
2022-10-17 09:18:31,425 [Worker-11: Import Getting Started Content] INFO  o.e.m.j.i.AbstractJavaProjectConfigurator - Adding source folder /microservicios-libro-diario/src/test/java
2022-10-17 09:18:33,825 [Worker-11: Import Getting Started Content] INFO  o.e.m.c.i.p.ProjectConfigurationManager - Update completed: 6 sec
2022-10-17 09:18:35,912 [Worker-16: Building] INFO  o.e.m.c.i.embedder.EclipseLogger - Using 'UTF-8' encoding to copy filtered resources.
2022-10-17 09:18:35,913 [Worker-16: Building] INFO  o.e.m.c.i.embedder.EclipseLogger - Using 'UTF-8' encoding to copy filtered properties files.
2022-10-17 09:18:35,939 [Worker-16: Building] INFO  o.e.m.c.i.embedder.EclipseLogger - Copying 1 resource
2022-10-17 09:18:36,036 [Worker-16: Building] INFO  o.e.m.c.i.embedder.EclipseLogger - Copying 0 resource
2022-10-17 09:18:36,053 [Worker-16: Building] INFO  o.e.m.c.i.embedder.EclipseLogger - Using 'UTF-8' encoding to copy filtered resources.
2022-10-17 09:18:36,054 [Worker-16: Building] INFO  o.e.m.c.i.embedder.EclipseLogger - Using 'UTF-8' encoding to copy filtered properties files.
2022-10-17 09:18:36,055 [Worker-16: Building] INFO  o.e.m.c.i.embedder.EclipseLogger - skip non existing resourceDirectory E:\Archivos Andy\UNIVERSIDAD\6TO-SEMESTRE\PS3\PYMES\BACKEND\pr-pymes-api\microservicios-libro-diario\src\test\resources
2022-10-17 09:28:55,785 [Worker-15: Building] INFO  o.e.m.c.i.embedder.EclipseLogger - Using 'UTF-8' encoding to copy filtered resources.
2022-10-17 09:28:55,786 [Worker-15: Building] INFO  o.e.m.c.i.embedder.EclipseLogger - Using 'UTF-8' encoding to copy filtered properties files.
2022-10-17 09:28:55,806 [Worker-15: Building] INFO  o.e.m.c.i.embedder.EclipseLogger - Copying 1 resource
2022-10-17 09:28:55,884 [Worker-15: Building] INFO  o.e.m.c.i.embedder.EclipseLogger - Copying 0 resource
2022-10-17 09:28:55,918 [Worker-15: Building] INFO  o.e.m.c.i.embedder.EclipseLogger - Using 'UTF-8' encoding to copy filtered resources.
2022-10-17 09:28:55,918 [Worker-15: Building] INFO  o.e.m.c.i.embedder.EclipseLogger - Using 'UTF-8' encoding to copy filtered properties files.
2022-10-17 09:28:55,919 [Worker-15: Building] INFO  o.e.m.c.i.embedder.EclipseLogger - skip non existing resourceDirectory E:\Archivos Andy\UNIVERSIDAD\6TO-SEMESTRE\PS3\PYMES\BACKEND\pr-pymes-api\microservicios-libro-diario\src\test\resources
2022-10-17 09:29:25,138 [Worker-15: Building] INFO  o.e.m.c.i.embedder.EclipseLogger - Using 'UTF-8' encoding to copy filtered resources.
2022-10-17 09:29:25,139 [Worker-15: Building] INFO  o.e.m.c.i.embedder.EclipseLogger - Using 'UTF-8' encoding to copy filtered properties files.
2022-10-17 09:29:25,157 [Worker-15: Building] INFO  o.e.m.c.i.embedder.EclipseLogger - Copying 1 resource
2022-10-17 09:29:25,215 [Worker-15: Building] INFO  o.e.m.c.i.embedder.EclipseLogger - Copying 0 resource
2022-10-17 09:29:25,246 [Worker-15: Building] INFO  o.e.m.c.i.embedder.EclipseLogger - Using 'UTF-8' encoding to copy filtered resources.
2022-10-17 09:29:25,246 [Worker-15: Building] INFO  o.e.m.c.i.embedder.EclipseLogger - Using 'UTF-8' encoding to copy filtered properties files.
2022-10-17 09:29:25,247 [Worker-15: Building] INFO  o.e.m.c.i.embedder.EclipseLogger - skip non existing resourceDirectory E:\Archivos Andy\UNIVERSIDAD\6TO-SEMESTRE\PS3\PYMES\BACKEND\pr-pymes-api\microservicios-libro-diario\src\test\resources
2022-10-17 09:40:00,164 [Worker-18: Building] INFO  o.e.m.c.i.embedder.EclipseLogger - Using 'UTF-8' encoding to copy filtered resources.
2022-10-17 09:40:00,166 [Worker-18: Building] INFO  o.e.m.c.i.embedder.EclipseLogger - Using 'UTF-8' encoding to copy filtered properties files.
2022-10-17 09:40:00,177 [Worker-18: Building] INFO  o.e.m.c.i.embedder.EclipseLogger - Copying 1 resource
2022-10-17 09:40:00,214 [Worker-18: Building] INFO  o.e.m.c.i.embedder.EclipseLogger - Copying 0 resource
2022-10-17 09:40:00,235 [Worker-18: Building] INFO  o.e.m.c.i.embedder.EclipseLogger - Using 'UTF-8' encoding to copy filtered resources.
2022-10-17 09:40:00,236 [Worker-18: Building] INFO  o.e.m.c.i.embedder.EclipseLogger - Using 'UTF-8' encoding to copy filtered properties files.
2022-10-17 09:40:00,238 [Worker-18: Building] INFO  o.e.m.c.i.embedder.EclipseLogger - skip non existing resourceDirectory E:\Archivos Andy\UNIVERSIDAD\6TO-SEMESTRE\PS3\PYMES\BACKEND\pr-pymes-api\microservicios-libro-diario\src\test\resources
2022-10-17 09:42:33,350 [Worker-18: Import Getting Started Content] INFO  o.e.m.c.i.l.LifecycleMappingFactory - Using org.eclipse.m2e.jdt.JarLifecycleMapping lifecycle mapping for MavenProject: com.prpymes.microservicios.app.eureka:microservicios-eureka-server:0.0.1-SNAPSHOT @ E:\Archivos Andy\UNIVERSIDAD\6TO-SEMESTRE\PS3\PYMES\BACKEND\pr-pymes-api\microservicios-eureka-server\pom.xml.
2022-10-17 09:42:48,873 [Worker-18: Import Getting Started Content] INFO  o.e.m.j.i.AbstractJavaProjectConfigurator - Adding source folder /microservicios-eureka-server/src/main/java
2022-10-17 09:42:48,874 [Worker-18: Import Getting Started Content] INFO  o.e.m.j.i.AbstractJavaProjectConfigurator - Adding resource folder /microservicios-eureka-server/src/main/resources
2022-10-17 09:42:48,907 [Worker-18: Import Getting Started Content] INFO  o.e.m.j.i.AbstractJavaProjectConfigurator - Adding resource folder /microservicios-eureka-server/src/main/resources
2022-10-17 09:42:48,937 [Worker-18: Import Getting Started Content] INFO  o.e.m.j.i.AbstractJavaProjectConfigurator - Adding source folder /microservicios-eureka-server/src/test/java
2022-10-17 09:42:59,501 [Worker-18: Import Getting Started Content] INFO  o.e.m.c.i.p.ProjectConfigurationManager - Imported and configured 1 project(s) in 31 sec
2022-10-17 09:42:59,510 [Worker-18: Import Getting Started Content] INFO  o.e.m.c.i.p.ProjectConfigurationManager - Update started
2022-10-17 09:43:01,140 [Worker-18: Import Getting Started Content] INFO  o.e.m.c.i.l.LifecycleMappingFactory - Using org.eclipse.m2e.jdt.JarLifecycleMapping lifecycle mapping for MavenProject: com.prpymes.microservicios.app.eureka:microservicios-eureka-server:0.0.1-SNAPSHOT @ E:\Archivos Andy\UNIVERSIDAD\6TO-SEMESTRE\PS3\PYMES\BACKEND\pr-pymes-api\microservicios-eureka-server\pom.xml.
2022-10-17 09:43:03,292 [Worker-18: Import Getting Started Content] INFO  o.e.m.j.i.AbstractJavaProjectConfigurator - Adding source folder /microservicios-eureka-server/src/main/java
2022-10-17 09:43:03,293 [Worker-18: Import Getting Started Content] INFO  o.e.m.j.i.AbstractJavaProjectConfigurator - Adding resource folder /microservicios-eureka-server/src/main/resources
2022-10-17 09:43:03,295 [Worker-18: Import Getting Started Content] INFO  o.e.m.j.i.AbstractJavaProjectConfigurator - Adding resource folder /microservicios-eureka-server/src/main/resources
2022-10-17 09:43:03,297 [Worker-18: Import Getting Started Content] INFO  o.e.m.j.i.AbstractJavaProjectConfigurator - Adding source folder /microservicios-eureka-server/src/test/java
2022-10-17 09:43:04,857 [Worker-18: Import Getting Started Content] INFO  o.e.m.c.i.p.ProjectConfigurationManager - Update completed: 5 sec
2022-10-17 09:43:06,081 [Worker-30: Building] INFO  o.e.m.c.i.embedder.EclipseLogger - Using 'UTF-8' encoding to copy filtered resources.
2022-10-17 09:43:06,083 [Worker-30: Building] INFO  o.e.m.c.i.embedder.EclipseLogger - Using 'UTF-8' encoding to copy filtered properties files.
2022-10-17 09:43:06,089 [Worker-30: Building] INFO  o.e.m.c.i.embedder.EclipseLogger - Copying 1 resource
2022-10-17 09:43:06,105 [Worker-30: Building] INFO  o.e.m.c.i.embedder.EclipseLogger - Copying 0 resource
2022-10-17 09:43:06,133 [Worker-30: Building] INFO  o.e.m.c.i.embedder.EclipseLogger - Using 'UTF-8' encoding to copy filtered resources.
2022-10-17 09:43:06,134 [Worker-30: Building] INFO  o.e.m.c.i.embedder.EclipseLogger - Using 'UTF-8' encoding to copy filtered properties files.
2022-10-17 09:43:06,135 [Worker-30: Building] INFO  o.e.m.c.i.embedder.EclipseLogger - skip non existing resourceDirectory E:\Archivos Andy\UNIVERSIDAD\6TO-SEMESTRE\PS3\PYMES\BACKEND\pr-pymes-api\microservicios-eureka-server\src\test\resources
2022-10-17 09:44:51,665 [Worker-18: Building] INFO  o.e.m.c.i.l.LifecycleMappingFactory - Using org.eclipse.m2e.jdt.JarLifecycleMapping lifecycle mapping for MavenProject: com.prpymes.microservicios.app.eureka:microservicios-eureka-server:0.0.1-SNAPSHOT @ E:\Archivos Andy\UNIVERSIDAD\6TO-SEMESTRE\PS3\PYMES\BACKEND\pr-pymes-api\microservicios-eureka-server\pom.xml.
2022-10-17 09:45:20,100 [Worker-24: Building] INFO  o.e.m.c.i.l.LifecycleMappingFactory - Using org.eclipse.m2e.jdt.JarLifecycleMapping lifecycle mapping for MavenProject: com.prpymes.microservicios.app.eureka:microservicios-eureka-server:0.0.1-SNAPSHOT @ E:\Archivos Andy\UNIVERSIDAD\6TO-SEMESTRE\PS3\PYMES\BACKEND\pr-pymes-api\microservicios-eureka-server\pom.xml.
2022-10-17 09:45:47,175 [Worker-18: Building] INFO  o.e.m.c.i.l.LifecycleMappingFactory - Using org.eclipse.m2e.jdt.JarLifecycleMapping lifecycle mapping for MavenProject: com.prpymes.microservicios.app.eureka:microservicios-eureka-server:0.0.1-SNAPSHOT @ E:\Archivos Andy\UNIVERSIDAD\6TO-SEMESTRE\PS3\PYMES\BACKEND\pr-pymes-api\microservicios-eureka-server\pom.xml.
2022-10-17 09:45:50,180 [Worker-18: Building] INFO  o.e.m.c.i.embedder.EclipseLogger - Using 'UTF-8' encoding to copy filtered resources.
2022-10-17 09:45:50,181 [Worker-18: Building] INFO  o.e.m.c.i.embedder.EclipseLogger - Using 'UTF-8' encoding to copy filtered properties files.
2022-10-17 09:45:50,183 [Worker-18: Building] INFO  o.e.m.c.i.embedder.EclipseLogger - Copying 0 resource
2022-10-17 09:45:50,184 [Worker-18: Building] INFO  o.e.m.c.i.embedder.EclipseLogger - Copying 0 resource
2022-10-17 09:45:50,197 [Worker-18: Building] INFO  o.e.m.c.i.embedder.EclipseLogger - Using 'UTF-8' encoding to copy filtered resources.
2022-10-17 09:45:50,197 [Worker-18: Building] INFO  o.e.m.c.i.embedder.EclipseLogger - Using 'UTF-8' encoding to copy filtered properties files.
2022-10-17 09:45:50,198 [Worker-18: Building] INFO  o.e.m.c.i.embedder.EclipseLogger - skip non existing resourceDirectory E:\Archivos Andy\UNIVERSIDAD\6TO-SEMESTRE\PS3\PYMES\BACKEND\pr-pymes-api\microservicios-eureka-server\src\test\resources
2022-10-17 09:45:51,950 [Worker-24: Building] INFO  o.e.m.c.i.embedder.EclipseLogger - Using 'UTF-8' encoding to copy filtered resources.
2022-10-17 09:45:51,950 [Worker-24: Building] INFO  o.e.m.c.i.embedder.EclipseLogger - Using 'UTF-8' encoding to copy filtered properties files.
2022-10-17 09:45:51,954 [Worker-24: Building] INFO  o.e.m.c.i.embedder.EclipseLogger - Copying 1 resource
2022-10-17 09:45:51,963 [Worker-24: Building] INFO  o.e.m.c.i.embedder.EclipseLogger - Copying 0 resource
2022-10-17 09:45:51,975 [Worker-24: Building] INFO  o.e.m.c.i.embedder.EclipseLogger - Using 'UTF-8' encoding to copy filtered resources.
2022-10-17 09:45:51,975 [Worker-24: Building] INFO  o.e.m.c.i.embedder.EclipseLogger - Using 'UTF-8' encoding to copy filtered properties files.
2022-10-17 09:45:51,976 [Worker-24: Building] INFO  o.e.m.c.i.embedder.EclipseLogger - skip non existing resourceDirectory E:\Archivos Andy\UNIVERSIDAD\6TO-SEMESTRE\PS3\PYMES\BACKEND\pr-pymes-api\microservicios-eureka-server\src\test\resources
2022-10-17 09:46:50,817 [Worker-31: Building] INFO  o.e.m.c.i.embedder.EclipseLogger - Using 'UTF-8' encoding to copy filtered resources.
2022-10-17 09:46:50,818 [Worker-31: Building] INFO  o.e.m.c.i.embedder.EclipseLogger - Using 'UTF-8' encoding to copy filtered properties files.
2022-10-17 09:46:50,823 [Worker-31: Building] INFO  o.e.m.c.i.embedder.EclipseLogger - Copying 1 resource
2022-10-17 09:46:50,851 [Worker-31: Building] INFO  o.e.m.c.i.embedder.EclipseLogger - Copying 0 resource
2022-10-17 09:46:50,884 [Worker-31: Building] INFO  o.e.m.c.i.embedder.EclipseLogger - Using 'UTF-8' encoding to copy filtered resources.
2022-10-17 09:46:50,885 [Worker-31: Building] INFO  o.e.m.c.i.embedder.EclipseLogger - Using 'UTF-8' encoding to copy filtered properties files.
2022-10-17 09:46:50,886 [Worker-31: Building] INFO  o.e.m.c.i.embedder.EclipseLogger - skip non existing resourceDirectory E:\Archivos Andy\UNIVERSIDAD\6TO-SEMESTRE\PS3\PYMES\BACKEND\pr-pymes-api\microservicios-eureka-server\src\test\resources
2022-10-17 09:47:04,841 [Worker-29: Building] INFO  o.e.m.c.i.embedder.EclipseLogger - Using 'UTF-8' encoding to copy filtered resources.
2022-10-17 09:47:04,842 [Worker-29: Building] INFO  o.e.m.c.i.embedder.EclipseLogger - Using 'UTF-8' encoding to copy filtered properties files.
2022-10-17 09:47:04,845 [Worker-29: Building] INFO  o.e.m.c.i.embedder.EclipseLogger - Copying 1 resource
2022-10-17 09:47:04,870 [Worker-29: Building] INFO  o.e.m.c.i.embedder.EclipseLogger - Copying 0 resource
2022-10-17 09:47:04,894 [Worker-29: Building] INFO  o.e.m.c.i.embedder.EclipseLogger - Using 'UTF-8' encoding to copy filtered resources.
2022-10-17 09:47:04,894 [Worker-29: Building] INFO  o.e.m.c.i.embedder.EclipseLogger - Using 'UTF-8' encoding to copy filtered properties files.
2022-10-17 09:47:04,896 [Worker-29: Building] INFO  o.e.m.c.i.embedder.EclipseLogger - skip non existing resourceDirectory E:\Archivos Andy\UNIVERSIDAD\6TO-SEMESTRE\PS3\PYMES\BACKEND\pr-pymes-api\microservicios-eureka-server\src\test\resources
2022-10-17 09:47:33,379 [Worker-31: Building] INFO  o.e.m.c.i.embedder.EclipseLogger - Using 'UTF-8' encoding to copy filtered resources.
2022-10-17 09:47:33,380 [Worker-31: Building] INFO  o.e.m.c.i.embedder.EclipseLogger - Using 'UTF-8' encoding to copy filtered properties files.
2022-10-17 09:47:33,382 [Worker-31: Building] INFO  o.e.m.c.i.embedder.EclipseLogger - Copying 1 resource
2022-10-17 09:47:33,398 [Worker-31: Building] INFO  o.e.m.c.i.embedder.EclipseLogger - Copying 0 resource
2022-10-17 09:47:33,413 [Worker-31: Building] INFO  o.e.m.c.i.embedder.EclipseLogger - Using 'UTF-8' encoding to copy filtered resources.
2022-10-17 09:47:33,413 [Worker-31: Building] INFO  o.e.m.c.i.embedder.EclipseLogger - Using 'UTF-8' encoding to copy filtered properties files.
2022-10-17 09:47:33,414 [Worker-31: Building] INFO  o.e.m.c.i.embedder.EclipseLogger - skip non existing resourceDirectory E:\Archivos Andy\UNIVERSIDAD\6TO-SEMESTRE\PS3\PYMES\BACKEND\pr-pymes-api\microservicios-eureka-server\src\test\resources
2022-10-17 09:47:46,174 [Worker-31: Building] INFO  o.e.m.c.i.embedder.EclipseLogger - Using 'UTF-8' encoding to copy filtered resources.
2022-10-17 09:47:46,175 [Worker-31: Building] INFO  o.e.m.c.i.embedder.EclipseLogger - Using 'UTF-8' encoding to copy filtered properties files.
2022-10-17 09:47:46,177 [Worker-31: Building] INFO  o.e.m.c.i.embedder.EclipseLogger - Copying 1 resource
2022-10-17 09:47:46,190 [Worker-31: Building] INFO  o.e.m.c.i.embedder.EclipseLogger - Copying 0 resource
2022-10-17 09:47:46,203 [Worker-31: Building] INFO  o.e.m.c.i.embedder.EclipseLogger - Using 'UTF-8' encoding to copy filtered resources.
2022-10-17 09:47:46,203 [Worker-31: Building] INFO  o.e.m.c.i.embedder.EclipseLogger - Using 'UTF-8' encoding to copy filtered properties files.
2022-10-17 09:47:46,204 [Worker-31: Building] INFO  o.e.m.c.i.embedder.EclipseLogger - skip non existing resourceDirectory E:\Archivos Andy\UNIVERSIDAD\6TO-SEMESTRE\PS3\PYMES\BACKEND\pr-pymes-api\microservicios-eureka-server\src\test\resources
2022-10-17 09:47:50,367 [Worker-28: Building] INFO  o.e.m.c.i.embedder.EclipseLogger - Using 'UTF-8' encoding to copy filtered resources.
2022-10-17 09:47:50,368 [Worker-28: Building] INFO  o.e.m.c.i.embedder.EclipseLogger - Using 'UTF-8' encoding to copy filtered properties files.
2022-10-17 09:47:50,370 [Worker-28: Building] INFO  o.e.m.c.i.embedder.EclipseLogger - Copying 1 resource
2022-10-17 09:47:50,390 [Worker-28: Building] INFO  o.e.m.c.i.embedder.EclipseLogger - Copying 0 resource
2022-10-17 09:47:50,411 [Worker-28: Building] INFO  o.e.m.c.i.embedder.EclipseLogger - Using 'UTF-8' encoding to copy filtered resources.
2022-10-17 09:47:50,412 [Worker-28: Building] INFO  o.e.m.c.i.embedder.EclipseLogger - Using 'UTF-8' encoding to copy filtered properties files.
2022-10-17 09:47:50,413 [Worker-28: Building] INFO  o.e.m.c.i.embedder.EclipseLogger - skip non existing resourceDirectory E:\Archivos Andy\UNIVERSIDAD\6TO-SEMESTRE\PS3\PYMES\BACKEND\pr-pymes-api\microservicios-eureka-server\src\test\resources
2022-10-17 09:48:00,849 [Worker-24: Building] INFO  o.e.m.c.i.embedder.EclipseLogger - Using 'UTF-8' encoding to copy filtered resources.
2022-10-17 09:48:00,850 [Worker-24: Building] INFO  o.e.m.c.i.embedder.EclipseLogger - Using 'UTF-8' encoding to copy filtered properties files.
2022-10-17 09:48:00,852 [Worker-24: Building] INFO  o.e.m.c.i.embedder.EclipseLogger - Copying 1 resource
2022-10-17 09:48:00,884 [Worker-24: Building] INFO  o.e.m.c.i.embedder.EclipseLogger - Copying 0 resource
2022-10-17 09:48:00,905 [Worker-24: Building] INFO  o.e.m.c.i.embedder.EclipseLogger - Using 'UTF-8' encoding to copy filtered resources.
2022-10-17 09:48:00,906 [Worker-24: Building] INFO  o.e.m.c.i.embedder.EclipseLogger - Using 'UTF-8' encoding to copy filtered properties files.
2022-10-17 09:48:00,907 [Worker-24: Building] INFO  o.e.m.c.i.embedder.EclipseLogger - skip non existing resourceDirectory E:\Archivos Andy\UNIVERSIDAD\6TO-SEMESTRE\PS3\PYMES\BACKEND\pr-pymes-api\microservicios-eureka-server\src\test\resources
2022-10-17 09:50:57,228 [Worker-29: Building] INFO  o.e.m.c.i.l.LifecycleMappingFactory - Using org.eclipse.m2e.jdt.JarLifecycleMapping lifecycle mapping for MavenProject: com.prpymes.microservicios.app.librodiario:microservicios-libro-diario:0.0.1-SNAPSHOT @ E:\Archivos Andy\UNIVERSIDAD\6TO-SEMESTRE\PS3\PYMES\BACKEND\pr-pymes-api\microservicios-libro-diario\pom.xml.
2022-10-17 09:51:00,245 [Worker-29: Building] INFO  o.e.m.c.i.embedder.EclipseLogger - Using 'UTF-8' encoding to copy filtered resources.
2022-10-17 09:51:00,246 [Worker-29: Building] INFO  o.e.m.c.i.embedder.EclipseLogger - Using 'UTF-8' encoding to copy filtered properties files.
2022-10-17 09:51:00,248 [Worker-29: Building] INFO  o.e.m.c.i.embedder.EclipseLogger - Copying 0 resource
2022-10-17 09:51:00,249 [Worker-29: Building] INFO  o.e.m.c.i.embedder.EclipseLogger - Copying 0 resource
2022-10-17 09:51:00,261 [Worker-29: Building] INFO  o.e.m.c.i.embedder.EclipseLogger - Using 'UTF-8' encoding to copy filtered resources.
2022-10-17 09:51:00,261 [Worker-29: Building] INFO  o.e.m.c.i.embedder.EclipseLogger - Using 'UTF-8' encoding to copy filtered properties files.
2022-10-17 09:51:00,262 [Worker-29: Building] INFO  o.e.m.c.i.embedder.EclipseLogger - skip non existing resourceDirectory E:\Archivos Andy\UNIVERSIDAD\6TO-SEMESTRE\PS3\PYMES\BACKEND\pr-pymes-api\microservicios-libro-diario\src\test\resources
2022-10-17 09:53:04,762 [Worker-28: Building] INFO  o.e.m.c.i.embedder.EclipseLogger - Using 'UTF-8' encoding to copy filtered resources.
2022-10-17 09:53:04,763 [Worker-28: Building] INFO  o.e.m.c.i.embedder.EclipseLogger - Using 'UTF-8' encoding to copy filtered properties files.
2022-10-17 09:53:04,769 [Worker-28: Building] INFO  o.e.m.c.i.embedder.EclipseLogger - Copying 1 resource
2022-10-17 09:53:04,802 [Worker-28: Building] INFO  o.e.m.c.i.embedder.EclipseLogger - Copying 0 resource
2022-10-17 09:53:04,814 [Worker-28: Building] INFO  o.e.m.c.i.embedder.EclipseLogger - Using 'UTF-8' encoding to copy filtered resources.
2022-10-17 09:53:04,815 [Worker-28: Building] INFO  o.e.m.c.i.embedder.EclipseLogger - Using 'UTF-8' encoding to copy filtered properties files.
2022-10-17 09:53:04,815 [Worker-28: Building] INFO  o.e.m.c.i.embedder.EclipseLogger - skip non existing resourceDirectory E:\Archivos Andy\UNIVERSIDAD\6TO-SEMESTRE\PS3\PYMES\BACKEND\pr-pymes-api\microservicios-libro-diario\src\test\resources
2022-10-17 10:00:59,694 [Worker-41: Building] INFO  o.e.m.c.i.l.LifecycleMappingFactory - Using org.eclipse.m2e.jdt.JarLifecycleMapping lifecycle mapping for MavenProject: com.prpymes.microservicios.app.librodiario:microservicios-libro-diario:0.0.1-SNAPSHOT @ E:\Archivos Andy\UNIVERSIDAD\6TO-SEMESTRE\PS3\PYMES\BACKEND\pr-pymes-api\microservicios-libro-diario\pom.xml.
2022-10-17 10:01:02,215 [Worker-41: Building] INFO  o.e.m.c.i.embedder.EclipseLogger - Using 'UTF-8' encoding to copy filtered resources.
2022-10-17 10:01:02,216 [Worker-41: Building] INFO  o.e.m.c.i.embedder.EclipseLogger - Using 'UTF-8' encoding to copy filtered properties files.
2022-10-17 10:01:02,217 [Worker-41: Building] INFO  o.e.m.c.i.embedder.EclipseLogger - Copying 0 resource
2022-10-17 10:01:02,219 [Worker-41: Building] INFO  o.e.m.c.i.embedder.EclipseLogger - Copying 0 resource
2022-10-17 10:01:02,234 [Worker-41: Building] INFO  o.e.m.c.i.embedder.EclipseLogger - Using 'UTF-8' encoding to copy filtered resources.
2022-10-17 10:01:02,234 [Worker-41: Building] INFO  o.e.m.c.i.embedder.EclipseLogger - Using 'UTF-8' encoding to copy filtered properties files.
2022-10-17 10:01:02,235 [Worker-41: Building] INFO  o.e.m.c.i.embedder.EclipseLogger - skip non existing resourceDirectory E:\Archivos Andy\UNIVERSIDAD\6TO-SEMESTRE\PS3\PYMES\BACKEND\pr-pymes-api\microservicios-libro-diario\src\test\resources
2022-10-17 10:02:02,832 [Worker-41: Building] INFO  o.e.m.c.i.l.LifecycleMappingFactory - Using org.eclipse.m2e.jdt.JarLifecycleMapping lifecycle mapping for MavenProject: com.prpymes.microservicios.app.librodiario:microservicios-libro-diario:0.0.1-SNAPSHOT @ E:\Archivos Andy\UNIVERSIDAD\6TO-SEMESTRE\PS3\PYMES\BACKEND\pr-pymes-api\microservicios-libro-diario\pom.xml.
2022-10-17 10:02:06,104 [Worker-41: Building] INFO  o.e.m.c.i.embedder.EclipseLogger - Using 'UTF-8' encoding to copy filtered resources.
2022-10-17 10:02:06,104 [Worker-41: Building] INFO  o.e.m.c.i.embedder.EclipseLogger - Using 'UTF-8' encoding to copy filtered properties files.
2022-10-17 10:02:06,106 [Worker-41: Building] INFO  o.e.m.c.i.embedder.EclipseLogger - Copying 0 resource
2022-10-17 10:02:06,107 [Worker-41: Building] INFO  o.e.m.c.i.embedder.EclipseLogger - Copying 0 resource
2022-10-17 10:02:06,120 [Worker-41: Building] INFO  o.e.m.c.i.embedder.EclipseLogger - Using 'UTF-8' encoding to copy filtered resources.
2022-10-17 10:02:06,120 [Worker-41: Building] INFO  o.e.m.c.i.embedder.EclipseLogger - Using 'UTF-8' encoding to copy filtered properties files.
2022-10-17 10:02:06,121 [Worker-41: Building] INFO  o.e.m.c.i.embedder.EclipseLogger - skip non existing resourceDirectory E:\Archivos Andy\UNIVERSIDAD\6TO-SEMESTRE\PS3\PYMES\BACKEND\pr-pymes-api\microservicios-libro-diario\src\test\resources
2022-10-17 10:02:08,625 [Worker-39: Building] INFO  o.e.m.c.i.embedder.EclipseLogger - Using 'UTF-8' encoding to copy filtered resources.
2022-10-17 10:02:08,626 [Worker-39: Building] INFO  o.e.m.c.i.embedder.EclipseLogger - Using 'UTF-8' encoding to copy filtered properties files.
2022-10-17 10:02:08,634 [Worker-39: Building] INFO  o.e.m.c.i.embedder.EclipseLogger - Copying 1 resource
2022-10-17 10:02:08,644 [Worker-39: Building] INFO  o.e.m.c.i.embedder.EclipseLogger - Copying 0 resource
2022-10-17 10:02:08,658 [Worker-39: Building] INFO  o.e.m.c.i.embedder.EclipseLogger - Using 'UTF-8' encoding to copy filtered resources.
2022-10-17 10:02:08,658 [Worker-39: Building] INFO  o.e.m.c.i.embedder.EclipseLogger - Using 'UTF-8' encoding to copy filtered properties files.
2022-10-17 10:02:08,659 [Worker-39: Building] INFO  o.e.m.c.i.embedder.EclipseLogger - skip non existing resourceDirectory E:\Archivos Andy\UNIVERSIDAD\6TO-SEMESTRE\PS3\PYMES\BACKEND\pr-pymes-api\microservicios-libro-diario\src\test\resources
2022-10-17 10:02:09,827 [Worker-39: Updating Maven Project] INFO  o.e.m.c.i.p.ProjectConfigurationManager - Update started
2022-10-17 10:02:10,464 [Worker-39: Updating Maven Project] INFO  o.e.m.c.i.l.LifecycleMappingFactory - Using org.eclipse.m2e.jdt.JarLifecycleMapping lifecycle mapping for MavenProject: com.prpymes.microservicios.app.librodiario:microservicios-libro-diario:0.0.1-SNAPSHOT @ E:\Archivos Andy\UNIVERSIDAD\6TO-SEMESTRE\PS3\PYMES\BACKEND\pr-pymes-api\microservicios-libro-diario\pom.xml.
2022-10-17 10:02:13,097 [Worker-39: Updating Maven Project] INFO  o.e.m.j.i.AbstractJavaProjectConfigurator - Adding source folder /microservicios-libro-diario/src/main/java
2022-10-17 10:02:13,099 [Worker-39: Updating Maven Project] INFO  o.e.m.j.i.AbstractJavaProjectConfigurator - Adding resource folder /microservicios-libro-diario/src/main/resources
2022-10-17 10:02:13,101 [Worker-39: Updating Maven Project] INFO  o.e.m.j.i.AbstractJavaProjectConfigurator - Adding resource folder /microservicios-libro-diario/src/main/resources
2022-10-17 10:02:13,103 [Worker-39: Updating Maven Project] INFO  o.e.m.j.i.AbstractJavaProjectConfigurator - Adding source folder /microservicios-libro-diario/src/test/java
2022-10-17 10:02:14,690 [Worker-39: Updating Maven Project] INFO  o.e.m.c.i.p.ProjectConfigurationManager - Update completed: 4 sec
2022-10-17 10:02:15,350 [Worker-40: Building] INFO  o.e.m.c.i.embedder.EclipseLogger - Using 'UTF-8' encoding to copy filtered resources.
2022-10-17 10:02:15,352 [Worker-40: Building] INFO  o.e.m.c.i.embedder.EclipseLogger - Using 'UTF-8' encoding to copy filtered properties files.
2022-10-17 10:02:15,355 [Worker-40: Building] INFO  o.e.m.c.i.embedder.EclipseLogger - Copying 1 resource
2022-10-17 10:02:15,366 [Worker-40: Building] INFO  o.e.m.c.i.embedder.EclipseLogger - Copying 0 resource
2022-10-17 10:02:15,387 [Worker-40: Building] INFO  o.e.m.c.i.embedder.EclipseLogger - Using 'UTF-8' encoding to copy filtered resources.
2022-10-17 10:02:15,388 [Worker-40: Building] INFO  o.e.m.c.i.embedder.EclipseLogger - Using 'UTF-8' encoding to copy filtered properties files.
2022-10-17 10:02:15,390 [Worker-40: Building] INFO  o.e.m.c.i.embedder.EclipseLogger - skip non existing resourceDirectory E:\Archivos Andy\UNIVERSIDAD\6TO-SEMESTRE\PS3\PYMES\BACKEND\pr-pymes-api\microservicios-libro-diario\src\test\resources
2022-10-17 10:02:21,049 [Worker-43: Building] INFO  o.e.m.c.i.embedder.EclipseLogger - Using 'UTF-8' encoding to copy filtered resources.
2022-10-17 10:02:21,050 [Worker-43: Building] INFO  o.e.m.c.i.embedder.EclipseLogger - Using 'UTF-8' encoding to copy filtered properties files.
2022-10-17 10:02:21,057 [Worker-43: Building] INFO  o.e.m.c.i.embedder.EclipseLogger - Copying 1 resource
2022-10-17 10:02:21,081 [Worker-43: Building] INFO  o.e.m.c.i.embedder.EclipseLogger - Copying 0 resource
2022-10-17 10:02:21,097 [Worker-43: Building] INFO  o.e.m.c.i.embedder.EclipseLogger - Using 'UTF-8' encoding to copy filtered resources.
2022-10-17 10:02:21,097 [Worker-43: Building] INFO  o.e.m.c.i.embedder.EclipseLogger - Using 'UTF-8' encoding to copy filtered properties files.
2022-10-17 10:02:21,098 [Worker-43: Building] INFO  o.e.m.c.i.embedder.EclipseLogger - skip non existing resourceDirectory E:\Archivos Andy\UNIVERSIDAD\6TO-SEMESTRE\PS3\PYMES\BACKEND\pr-pymes-api\microservicios-libro-diario\src\test\resources
2022-10-17 10:05:49,552 [Worker-39: Building] INFO  o.e.m.c.i.embedder.EclipseLogger - Using 'UTF-8' encoding to copy filtered resources.
2022-10-17 10:05:49,553 [Worker-39: Building] INFO  o.e.m.c.i.embedder.EclipseLogger - Using 'UTF-8' encoding to copy filtered properties files.
2022-10-17 10:05:49,556 [Worker-39: Building] INFO  o.e.m.c.i.embedder.EclipseLogger - Copying 1 resource
2022-10-17 10:05:49,571 [Worker-39: Building] INFO  o.e.m.c.i.embedder.EclipseLogger - Copying 0 resource
2022-10-17 10:05:49,592 [Worker-39: Building] INFO  o.e.m.c.i.embedder.EclipseLogger - Using 'UTF-8' encoding to copy filtered resources.
2022-10-17 10:05:49,592 [Worker-39: Building] INFO  o.e.m.c.i.embedder.EclipseLogger - Using 'UTF-8' encoding to copy filtered properties files.
2022-10-17 10:05:49,593 [Worker-39: Building] INFO  o.e.m.c.i.embedder.EclipseLogger - skip non existing resourceDirectory E:\Archivos Andy\UNIVERSIDAD\6TO-SEMESTRE\PS3\PYMES\BACKEND\pr-pymes-api\microservicios-libro-diario\src\test\resources
2022-10-17 10:05:55,559 [Worker-42: Building] INFO  o.e.m.c.i.embedder.EclipseLogger - Using 'UTF-8' encoding to copy filtered resources.
2022-10-17 10:05:55,560 [Worker-42: Building] INFO  o.e.m.c.i.embedder.EclipseLogger - Using 'UTF-8' encoding to copy filtered properties files.
2022-10-17 10:05:55,562 [Worker-42: Building] INFO  o.e.m.c.i.embedder.EclipseLogger - Copying 1 resource
2022-10-17 10:05:55,578 [Worker-42: Building] INFO  o.e.m.c.i.embedder.EclipseLogger - Copying 0 resource
2022-10-17 10:05:55,594 [Worker-42: Building] INFO  o.e.m.c.i.embedder.EclipseLogger - Using 'UTF-8' encoding to copy filtered resources.
2022-10-17 10:05:55,595 [Worker-42: Building] INFO  o.e.m.c.i.embedder.EclipseLogger - Using 'UTF-8' encoding to copy filtered properties files.
2022-10-17 10:05:55,595 [Worker-42: Building] INFO  o.e.m.c.i.embedder.EclipseLogger - skip non existing resourceDirectory E:\Archivos Andy\UNIVERSIDAD\6TO-SEMESTRE\PS3\PYMES\BACKEND\pr-pymes-api\microservicios-libro-diario\src\test\resources
2022-10-17 10:06:56,820 [Worker-48: Building] INFO  o.e.m.c.i.embedder.EclipseLogger - Using 'UTF-8' encoding to copy filtered resources.
2022-10-17 10:06:56,822 [Worker-48: Building] INFO  o.e.m.c.i.embedder.EclipseLogger - Using 'UTF-8' encoding to copy filtered properties files.
2022-10-17 10:06:56,825 [Worker-48: Building] INFO  o.e.m.c.i.embedder.EclipseLogger - Copying 1 resource
2022-10-17 10:06:56,842 [Worker-48: Building] INFO  o.e.m.c.i.embedder.EclipseLogger - Copying 0 resource
2022-10-17 10:06:56,858 [Worker-48: Building] INFO  o.e.m.c.i.embedder.EclipseLogger - Using 'UTF-8' encoding to copy filtered resources.
2022-10-17 10:06:56,859 [Worker-48: Building] INFO  o.e.m.c.i.embedder.EclipseLogger - Using 'UTF-8' encoding to copy filtered properties files.
2022-10-17 10:06:56,860 [Worker-48: Building] INFO  o.e.m.c.i.embedder.EclipseLogger - skip non existing resourceDirectory E:\Archivos Andy\UNIVERSIDAD\6TO-SEMESTRE\PS3\PYMES\BACKEND\pr-pymes-api\microservicios-libro-diario\src\test\resources
2022-10-17 10:07:19,701 [Worker-39: Launching microservicios-eureka-server - MicroserviciosEurekaServerApplication] INFO  o.e.m.c.i.embedder.EclipseLogger - Using 'UTF-8' encoding to copy filtered resources.
2022-10-17 10:07:19,703 [Worker-39: Launching microservicios-eureka-server - MicroserviciosEurekaServerApplication] INFO  o.e.m.c.i.embedder.EclipseLogger - Using 'UTF-8' encoding to copy filtered properties files.
2022-10-17 10:07:19,708 [Worker-39: Launching microservicios-eureka-server - MicroserviciosEurekaServerApplication] INFO  o.e.m.c.i.embedder.EclipseLogger - Copying 1 resource
2022-10-17 10:07:19,731 [Worker-39: Launching microservicios-eureka-server - MicroserviciosEurekaServerApplication] INFO  o.e.m.c.i.embedder.EclipseLogger - Copying 0 resource
2022-10-17 10:07:19,747 [Worker-39: Launching microservicios-eureka-server - MicroserviciosEurekaServerApplication] INFO  o.e.m.c.i.embedder.EclipseLogger - Using 'UTF-8' encoding to copy filtered resources.
2022-10-17 10:07:19,747 [Worker-39: Launching microservicios-eureka-server - MicroserviciosEurekaServerApplication] INFO  o.e.m.c.i.embedder.EclipseLogger - Using 'UTF-8' encoding to copy filtered properties files.
2022-10-17 10:07:19,748 [Worker-39: Launching microservicios-eureka-server - MicroserviciosEurekaServerApplication] INFO  o.e.m.c.i.embedder.EclipseLogger - skip non existing resourceDirectory E:\Archivos Andy\UNIVERSIDAD\6TO-SEMESTRE\PS3\PYMES\BACKEND\pr-pymes-api\microservicios-eureka-server\src\test\resources
2022-10-17 10:08:58,556 [Worker-46: Building] INFO  o.e.m.c.i.embedder.EclipseLogger - Using 'UTF-8' encoding to copy filtered resources.
2022-10-17 10:08:58,558 [Worker-46: Building] INFO  o.e.m.c.i.embedder.EclipseLogger - Using 'UTF-8' encoding to copy filtered properties files.
2022-10-17 10:08:58,560 [Worker-46: Building] INFO  o.e.m.c.i.embedder.EclipseLogger - Copying 1 resource
2022-10-17 10:08:58,596 [Worker-46: Building] INFO  o.e.m.c.i.embedder.EclipseLogger - Copying 0 resource
2022-10-17 10:08:58,621 [Worker-46: Building] INFO  o.e.m.c.i.embedder.EclipseLogger - Using 'UTF-8' encoding to copy filtered resources.
2022-10-17 10:08:58,622 [Worker-46: Building] INFO  o.e.m.c.i.embedder.EclipseLogger - Using 'UTF-8' encoding to copy filtered properties files.
2022-10-17 10:08:58,623 [Worker-46: Building] INFO  o.e.m.c.i.embedder.EclipseLogger - skip non existing resourceDirectory E:\Archivos Andy\UNIVERSIDAD\6TO-SEMESTRE\PS3\PYMES\BACKEND\pr-pymes-api\microservicios-libro-diario\src\test\resources
2022-10-17 10:21:59,244 [Worker-56: Building] INFO  o.e.m.c.i.l.LifecycleMappingFactory - Using org.eclipse.m2e.jdt.JarLifecycleMapping lifecycle mapping for MavenProject: com.prpymes.microservicios.app.librodiario:microservicios-libro-diario:0.0.1-SNAPSHOT @ E:\Archivos Andy\UNIVERSIDAD\6TO-SEMESTRE\PS3\PYMES\BACKEND\pr-pymes-api\microservicios-libro-diario\pom.xml.
2022-10-17 10:22:02,730 [Worker-56: Building] INFO  o.e.m.c.i.embedder.EclipseLogger - Using 'UTF-8' encoding to copy filtered resources.
2022-10-17 10:22:02,732 [Worker-56: Building] INFO  o.e.m.c.i.embedder.EclipseLogger - Using 'UTF-8' encoding to copy filtered properties files.
2022-10-17 10:22:02,734 [Worker-56: Building] INFO  o.e.m.c.i.embedder.EclipseLogger - Copying 0 resource
2022-10-17 10:22:02,736 [Worker-56: Building] INFO  o.e.m.c.i.embedder.EclipseLogger - Copying 0 resource
2022-10-17 10:22:02,760 [Worker-56: Building] INFO  o.e.m.c.i.embedder.EclipseLogger - Using 'UTF-8' encoding to copy filtered resources.
2022-10-17 10:22:02,760 [Worker-56: Building] INFO  o.e.m.c.i.embedder.EclipseLogger - Using 'UTF-8' encoding to copy filtered properties files.
2022-10-17 10:22:02,761 [Worker-56: Building] INFO  o.e.m.c.i.embedder.EclipseLogger - skip non existing resourceDirectory E:\Archivos Andy\UNIVERSIDAD\6TO-SEMESTRE\PS3\PYMES\BACKEND\pr-pymes-api\microservicios-libro-diario\src\test\resources
2022-10-17 10:22:04,574 [Worker-58: Building] INFO  o.e.m.c.i.embedder.EclipseLogger - Using 'UTF-8' encoding to copy filtered resources.
2022-10-17 10:22:04,574 [Worker-58: Building] INFO  o.e.m.c.i.embedder.EclipseLogger - Using 'UTF-8' encoding to copy filtered properties files.
2022-10-17 10:22:04,580 [Worker-58: Building] INFO  o.e.m.c.i.embedder.EclipseLogger - Copying 1 resource
2022-10-17 10:22:04,592 [Worker-58: Building] INFO  o.e.m.c.i.embedder.EclipseLogger - Copying 0 resource
2022-10-17 10:22:04,605 [Worker-58: Building] INFO  o.e.m.c.i.embedder.EclipseLogger - Using 'UTF-8' encoding to copy filtered resources.
2022-10-17 10:22:04,605 [Worker-58: Building] INFO  o.e.m.c.i.embedder.EclipseLogger - Using 'UTF-8' encoding to copy filtered properties files.
2022-10-17 10:22:04,606 [Worker-58: Building] INFO  o.e.m.c.i.embedder.EclipseLogger - skip non existing resourceDirectory E:\Archivos Andy\UNIVERSIDAD\6TO-SEMESTRE\PS3\PYMES\BACKEND\pr-pymes-api\microservicios-libro-diario\src\test\resources
2022-10-17 10:22:30,011 [Worker-56: Launching microservicios-libro-diario - MicroserviciosLibroDiarioApplication] INFO  o.e.m.c.i.embedder.EclipseLogger - Using 'UTF-8' encoding to copy filtered resources.
2022-10-17 10:22:30,012 [Worker-56: Launching microservicios-libro-diario - MicroserviciosLibroDiarioApplication] INFO  o.e.m.c.i.embedder.EclipseLogger - Using 'UTF-8' encoding to copy filtered properties files.
2022-10-17 10:22:30,015 [Worker-56: Launching microservicios-libro-diario - MicroserviciosLibroDiarioApplication] INFO  o.e.m.c.i.embedder.EclipseLogger - Copying 1 resource
2022-10-17 10:22:30,073 [Worker-56: Launching microservicios-libro-diario - MicroserviciosLibroDiarioApplication] INFO  o.e.m.c.i.embedder.EclipseLogger - Copying 0 resource
2022-10-17 10:22:30,088 [Worker-56: Launching microservicios-libro-diario - MicroserviciosLibroDiarioApplication] INFO  o.e.m.c.i.embedder.EclipseLogger - Using 'UTF-8' encoding to copy filtered resources.
2022-10-17 10:22:30,089 [Worker-56: Launching microservicios-libro-diario - MicroserviciosLibroDiarioApplication] INFO  o.e.m.c.i.embedder.EclipseLogger - Using 'UTF-8' encoding to copy filtered properties files.
2022-10-17 10:22:30,090 [Worker-56: Launching microservicios-libro-diario - MicroserviciosLibroDiarioApplication] INFO  o.e.m.c.i.embedder.EclipseLogger - skip non existing resourceDirectory E:\Archivos Andy\UNIVERSIDAD\6TO-SEMESTRE\PS3\PYMES\BACKEND\pr-pymes-api\microservicios-libro-diario\src\test\resources
2022-10-17 10:27:08,553 [Worker-6: Loading available Gradle versions] INFO  o.e.b.c.i.u.g.PublishedGradleVersions - Gradle version information cache is up-to-date. Trying to read.
2022-10-17 10:29:57,049 [Worker-6: Import Getting Started Content] INFO  o.e.m.c.i.l.LifecycleMappingFactory - Using org.eclipse.m2e.jdt.JarLifecycleMapping lifecycle mapping for MavenProject: com.prpymes.microservicios.app.librodiario:microservicios-libro-diario:0.0.1-SNAPSHOT @ E:\Archivos Andy\UNIVERSIDAD\6TO-SEMESTRE\PS3\PYMES\BACKEND\pr-pymes-api\microservicios-libro-diario\pom.xml.
2022-10-17 10:30:05,710 [Worker-6: Import Getting Started Content] INFO  o.e.m.j.i.AbstractJavaProjectConfigurator - Adding source folder /microservicios-libro-diario/src/main/java
2022-10-17 10:30:05,712 [Worker-6: Import Getting Started Content] INFO  o.e.m.j.i.AbstractJavaProjectConfigurator - Adding resource folder /microservicios-libro-diario/src/main/resources
2022-10-17 10:30:05,766 [Worker-6: Import Getting Started Content] INFO  o.e.m.j.i.AbstractJavaProjectConfigurator - Adding resource folder /microservicios-libro-diario/src/main/resources
2022-10-17 10:30:05,810 [Worker-6: Import Getting Started Content] INFO  o.e.m.j.i.AbstractJavaProjectConfigurator - Adding source folder /microservicios-libro-diario/src/test/java
2022-10-17 10:30:06,942 [Worker-6: Import Getting Started Content] INFO  o.e.m.c.i.p.ProjectConfigurationManager - Imported and configured 1 project(s) in 16 sec
2022-10-17 10:30:06,952 [Worker-6: Import Getting Started Content] INFO  o.e.m.c.i.p.ProjectConfigurationManager - Update started
2022-10-17 10:30:07,856 [Worker-6: Import Getting Started Content] INFO  o.e.m.c.i.l.LifecycleMappingFactory - Using org.eclipse.m2e.jdt.JarLifecycleMapping lifecycle mapping for MavenProject: com.prpymes.microservicios.app.librodiario:microservicios-libro-diario:0.0.1-SNAPSHOT @ E:\Archivos Andy\UNIVERSIDAD\6TO-SEMESTRE\PS3\PYMES\BACKEND\pr-pymes-api\microservicios-libro-diario\pom.xml.
2022-10-17 10:30:09,147 [Worker-6: Import Getting Started Content] INFO  o.e.m.j.i.AbstractJavaProjectConfigurator - Adding source folder /microservicios-libro-diario/src/main/java
2022-10-17 10:30:09,148 [Worker-6: Import Getting Started Content] INFO  o.e.m.j.i.AbstractJavaProjectConfigurator - Adding resource folder /microservicios-libro-diario/src/main/resources
2022-10-17 10:30:09,149 [Worker-6: Import Getting Started Content] INFO  o.e.m.j.i.AbstractJavaProjectConfigurator - Adding resource folder /microservicios-libro-diario/src/main/resources
2022-10-17 10:30:09,152 [Worker-6: Import Getting Started Content] INFO  o.e.m.j.i.AbstractJavaProjectConfigurator - Adding source folder /microservicios-libro-diario/src/test/java
2022-10-17 10:30:10,207 [Worker-6: Import Getting Started Content] INFO  o.e.m.c.i.p.ProjectConfigurationManager - Update completed: 3 sec
2022-10-17 10:30:11,344 [Worker-1: Building] INFO  o.e.m.c.i.embedder.EclipseLogger - Using 'UTF-8' encoding to copy filtered resources.
2022-10-17 10:30:11,345 [Worker-1: Building] INFO  o.e.m.c.i.embedder.EclipseLogger - Using 'UTF-8' encoding to copy filtered properties files.
2022-10-17 10:30:11,356 [Worker-1: Building] INFO  o.e.m.c.i.embedder.EclipseLogger - Copying 1 resource
2022-10-17 10:30:11,401 [Worker-1: Building] INFO  o.e.m.c.i.embedder.EclipseLogger - Copying 0 resource
2022-10-17 10:30:11,411 [Worker-1: Building] INFO  o.e.m.c.i.embedder.EclipseLogger - Using 'UTF-8' encoding to copy filtered resources.
2022-10-17 10:30:11,412 [Worker-1: Building] INFO  o.e.m.c.i.embedder.EclipseLogger - Using 'UTF-8' encoding to copy filtered properties files.
2022-10-17 10:30:11,413 [Worker-1: Building] INFO  o.e.m.c.i.embedder.EclipseLogger - skip non existing resourceDirectory E:\Archivos Andy\UNIVERSIDAD\6TO-SEMESTRE\PS3\PYMES\BACKEND\pr-pymes-api\microservicios-libro-diario\src\test\resources
2022-10-17 10:32:59,154 [Worker-10: Building] INFO  o.e.m.c.i.embedder.EclipseLogger - Using 'UTF-8' encoding to copy filtered resources.
2022-10-17 10:32:59,156 [Worker-10: Building] INFO  o.e.m.c.i.embedder.EclipseLogger - Using 'UTF-8' encoding to copy filtered properties files.
2022-10-17 10:32:59,187 [Worker-10: Building] INFO  o.e.m.c.i.embedder.EclipseLogger - Copying 1 resource
2022-10-17 10:32:59,267 [Worker-10: Building] INFO  o.e.m.c.i.embedder.EclipseLogger - Copying 0 resource
2022-10-17 10:32:59,304 [Worker-10: Building] INFO  o.e.m.c.i.embedder.EclipseLogger - Using 'UTF-8' encoding to copy filtered resources.
2022-10-17 10:32:59,305 [Worker-10: Building] INFO  o.e.m.c.i.embedder.EclipseLogger - Using 'UTF-8' encoding to copy filtered properties files.
2022-10-17 10:32:59,306 [Worker-10: Building] INFO  o.e.m.c.i.embedder.EclipseLogger - skip non existing resourceDirectory E:\Archivos Andy\UNIVERSIDAD\6TO-SEMESTRE\PS3\PYMES\BACKEND\pr-pymes-api\microservicios-libro-diario\src\test\resources
2022-10-17 10:34:23,282 [Worker-12: Building] INFO  o.e.m.c.i.embedder.EclipseLogger - Using 'UTF-8' encoding to copy filtered resources.
2022-10-17 10:34:23,283 [Worker-12: Building] INFO  o.e.m.c.i.embedder.EclipseLogger - Using 'UTF-8' encoding to copy filtered properties files.
2022-10-17 10:34:23,295 [Worker-12: Building] INFO  o.e.m.c.i.embedder.EclipseLogger - Copying 1 resource
2022-10-17 10:34:23,337 [Worker-12: Building] INFO  o.e.m.c.i.embedder.EclipseLogger - Copying 0 resource
2022-10-17 10:34:23,363 [Worker-12: Building] INFO  o.e.m.c.i.embedder.EclipseLogger - Using 'UTF-8' encoding to copy filtered resources.
2022-10-17 10:34:23,364 [Worker-12: Building] INFO  o.e.m.c.i.embedder.EclipseLogger - Using 'UTF-8' encoding to copy filtered properties files.
2022-10-17 10:34:23,365 [Worker-12: Building] INFO  o.e.m.c.i.embedder.EclipseLogger - skip non existing resourceDirectory E:\Archivos Andy\UNIVERSIDAD\6TO-SEMESTRE\PS3\PYMES\BACKEND\pr-pymes-api\microservicios-libro-diario\src\test\resources
2022-10-17 10:37:20,972 [Worker-16: Building] INFO  o.e.m.c.i.embedder.EclipseLogger - Using 'UTF-8' encoding to copy filtered resources.
2022-10-17 10:37:20,973 [Worker-16: Building] INFO  o.e.m.c.i.embedder.EclipseLogger - Using 'UTF-8' encoding to copy filtered properties files.
2022-10-17 10:37:21,020 [Worker-16: Building] INFO  o.e.m.c.i.embedder.EclipseLogger - Copying 1 resource
2022-10-17 10:37:21,060 [Worker-16: Building] INFO  o.e.m.c.i.embedder.EclipseLogger - Copying 0 resource
2022-10-17 10:37:21,084 [Worker-16: Building] INFO  o.e.m.c.i.embedder.EclipseLogger - Using 'UTF-8' encoding to copy filtered resources.
2022-10-17 10:37:21,085 [Worker-16: Building] INFO  o.e.m.c.i.embedder.EclipseLogger - Using 'UTF-8' encoding to copy filtered properties files.
2022-10-17 10:37:21,086 [Worker-16: Building] INFO  o.e.m.c.i.embedder.EclipseLogger - skip non existing resourceDirectory E:\Archivos Andy\UNIVERSIDAD\6TO-SEMESTRE\PS3\PYMES\BACKEND\pr-pymes-api\microservicios-libro-diario\src\test\resources
2022-10-17 10:37:33,684 [Worker-15: Building] INFO  o.e.m.c.i.embedder.EclipseLogger - Using 'UTF-8' encoding to copy filtered resources.
2022-10-17 10:37:33,685 [Worker-15: Building] INFO  o.e.m.c.i.embedder.EclipseLogger - Using 'UTF-8' encoding to copy filtered properties files.
2022-10-17 10:37:33,688 [Worker-15: Building] INFO  o.e.m.c.i.embedder.EclipseLogger - Copying 1 resource
2022-10-17 10:37:33,709 [Worker-15: Building] INFO  o.e.m.c.i.embedder.EclipseLogger - Copying 0 resource
2022-10-17 10:37:33,725 [Worker-15: Building] INFO  o.e.m.c.i.embedder.EclipseLogger - Using 'UTF-8' encoding to copy filtered resources.
2022-10-17 10:37:33,725 [Worker-15: Building] INFO  o.e.m.c.i.embedder.EclipseLogger - Using 'UTF-8' encoding to copy filtered properties files.
2022-10-17 10:37:33,726 [Worker-15: Building] INFO  o.e.m.c.i.embedder.EclipseLogger - skip non existing resourceDirectory E:\Archivos Andy\UNIVERSIDAD\6TO-SEMESTRE\PS3\PYMES\BACKEND\pr-pymes-api\microservicios-libro-diario\src\test\resources
2022-10-17 10:38:20,617 [Worker-16: Building] INFO  o.e.m.c.i.embedder.EclipseLogger - Using 'UTF-8' encoding to copy filtered resources.
2022-10-17 10:38:20,618 [Worker-16: Building] INFO  o.e.m.c.i.embedder.EclipseLogger - Using 'UTF-8' encoding to copy filtered properties files.
2022-10-17 10:38:20,620 [Worker-16: Building] INFO  o.e.m.c.i.embedder.EclipseLogger - Copying 1 resource
2022-10-17 10:38:20,639 [Worker-16: Building] INFO  o.e.m.c.i.embedder.EclipseLogger - Copying 0 resource
2022-10-17 10:38:20,658 [Worker-16: Building] INFO  o.e.m.c.i.embedder.EclipseLogger - Using 'UTF-8' encoding to copy filtered resources.
2022-10-17 10:38:20,658 [Worker-16: Building] INFO  o.e.m.c.i.embedder.EclipseLogger - Using 'UTF-8' encoding to copy filtered properties files.
2022-10-17 10:38:20,659 [Worker-16: Building] INFO  o.e.m.c.i.embedder.EclipseLogger - skip non existing resourceDirectory E:\Archivos Andy\UNIVERSIDAD\6TO-SEMESTRE\PS3\PYMES\BACKEND\pr-pymes-api\microservicios-libro-diario\src\test\resources
2022-10-17 10:39:25,166 [Worker-10: Building] INFO  o.e.m.c.i.embedder.EclipseLogger - Using 'UTF-8' encoding to copy filtered resources.
2022-10-17 10:39:25,167 [Worker-10: Building] INFO  o.e.m.c.i.embedder.EclipseLogger - Using 'UTF-8' encoding to copy filtered properties files.
2022-10-17 10:39:25,170 [Worker-10: Building] INFO  o.e.m.c.i.embedder.EclipseLogger - Copying 1 resource
2022-10-17 10:39:25,195 [Worker-10: Building] INFO  o.e.m.c.i.embedder.EclipseLogger - Copying 0 resource
2022-10-17 10:39:25,212 [Worker-10: Building] INFO  o.e.m.c.i.embedder.EclipseLogger - Using 'UTF-8' encoding to copy filtered resources.
2022-10-17 10:39:25,212 [Worker-10: Building] INFO  o.e.m.c.i.embedder.EclipseLogger - Using 'UTF-8' encoding to copy filtered properties files.
2022-10-17 10:39:25,213 [Worker-10: Building] INFO  o.e.m.c.i.embedder.EclipseLogger - skip non existing resourceDirectory E:\Archivos Andy\UNIVERSIDAD\6TO-SEMESTRE\PS3\PYMES\BACKEND\pr-pymes-api\microservicios-libro-diario\src\test\resources
2022-10-17 10:40:27,145 [Worker-10: Launching microservicios-libro-diario - MicroserviciosLibroDiarioApplication] INFO  o.e.m.c.i.embedder.EclipseLogger - Using 'UTF-8' encoding to copy filtered resources.
2022-10-17 10:40:27,146 [Worker-10: Launching microservicios-libro-diario - MicroserviciosLibroDiarioApplication] INFO  o.e.m.c.i.embedder.EclipseLogger - Using 'UTF-8' encoding to copy filtered properties files.
2022-10-17 10:40:27,155 [Worker-10: Launching microservicios-libro-diario - MicroserviciosLibroDiarioApplication] INFO  o.e.m.c.i.embedder.EclipseLogger - Copying 1 resource
2022-10-17 10:40:27,183 [Worker-10: Launching microservicios-libro-diario - MicroserviciosLibroDiarioApplication] INFO  o.e.m.c.i.embedder.EclipseLogger - Copying 0 resource
2022-10-17 10:40:27,211 [Worker-10: Launching microservicios-libro-diario - MicroserviciosLibroDiarioApplication] INFO  o.e.m.c.i.embedder.EclipseLogger - Using 'UTF-8' encoding to copy filtered resources.
2022-10-17 10:40:27,212 [Worker-10: Launching microservicios-libro-diario - MicroserviciosLibroDiarioApplication] INFO  o.e.m.c.i.embedder.EclipseLogger - Using 'UTF-8' encoding to copy filtered properties files.
2022-10-17 10:40:27,213 [Worker-10: Launching microservicios-libro-diario - MicroserviciosLibroDiarioApplication] INFO  o.e.m.c.i.embedder.EclipseLogger - skip non existing resourceDirectory E:\Archivos Andy\UNIVERSIDAD\6TO-SEMESTRE\PS3\PYMES\BACKEND\pr-pymes-api\microservicios-libro-diario\src\test\resources
2022-10-17 10:40:58,263 [Worker-18: Building] INFO  o.e.m.c.i.embedder.EclipseLogger - Using 'UTF-8' encoding to copy filtered resources.
2022-10-17 10:40:58,265 [Worker-18: Building] INFO  o.e.m.c.i.embedder.EclipseLogger - Using 'UTF-8' encoding to copy filtered properties files.
2022-10-17 10:40:58,272 [Worker-18: Building] INFO  o.e.m.c.i.embedder.EclipseLogger - Copying 1 resource
2022-10-17 10:40:58,296 [Worker-18: Building] INFO  o.e.m.c.i.embedder.EclipseLogger - Copying 0 resource
2022-10-17 10:40:58,317 [Worker-18: Building] INFO  o.e.m.c.i.embedder.EclipseLogger - Using 'UTF-8' encoding to copy filtered resources.
2022-10-17 10:40:58,318 [Worker-18: Building] INFO  o.e.m.c.i.embedder.EclipseLogger - Using 'UTF-8' encoding to copy filtered properties files.
2022-10-17 10:40:58,319 [Worker-18: Building] INFO  o.e.m.c.i.embedder.EclipseLogger - skip non existing resourceDirectory E:\Archivos Andy\UNIVERSIDAD\6TO-SEMESTRE\PS3\PYMES\BACKEND\pr-pymes-api\microservicios-libro-diario\src\test\resources
2022-10-17 10:41:06,390 [Worker-19: Building] INFO  o.e.m.c.i.embedder.EclipseLogger - Using 'UTF-8' encoding to copy filtered resources.
2022-10-17 10:41:06,391 [Worker-19: Building] INFO  o.e.m.c.i.embedder.EclipseLogger - Using 'UTF-8' encoding to copy filtered properties files.
2022-10-17 10:41:06,402 [Worker-19: Building] INFO  o.e.m.c.i.embedder.EclipseLogger - Copying 1 resource
2022-10-17 10:41:06,425 [Worker-19: Building] INFO  o.e.m.c.i.embedder.EclipseLogger - Copying 0 resource
2022-10-17 10:41:06,445 [Worker-19: Building] INFO  o.e.m.c.i.embedder.EclipseLogger - Using 'UTF-8' encoding to copy filtered resources.
2022-10-17 10:41:06,446 [Worker-19: Building] INFO  o.e.m.c.i.embedder.EclipseLogger - Using 'UTF-8' encoding to copy filtered properties files.
2022-10-17 10:41:06,447 [Worker-19: Building] INFO  o.e.m.c.i.embedder.EclipseLogger - skip non existing resourceDirectory E:\Archivos Andy\UNIVERSIDAD\6TO-SEMESTRE\PS3\PYMES\BACKEND\pr-pymes-api\microservicios-libro-diario\src\test\resources
2022-10-17 10:43:33,450 [Worker-12: Import Getting Started Content] INFO  o.e.m.c.i.l.LifecycleMappingFactory - Using org.eclipse.m2e.jdt.JarLifecycleMapping lifecycle mapping for MavenProject: com.prpymes.microservicios.app.zuul:microservicios-zuul:0.0.1-SNAPSHOT @ E:\Archivos Andy\UNIVERSIDAD\6TO-SEMESTRE\PS3\PYMES\BACKEND\pr-pymes-api\microservicios-zuul\pom.xml.
2022-10-17 10:43:37,377 [Worker-12: Import Getting Started Content] INFO  o.e.m.j.i.AbstractJavaProjectConfigurator - Adding source folder /microservicios-zuul/src/main/java
2022-10-17 10:43:37,379 [Worker-12: Import Getting Started Content] INFO  o.e.m.j.i.AbstractJavaProjectConfigurator - Adding resource folder /microservicios-zuul/src/main/resources
2022-10-17 10:43:37,394 [Worker-12: Import Getting Started Content] INFO  o.e.m.j.i.AbstractJavaProjectConfigurator - Adding resource folder /microservicios-zuul/src/main/resources
2022-10-17 10:43:37,419 [Worker-12: Import Getting Started Content] INFO  o.e.m.j.i.AbstractJavaProjectConfigurator - Adding source folder /microservicios-zuul/src/test/java
2022-10-17 10:43:40,457 [Worker-12: Import Getting Started Content] INFO  o.e.m.c.i.p.ProjectConfigurationManager - Imported and configured 1 project(s) in 8 sec
2022-10-17 10:43:40,475 [Worker-12: Import Getting Started Content] INFO  o.e.m.c.i.p.ProjectConfigurationManager - Update started
2022-10-17 10:43:41,723 [Worker-12: Import Getting Started Content] INFO  o.e.m.c.i.l.LifecycleMappingFactory - Using org.eclipse.m2e.jdt.JarLifecycleMapping lifecycle mapping for MavenProject: com.prpymes.microservicios.app.zuul:microservicios-zuul:0.0.1-SNAPSHOT @ E:\Archivos Andy\UNIVERSIDAD\6TO-SEMESTRE\PS3\PYMES\BACKEND\pr-pymes-api\microservicios-zuul\pom.xml.
2022-10-17 10:43:43,514 [Worker-12: Import Getting Started Content] INFO  o.e.m.j.i.AbstractJavaProjectConfigurator - Adding source folder /microservicios-zuul/src/main/java
2022-10-17 10:43:43,515 [Worker-12: Import Getting Started Content] INFO  o.e.m.j.i.AbstractJavaProjectConfigurator - Adding resource folder /microservicios-zuul/src/main/resources
2022-10-17 10:43:43,517 [Worker-12: Import Getting Started Content] INFO  o.e.m.j.i.AbstractJavaProjectConfigurator - Adding resource folder /microservicios-zuul/src/main/resources
2022-10-17 10:43:43,518 [Worker-12: Import Getting Started Content] INFO  o.e.m.j.i.AbstractJavaProjectConfigurator - Adding source folder /microservicios-zuul/src/test/java
2022-10-17 10:43:45,143 [Worker-12: Import Getting Started Content] INFO  o.e.m.c.i.p.ProjectConfigurationManager - Update completed: 4 sec
2022-10-17 10:43:45,729 [Worker-12: Building] INFO  o.e.m.c.i.embedder.EclipseLogger - Using 'UTF-8' encoding to copy filtered resources.
2022-10-17 10:43:45,731 [Worker-12: Building] INFO  o.e.m.c.i.embedder.EclipseLogger - Using 'UTF-8' encoding to copy filtered properties files.
2022-10-17 10:43:45,734 [Worker-12: Building] INFO  o.e.m.c.i.embedder.EclipseLogger - Copying 1 resource
2022-10-17 10:43:45,744 [Worker-12: Building] INFO  o.e.m.c.i.embedder.EclipseLogger - Copying 0 resource
2022-10-17 10:43:45,763 [Worker-12: Building] INFO  o.e.m.c.i.embedder.EclipseLogger - Using 'UTF-8' encoding to copy filtered resources.
2022-10-17 10:43:45,764 [Worker-12: Building] INFO  o.e.m.c.i.embedder.EclipseLogger - Using 'UTF-8' encoding to copy filtered properties files.
2022-10-17 10:43:45,765 [Worker-12: Building] INFO  o.e.m.c.i.embedder.EclipseLogger - skip non existing resourceDirectory E:\Archivos Andy\UNIVERSIDAD\6TO-SEMESTRE\PS3\PYMES\BACKEND\pr-pymes-api\microservicios-zuul\src\test\resources
2022-10-17 10:44:23,451 [Worker-17: Building] INFO  o.e.m.c.i.embedder.EclipseLogger - Using 'UTF-8' encoding to copy filtered resources.
2022-10-17 10:44:23,452 [Worker-17: Building] INFO  o.e.m.c.i.embedder.EclipseLogger - Using 'UTF-8' encoding to copy filtered properties files.
2022-10-17 10:44:23,455 [Worker-17: Building] INFO  o.e.m.c.i.embedder.EclipseLogger - Copying 0 resource
2022-10-17 10:44:23,457 [Worker-17: Building] INFO  o.e.m.c.i.embedder.EclipseLogger - Copying 0 resource
2022-10-17 10:44:23,476 [Worker-17: Building] INFO  o.e.m.c.i.embedder.EclipseLogger - Using 'UTF-8' encoding to copy filtered resources.
2022-10-17 10:44:23,477 [Worker-17: Building] INFO  o.e.m.c.i.embedder.EclipseLogger - Using 'UTF-8' encoding to copy filtered properties files.
2022-10-17 10:44:23,478 [Worker-17: Building] INFO  o.e.m.c.i.embedder.EclipseLogger - skip non existing resourceDirectory E:\Archivos Andy\UNIVERSIDAD\6TO-SEMESTRE\PS3\PYMES\BACKEND\pr-pymes-api\microservicios-libro-diario\src\test\resources
2022-10-17 10:44:48,538 [Worker-18: Building] INFO  o.e.m.c.i.embedder.EclipseLogger - Using 'UTF-8' encoding to copy filtered resources.
2022-10-17 10:44:48,539 [Worker-18: Building] INFO  o.e.m.c.i.embedder.EclipseLogger - Using 'UTF-8' encoding to copy filtered properties files.
2022-10-17 10:44:48,540 [Worker-18: Building] INFO  o.e.m.c.i.embedder.EclipseLogger - Copying 0 resource
2022-10-17 10:44:48,542 [Worker-18: Building] INFO  o.e.m.c.i.embedder.EclipseLogger - Copying 0 resource
2022-10-17 10:44:48,558 [Worker-18: Building] INFO  o.e.m.c.i.embedder.EclipseLogger - Using 'UTF-8' encoding to copy filtered resources.
2022-10-17 10:44:48,559 [Worker-18: Building] INFO  o.e.m.c.i.embedder.EclipseLogger - Using 'UTF-8' encoding to copy filtered properties files.
2022-10-17 10:44:48,559 [Worker-18: Building] INFO  o.e.m.c.i.embedder.EclipseLogger - skip non existing resourceDirectory E:\Archivos Andy\UNIVERSIDAD\6TO-SEMESTRE\PS3\PYMES\BACKEND\pr-pymes-api\microservicios-zuul\src\test\resources
2022-10-17 10:47:00,265 [Worker-12: Building] INFO  o.e.m.c.i.l.LifecycleMappingFactory - Using org.eclipse.m2e.jdt.JarLifecycleMapping lifecycle mapping for MavenProject: com.formacionbdi.microservicios.app.zuul:microservicios-zuul:0.0.1-SNAPSHOT @ E:\Archivos Andy\UNIVERSIDAD\6TO-SEMESTRE\PS3\PYMES\BACKEND\pr-pymes-api\microservicios-zuul\pom.xml.
2022-10-17 10:47:13,719 [Worker-12: Building] INFO  o.e.m.c.i.embedder.EclipseLogger - Using 'UTF-8' encoding to copy filtered resources.
2022-10-17 10:47:13,736 [Worker-12: Building] INFO  o.e.m.c.i.embedder.EclipseLogger - Copying 0 resource
2022-10-17 10:47:13,737 [Worker-12: Building] INFO  o.e.m.c.i.embedder.EclipseLogger - Copying 0 resource
2022-10-17 10:47:13,763 [Worker-12: Building] INFO  o.e.m.c.i.embedder.EclipseLogger - Using 'UTF-8' encoding to copy filtered resources.
2022-10-17 10:47:13,764 [Worker-12: Building] INFO  o.e.m.c.i.embedder.EclipseLogger - skip non existing resourceDirectory E:\Archivos Andy\UNIVERSIDAD\6TO-SEMESTRE\PS3\PYMES\BACKEND\pr-pymes-api\microservicios-zuul\src\test\resources
2022-10-17 10:47:18,347 [Worker-12: Building] INFO  o.e.m.c.i.embedder.EclipseLogger - Using 'UTF-8' encoding to copy filtered resources.
2022-10-17 10:47:18,354 [Worker-12: Building] INFO  o.e.m.c.i.embedder.EclipseLogger - Copying 1 resource
2022-10-17 10:47:18,395 [Worker-12: Building] INFO  o.e.m.c.i.embedder.EclipseLogger - Copying 0 resource
2022-10-17 10:47:18,410 [Worker-12: Building] INFO  o.e.m.c.i.embedder.EclipseLogger - Using 'UTF-8' encoding to copy filtered resources.
2022-10-17 10:47:18,412 [Worker-12: Building] INFO  o.e.m.c.i.embedder.EclipseLogger - skip non existing resourceDirectory E:\Archivos Andy\UNIVERSIDAD\6TO-SEMESTRE\PS3\PYMES\BACKEND\pr-pymes-api\microservicios-zuul\src\test\resources
2022-10-17 10:49:17,358 [Worker-21: Building] INFO  o.e.m.c.i.embedder.EclipseLogger - Using 'UTF-8' encoding to copy filtered resources.
2022-10-17 10:49:17,367 [Worker-21: Building] INFO  o.e.m.c.i.embedder.EclipseLogger - Copying 1 resource
2022-10-17 10:49:17,379 [Worker-21: Building] INFO  o.e.m.c.i.embedder.EclipseLogger - Copying 0 resource
2022-10-17 10:49:17,404 [Worker-21: Building] INFO  o.e.m.c.i.embedder.EclipseLogger - Using 'UTF-8' encoding to copy filtered resources.
2022-10-17 10:49:17,405 [Worker-21: Building] INFO  o.e.m.c.i.embedder.EclipseLogger - skip non existing resourceDirectory E:\Archivos Andy\UNIVERSIDAD\6TO-SEMESTRE\PS3\PYMES\BACKEND\pr-pymes-api\microservicios-zuul\src\test\resources
2022-10-17 10:49:19,683 [Worker-10: Building] INFO  o.e.m.c.i.embedder.EclipseLogger - Using 'UTF-8' encoding to copy filtered resources.
2022-10-17 10:49:19,690 [Worker-10: Building] INFO  o.e.m.c.i.embedder.EclipseLogger - Copying 1 resource
2022-10-17 10:49:19,700 [Worker-10: Building] INFO  o.e.m.c.i.embedder.EclipseLogger - Copying 0 resource
2022-10-17 10:49:19,724 [Worker-10: Building] INFO  o.e.m.c.i.embedder.EclipseLogger - Using 'UTF-8' encoding to copy filtered resources.
2022-10-17 10:49:19,726 [Worker-10: Building] INFO  o.e.m.c.i.embedder.EclipseLogger - skip non existing resourceDirectory E:\Archivos Andy\UNIVERSIDAD\6TO-SEMESTRE\PS3\PYMES\BACKEND\pr-pymes-api\microservicios-zuul\src\test\resources
2022-10-17 10:49:27,801 [Worker-20: Building] INFO  o.e.m.c.i.embedder.EclipseLogger - Using 'UTF-8' encoding to copy filtered resources.
2022-10-17 10:49:27,811 [Worker-20: Building] INFO  o.e.m.c.i.embedder.EclipseLogger - Copying 1 resource
2022-10-17 10:49:27,827 [Worker-20: Building] INFO  o.e.m.c.i.embedder.EclipseLogger - Copying 0 resource
2022-10-17 10:49:27,851 [Worker-20: Building] INFO  o.e.m.c.i.embedder.EclipseLogger - Using 'UTF-8' encoding to copy filtered resources.
2022-10-17 10:49:27,852 [Worker-20: Building] INFO  o.e.m.c.i.embedder.EclipseLogger - skip non existing resourceDirectory E:\Archivos Andy\UNIVERSIDAD\6TO-SEMESTRE\PS3\PYMES\BACKEND\pr-pymes-api\microservicios-zuul\src\test\resources
2022-10-17 10:49:34,238 [Worker-18: Building] INFO  o.e.m.c.i.embedder.EclipseLogger - Using 'UTF-8' encoding to copy filtered resources.
2022-10-17 10:49:34,246 [Worker-18: Building] INFO  o.e.m.c.i.embedder.EclipseLogger - Copying 1 resource
2022-10-17 10:49:34,255 [Worker-18: Building] INFO  o.e.m.c.i.embedder.EclipseLogger - Copying 0 resource
2022-10-17 10:49:34,271 [Worker-18: Building] INFO  o.e.m.c.i.embedder.EclipseLogger - Using 'UTF-8' encoding to copy filtered resources.
2022-10-17 10:49:34,272 [Worker-18: Building] INFO  o.e.m.c.i.embedder.EclipseLogger - skip non existing resourceDirectory E:\Archivos Andy\UNIVERSIDAD\6TO-SEMESTRE\PS3\PYMES\BACKEND\pr-pymes-api\microservicios-zuul\src\test\resources
2022-10-17 10:50:01,901 [Worker-22: Building] INFO  o.e.m.c.i.embedder.EclipseLogger - Using 'UTF-8' encoding to copy filtered resources.
2022-10-17 10:50:01,904 [Worker-22: Building] INFO  o.e.m.c.i.embedder.EclipseLogger - Copying 1 resource
2022-10-17 10:50:01,909 [Worker-22: Building] INFO  o.e.m.c.i.embedder.EclipseLogger - Copying 0 resource
2022-10-17 10:50:01,926 [Worker-22: Building] INFO  o.e.m.c.i.embedder.EclipseLogger - Using 'UTF-8' encoding to copy filtered resources.
2022-10-17 10:50:01,927 [Worker-22: Building] INFO  o.e.m.c.i.embedder.EclipseLogger - skip non existing resourceDirectory E:\Archivos Andy\UNIVERSIDAD\6TO-SEMESTRE\PS3\PYMES\BACKEND\pr-pymes-api\microservicios-zuul\src\test\resources
2022-10-17 10:52:37,510 [Worker-21: Building] INFO  o.e.m.c.i.embedder.EclipseLogger - Using 'UTF-8' encoding to copy filtered resources.
2022-10-17 10:52:37,512 [Worker-21: Building] INFO  o.e.m.c.i.embedder.EclipseLogger - Copying 1 resource
2022-10-17 10:52:37,520 [Worker-21: Building] INFO  o.e.m.c.i.embedder.EclipseLogger - Copying 0 resource
2022-10-17 10:52:37,543 [Worker-21: Building] INFO  o.e.m.c.i.embedder.EclipseLogger - Using 'UTF-8' encoding to copy filtered resources.
2022-10-17 10:52:37,545 [Worker-21: Building] INFO  o.e.m.c.i.embedder.EclipseLogger - skip non existing resourceDirectory E:\Archivos Andy\UNIVERSIDAD\6TO-SEMESTRE\PS3\PYMES\BACKEND\pr-pymes-api\microservicios-zuul\src\test\resources
2022-10-17 10:53:16,355 [Worker-20: Building] INFO  o.e.m.c.i.embedder.EclipseLogger - Using 'UTF-8' encoding to copy filtered resources.
2022-10-17 10:53:16,358 [Worker-20: Building] INFO  o.e.m.c.i.embedder.EclipseLogger - Copying 1 resource
2022-10-17 10:53:16,365 [Worker-20: Building] INFO  o.e.m.c.i.embedder.EclipseLogger - Copying 0 resource
2022-10-17 10:53:16,387 [Worker-20: Building] INFO  o.e.m.c.i.embedder.EclipseLogger - Using 'UTF-8' encoding to copy filtered resources.
2022-10-17 10:53:16,388 [Worker-20: Building] INFO  o.e.m.c.i.embedder.EclipseLogger - skip non existing resourceDirectory E:\Archivos Andy\UNIVERSIDAD\6TO-SEMESTRE\PS3\PYMES\BACKEND\pr-pymes-api\microservicios-zuul\src\test\resources
2022-10-17 11:01:01,387 [Worker-7: Loading available Gradle versions] INFO  o.e.b.c.i.u.g.PublishedGradleVersions - Gradle version information cache is up-to-date. Trying to read.
2022-10-17 11:02:30,729 [Worker-10: Import Getting Started Content] INFO  o.e.m.c.i.l.LifecycleMappingFactory - Using org.eclipse.m2e.jdt.JarLifecycleMapping lifecycle mapping for MavenProject: com.prpymes.microservicios.app.zuul:microservicios-zuul:0.0.1-SNAPSHOT @ E:\Archivos Andy\UNIVERSIDAD\6TO-SEMESTRE\PS3\PYMES\BACKEND\pr-pymes-api\microservicios-zuul\pom.xml.
2022-10-17 11:02:35,411 [Worker-10: Import Getting Started Content] INFO  o.e.m.j.i.AbstractJavaProjectConfigurator - Adding source folder /microservicios-zuul/src/main/java
2022-10-17 11:02:35,414 [Worker-10: Import Getting Started Content] INFO  o.e.m.j.i.AbstractJavaProjectConfigurator - Adding resource folder /microservicios-zuul/src/main/resources
2022-10-17 11:02:35,447 [Worker-10: Import Getting Started Content] INFO  o.e.m.j.i.AbstractJavaProjectConfigurator - Adding resource folder /microservicios-zuul/src/main/resources
2022-10-17 11:02:35,464 [Worker-10: Import Getting Started Content] INFO  o.e.m.j.i.AbstractJavaProjectConfigurator - Adding source folder /microservicios-zuul/src/test/java
2022-10-17 11:02:37,187 [Worker-10: Import Getting Started Content] INFO  o.e.m.c.i.p.ProjectConfigurationManager - Imported and configured 1 project(s) in 9 sec
2022-10-17 11:02:37,200 [Worker-10: Import Getting Started Content] INFO  o.e.m.c.i.p.ProjectConfigurationManager - Update started
2022-10-17 11:02:38,054 [Worker-10: Import Getting Started Content] INFO  o.e.m.c.i.l.LifecycleMappingFactory - Using org.eclipse.m2e.jdt.JarLifecycleMapping lifecycle mapping for MavenProject: com.prpymes.microservicios.app.zuul:microservicios-zuul:0.0.1-SNAPSHOT @ E:\Archivos Andy\UNIVERSIDAD\6TO-SEMESTRE\PS3\PYMES\BACKEND\pr-pymes-api\microservicios-zuul\pom.xml.
2022-10-17 11:02:40,240 [Worker-10: Import Getting Started Content] INFO  o.e.m.j.i.AbstractJavaProjectConfigurator - Adding source folder /microservicios-zuul/src/main/java
2022-10-17 11:02:40,242 [Worker-10: Import Getting Started Content] INFO  o.e.m.j.i.AbstractJavaProjectConfigurator - Adding resource folder /microservicios-zuul/src/main/resources
2022-10-17 11:02:40,245 [Worker-10: Import Getting Started Content] INFO  o.e.m.j.i.AbstractJavaProjectConfigurator - Adding resource folder /microservicios-zuul/src/main/resources
2022-10-17 11:02:40,247 [Worker-10: Import Getting Started Content] INFO  o.e.m.j.i.AbstractJavaProjectConfigurator - Adding source folder /microservicios-zuul/src/test/java
2022-10-17 11:02:42,184 [Worker-10: Import Getting Started Content] INFO  o.e.m.c.i.p.ProjectConfigurationManager - Update completed: 4 sec
2022-10-17 11:02:44,084 [Worker-3: Building] INFO  o.e.m.c.i.embedder.EclipseLogger - Using 'UTF-8' encoding to copy filtered resources.
2022-10-17 11:02:44,086 [Worker-3: Building] INFO  o.e.m.c.i.embedder.EclipseLogger - Using 'UTF-8' encoding to copy filtered properties files.
2022-10-17 11:02:44,108 [Worker-3: Building] INFO  o.e.m.c.i.embedder.EclipseLogger - Copying 1 resource
2022-10-17 11:02:44,224 [Worker-3: Building] INFO  o.e.m.c.i.embedder.EclipseLogger - Copying 0 resource
2022-10-17 11:02:44,248 [Worker-3: Building] INFO  o.e.m.c.i.embedder.EclipseLogger - Using 'UTF-8' encoding to copy filtered resources.
2022-10-17 11:02:44,249 [Worker-3: Building] INFO  o.e.m.c.i.embedder.EclipseLogger - Using 'UTF-8' encoding to copy filtered properties files.
2022-10-17 11:02:44,251 [Worker-3: Building] INFO  o.e.m.c.i.embedder.EclipseLogger - skip non existing resourceDirectory E:\Archivos Andy\UNIVERSIDAD\6TO-SEMESTRE\PS3\PYMES\BACKEND\pr-pymes-api\microservicios-zuul\src\test\resources
2022-10-17 11:03:29,892 [Worker-10: Building] INFO  o.e.m.c.i.l.LifecycleMappingFactory - Using org.eclipse.m2e.jdt.JarLifecycleMapping lifecycle mapping for MavenProject: com.prpymes.microservicios.app.zuul:microservicios-zuul:0.0.1-SNAPSHOT @ E:\Archivos Andy\UNIVERSIDAD\6TO-SEMESTRE\PS3\PYMES\BACKEND\pr-pymes-api\microservicios-zuul\pom.xml.
2022-10-17 11:03:32,652 [Worker-10: Building] INFO  o.e.m.c.i.embedder.EclipseLogger - Using 'UTF-8' encoding to copy filtered resources.
2022-10-17 11:03:32,654 [Worker-10: Building] INFO  o.e.m.c.i.embedder.EclipseLogger - Using 'UTF-8' encoding to copy filtered properties files.
2022-10-17 11:03:32,702 [Worker-10: Building] INFO  o.e.m.c.i.embedder.EclipseLogger - Copying 0 resource
2022-10-17 11:03:32,704 [Worker-10: Building] INFO  o.e.m.c.i.embedder.EclipseLogger - Copying 0 resource
2022-10-17 11:03:32,734 [Worker-10: Building] INFO  o.e.m.c.i.embedder.EclipseLogger - Using 'UTF-8' encoding to copy filtered resources.
2022-10-17 11:03:32,734 [Worker-10: Building] INFO  o.e.m.c.i.embedder.EclipseLogger - Using 'UTF-8' encoding to copy filtered properties files.
2022-10-17 11:03:32,735 [Worker-10: Building] INFO  o.e.m.c.i.embedder.EclipseLogger - skip non existing resourceDirectory E:\Archivos Andy\UNIVERSIDAD\6TO-SEMESTRE\PS3\PYMES\BACKEND\pr-pymes-api\microservicios-zuul\src\test\resources
2022-10-17 11:03:36,684 [Worker-10: Building] INFO  o.e.m.c.i.embedder.EclipseLogger - Using 'UTF-8' encoding to copy filtered resources.
2022-10-17 11:03:36,686 [Worker-10: Building] INFO  o.e.m.c.i.embedder.EclipseLogger - Using 'UTF-8' encoding to copy filtered properties files.
2022-10-17 11:03:36,700 [Worker-10: Building] INFO  o.e.m.c.i.embedder.EclipseLogger - Copying 1 resource
2022-10-17 11:03:36,768 [Worker-10: Building] INFO  o.e.m.c.i.embedder.EclipseLogger - Copying 0 resource
2022-10-17 11:03:36,781 [Worker-10: Building] INFO  o.e.m.c.i.embedder.EclipseLogger - Using 'UTF-8' encoding to copy filtered resources.
2022-10-17 11:03:36,782 [Worker-10: Building] INFO  o.e.m.c.i.embedder.EclipseLogger - Using 'UTF-8' encoding to copy filtered properties files.
2022-10-17 11:03:36,783 [Worker-10: Building] INFO  o.e.m.c.i.embedder.EclipseLogger - skip non existing resourceDirectory E:\Archivos Andy\UNIVERSIDAD\6TO-SEMESTRE\PS3\PYMES\BACKEND\pr-pymes-api\microservicios-zuul\src\test\resources
2022-10-17 11:04:03,965 [Worker-6: Building] INFO  o.e.m.c.i.l.LifecycleMappingFactory - Using org.eclipse.m2e.jdt.JarLifecycleMapping lifecycle mapping for MavenProject: com.prpymes.microservicios.app.zuul:microservicios-zuul:0.0.1-SNAPSHOT @ E:\Archivos Andy\UNIVERSIDAD\6TO-SEMESTRE\PS3\PYMES\BACKEND\pr-pymes-api\microservicios-zuul\pom.xml.
2022-10-17 11:04:06,321 [Worker-6: Building] INFO  o.e.m.c.i.embedder.EclipseLogger - Using 'UTF-8' encoding to copy filtered resources.
2022-10-17 11:04:06,323 [Worker-6: Building] INFO  o.e.m.c.i.embedder.EclipseLogger - Using 'UTF-8' encoding to copy filtered properties files.
2022-10-17 11:04:06,354 [Worker-6: Building] INFO  o.e.m.c.i.embedder.EclipseLogger - Copying 0 resource
2022-10-17 11:04:06,356 [Worker-6: Building] INFO  o.e.m.c.i.embedder.EclipseLogger - Copying 0 resource
2022-10-17 11:04:06,364 [Worker-6: Building] INFO  o.e.m.c.i.embedder.EclipseLogger - Using 'UTF-8' encoding to copy filtered resources.
2022-10-17 11:04:06,364 [Worker-6: Building] INFO  o.e.m.c.i.embedder.EclipseLogger - Using 'UTF-8' encoding to copy filtered properties files.
2022-10-17 11:04:06,364 [Worker-6: Building] INFO  o.e.m.c.i.embedder.EclipseLogger - skip non existing resourceDirectory E:\Archivos Andy\UNIVERSIDAD\6TO-SEMESTRE\PS3\PYMES\BACKEND\pr-pymes-api\microservicios-zuul\src\test\resources
2022-10-17 11:04:09,061 [Worker-0: Building] INFO  o.e.m.c.i.embedder.EclipseLogger - Using 'UTF-8' encoding to copy filtered resources.
2022-10-17 11:04:09,062 [Worker-0: Building] INFO  o.e.m.c.i.embedder.EclipseLogger - Using 'UTF-8' encoding to copy filtered properties files.
2022-10-17 11:04:09,070 [Worker-0: Building] INFO  o.e.m.c.i.embedder.EclipseLogger - Copying 1 resource
2022-10-17 11:04:09,132 [Worker-0: Building] INFO  o.e.m.c.i.embedder.EclipseLogger - Copying 0 resource
2022-10-17 11:04:09,144 [Worker-0: Building] INFO  o.e.m.c.i.embedder.EclipseLogger - Using 'UTF-8' encoding to copy filtered resources.
2022-10-17 11:04:09,144 [Worker-0: Building] INFO  o.e.m.c.i.embedder.EclipseLogger - Using 'UTF-8' encoding to copy filtered properties files.
2022-10-17 11:04:09,145 [Worker-0: Building] INFO  o.e.m.c.i.embedder.EclipseLogger - skip non existing resourceDirectory E:\Archivos Andy\UNIVERSIDAD\6TO-SEMESTRE\PS3\PYMES\BACKEND\pr-pymes-api\microservicios-zuul\src\test\resources
2022-10-17 11:05:25,929 [Worker-10: Building] INFO  o.e.m.c.i.embedder.EclipseLogger - Using 'UTF-8' encoding to copy filtered resources.
2022-10-17 11:05:25,930 [Worker-10: Building] INFO  o.e.m.c.i.embedder.EclipseLogger - Using 'UTF-8' encoding to copy filtered properties files.
2022-10-17 11:05:25,940 [Worker-10: Building] INFO  o.e.m.c.i.embedder.EclipseLogger - Copying 1 resource
2022-10-17 11:05:26,025 [Worker-10: Building] INFO  o.e.m.c.i.embedder.EclipseLogger - Copying 0 resource
2022-10-17 11:05:26,049 [Worker-10: Building] INFO  o.e.m.c.i.embedder.EclipseLogger - Using 'UTF-8' encoding to copy filtered resources.
2022-10-17 11:05:26,051 [Worker-10: Building] INFO  o.e.m.c.i.embedder.EclipseLogger - Using 'UTF-8' encoding to copy filtered properties files.
2022-10-17 11:05:26,052 [Worker-10: Building] INFO  o.e.m.c.i.embedder.EclipseLogger - skip non existing resourceDirectory E:\Archivos Andy\UNIVERSIDAD\6TO-SEMESTRE\PS3\PYMES\BACKEND\pr-pymes-api\microservicios-zuul\src\test\resources
2022-10-17 11:05:51,885 [Worker-8: Building] INFO  o.e.m.c.i.embedder.EclipseLogger - Using 'UTF-8' encoding to copy filtered resources.
2022-10-17 11:05:51,886 [Worker-8: Building] INFO  o.e.m.c.i.embedder.EclipseLogger - Using 'UTF-8' encoding to copy filtered properties files.
2022-10-17 11:05:51,896 [Worker-8: Building] INFO  o.e.m.c.i.embedder.EclipseLogger - Copying 1 resource
2022-10-17 11:05:51,935 [Worker-8: Building] INFO  o.e.m.c.i.embedder.EclipseLogger - Copying 0 resource
2022-10-17 11:05:51,954 [Worker-8: Building] INFO  o.e.m.c.i.embedder.EclipseLogger - Using 'UTF-8' encoding to copy filtered resources.
2022-10-17 11:05:51,955 [Worker-8: Building] INFO  o.e.m.c.i.embedder.EclipseLogger - Using 'UTF-8' encoding to copy filtered properties files.
2022-10-17 11:05:51,956 [Worker-8: Building] INFO  o.e.m.c.i.embedder.EclipseLogger - skip non existing resourceDirectory E:\Archivos Andy\UNIVERSIDAD\6TO-SEMESTRE\PS3\PYMES\BACKEND\pr-pymes-api\microservicios-zuul\src\test\resources
2022-10-17 11:06:52,508 [Worker-7: Building] INFO  o.e.m.c.i.embedder.EclipseLogger - Using 'UTF-8' encoding to copy filtered resources.
2022-10-17 11:06:52,509 [Worker-7: Building] INFO  o.e.m.c.i.embedder.EclipseLogger - Using 'UTF-8' encoding to copy filtered properties files.
2022-10-17 11:06:52,517 [Worker-7: Building] INFO  o.e.m.c.i.embedder.EclipseLogger - Copying 1 resource
2022-10-17 11:06:52,541 [Worker-7: Building] INFO  o.e.m.c.i.embedder.EclipseLogger - Copying 0 resource
2022-10-17 11:06:52,561 [Worker-7: Building] INFO  o.e.m.c.i.embedder.EclipseLogger - Using 'UTF-8' encoding to copy filtered resources.
2022-10-17 11:06:52,561 [Worker-7: Building] INFO  o.e.m.c.i.embedder.EclipseLogger - Using 'UTF-8' encoding to copy filtered properties files.
2022-10-17 11:06:52,562 [Worker-7: Building] INFO  o.e.m.c.i.embedder.EclipseLogger - skip non existing resourceDirectory E:\Archivos Andy\UNIVERSIDAD\6TO-SEMESTRE\PS3\PYMES\BACKEND\pr-pymes-api\microservicios-zuul\src\test\resources
2022-10-17 11:12:56,422 [Worker-15: Building] INFO  o.e.m.c.i.l.LifecycleMappingFactory - Using org.eclipse.m2e.jdt.JarLifecycleMapping lifecycle mapping for MavenProject: com.prpymes.microservicios.app.zuul:microservicios-zuul:0.0.1-SNAPSHOT @ E:\Archivos Andy\UNIVERSIDAD\6TO-SEMESTRE\PS3\PYMES\BACKEND\pr-pymes-api\microservicios-zuul\pom.xml.
2022-10-17 11:12:59,983 [Worker-15: Building] INFO  o.e.m.c.i.embedder.EclipseLogger - Using 'UTF-8' encoding to copy filtered resources.
2022-10-17 11:12:59,992 [Worker-15: Building] INFO  o.e.m.c.i.embedder.EclipseLogger - Copying 0 resource
2022-10-17 11:12:59,993 [Worker-15: Building] INFO  o.e.m.c.i.embedder.EclipseLogger - Copying 0 resource
2022-10-17 11:13:00,020 [Worker-15: Building] INFO  o.e.m.c.i.embedder.EclipseLogger - Using 'UTF-8' encoding to copy filtered resources.
2022-10-17 11:13:00,021 [Worker-15: Building] INFO  o.e.m.c.i.embedder.EclipseLogger - skip non existing resourceDirectory E:\Archivos Andy\UNIVERSIDAD\6TO-SEMESTRE\PS3\PYMES\BACKEND\pr-pymes-api\microservicios-zuul\src\test\resources
2022-10-17 11:13:04,061 [Worker-15: Building] INFO  o.e.m.c.i.embedder.EclipseLogger - Using 'UTF-8' encoding to copy filtered resources.
2022-10-17 11:13:04,071 [Worker-15: Building] INFO  o.e.m.c.i.embedder.EclipseLogger - Copying 1 resource
2022-10-17 11:13:04,128 [Worker-15: Building] INFO  o.e.m.c.i.embedder.EclipseLogger - Copying 0 resource
2022-10-17 11:13:04,151 [Worker-15: Building] INFO  o.e.m.c.i.embedder.EclipseLogger - Using 'UTF-8' encoding to copy filtered resources.
2022-10-17 11:13:04,152 [Worker-15: Building] INFO  o.e.m.c.i.embedder.EclipseLogger - skip non existing resourceDirectory E:\Archivos Andy\UNIVERSIDAD\6TO-SEMESTRE\PS3\PYMES\BACKEND\pr-pymes-api\microservicios-zuul\src\test\resources
2022-10-17 11:18:50,369 [Worker-10: Updating Maven Project] INFO  o.e.m.c.i.p.ProjectConfigurationManager - Update started
2022-10-17 11:18:52,148 [Worker-10: Updating Maven Project] INFO  o.e.m.c.i.l.LifecycleMappingFactory - Using org.eclipse.m2e.jdt.JarLifecycleMapping lifecycle mapping for MavenProject: com.prpymes.microservicios.app.zuul:microservicios-zuul:0.0.1-SNAPSHOT @ E:\Archivos Andy\UNIVERSIDAD\6TO-SEMESTRE\PS3\PYMES\BACKEND\pr-pymes-api\microservicios-zuul\pom.xml.
2022-10-17 11:18:55,885 [Worker-10: Updating Maven Project] INFO  o.e.m.j.i.AbstractJavaProjectConfigurator - Adding source folder /microservicios-zuul/src/main/java
2022-10-17 11:18:55,887 [Worker-10: Updating Maven Project] INFO  o.e.m.j.i.AbstractJavaProjectConfigurator - Adding resource folder /microservicios-zuul/src/main/resources
2022-10-17 11:18:55,888 [Worker-10: Updating Maven Project] INFO  o.e.m.j.i.AbstractJavaProjectConfigurator - Adding resource folder /microservicios-zuul/src/main/resources
2022-10-17 11:18:55,891 [Worker-10: Updating Maven Project] INFO  o.e.m.j.i.AbstractJavaProjectConfigurator - Adding source folder /microservicios-zuul/src/test/java
2022-10-17 11:18:58,443 [Worker-10: Updating Maven Project] INFO  o.e.m.c.i.p.ProjectConfigurationManager - Update completed: 8 sec
2022-10-17 11:18:59,116 [Worker-18: Building] INFO  o.e.m.c.i.embedder.EclipseLogger - Using 'UTF-8' encoding to copy filtered resources.
2022-10-17 11:18:59,120 [Worker-18: Building] INFO  o.e.m.c.i.embedder.EclipseLogger - Copying 1 resource
2022-10-17 11:18:59,208 [Worker-18: Building] INFO  o.e.m.c.i.embedder.EclipseLogger - Copying 0 resource
2022-10-17 11:18:59,227 [Worker-18: Building] INFO  o.e.m.c.i.embedder.EclipseLogger - Using 'UTF-8' encoding to copy filtered resources.
2022-10-17 11:18:59,228 [Worker-18: Building] INFO  o.e.m.c.i.embedder.EclipseLogger - skip non existing resourceDirectory E:\Archivos Andy\UNIVERSIDAD\6TO-SEMESTRE\PS3\PYMES\BACKEND\pr-pymes-api\microservicios-zuul\src\test\resources
2022-10-17 11:22:39,690 [Worker-18: Building] INFO  o.e.m.c.i.embedder.EclipseLogger - Using 'UTF-8' encoding to copy filtered resources.
2022-10-17 11:22:39,696 [Worker-18: Building] INFO  o.e.m.c.i.embedder.EclipseLogger - Copying 1 resource
2022-10-17 11:22:39,702 [Worker-18: Building] INFO  o.e.m.c.i.embedder.EclipseLogger - Copying 0 resource
2022-10-17 11:22:39,728 [Worker-18: Building] INFO  o.e.m.c.i.embedder.EclipseLogger - Using 'UTF-8' encoding to copy filtered resources.
2022-10-17 11:22:39,729 [Worker-18: Building] INFO  o.e.m.c.i.embedder.EclipseLogger - skip non existing resourceDirectory E:\Archivos Andy\UNIVERSIDAD\6TO-SEMESTRE\PS3\PYMES\BACKEND\pr-pymes-api\microservicios-zuul\src\test\resources
